<?xml version="1.0" encoding="UTF-8"?>
<!-- Generated by org.testng.reporters.JUnitXMLReporter -->
<testsuite hostname="ThanhHa" ignored="0" name="Regression suite 1" tests="4" failures="0"
           timestamp="2023-03-17T19:06:51 ICT" time="0.052" errors="0">
    <testcase name="firstTestCase" time="0.006" classname="com.ps20520.demoOne"/>
    <testcase name="secondTestCase" time="0.001" classname="com.ps20520.demoOne"/>
    <testcase name="firstTestCase" time="0.001" classname="com.ps20520.demoTwo"/>
    <testcase name="secondTestCase" time="0.001" classname="com.ps20520.demoTwo"/>
</testsuite> <!-- Regression suite 1 -->
