<?xml version="1.0" encoding="UTF-8"?>
<!-- Generated by org.testng.reporters.JUnitXMLReporter -->
<testsuite hostname="ThanhHa" ignored="0" name="Regression" tests="4" failures="0" timestamp="2023-03-17T00:14:53 ICT"
           time="0.027" errors="0">
    <testcase name="testCaseFour" time="0.004" classname="com.groupExamples"/>
    <testcase name="testCaseOne" time="0.0" classname="com.groupExamples"/>
    <testcase name="testCaseThree" time="0.001" classname="com.groupExamples"/>
    <testcase name="testCaseTwo" time="0.0" classname="com.groupExamples"/>
</testsuite> <!-- Regression -->
