<?xml version="1.0" encoding="UTF-8"?>
<testng-results ignored="0" total="3" passed="3" failed="0" skipped="0">
  <reporter-output>
  </reporter-output>
  <suite started-at="2023-04-12T18:08:35 ICT" name="Default suite" finished-at="2023-04-12T18:09:15 ICT" duration-ms="40460">
    <groups>
    </groups>
    <test started-at="2023-04-12T18:08:35 ICT" name="Default test" finished-at="2023-04-12T18:09:15 ICT" duration-ms="40460">
      <class name="fpoly.SaveTestNGResultToExcel">
        <test-method is-config="true" signature="suiteSetup()[pri:0, instance:fpoly.SaveTestNGResultToExcel@27406a17]" started-at="2023-04-12T18:08:35 ICT" name="suiteSetup" finished-at="2023-04-12T18:08:37 ICT" duration-ms="1752" status="PASS">
          <reporter-output>
          </reporter-output>
        </test-method> <!-- suiteSetup -->
        <test-method signature="LaunchWebsite()[pri:1, instance:fpoly.SaveTestNGResultToExcel@27406a17]" started-at="2023-04-12T18:08:37 ICT" name="LaunchWebsite" description="Open the TestNG Demo Website for Login Test" finished-at="2023-04-12T18:09:03 ICT" duration-ms="26818" status="PASS">
          <reporter-output>
          </reporter-output>
        </test-method> <!-- LaunchWebsite -->
        <test-method signature="FillLoginDetails()[pri:2, instance:fpoly.SaveTestNGResultToExcel@27406a17]" started-at="2023-04-12T18:09:03 ICT" name="FillLoginDetails" description="Fill the Login Details" finished-at="2023-04-12T18:09:05 ICT" duration-ms="1515" status="PASS">
          <reporter-output>
          </reporter-output>
        </test-method> <!-- FillLoginDetails -->
        <test-method signature="DoLogin()[pri:3, instance:fpoly.SaveTestNGResultToExcel@27406a17]" started-at="2023-04-12T18:09:05 ICT" name="DoLogin" description="Perform Login" finished-at="2023-04-12T18:09:15 ICT" duration-ms="10093" status="PASS">
          <reporter-output>
          </reporter-output>
        </test-method> <!-- DoLogin -->
        <test-method is-config="true" signature="suiteTearDown()[pri:0, instance:fpoly.SaveTestNGResultToExcel@27406a17]" started-at="2023-04-12T18:09:15 ICT" name="suiteTearDown" finished-at="2023-04-12T18:09:15 ICT" duration-ms="234" status="PASS">
          <reporter-output>
          </reporter-output>
        </test-method> <!-- suiteTearDown -->
      </class> <!-- fpoly.SaveTestNGResultToExcel -->
    </test> <!-- Default test -->
  </suite> <!-- Default suite -->
</testng-results>
