<?xml version="1.0" encoding="UTF-8"?>
<testng-results skipped="0" failed="0" ignored="0" total="1" passed="1">
    <reporter-output>
    </reporter-output>
    <suite name="Default suite" duration-ms="68" started-at="2023-03-15T18:38:00 ICT"
           finished-at="2023-03-15T18:38:00 ICT">
        <groups>
        </groups>
        <test name="Default test" duration-ms="68" started-at="2023-03-15T18:38:00 ICT"
              finished-at="2023-03-15T18:38:00 ICT">
            <class name="Test.Helo">
                <test-method status="PASS" signature="f()[pri:0, instance:Test.Helo@76707e36]" name="f" duration-ms="9"
                             started-at="2023-03-15T18:38:00 ICT" finished-at="2023-03-15T18:38:00 ICT">
                    <reporter-output>
                    </reporter-output>
                </test-method> <!-- f -->
            </class> <!-- Test.Helo -->
        </test> <!-- Default test -->
    </suite> <!-- Default suite -->
</testng-results>
