<?xml version="1.0" encoding="UTF-8"?>
<!-- Generated by org.testng.reporters.JUnitXMLReporter -->
<testsuite ignored="1" hostname="ThanhHa" failures="1" tests="2" name="SaveTestNGResultToExcel2" time="16.537" errors="0" timestamp="2023-04-02T01:16:07 ICT">
  <testcase classname="fpoly.SaveTestNGResultToExcel2" name="LaunchWebsite" time="16.277"/>
  <testcase classname="fpoly.SaveTestNGResultToExcel2" name="FillLoginDetails" time="0.019">
    <failure type="graphql.AssertException" message="condition expected to be true">
      <![CDATA[graphql.AssertException: condition expected to be true
at graphql.Assert.assertTrue(Assert.java:85)
at fpoly.SaveTestNGResultToExcel2.FillLoginDetails(SaveTestNGResultToExcel2.java:65)
at java.base/java.util.ArrayList.forEach(ArrayList.java:1511)
... Removed 27 stack frames]]>
    </failure>
  </testcase> <!-- FillLoginDetails -->
  <testcase classname="fpoly.SaveTestNGResultToExcel2" name="DoLogin" time="0.0">
    <ignored/>
  </testcase> <!-- DoLogin -->
</testsuite> <!-- SaveTestNGResultToExcel2 -->
