<?xml version="1.0" encoding="UTF-8"?>
<testng-results ignored="0" total="1" passed="1" failed="0" skipped="0">
    <reporter-output>
    </reporter-output>
    <suite started-at="2023-03-25T00:44:58 ICT" name="Default suite" finished-at="2023-03-25T00:44:58 ICT"
           duration-ms="28">
        <groups>
        </groups>
        <test started-at="2023-03-25T00:44:58 ICT" name="Default test" finished-at="2023-03-25T00:44:58 ICT"
              duration-ms="28">
            <class name="com.ps20520.TestVatCalculator">
                <test-method signature="testGetVatOnAmount()[pri:0, instance:com.ps20520.TestVatCalculator@37858383]"
                             started-at="2023-03-25T00:44:58 ICT" name="testGetVatOnAmount"
                             finished-at="2023-03-25T00:44:58 ICT" duration-ms="7" status="PASS">
                    <reporter-output>
                    </reporter-output>
                </test-method> <!-- testGetVatOnAmount -->
            </class> <!-- com.ps20520.TestVatCalculator -->
        </test> <!-- Default test -->
    </suite> <!-- Default suite -->
</testng-results>
