<?xml version="1.0" encoding="UTF-8"?>
<!-- Generated by org.testng.reporters.JUnitXMLReporter -->
<testsuite ignored="0" hostname="ThanhHa" failures="0" tests="3" name="Default test" time="40.46" errors="0" timestamp="2023-04-12T18:09:15 ICT">
  <testcase classname="fpoly.SaveTestNGResultToExcel" name="LaunchWebsite" time="26.818"/>
  <testcase classname="fpoly.SaveTestNGResultToExcel" name="FillLoginDetails" time="1.515"/>
  <testcase classname="fpoly.SaveTestNGResultToExcel" name="DoLogin" time="10.093"/>
</testsuite> <!-- Default test -->
