<?xml version="1.0" encoding="UTF-8"?>
<testng-results skipped="0" failed="0" ignored="0" total="1" passed="1">
    <reporter-output>
    </reporter-output>
    <suite name="Default suite" duration-ms="34" started-at="2023-03-15T19:55:13 ICT"
           finished-at="2023-03-15T19:55:13 ICT">
        <groups>
        </groups>
        <test name="Default test" duration-ms="34" started-at="2023-03-15T19:55:13 ICT"
              finished-at="2023-03-15T19:55:13 ICT">
            <class name="com.ps20520.TestVatCalculator">
                <test-method status="PASS"
                             signature="testGetVatOnAmount()[pri:0, instance:com.ps20520.TestVatCalculator@7494e528]"
                             name="testGetVatOnAmount" duration-ms="7" started-at="2023-03-15T19:55:13 ICT"
                             finished-at="2023-03-15T19:55:13 ICT">
                    <reporter-output>
                    </reporter-output>
                </test-method> <!-- testGetVatOnAmount -->
            </class> <!-- com.ps20520.TestVatCalculator -->
        </test> <!-- Default test -->
    </suite> <!-- Default suite -->
</testng-results>
