<?xml version="1.0" encoding="UTF-8"?>
<!-- Generated by org.testng.reporters.JUnitXMLReporter -->
<testsuite hostname="ThanhHa" ignored="1" name="testing" tests="3" failures="0" timestamp="2023-03-17T19:07:32 ICT"
           time="0.051" errors="0">
    <testcase name="testCaseFour" time="0.007" classname="com.groupExamples"/>
    <testcase name="testCaseOne" time="0.001" classname="com.groupExamples"/>
    <testcase name="testCaseThree" time="0.0" classname="com.groupExamples"/>
    <testcase name="testCaseTwo" time="0.0" classname="com.groupExamples">
        <ignored/>
    </testcase> <!-- testCaseTwo -->
</testsuite> <!-- testing -->
