<?xml version="1.0" encoding="UTF-8"?>
<testng-results ignored="0" total="1" passed="1" failed="0" skipped="0">
    <reporter-output>
    </reporter-output>
    <suite started-at="2023-03-26T23:38:12 ICT" name="Default suite" finished-at="2023-03-26T23:39:52 ICT"
           duration-ms="99945">
        <groups>
        </groups>
        <test started-at="2023-03-26T23:38:12 ICT" name="Default test" finished-at="2023-03-26T23:39:52 ICT"
              duration-ms="99945">
            <class name="com.ps.NewTest">
                <test-method signature="verifyHomepageTitle()[pri:0, instance:com.ps.NewTest@6574a52c]"
                             started-at="2023-03-26T23:38:12 ICT" name="verifyHomepageTitle"
                             finished-at="2023-03-26T23:39:52 ICT" duration-ms="99926" status="PASS">
                    <reporter-output>
                    </reporter-output>
                </test-method> <!-- verifyHomepageTitle -->
            </class> <!-- com.ps.NewTest -->
        </test> <!-- Default test -->
    </suite> <!-- Default suite -->
</testng-results>
