# JRE version: OpenJDK Runtime Environment Temurin-17.0.7+7 (17.0.7+7) (build 17.0.7+7)
# Java VM: OpenJDK 64-Bit Server VM Temurin-17.0.7+7 (17.0.7+7, mixed mode, emulated-client, tiered, compressed oops, compressed class ptrs, g1 gc, windows-amd64)
GC Precious Log:
 CPUs: 12 total, 12 available
 Memory: 7930M
 Large Page Support: Disabled
 NUMA Support: Disabled
 Compressed Oops: Enabled (32-bit)
 Heap Region Size: 1M
 Heap Min Capacity: 8M
 Heap Initial Capacity: 124M
 Heap Max Capacity: 1G
 Pre-touch: Disabled
 Parallel Workers: 10
 Concurrent Workers: 3
 Concurrent Refinement Workers: 10
 Periodic GC: Disabled
Heap:
 garbage-first heap   total 182272K, used 81515K [0x00000000c0000000, 0x0000000100000000)
  region size 1024K, 5 young (5120K), 5 survivors (5120K)
 Metaspace       used 41457K, committed 41856K, reserved 1114112K
  class space    used 5098K, committed 5312K, reserved 1048576K
GC Heap History (20 events):
Event: 1.640 GC heap after
{Heap after GC invocations=13 (full 0):
 garbage-first heap   total 51200K, used 24022K [0x00000000c0000000, 0x0000000100000000)
  region size 1024K, 3 young (3072K), 3 survivors (3072K)
 Metaspace       used 37938K, committed 38400K, reserved 1114112K
  class space    used 4779K, committed 4992K, reserved 1048576K
}
Event: 1.667 GC heap before
{Heap before GC invocations=13 (full 0):
 garbage-first heap   total 51200K, used 37334K [0x00000000c0000000, 0x0000000100000000)
  region size 1024K, 17 young (17408K), 3 survivors (3072K)
 Metaspace       used 37938K, committed 38400K, reserved 1114112K
  class space    used 4779K, committed 4992K, reserved 1048576K
}
Event: 1.670 GC heap after
{Heap after GC invocations=14 (full 0):
 garbage-first heap   total 83968K, used 26934K [0x00000000c0000000, 0x0000000100000000)
  region size 1024K, 3 young (3072K), 3 survivors (3072K)
 Metaspace       used 37938K, committed 38400K, reserved 1114112K
  class space    used 4779K, committed 4992K, reserved 1048576K
}
Event: 1.719 GC heap before
{Heap before GC invocations=14 (full 0):
 garbage-first heap   total 83968K, used 59702K [0x00000000c0000000, 0x0000000100000000)
  region size 1024K, 35 young (35840K), 3 survivors (3072K)
 Metaspace       used 38588K, committed 39040K, reserved 1114112K
  class space    used 4844K, committed 5056K, reserved 1048576K
}
Event: 1.726 GC heap after
{Heap after GC invocations=15 (full 0):
 garbage-first heap   total 83968K, used 33122K [0x00000000c0000000, 0x0000000100000000)
  region size 1024K, 5 young (5120K), 5 survivors (5120K)
 Metaspace       used 38588K, committed 39040K, reserved 1114112K
  class space    used 4844K, committed 5056K, reserved 1048576K
}
Event: 1.753 GC heap before
{Heap before GC invocations=15 (full 0):
 garbage-first heap   total 83968K, used 59746K [0x00000000c0000000, 0x0000000100000000)
  region size 1024K, 31 young (31744K), 5 survivors (5120K)
 Metaspace       used 38914K, committed 39296K, reserved 1114112K
  class space    used 4865K, committed 5056K, reserved 1048576K
}
Event: 1.759 GC heap after
{Heap after GC invocations=16 (full 0):
 garbage-first heap   total 83968K, used 38733K [0x00000000c0000000, 0x0000000100000000)
  region size 1024K, 4 young (4096K), 4 survivors (4096K)
 Metaspace       used 38914K, committed 39296K, reserved 1114112K
  class space    used 4865K, committed 5056K, reserved 1048576K
}
Event: 1.779 GC heap before
{Heap before GC invocations=16 (full 0):
 garbage-first heap   total 83968K, used 62285K [0x00000000c0000000, 0x0000000100000000)
  region size 1024K, 27 young (27648K), 4 survivors (4096K)
 Metaspace       used 39235K, committed 39680K, reserved 1114112K
  class space    used 4903K, committed 5120K, reserved 1048576K
}
Event: 1.784 GC heap after
{Heap after GC invocations=17 (full 0):
 garbage-first heap   total 83968K, used 44929K [0x00000000c0000000, 0x0000000100000000)
  region size 1024K, 4 young (4096K), 4 survivors (4096K)
 Metaspace       used 39235K, committed 39680K, reserved 1114112K
  class space    used 4903K, committed 5120K, reserved 1048576K
}
Event: 1.802 GC heap before
{Heap before GC invocations=17 (full 0):
 garbage-first heap   total 83968K, used 62337K [0x00000000c0000000, 0x0000000100000000)
  region size 1024K, 22 young (22528K), 4 survivors (4096K)
 Metaspace       used 39521K, committed 39936K, reserved 1114112K
  class space    used 4929K, committed 5120K, reserved 1048576K
}
Event: 1.806 GC heap after
{Heap after GC invocations=18 (full 0):
 garbage-first heap   total 182272K, used 49147K [0x00000000c0000000, 0x0000000100000000)
  region size 1024K, 3 young (3072K), 3 survivors (3072K)
 Metaspace       used 39521K, committed 39936K, reserved 1114112K
  class space    used 4929K, committed 5120K, reserved 1048576K
}
Event: 1.957 GC heap before
{Heap before GC invocations=19 (full 0):
 garbage-first heap   total 181248K, used 121851K [0x00000000c0000000, 0x0000000100000000)
  region size 1024K, 73 young (74752K), 3 survivors (3072K)
 Metaspace       used 41414K, committed 41856K, reserved 1114112K
  class space    used 5091K, committed 5312K, reserved 1048576K
}
Event: 1.980 GC heap after
{Heap after GC invocations=20 (full 0):
 garbage-first heap   total 181248K, used 71311K [0x00000000c0000000, 0x0000000100000000)
  region size 1024K, 10 young (10240K), 10 survivors (10240K)
 Metaspace       used 41414K, committed 41856K, reserved 1114112K
  class space    used 5091K, committed 5312K, reserved 1048576K
}
Event: 1.981 GC heap before
{Heap before GC invocations=20 (full 0):
 garbage-first heap   total 181248K, used 71311K [0x00000000c0000000, 0x0000000100000000)
  region size 1024K, 11 young (11264K), 10 survivors (10240K)
 Metaspace       used 41414K, committed 41856K, reserved 1114112K
  class space    used 5091K, committed 5312K, reserved 1048576K
}
Event: 1.985 GC heap after
{Heap after GC invocations=21 (full 0):
 garbage-first heap   total 181248K, used 73428K [0x00000000c0000000, 0x0000000100000000)
  region size 1024K, 2 young (2048K), 2 survivors (2048K)
 Metaspace       used 41414K, committed 41856K, reserved 1114112K
  class space    used 5091K, committed 5312K, reserved 1048576K
}
Event: 1.996 GC heap before
{Heap before GC invocations=21 (full 0):
 garbage-first heap   total 181248K, used 117460K [0x00000000c0000000, 0x0000000100000000)
  region size 1024K, 45 young (46080K), 2 survivors (2048K)
 Metaspace       used 41421K, committed 41856K, reserved 1114112K
  class space    used 5091K, committed 5312K, reserved 1048576K
}
Event: 1.997 GC heap after
{Heap after GC invocations=22 (full 0):
 garbage-first heap   total 181248K, used 76828K [0x00000000c0000000, 0x0000000100000000)
  region size 1024K, 4 young (4096K), 4 survivors (4096K)
 Metaspace       used 41421K, committed 41856K, reserved 1114112K
  class space    used 5091K, committed 5312K, reserved 1048576K
}
Event: 2.008 GC heap before
{Heap before GC invocations=22 (full 0):
 garbage-first heap   total 181248K, used 124956K [0x00000000c0000000, 0x0000000100000000)
  region size 1024K, 52 young (53248K), 4 survivors (4096K)
 Metaspace       used 41436K, committed 41856K, reserved 1114112K
  class space    used 5092K, committed 5312K, reserved 1048576K
}
Event: 2.011 GC heap after
{Heap after GC invocations=23 (full 0):
 garbage-first heap   total 181248K, used 79369K [0x00000000c0000000, 0x0000000100000000)
  region size 1024K, 6 young (6144K), 6 survivors (6144K)
 Metaspace       used 41436K, committed 41856K, reserved 1114112K
  class space    used 5092K, committed 5312K, reserved 1048576K
}
Event: 2.022 GC heap before
{Heap before GC invocations=23 (full 0):
 garbage-first heap   total 181248K, used 130569K [0x00000000c0000000, 0x0000000100000000)
  region size 1024K, 57 young (58368K), 6 survivors (6144K)
 Metaspace       used 41457K, committed 41856K, reserved 1114112K
  class space    used 5098K, committed 5312K, reserved 1048576K
}

