# JRE version: OpenJDK Runtime Environment Temurin-17.0.7+7 (17.0.7+7) (build 17.0.7+7)
# Java VM: OpenJDK 64-Bit Server VM Temurin-17.0.7+7 (17.0.7+7, mixed mode, emulated-client, tiered, compressed oops, compressed class ptrs, g1 gc, windows-amd64)
GC Precious Log:
 CPUs: 12 total, 12 available
 Memory: 7930M
 Large Page Support: Disabled
 NUMA Support: Disabled
 Compressed Oops: Enabled (32-bit)
 Heap Region Size: 1M
 Heap Min Capacity: 8M
 Heap Initial Capacity: 124M
 Heap Max Capacity: 1G
 Pre-touch: Disabled
 Parallel Workers: 10
 Concurrent Workers: 3
 Concurrent Refinement Workers: 10
 Periodic GC: Disabled
Heap:
 garbage-first heap   total 234496K, used 84858K [0x00000000c0000000, 0x0000000100000000)
  region size 1024K, 6 young (6144K), 6 survivors (6144K)
 Metaspace       used 41561K, committed 42048K, reserved 1114112K
  class space    used 5117K, committed 5312K, reserved 1048576K
GC Heap History (20 events):
Event: 1.618 GC heap after
{Heap after GC invocations=13 (full 0):
 garbage-first heap   total 57344K, used 26785K [0x00000000c0000000, 0x0000000100000000)
  region size 1024K, 4 young (4096K), 4 survivors (4096K)
 Metaspace       used 37901K, committed 38336K, reserved 1114112K
  class space    used 4775K, committed 4992K, reserved 1048576K
}
Event: 1.631 GC heap before
{Heap before GC invocations=13 (full 0):
 garbage-first heap   total 57344K, used 41121K [0x00000000c0000000, 0x0000000100000000)
  region size 1024K, 19 young (19456K), 4 survivors (4096K)
 Metaspace       used 37945K, committed 38400K, reserved 1114112K
  class space    used 4784K, committed 4992K, reserved 1048576K
}
Event: 1.636 GC heap after
{Heap after GC invocations=14 (full 0):
 garbage-first heap   total 96256K, used 29756K [0x00000000c0000000, 0x0000000100000000)
  region size 1024K, 3 young (3072K), 3 survivors (3072K)
 Metaspace       used 37945K, committed 38400K, reserved 1114112K
  class space    used 4784K, committed 4992K, reserved 1048576K
}
Event: 1.688 GC heap before
{Heap before GC invocations=14 (full 0):
 garbage-first heap   total 96256K, used 65596K [0x00000000c0000000, 0x0000000100000000)
  region size 1024K, 39 young (39936K), 3 survivors (3072K)
 Metaspace       used 38859K, committed 39296K, reserved 1114112K
  class space    used 4859K, committed 5056K, reserved 1048576K
}
Event: 1.694 GC heap after
{Heap after GC invocations=15 (full 0):
 garbage-first heap   total 96256K, used 35614K [0x00000000c0000000, 0x0000000100000000)
  region size 1024K, 5 young (5120K), 5 survivors (5120K)
 Metaspace       used 38859K, committed 39296K, reserved 1114112K
  class space    used 4859K, committed 5056K, reserved 1048576K
}
Event: 1.721 GC heap before
{Heap before GC invocations=15 (full 0):
 garbage-first heap   total 96256K, used 66334K [0x00000000c0000000, 0x0000000100000000)
  region size 1024K, 36 young (36864K), 5 survivors (5120K)
 Metaspace       used 39236K, committed 39680K, reserved 1114112K
  class space    used 4900K, committed 5120K, reserved 1048576K
}
Event: 1.730 GC heap after
{Heap after GC invocations=16 (full 0):
 garbage-first heap   total 96256K, used 44365K [0x00000000c0000000, 0x0000000100000000)
  region size 1024K, 5 young (5120K), 5 survivors (5120K)
 Metaspace       used 39236K, committed 39680K, reserved 1114112K
  class space    used 4900K, committed 5120K, reserved 1048576K
}
Event: 1.755 GC heap before
{Heap before GC invocations=16 (full 0):
 garbage-first heap   total 96256K, used 68941K [0x00000000c0000000, 0x0000000100000000)
  region size 1024K, 30 young (30720K), 5 survivors (5120K)
 Metaspace       used 39678K, committed 40128K, reserved 1114112K
  class space    used 4937K, committed 5120K, reserved 1048576K
}
Event: 1.761 GC heap after
{Heap after GC invocations=17 (full 0):
 garbage-first heap   total 96256K, used 49144K [0x00000000c0000000, 0x0000000100000000)
  region size 1024K, 4 young (4096K), 4 survivors (4096K)
 Metaspace       used 39678K, committed 40128K, reserved 1114112K
  class space    used 4937K, committed 5120K, reserved 1048576K
}
Event: 1.821 GC heap before
{Heap before GC invocations=17 (full 0):
 garbage-first heap   total 96256K, used 70648K [0x00000000c0000000, 0x0000000100000000)
  region size 1024K, 26 young (26624K), 4 survivors (4096K)
 Metaspace       used 40817K, committed 41216K, reserved 1114112K
  class space    used 5010K, committed 5184K, reserved 1048576K
}
Event: 1.825 GC heap after
{Heap after GC invocations=18 (full 0):
 garbage-first heap   total 234496K, used 53599K [0x00000000c0000000, 0x0000000100000000)
  region size 1024K, 4 young (4096K), 4 survivors (4096K)
 Metaspace       used 40817K, committed 41216K, reserved 1114112K
  class space    used 5010K, committed 5184K, reserved 1048576K
}
Event: 1.920 GC heap before
{Heap before GC invocations=19 (full 0):
 garbage-first heap   total 201728K, used 147807K [0x00000000c0000000, 0x0000000100000000)
  region size 1024K, 94 young (96256K), 4 survivors (4096K)
 Metaspace       used 41444K, committed 41856K, reserved 1114112K
  class space    used 5098K, committed 5248K, reserved 1048576K
}
Event: 1.945 GC heap after
{Heap after GC invocations=20 (full 0):
 garbage-first heap   total 201728K, used 75917K [0x00000000c0000000, 0x0000000100000000)
  region size 1024K, 12 young (12288K), 12 survivors (12288K)
 Metaspace       used 41444K, committed 41856K, reserved 1114112K
  class space    used 5098K, committed 5248K, reserved 1048576K
}
Event: 1.946 GC heap before
{Heap before GC invocations=20 (full 0):
 garbage-first heap   total 201728K, used 76941K [0x00000000c0000000, 0x0000000100000000)
  region size 1024K, 13 young (13312K), 12 survivors (12288K)
 Metaspace       used 41449K, committed 41856K, reserved 1114112K
  class space    used 5099K, committed 5248K, reserved 1048576K
}
Event: 1.952 GC heap after
{Heap after GC invocations=21 (full 0):
 garbage-first heap   total 201728K, used 77590K [0x00000000c0000000, 0x0000000100000000)
  region size 1024K, 1 young (1024K), 1 survivors (1024K)
 Metaspace       used 41449K, committed 41856K, reserved 1114112K
  class space    used 5099K, committed 5248K, reserved 1048576K
}
Event: 1.969 GC heap before
{Heap before GC invocations=21 (full 0):
 garbage-first heap   total 201728K, used 140054K [0x00000000c0000000, 0x0000000100000000)
  region size 1024K, 63 young (64512K), 1 survivors (1024K)
 Metaspace       used 41472K, committed 41920K, reserved 1114112K
  class space    used 5108K, committed 5312K, reserved 1048576K
}
Event: 1.970 GC heap after
{Heap after GC invocations=22 (full 0):
 garbage-first heap   total 201728K, used 79560K [0x00000000c0000000, 0x0000000100000000)
  region size 1024K, 3 young (3072K), 3 survivors (3072K)
 Metaspace       used 41472K, committed 41920K, reserved 1114112K
  class space    used 5108K, committed 5312K, reserved 1048576K
}
Event: 1.987 GC heap before
{Heap before GC invocations=22 (full 0):
 garbage-first heap   total 201728K, used 143048K [0x00000000c0000000, 0x0000000100000000)
  region size 1024K, 66 young (67584K), 3 survivors (3072K)
 Metaspace       used 41521K, committed 41984K, reserved 1114112K
  class space    used 5113K, committed 5312K, reserved 1048576K
}
Event: 1.990 GC heap after
{Heap after GC invocations=23 (full 0):
 garbage-first heap   total 201728K, used 81832K [0x00000000c0000000, 0x0000000100000000)
  region size 1024K, 6 young (6144K), 6 survivors (6144K)
 Metaspace       used 41521K, committed 41984K, reserved 1114112K
  class space    used 5113K, committed 5312K, reserved 1048576K
}
Event: 2.005 GC heap before
{Heap before GC invocations=23 (full 0):
 garbage-first heap   total 201728K, used 148392K [0x00000000c0000000, 0x0000000100000000)
  region size 1024K, 72 young (73728K), 6 survivors (6144K)
 Metaspace       used 41561K, committed 42048K, reserved 1114112K
  class space    used 5117K, committed 5312K, reserved 1048576K
}

