# JRE version: OpenJDK Runtime Environment Temurin-17.0.7+7 (17.0.7+7) (build 17.0.7+7)
# Java VM: OpenJDK 64-Bit Server VM Temurin-17.0.7+7 (17.0.7+7, mixed mode, emulated-client, tiered, compressed oops, compressed class ptrs, g1 gc, windows-amd64)
GC Precious Log:
 CPUs: 12 total, 12 available
 Memory: 7930M
 Large Page Support: Disabled
 NUMA Support: Disabled
 Compressed Oops: Enabled (32-bit)
 Heap Region Size: 1M
 Heap Min Capacity: 8M
 Heap Initial Capacity: 124M
 Heap Max Capacity: 1G
 Pre-touch: Disabled
 Parallel Workers: 10
 Concurrent Workers: 3
 Concurrent Refinement Workers: 10
 Periodic GC: Disabled
Heap:
 garbage-first heap   total 126976K, used 54350K [0x00000000c0000000, 0x0000000100000000)
  region size 1024K, 2 young (2048K), 2 survivors (2048K)
 Metaspace       used 40732K, committed 41152K, reserved 1114112K
  class space    used 5002K, committed 5184K, reserved 1048576K
GC Heap History (20 events):
Event: 1.025 GC heap after
{Heap after GC invocations=6 (full 0):
 garbage-first heap   total 48128K, used 14677K [0x00000000c0000000, 0x0000000100000000)
  region size 1024K, 3 young (3072K), 3 survivors (3072K)
 Metaspace       used 28195K, committed 28416K, reserved 1114112K
  class space    used 3347K, committed 3456K, reserved 1048576K
}
Event: 1.190 GC heap before
{Heap before GC invocations=6 (full 0):
 garbage-first heap   total 48128K, used 32085K [0x00000000c0000000, 0x0000000100000000)
  region size 1024K, 21 young (21504K), 3 survivors (3072K)
 Metaspace       used 30695K, committed 31040K, reserved 1114112K
  class space    used 3704K, committed 3840K, reserved 1048576K
}
Event: 1.194 GC heap after
{Heap after GC invocations=7 (full 0):
 garbage-first heap   total 48128K, used 16335K [0x00000000c0000000, 0x0000000100000000)
  region size 1024K, 3 young (3072K), 3 survivors (3072K)
 Metaspace       used 30695K, committed 31040K, reserved 1114112K
  class space    used 3704K, committed 3840K, reserved 1048576K
}
Event: 1.375 GC heap before
{Heap before GC invocations=7 (full 0):
 garbage-first heap   total 48128K, used 33743K [0x00000000c0000000, 0x0000000100000000)
  region size 1024K, 20 young (20480K), 3 survivors (3072K)
 Metaspace       used 33878K, committed 34240K, reserved 1114112K
  class space    used 4136K, committed 4288K, reserved 1048576K
}
Event: 1.380 GC heap after
{Heap after GC invocations=8 (full 0):
 garbage-first heap   total 60416K, used 18050K [0x00000000c0000000, 0x0000000100000000)
  region size 1024K, 2 young (2048K), 2 survivors (2048K)
 Metaspace       used 33878K, committed 34240K, reserved 1114112K
  class space    used 4136K, committed 4288K, reserved 1048576K
}
Event: 1.501 GC heap before
{Heap before GC invocations=8 (full 0):
 garbage-first heap   total 60416K, used 29314K [0x00000000c0000000, 0x0000000100000000)
  region size 1024K, 14 young (14336K), 2 survivors (2048K)
 Metaspace       used 35662K, committed 35968K, reserved 1114112K
  class space    used 4411K, committed 4544K, reserved 1048576K
}
Event: 1.504 GC heap after
{Heap after GC invocations=9 (full 0):
 garbage-first heap   total 60416K, used 19087K [0x00000000c0000000, 0x0000000100000000)
  region size 1024K, 3 young (3072K), 3 survivors (3072K)
 Metaspace       used 35662K, committed 35968K, reserved 1114112K
  class space    used 4411K, committed 4544K, reserved 1048576K
}
Event: 1.592 GC heap before
{Heap before GC invocations=10 (full 0):
 garbage-first heap   total 60416K, used 42639K [0x00000000c0000000, 0x0000000100000000)
  region size 1024K, 27 young (27648K), 3 survivors (3072K)
 Metaspace       used 37897K, committed 38336K, reserved 1114112K
  class space    used 4772K, committed 4992K, reserved 1048576K
}
Event: 1.596 GC heap after
{Heap after GC invocations=11 (full 0):
 garbage-first heap   total 60416K, used 22349K [0x00000000c0000000, 0x0000000100000000)
  region size 1024K, 4 young (4096K), 4 survivors (4096K)
 Metaspace       used 37897K, committed 38336K, reserved 1114112K
  class space    used 4772K, committed 4992K, reserved 1048576K
}
Event: 1.621 GC heap before
{Heap before GC invocations=11 (full 0):
 garbage-first heap   total 60416K, used 42829K [0x00000000c0000000, 0x0000000100000000)
  region size 1024K, 25 young (25600K), 4 survivors (4096K)
 Metaspace       used 37897K, committed 38336K, reserved 1114112K
  class space    used 4772K, committed 4992K, reserved 1048576K
}
Event: 1.626 GC heap after
{Heap after GC invocations=12 (full 0):
 garbage-first heap   total 60416K, used 25710K [0x00000000c0000000, 0x0000000100000000)
  region size 1024K, 4 young (4096K), 4 survivors (4096K)
 Metaspace       used 37897K, committed 38336K, reserved 1114112K
  class space    used 4772K, committed 4992K, reserved 1048576K
}
Event: 1.651 GC heap before
{Heap before GC invocations=12 (full 0):
 garbage-first heap   total 60416K, used 43118K [0x00000000c0000000, 0x0000000100000000)
  region size 1024K, 22 young (22528K), 4 survivors (4096K)
 Metaspace       used 38064K, committed 38464K, reserved 1114112K
  class space    used 4799K, committed 4992K, reserved 1048576K
}
Event: 1.655 GC heap after
{Heap after GC invocations=13 (full 0):
 garbage-first heap   total 106496K, used 30312K [0x00000000c0000000, 0x0000000100000000)
  region size 1024K, 3 young (3072K), 3 survivors (3072K)
 Metaspace       used 38064K, committed 38464K, reserved 1114112K
  class space    used 4799K, committed 4992K, reserved 1048576K
}
Event: 1.726 GC heap before
{Heap before GC invocations=13 (full 0):
 garbage-first heap   total 106496K, used 74344K [0x00000000c0000000, 0x0000000100000000)
  region size 1024K, 46 young (47104K), 3 survivors (3072K)
 Metaspace       used 38797K, committed 39232K, reserved 1114112K
  class space    used 4854K, committed 5056K, reserved 1048576K
}
Event: 1.734 GC heap after
{Heap after GC invocations=14 (full 0):
 garbage-first heap   total 106496K, used 37762K [0x00000000c0000000, 0x0000000100000000)
  region size 1024K, 6 young (6144K), 6 survivors (6144K)
 Metaspace       used 38797K, committed 39232K, reserved 1114112K
  class space    used 4854K, committed 5056K, reserved 1048576K
}
Event: 1.763 GC heap before
{Heap before GC invocations=14 (full 0):
 garbage-first heap   total 106496K, used 72578K [0x00000000c0000000, 0x0000000100000000)
  region size 1024K, 41 young (41984K), 6 survivors (6144K)
 Metaspace       used 39274K, committed 39680K, reserved 1114112K
  class space    used 4907K, committed 5120K, reserved 1048576K
}
Event: 1.772 GC heap after
{Heap after GC invocations=15 (full 0):
 garbage-first heap   total 106496K, used 47179K [0x00000000c0000000, 0x0000000100000000)
  region size 1024K, 6 young (6144K), 6 survivors (6144K)
 Metaspace       used 39274K, committed 39680K, reserved 1114112K
  class space    used 4907K, committed 5120K, reserved 1048576K
}
Event: 1.841 GC heap before
{Heap before GC invocations=15 (full 0):
 garbage-first heap   total 106496K, used 74827K [0x00000000c0000000, 0x0000000100000000)
  region size 1024K, 34 young (34816K), 6 survivors (6144K)
 Metaspace       used 40522K, committed 40896K, reserved 1114112K
  class space    used 4980K, committed 5184K, reserved 1048576K
}
Event: 1.848 GC heap after
{Heap after GC invocations=16 (full 0):
 garbage-first heap   total 106496K, used 52841K [0x00000000c0000000, 0x0000000100000000)
  region size 1024K, 5 young (5120K), 5 survivors (5120K)
 Metaspace       used 40522K, committed 40896K, reserved 1114112K
  class space    used 4980K, committed 5184K, reserved 1048576K
}
Event: 1.861 GC heap before
{Heap before GC invocations=16 (full 0):
 garbage-first heap   total 106496K, used 56937K [0x00000000c0000000, 0x0000000100000000)
  region size 1024K, 10 young (10240K), 5 survivors (5120K)
 Metaspace       used 40732K, committed 41152K, reserved 1114112K
  class space    used 5002K, committed 5184K, reserved 1048576K
}

