# JRE version: OpenJDK Runtime Environment Temurin-17.0.7+7 (17.0.7+7) (build 17.0.7+7)
# Java VM: OpenJDK 64-Bit Server VM Temurin-17.0.7+7 (17.0.7+7, mixed mode, emulated-client, tiered, compressed oops, compressed class ptrs, g1 gc, windows-amd64)
GC Precious Log:
 CPUs: 12 total, 12 available
 Memory: 7930M
 Large Page Support: Disabled
 NUMA Support: Disabled
 Compressed Oops: Enabled (32-bit)
 Heap Region Size: 1M
 Heap Min Capacity: 8M
 Heap Initial Capacity: 124M
 Heap Max Capacity: 1G
 Pre-touch: Disabled
 Parallel Workers: 10
 Concurrent Workers: 3
 Concurrent Refinement Workers: 10
 Periodic GC: Disabled
Heap:
 garbage-first heap   total 210944K, used 79749K [0x00000000c0000000, 0x0000000100000000)
  region size 1024K, 6 young (6144K), 6 survivors (6144K)
 Metaspace       used 41340K, committed 41728K, reserved 1114112K
  class space    used 5068K, committed 5248K, reserved 1048576K
GC Heap History (20 events):
Event: 1.762 GC heap after
{Heap after GC invocations=12 (full 0):
 garbage-first heap   total 59392K, used 25600K [0x00000000c0000000, 0x0000000100000000)
  region size 1024K, 4 young (4096K), 4 survivors (4096K)
 Metaspace       used 37897K, committed 38336K, reserved 1114112K
  class space    used 4772K, committed 4992K, reserved 1048576K
}
Event: 1.792 GC heap before
{Heap before GC invocations=12 (full 0):
 garbage-first heap   total 59392K, used 43008K [0x00000000c0000000, 0x0000000100000000)
  region size 1024K, 22 young (22528K), 4 survivors (4096K)
 Metaspace       used 38023K, committed 38464K, reserved 1114112K
  class space    used 4791K, committed 4992K, reserved 1048576K
}
Event: 1.797 GC heap after
{Heap after GC invocations=13 (full 0):
 garbage-first heap   total 93184K, used 30103K [0x00000000c0000000, 0x0000000100000000)
  region size 1024K, 3 young (3072K), 3 survivors (3072K)
 Metaspace       used 38023K, committed 38464K, reserved 1114112K
  class space    used 4791K, committed 4992K, reserved 1048576K
}
Event: 1.847 GC heap before
{Heap before GC invocations=13 (full 0):
 garbage-first heap   total 93184K, used 64919K [0x00000000c0000000, 0x0000000100000000)
  region size 1024K, 37 young (37888K), 3 survivors (3072K)
 Metaspace       used 38555K, committed 38976K, reserved 1114112K
  class space    used 4839K, committed 5056K, reserved 1048576K
}
Event: 1.855 GC heap after
{Heap after GC invocations=14 (full 0):
 garbage-first heap   total 93184K, used 35995K [0x00000000c0000000, 0x0000000100000000)
  region size 1024K, 5 young (5120K), 5 survivors (5120K)
 Metaspace       used 38555K, committed 38976K, reserved 1114112K
  class space    used 4839K, committed 5056K, reserved 1048576K
}
Event: 1.887 GC heap before
{Heap before GC invocations=14 (full 0):
 garbage-first heap   total 93184K, used 64667K [0x00000000c0000000, 0x0000000100000000)
  region size 1024K, 34 young (34816K), 5 survivors (5120K)
 Metaspace       used 38797K, committed 39232K, reserved 1114112K
  class space    used 4854K, committed 5056K, reserved 1048576K
}
Event: 1.896 GC heap after
{Heap after GC invocations=15 (full 0):
 garbage-first heap   total 93184K, used 44462K [0x00000000c0000000, 0x0000000100000000)
  region size 1024K, 5 young (5120K), 5 survivors (5120K)
 Metaspace       used 38797K, committed 39232K, reserved 1114112K
  class space    used 4854K, committed 5056K, reserved 1048576K
}
Event: 1.919 GC heap before
{Heap before GC invocations=15 (full 0):
 garbage-first heap   total 93184K, used 65966K [0x00000000c0000000, 0x0000000100000000)
  region size 1024K, 27 young (27648K), 5 survivors (5120K)
 Metaspace       used 39164K, committed 39616K, reserved 1114112K
  class space    used 4888K, committed 5120K, reserved 1048576K
}
Event: 1.925 GC heap after
{Heap after GC invocations=16 (full 0):
 garbage-first heap   total 93184K, used 48897K [0x00000000c0000000, 0x0000000100000000)
  region size 1024K, 4 young (4096K), 4 survivors (4096K)
 Metaspace       used 39164K, committed 39616K, reserved 1114112K
  class space    used 4888K, committed 5120K, reserved 1048576K
}
Event: 1.987 GC heap before
{Heap before GC invocations=16 (full 0):
 garbage-first heap   total 93184K, used 68353K [0x00000000c0000000, 0x0000000100000000)
  region size 1024K, 24 young (24576K), 4 survivors (4096K)
 Metaspace       used 40462K, committed 40896K, reserved 1114112K
  class space    used 4974K, committed 5184K, reserved 1048576K
}
Event: 1.991 GC heap after
{Heap after GC invocations=17 (full 0):
 garbage-first heap   total 210944K, used 52208K [0x00000000c0000000, 0x0000000100000000)
  region size 1024K, 3 young (3072K), 3 survivors (3072K)
 Metaspace       used 40462K, committed 40896K, reserved 1114112K
  class space    used 4974K, committed 5184K, reserved 1048576K
}
Event: 2.078 GC heap before
{Heap before GC invocations=18 (full 0):
 garbage-first heap   total 210944K, used 135152K [0x00000000c0000000, 0x0000000100000000)
  region size 1024K, 83 young (84992K), 3 survivors (3072K)
 Metaspace       used 41224K, committed 41664K, reserved 1114112K
  class space    used 5053K, committed 5248K, reserved 1048576K
}
Event: 2.103 GC heap after
{Heap after GC invocations=19 (full 0):
 garbage-first heap   total 210944K, used 70379K [0x00000000c0000000, 0x0000000100000000)
  region size 1024K, 11 young (11264K), 11 survivors (11264K)
 Metaspace       used 41224K, committed 41664K, reserved 1114112K
  class space    used 5053K, committed 5248K, reserved 1048576K
}
Event: 2.104 GC heap before
{Heap before GC invocations=19 (full 0):
 garbage-first heap   total 210944K, used 70379K [0x00000000c0000000, 0x0000000100000000)
  region size 1024K, 12 young (12288K), 11 survivors (11264K)
 Metaspace       used 41230K, committed 41664K, reserved 1114112K
  class space    used 5053K, committed 5248K, reserved 1048576K
}
Event: 2.111 GC heap after
{Heap after GC invocations=20 (full 0):
 garbage-first heap   total 210944K, used 72521K [0x00000000c0000000, 0x0000000100000000)
  region size 1024K, 2 young (2048K), 2 survivors (2048K)
 Metaspace       used 41230K, committed 41664K, reserved 1114112K
  class space    used 5053K, committed 5248K, reserved 1048576K
}
Event: 2.130 GC heap before
{Heap before GC invocations=20 (full 0):
 garbage-first heap   total 210944K, used 136009K [0x00000000c0000000, 0x0000000100000000)
  region size 1024K, 65 young (66560K), 2 survivors (2048K)
 Metaspace       used 41249K, committed 41664K, reserved 1114112K
  class space    used 5060K, committed 5248K, reserved 1048576K
}
Event: 2.132 GC heap after
{Heap after GC invocations=21 (full 0):
 garbage-first heap   total 210944K, used 73989K [0x00000000c0000000, 0x0000000100000000)
  region size 1024K, 4 young (4096K), 4 survivors (4096K)
 Metaspace       used 41249K, committed 41664K, reserved 1114112K
  class space    used 5060K, committed 5248K, reserved 1048576K
}
Event: 2.148 GC heap before
{Heap before GC invocations=21 (full 0):
 garbage-first heap   total 210944K, used 142597K [0x00000000c0000000, 0x0000000100000000)
  region size 1024K, 72 young (73728K), 4 survivors (4096K)
 Metaspace       used 41275K, committed 41664K, reserved 1114112K
  class space    used 5067K, committed 5248K, reserved 1048576K
}
Event: 2.151 GC heap after
{Heap after GC invocations=22 (full 0):
 garbage-first heap   total 210944K, used 76692K [0x00000000c0000000, 0x0000000100000000)
  region size 1024K, 6 young (6144K), 6 survivors (6144K)
 Metaspace       used 41275K, committed 41664K, reserved 1114112K
  class space    used 5067K, committed 5248K, reserved 1048576K
}
Event: 2.167 GC heap before
{Heap before GC invocations=22 (full 0):
 garbage-first heap   total 210944K, used 150420K [0x00000000c0000000, 0x0000000100000000)
  region size 1024K, 79 young (80896K), 6 survivors (6144K)
 Metaspace       used 41340K, committed 41728K, reserved 1114112K
  class space    used 5068K, committed 5248K, reserved 1048576K
}

