# JRE version: OpenJDK Runtime Environment Temurin-17.0.7+7 (17.0.7+7) (build 17.0.7+7)
# Java VM: OpenJDK 64-Bit Server VM Temurin-17.0.7+7 (17.0.7+7, mixed mode, emulated-client, tiered, compressed oops, compressed class ptrs, g1 gc, windows-amd64)
GC Precious Log:
 CPUs: 12 total, 12 available
 Memory: 7930M
 Large Page Support: Disabled
 NUMA Support: Disabled
 Compressed Oops: Enabled (32-bit)
 Heap Region Size: 1M
 Heap Min Capacity: 8M
 Heap Initial Capacity: 124M
 Heap Max Capacity: 1G
 Pre-touch: Disabled
 Parallel Workers: 10
 Concurrent Workers: 3
 Concurrent Refinement Workers: 10
 Periodic GC: Disabled
Heap:
 garbage-first heap   total 214016K, used 83651K [0x00000000c0000000, 0x0000000100000000)
  region size 1024K, 10 young (10240K), 10 survivors (10240K)
 Metaspace       used 41546K, committed 42048K, reserved 1114112K
  class space    used 5106K, committed 5312K, reserved 1048576K
GC Heap History (20 events):
Event: 1.680 GC heap after
{Heap after GC invocations=11 (full 0):
 garbage-first heap   total 61440K, used 21280K [0x00000000c0000000, 0x0000000100000000)
  region size 1024K, 4 young (4096K), 4 survivors (4096K)
 Metaspace       used 37940K, committed 38400K, reserved 1114112K
  class space    used 4782K, committed 4992K, reserved 1048576K
}
Event: 1.710 GC heap before
{Heap before GC invocations=11 (full 0):
 garbage-first heap   total 61440K, used 42784K [0x00000000c0000000, 0x0000000100000000)
  region size 1024K, 26 young (26624K), 4 survivors (4096K)
 Metaspace       used 37940K, committed 38400K, reserved 1114112K
  class space    used 4782K, committed 4992K, reserved 1048576K
}
Event: 1.715 GC heap after
{Heap after GC invocations=12 (full 0):
 garbage-first heap   total 61440K, used 25371K [0x00000000c0000000, 0x0000000100000000)
  region size 1024K, 4 young (4096K), 4 survivors (4096K)
 Metaspace       used 37940K, committed 38400K, reserved 1114112K
  class space    used 4782K, committed 4992K, reserved 1048576K
}
Event: 1.745 GC heap before
{Heap before GC invocations=12 (full 0):
 garbage-first heap   total 61440K, used 43803K [0x00000000c0000000, 0x0000000100000000)
  region size 1024K, 23 young (23552K), 4 survivors (4096K)
 Metaspace       used 38189K, committed 38592K, reserved 1114112K
  class space    used 4821K, committed 4992K, reserved 1048576K
}
Event: 1.750 GC heap after
{Heap after GC invocations=13 (full 0):
 garbage-first heap   total 105472K, used 29872K [0x00000000c0000000, 0x0000000100000000)
  region size 1024K, 3 young (3072K), 3 survivors (3072K)
 Metaspace       used 38189K, committed 38592K, reserved 1114112K
  class space    used 4821K, committed 4992K, reserved 1048576K
}
Event: 1.803 GC heap before
{Heap before GC invocations=13 (full 0):
 garbage-first heap   total 105472K, used 70832K [0x00000000c0000000, 0x0000000100000000)
  region size 1024K, 44 young (45056K), 3 survivors (3072K)
 Metaspace       used 38947K, committed 39360K, reserved 1114112K
  class space    used 4870K, committed 5056K, reserved 1048576K
}
Event: 1.810 GC heap after
{Heap after GC invocations=14 (full 0):
 garbage-first heap   total 105472K, used 36902K [0x00000000c0000000, 0x0000000100000000)
  region size 1024K, 6 young (6144K), 6 survivors (6144K)
 Metaspace       used 38947K, committed 39360K, reserved 1114112K
  class space    used 4870K, committed 5056K, reserved 1048576K
}
Event: 1.847 GC heap before
{Heap before GC invocations=14 (full 0):
 garbage-first heap   total 105472K, used 71718K [0x00000000c0000000, 0x0000000100000000)
  region size 1024K, 41 young (41984K), 6 survivors (6144K)
 Metaspace       used 39483K, committed 39872K, reserved 1114112K
  class space    used 4927K, committed 5120K, reserved 1048576K
}
Event: 1.856 GC heap after
{Heap after GC invocations=15 (full 0):
 garbage-first heap   total 105472K, used 45845K [0x00000000c0000000, 0x0000000100000000)
  region size 1024K, 6 young (6144K), 6 survivors (6144K)
 Metaspace       used 39483K, committed 39872K, reserved 1114112K
  class space    used 4927K, committed 5120K, reserved 1048576K
}
Event: 1.930 GC heap before
{Heap before GC invocations=15 (full 0):
 garbage-first heap   total 105472K, used 74517K [0x00000000c0000000, 0x0000000100000000)
  region size 1024K, 35 young (35840K), 6 survivors (6144K)
 Metaspace       used 40607K, committed 41024K, reserved 1114112K
  class space    used 4992K, committed 5184K, reserved 1048576K
}
Event: 1.937 GC heap after
{Heap after GC invocations=16 (full 0):
 garbage-first heap   total 105472K, used 51739K [0x00000000c0000000, 0x0000000100000000)
  region size 1024K, 5 young (5120K), 5 survivors (5120K)
 Metaspace       used 40607K, committed 41024K, reserved 1114112K
  class space    used 4992K, committed 5184K, reserved 1048576K
}
Event: 1.946 GC heap before
{Heap before GC invocations=16 (full 0):
 garbage-first heap   total 105472K, used 53787K [0x00000000c0000000, 0x0000000100000000)
  region size 1024K, 9 young (9216K), 5 survivors (5120K)
 Metaspace       used 40743K, committed 41152K, reserved 1114112K
  class space    used 5007K, committed 5184K, reserved 1048576K
}
Event: 1.950 GC heap after
{Heap after GC invocations=17 (full 0):
 garbage-first heap   total 214016K, used 53750K [0x00000000c0000000, 0x0000000100000000)
  region size 1024K, 2 young (2048K), 2 survivors (2048K)
 Metaspace       used 40743K, committed 41152K, reserved 1114112K
  class space    used 5007K, committed 5184K, reserved 1048576K
}
Event: 2.029 GC heap before
{Heap before GC invocations=17 (full 0):
 garbage-first heap   total 214016K, used 151030K [0x00000000c0000000, 0x0000000100000000)
  region size 1024K, 96 young (98304K), 2 survivors (2048K)
 Metaspace       used 41437K, committed 41856K, reserved 1114112K
  class space    used 5091K, committed 5248K, reserved 1048576K
}
Event: 2.054 GC heap after
{Heap after GC invocations=18 (full 0):
 garbage-first heap   total 214016K, used 70767K [0x00000000c0000000, 0x0000000100000000)
  region size 1024K, 12 young (12288K), 12 survivors (12288K)
 Metaspace       used 41437K, committed 41856K, reserved 1114112K
  class space    used 5091K, committed 5248K, reserved 1048576K
}
Event: 2.071 GC heap before
{Heap before GC invocations=18 (full 0):
 garbage-first heap   total 214016K, used 147567K [0x00000000c0000000, 0x0000000100000000)
  region size 1024K, 88 young (90112K), 12 survivors (12288K)
 Metaspace       used 41449K, committed 41856K, reserved 1114112K
  class space    used 5096K, committed 5248K, reserved 1048576K
}
Event: 2.080 GC heap after
{Heap after GC invocations=19 (full 0):
 garbage-first heap   total 214016K, used 75132K [0x00000000c0000000, 0x0000000100000000)
  region size 1024K, 5 young (5120K), 5 survivors (5120K)
 Metaspace       used 41449K, committed 41856K, reserved 1114112K
  class space    used 5096K, committed 5248K, reserved 1048576K
}
Event: 2.099 GC heap before
{Heap before GC invocations=19 (full 0):
 garbage-first heap   total 214016K, used 152956K [0x00000000c0000000, 0x0000000100000000)
  region size 1024K, 82 young (83968K), 5 survivors (5120K)
 Metaspace       used 41472K, committed 41920K, reserved 1114112K
  class space    used 5100K, committed 5248K, reserved 1048576K
}
Event: 2.102 GC heap after
{Heap after GC invocations=20 (full 0):
 garbage-first heap   total 214016K, used 77278K [0x00000000c0000000, 0x0000000100000000)
  region size 1024K, 7 young (7168K), 7 survivors (7168K)
 Metaspace       used 41472K, committed 41920K, reserved 1114112K
  class space    used 5100K, committed 5248K, reserved 1048576K
}
Event: 2.122 GC heap before
{Heap before GC invocations=20 (full 0):
 garbage-first heap   total 214016K, used 159198K [0x00000000c0000000, 0x0000000100000000)
  region size 1024K, 88 young (90112K), 7 survivors (7168K)
 Metaspace       used 41546K, committed 42048K, reserved 1114112K
  class space    used 5106K, committed 5312K, reserved 1048576K
}

