# JRE version: OpenJDK Runtime Environment Temurin-17.0.7+7 (17.0.7+7) (build 17.0.7+7)
# Java VM: OpenJDK 64-Bit Server VM Temurin-17.0.7+7 (17.0.7+7, mixed mode, emulated-client, tiered, compressed oops, compressed class ptrs, g1 gc, windows-amd64)
GC Precious Log:
 CPUs: 12 total, 12 available
 Memory: 7930M
 Large Page Support: Disabled
 NUMA Support: Disabled
 Compressed Oops: Enabled (32-bit)
 Heap Region Size: 1M
 Heap Min Capacity: 8M
 Heap Initial Capacity: 124M
 Heap Max Capacity: 1G
 Pre-touch: Disabled
 Parallel Workers: 10
 Concurrent Workers: 3
 Concurrent Refinement Workers: 10
 Periodic GC: Disabled
Heap:
 garbage-first heap   total 462848K, used 126193K [0x00000000c0000000, 0x0000000100000000)
  region size 1024K, 23 young (23552K), 23 survivors (23552K)
 Metaspace       used 41680K, committed 42176K, reserved 1114112K
  class space    used 5131K, committed 5376K, reserved 1048576K
GC Heap History (20 events):
Event: 1.762 GC heap after
{Heap after GC invocations=15 (full 0):
 garbage-first heap   total 73728K, used 41765K [0x00000000c0000000, 0x0000000100000000)
  region size 1024K, 3 young (3072K), 3 survivors (3072K)
 Metaspace       used 38806K, committed 39232K, reserved 1114112K
  class space    used 4856K, committed 5056K, reserved 1048576K
}
Event: 1.776 GC heap before
{Heap before GC invocations=15 (full 0):
 garbage-first heap   total 73728K, used 55077K [0x00000000c0000000, 0x0000000100000000)
  region size 1024K, 16 young (16384K), 3 survivors (3072K)
 Metaspace       used 38981K, committed 39360K, reserved 1114112K
  class space    used 4873K, committed 5056K, reserved 1048576K
}
Event: 1.781 GC heap after
{Heap after GC invocations=16 (full 0):
 garbage-first heap   total 177152K, used 44816K [0x00000000c0000000, 0x0000000100000000)
  region size 1024K, 2 young (2048K), 2 survivors (2048K)
 Metaspace       used 38981K, committed 39360K, reserved 1114112K
  class space    used 4873K, committed 5056K, reserved 1048576K
}
Event: 1.918 GC heap before
{Heap before GC invocations=17 (full 0):
 garbage-first heap   total 177152K, used 109328K [0x00000000c0000000, 0x0000000100000000)
  region size 1024K, 65 young (66560K), 2 survivors (2048K)
 Metaspace       used 41130K, committed 41472K, reserved 1114112K
  class space    used 5043K, committed 5184K, reserved 1048576K
}
Event: 1.928 GC heap after
{Heap after GC invocations=18 (full 0):
 garbage-first heap   total 177152K, used 59248K [0x00000000c0000000, 0x0000000100000000)
  region size 1024K, 9 young (9216K), 9 survivors (9216K)
 Metaspace       used 41130K, committed 41472K, reserved 1114112K
  class space    used 5043K, committed 5184K, reserved 1048576K
}
Event: 1.968 GC heap before
{Heap before GC invocations=18 (full 0):
 garbage-first heap   total 177152K, used 115568K [0x00000000c0000000, 0x0000000100000000)
  region size 1024K, 64 young (65536K), 9 survivors (9216K)
 Metaspace       used 41395K, committed 41792K, reserved 1114112K
  class space    used 5087K, committed 5248K, reserved 1048576K
}
Event: 1.990 GC heap after
{Heap after GC invocations=19 (full 0):
 garbage-first heap   total 177152K, used 72087K [0x00000000c0000000, 0x0000000100000000)
  region size 1024K, 8 young (8192K), 8 survivors (8192K)
 Metaspace       used 41395K, committed 41792K, reserved 1114112K
  class space    used 5087K, committed 5248K, reserved 1048576K
}
Event: 2.003 GC heap before
{Heap before GC invocations=19 (full 0):
 garbage-first heap   total 177152K, used 121239K [0x00000000c0000000, 0x0000000100000000)
  region size 1024K, 56 young (57344K), 8 survivors (8192K)
 Metaspace       used 41402K, committed 41792K, reserved 1114112K
  class space    used 5087K, committed 5248K, reserved 1048576K
}
Event: 2.009 GC heap after
{Heap after GC invocations=20 (full 0):
 garbage-first heap   total 177152K, used 78003K [0x00000000c0000000, 0x0000000100000000)
  region size 1024K, 5 young (5120K), 5 survivors (5120K)
 Metaspace       used 41402K, committed 41792K, reserved 1114112K
  class space    used 5087K, committed 5248K, reserved 1048576K
}
Event: 2.022 GC heap before
{Heap before GC invocations=20 (full 0):
 garbage-first heap   total 177152K, used 127155K [0x00000000c0000000, 0x0000000100000000)
  region size 1024K, 54 young (55296K), 5 survivors (5120K)
 Metaspace       used 41410K, committed 41792K, reserved 1114112K
  class space    used 5088K, committed 5248K, reserved 1048576K
}
Event: 2.025 GC heap after
{Heap after GC invocations=21 (full 0):
 garbage-first heap   total 177152K, used 80901K [0x00000000c0000000, 0x0000000100000000)
  region size 1024K, 3 young (3072K), 3 survivors (3072K)
 Metaspace       used 41410K, committed 41792K, reserved 1114112K
  class space    used 5088K, committed 5248K, reserved 1048576K
}
Event: 2.040 GC heap before
{Heap before GC invocations=21 (full 0):
 garbage-first heap   total 177152K, used 132101K [0x00000000c0000000, 0x0000000100000000)
  region size 1024K, 54 young (55296K), 3 survivors (3072K)
 Metaspace       used 41428K, committed 41792K, reserved 1114112K
  class space    used 5094K, committed 5248K, reserved 1048576K
}
Event: 2.047 GC heap after
{Heap after GC invocations=22 (full 0):
 garbage-first heap   total 462848K, used 82865K [0x00000000c0000000, 0x0000000100000000)
  region size 1024K, 5 young (5120K), 5 survivors (5120K)
 Metaspace       used 41428K, committed 41792K, reserved 1114112K
  class space    used 5094K, committed 5248K, reserved 1048576K
}
Event: 2.116 GC heap before
{Heap before GC invocations=22 (full 0):
 garbage-first heap   total 462848K, used 333745K [0x00000000c0000000, 0x0000000100000000)
  region size 1024K, 251 young (257024K), 5 survivors (5120K)
 Metaspace       used 41588K, committed 42048K, reserved 1114112K
  class space    used 5118K, committed 5312K, reserved 1048576K
}
Event: 2.124 GC heap after
{Heap after GC invocations=23 (full 0):
 garbage-first heap   total 462848K, used 92881K [0x00000000c0000000, 0x0000000100000000)
  region size 1024K, 15 young (15360K), 15 survivors (15360K)
 Metaspace       used 41588K, committed 42048K, reserved 1114112K
  class space    used 5118K, committed 5312K, reserved 1048576K
}
Event: 2.186 GC heap before
{Heap before GC invocations=23 (full 0):
 garbage-first heap   total 462848K, used 354001K [0x00000000c0000000, 0x0000000100000000)
  region size 1024K, 271 young (277504K), 15 survivors (15360K)
 Metaspace       used 41607K, committed 42048K, reserved 1114112K
  class space    used 5123K, committed 5312K, reserved 1048576K
}
Event: 2.198 GC heap after
{Heap after GC invocations=24 (full 0):
 garbage-first heap   total 462848K, used 103408K [0x00000000c0000000, 0x0000000100000000)
  region size 1024K, 25 young (25600K), 25 survivors (25600K)
 Metaspace       used 41607K, committed 42048K, reserved 1114112K
  class space    used 5123K, committed 5312K, reserved 1048576K
}
Event: 2.258 GC heap before
{Heap before GC invocations=24 (full 0):
 garbage-first heap   total 462848K, used 354288K [0x00000000c0000000, 0x0000000100000000)
  region size 1024K, 271 young (277504K), 25 survivors (25600K)
 Metaspace       used 41657K, committed 42176K, reserved 1114112K
  class space    used 5126K, committed 5376K, reserved 1048576K
}
Event: 2.275 GC heap after
{Heap after GC invocations=25 (full 0):
 garbage-first heap   total 462848K, used 115518K [0x00000000c0000000, 0x0000000100000000)
  region size 1024K, 23 young (23552K), 23 survivors (23552K)
 Metaspace       used 41657K, committed 42176K, reserved 1114112K
  class space    used 5126K, committed 5376K, reserved 1048576K
}
Event: 2.335 GC heap before
{Heap before GC invocations=25 (full 0):
 garbage-first heap   total 462848K, used 368446K [0x00000000c0000000, 0x0000000100000000)
  region size 1024K, 271 young (277504K), 23 survivors (23552K)
 Metaspace       used 41680K, committed 42176K, reserved 1114112K
  class space    used 5131K, committed 5376K, reserved 1048576K
}

