# JRE version: OpenJDK Runtime Environment Temurin-17.0.7+7 (17.0.7+7) (build 17.0.7+7)
# Java VM: OpenJDK 64-Bit Server VM Temurin-17.0.7+7 (17.0.7+7, mixed mode, emulated-client, tiered, compressed oops, compressed class ptrs, g1 gc, windows-amd64)
GC Precious Log:
 CPUs: 12 total, 12 available
 Memory: 7930M
 Large Page Support: Disabled
 NUMA Support: Disabled
 Compressed Oops: Enabled (32-bit)
 Heap Region Size: 1M
 Heap Min Capacity: 8M
 Heap Initial Capacity: 124M
 Heap Max Capacity: 1G
 Pre-touch: Disabled
 Parallel Workers: 10
 Concurrent Workers: 3
 Concurrent Refinement Workers: 10
 Periodic GC: Disabled
Heap:
 garbage-first heap   total 288768K, used 90413K [0x00000000c0000000, 0x0000000100000000)
  region size 1024K, 9 young (9216K), 9 survivors (9216K)
 Metaspace       used 41592K, committed 42048K, reserved 1114112K
  class space    used 5122K, committed 5312K, reserved 1048576K
GC Heap History (20 events):
Event: 1.776 GC heap after
{Heap after GC invocations=14 (full 0):
 garbage-first heap   total 118784K, used 32941K [0x00000000c0000000, 0x0000000100000000)
  region size 1024K, 3 young (3072K), 3 survivors (3072K)
 Metaspace       used 38484K, committed 38912K, reserved 1114112K
  class space    used 4836K, committed 5056K, reserved 1048576K
}
Event: 1.832 GC heap before
{Heap before GC invocations=15 (full 0):
 garbage-first heap   total 118784K, used 81069K [0x00000000c0000000, 0x0000000100000000)
  region size 1024K, 51 young (52224K), 3 survivors (3072K)
 Metaspace       used 39247K, committed 39680K, reserved 1114112K
  class space    used 4902K, committed 5120K, reserved 1048576K
}
Event: 1.842 GC heap after
{Heap after GC invocations=16 (full 0):
 garbage-first heap   total 118784K, used 43863K [0x00000000c0000000, 0x0000000100000000)
  region size 1024K, 7 young (7168K), 7 survivors (7168K)
 Metaspace       used 39247K, committed 39680K, reserved 1114112K
  class space    used 4902K, committed 5120K, reserved 1048576K
}
Event: 1.894 GC heap before
{Heap before GC invocations=16 (full 0):
 garbage-first heap   total 118784K, used 80727K [0x00000000c0000000, 0x0000000100000000)
  region size 1024K, 44 young (45056K), 7 survivors (7168K)
 Metaspace       used 40321K, committed 40768K, reserved 1114112K
  class space    used 4963K, committed 5184K, reserved 1048576K
}
Event: 1.902 GC heap after
{Heap after GC invocations=17 (full 0):
 garbage-first heap   total 118784K, used 50306K [0x00000000c0000000, 0x0000000100000000)
  region size 1024K, 6 young (6144K), 6 survivors (6144K)
 Metaspace       used 40321K, committed 40768K, reserved 1114112K
  class space    used 4963K, committed 5184K, reserved 1048576K
}
Event: 1.967 GC heap before
{Heap before GC invocations=17 (full 0):
 garbage-first heap   total 118784K, used 85122K [0x00000000c0000000, 0x0000000100000000)
  region size 1024K, 40 young (40960K), 6 survivors (6144K)
 Metaspace       used 41133K, committed 41472K, reserved 1114112K
  class space    used 5043K, committed 5184K, reserved 1048576K
}
Event: 1.975 GC heap after
{Heap after GC invocations=18 (full 0):
 garbage-first heap   total 118784K, used 61209K [0x00000000c0000000, 0x0000000100000000)
  region size 1024K, 5 young (5120K), 5 survivors (5120K)
 Metaspace       used 41133K, committed 41472K, reserved 1114112K
  class space    used 5043K, committed 5184K, reserved 1048576K
}
Event: 1.981 GC heap before
{Heap before GC invocations=18 (full 0):
 garbage-first heap   total 118784K, used 63257K [0x00000000c0000000, 0x0000000100000000)
  region size 1024K, 9 young (9216K), 5 survivors (5120K)
 Metaspace       used 41228K, committed 41600K, reserved 1114112K
  class space    used 5061K, committed 5248K, reserved 1048576K
}
Event: 1.985 GC heap after
{Heap after GC invocations=19 (full 0):
 garbage-first heap   total 118784K, used 64377K [0x00000000c0000000, 0x0000000100000000)
  region size 1024K, 3 young (3072K), 3 survivors (3072K)
 Metaspace       used 41228K, committed 41600K, reserved 1114112K
  class space    used 5061K, committed 5248K, reserved 1048576K
}
Event: 2.007 GC heap before
{Heap before GC invocations=19 (full 0):
 garbage-first heap   total 118784K, used 84857K [0x00000000c0000000, 0x0000000100000000)
  region size 1024K, 23 young (23552K), 3 survivors (3072K)
 Metaspace       used 41371K, committed 41792K, reserved 1114112K
  class space    used 5083K, committed 5248K, reserved 1048576K
}
Event: 2.022 GC heap after
{Heap after GC invocations=20 (full 0):
 garbage-first heap   total 288768K, used 72776K [0x00000000c0000000, 0x0000000100000000)
  region size 1024K, 3 young (3072K), 3 survivors (3072K)
 Metaspace       used 41371K, committed 41792K, reserved 1114112K
  class space    used 5083K, committed 5248K, reserved 1048576K
}
Event: 2.067 GC heap before
{Heap before GC invocations=21 (full 0):
 garbage-first heap   total 249856K, used 173128K [0x00000000c0000000, 0x0000000100000000)
  region size 1024K, 102 young (104448K), 3 survivors (3072K)
 Metaspace       used 41531K, committed 41920K, reserved 1114112K
  class space    used 5105K, committed 5312K, reserved 1048576K
}
Event: 2.071 GC heap after
{Heap after GC invocations=22 (full 0):
 garbage-first heap   total 249856K, used 78206K [0x00000000c0000000, 0x0000000100000000)
  region size 1024K, 9 young (9216K), 9 survivors (9216K)
 Metaspace       used 41531K, committed 41920K, reserved 1114112K
  class space    used 5105K, committed 5312K, reserved 1048576K
}
Event: 2.072 GC heap before
{Heap before GC invocations=22 (full 0):
 garbage-first heap   total 249856K, used 80254K [0x00000000c0000000, 0x0000000100000000)
  region size 1024K, 12 young (12288K), 9 survivors (9216K)
 Metaspace       used 41535K, committed 41920K, reserved 1114112K
  class space    used 5107K, committed 5312K, reserved 1048576K
}
Event: 2.076 GC heap after
{Heap after GC invocations=23 (full 0):
 garbage-first heap   total 249856K, used 78597K [0x00000000c0000000, 0x0000000100000000)
  region size 1024K, 1 young (1024K), 1 survivors (1024K)
 Metaspace       used 41535K, committed 41920K, reserved 1114112K
  class space    used 5107K, committed 5312K, reserved 1048576K
}
Event: 2.096 GC heap before
{Heap before GC invocations=23 (full 0):
 garbage-first heap   total 249856K, used 172805K [0x00000000c0000000, 0x0000000100000000)
  region size 1024K, 94 young (96256K), 1 survivors (1024K)
 Metaspace       used 41546K, committed 41984K, reserved 1114112K
  class space    used 5110K, committed 5312K, reserved 1048576K
}
Event: 2.098 GC heap after
{Heap after GC invocations=24 (full 0):
 garbage-first heap   total 249856K, used 81945K [0x00000000c0000000, 0x0000000100000000)
  region size 1024K, 5 young (5120K), 5 survivors (5120K)
 Metaspace       used 41546K, committed 41984K, reserved 1114112K
  class space    used 5110K, committed 5312K, reserved 1048576K
}
Event: 2.119 GC heap before
{Heap before GC invocations=24 (full 0):
 garbage-first heap   total 249856K, used 180249K [0x00000000c0000000, 0x0000000100000000)
  region size 1024K, 102 young (104448K), 5 survivors (5120K)
 Metaspace       used 41583K, committed 42048K, reserved 1114112K
  class space    used 5120K, committed 5312K, reserved 1048576K
}
Event: 2.123 GC heap after
{Heap after GC invocations=25 (full 0):
 garbage-first heap   total 249856K, used 86341K [0x00000000c0000000, 0x0000000100000000)
  region size 1024K, 9 young (9216K), 9 survivors (9216K)
 Metaspace       used 41583K, committed 42048K, reserved 1114112K
  class space    used 5120K, committed 5312K, reserved 1048576K
}
Event: 2.144 GC heap before
{Heap before GC invocations=25 (full 0):
 garbage-first heap   total 249856K, used 186693K [0x00000000c0000000, 0x0000000100000000)
  region size 1024K, 108 young (110592K), 9 survivors (9216K)
 Metaspace       used 41592K, committed 42048K, reserved 1114112K
  class space    used 5122K, committed 5312K, reserved 1048576K
}

