# JRE version: OpenJDK Runtime Environment Temurin-17.0.7+7 (17.0.7+7) (build 17.0.7+7)
# Java VM: OpenJDK 64-Bit Server VM Temurin-17.0.7+7 (17.0.7+7, mixed mode, emulated-client, tiered, compressed oops, compressed class ptrs, g1 gc, windows-amd64)
GC Precious Log:
 CPUs: 12 total, 12 available
 Memory: 7930M
 Large Page Support: Disabled
 NUMA Support: Disabled
 Compressed Oops: Enabled (32-bit)
 Heap Region Size: 1M
 Heap Min Capacity: 8M
 Heap Initial Capacity: 124M
 Heap Max Capacity: 1G
 Pre-touch: Disabled
 Parallel Workers: 10
 Concurrent Workers: 3
 Concurrent Refinement Workers: 10
 Periodic GC: Disabled
Heap:
 garbage-first heap   total 460800K, used 121134K [0x00000000c0000000, 0x0000000100000000)
  region size 1024K, 22 young (22528K), 22 survivors (22528K)
 Metaspace       used 41752K, committed 42240K, reserved 1114112K
  class space    used 5150K, committed 5376K, reserved 1048576K
GC Heap History (20 events):
Event: 1.689 GC heap after
{Heap after GC invocations=16 (full 0):
 garbage-first heap   total 153600K, used 44188K [0x00000000c0000000, 0x0000000100000000)
  region size 1024K, 3 young (3072K), 3 survivors (3072K)
 Metaspace       used 39010K, committed 39424K, reserved 1114112K
  class space    used 4874K, committed 5056K, reserved 1048576K
}
Event: 1.815 GC heap before
{Heap before GC invocations=17 (full 0):
 garbage-first heap   total 153600K, used 108700K [0x00000000c0000000, 0x0000000100000000)
  region size 1024K, 66 young (67584K), 3 survivors (3072K)
 Metaspace       used 41118K, committed 41472K, reserved 1114112K
  class space    used 5042K, committed 5184K, reserved 1048576K
}
Event: 1.826 GC heap after
{Heap after GC invocations=18 (full 0):
 garbage-first heap   total 153600K, used 58869K [0x00000000c0000000, 0x0000000100000000)
  region size 1024K, 9 young (9216K), 9 survivors (9216K)
 Metaspace       used 41118K, committed 41472K, reserved 1114112K
  class space    used 5042K, committed 5184K, reserved 1048576K
}
Event: 1.828 GC heap before
{Heap before GC invocations=18 (full 0):
 garbage-first heap   total 153600K, used 59893K [0x00000000c0000000, 0x0000000100000000)
  region size 1024K, 10 young (10240K), 9 survivors (9216K)
 Metaspace       used 41118K, committed 41472K, reserved 1114112K
  class space    used 5042K, committed 5184K, reserved 1048576K
}
Event: 1.834 GC heap after
{Heap after GC invocations=19 (full 0):
 garbage-first heap   total 153600K, used 60796K [0x00000000c0000000, 0x0000000100000000)
  region size 1024K, 2 young (2048K), 2 survivors (2048K)
 Metaspace       used 41118K, committed 41472K, reserved 1114112K
  class space    used 5042K, committed 5184K, reserved 1048576K
}
Event: 1.869 GC heap before
{Heap before GC invocations=19 (full 0):
 garbage-first heap   total 153600K, used 104828K [0x00000000c0000000, 0x0000000100000000)
  region size 1024K, 45 young (46080K), 2 survivors (2048K)
 Metaspace       used 41377K, committed 41792K, reserved 1114112K
  class space    used 5086K, committed 5248K, reserved 1048576K
}
Event: 1.885 GC heap after
{Heap after GC invocations=20 (full 0):
 garbage-first heap   total 153600K, used 71619K [0x00000000c0000000, 0x0000000100000000)
  region size 1024K, 6 young (6144K), 6 survivors (6144K)
 Metaspace       used 41377K, committed 41792K, reserved 1114112K
  class space    used 5086K, committed 5248K, reserved 1048576K
}
Event: 1.893 GC heap before
{Heap before GC invocations=20 (full 0):
 garbage-first heap   total 153600K, used 108483K [0x00000000c0000000, 0x0000000100000000)
  region size 1024K, 43 young (44032K), 6 survivors (6144K)
 Metaspace       used 41386K, committed 41792K, reserved 1114112K
  class space    used 5086K, committed 5248K, reserved 1048576K
}
Event: 1.897 GC heap after
{Heap after GC invocations=21 (full 0):
 garbage-first heap   total 153600K, used 75430K [0x00000000c0000000, 0x0000000100000000)
  region size 1024K, 4 young (4096K), 4 survivors (4096K)
 Metaspace       used 41386K, committed 41792K, reserved 1114112K
  class space    used 5086K, committed 5248K, reserved 1048576K
}
Event: 1.906 GC heap before
{Heap before GC invocations=21 (full 0):
 garbage-first heap   total 153600K, used 112294K [0x00000000c0000000, 0x0000000100000000)
  region size 1024K, 41 young (41984K), 4 survivors (4096K)
 Metaspace       used 41391K, committed 41792K, reserved 1114112K
  class space    used 5086K, committed 5248K, reserved 1048576K
}
Event: 1.910 GC heap after
{Heap after GC invocations=22 (full 0):
 garbage-first heap   total 460800K, used 77682K [0x00000000c0000000, 0x0000000100000000)
  region size 1024K, 6 young (6144K), 6 survivors (6144K)
 Metaspace       used 41391K, committed 41792K, reserved 1114112K
  class space    used 5086K, committed 5248K, reserved 1048576K
}
Event: 1.990 GC heap before
{Heap before GC invocations=23 (full 0):
 garbage-first heap   total 460800K, used 318322K [0x00000000c0000000, 0x0000000100000000)
  region size 1024K, 242 young (247808K), 6 survivors (6144K)
 Metaspace       used 41664K, committed 42176K, reserved 1114112K
  class space    used 5130K, committed 5376K, reserved 1048576K
}
Event: 1.998 GC heap after
{Heap after GC invocations=24 (full 0):
 garbage-first heap   total 460800K, used 89430K [0x00000000c0000000, 0x0000000100000000)
  region size 1024K, 18 young (18432K), 18 survivors (18432K)
 Metaspace       used 41664K, committed 42176K, reserved 1114112K
  class space    used 5130K, committed 5376K, reserved 1048576K
}
Event: 1.999 GC heap before
{Heap before GC invocations=24 (full 0):
 garbage-first heap   total 460800K, used 92502K [0x00000000c0000000, 0x0000000100000000)
  region size 1024K, 22 young (22528K), 18 survivors (18432K)
 Metaspace       used 41667K, committed 42176K, reserved 1114112K
  class space    used 5130K, committed 5376K, reserved 1048576K
}
Event: 2.005 GC heap after
{Heap after GC invocations=25 (full 0):
 garbage-first heap   total 460800K, used 89186K [0x00000000c0000000, 0x0000000100000000)
  region size 1024K, 2 young (2048K), 2 survivors (2048K)
 Metaspace       used 41667K, committed 42176K, reserved 1114112K
  class space    used 5130K, committed 5376K, reserved 1048576K
}
Event: 2.060 GC heap before
{Heap before GC invocations=25 (full 0):
 garbage-first heap   total 460800K, used 336994K [0x00000000c0000000, 0x0000000100000000)
  region size 1024K, 245 young (250880K), 2 survivors (2048K)
 Metaspace       used 41674K, committed 42176K, reserved 1114112K
  class space    used 5132K, committed 5376K, reserved 1048576K
}
Event: 2.066 GC heap after
{Heap after GC invocations=26 (full 0):
 garbage-first heap   total 460800K, used 99424K [0x00000000c0000000, 0x0000000100000000)
  region size 1024K, 12 young (12288K), 12 survivors (12288K)
 Metaspace       used 41674K, committed 42176K, reserved 1114112K
  class space    used 5132K, committed 5376K, reserved 1048576K
}
Event: 2.120 GC heap before
{Heap before GC invocations=26 (full 0):
 garbage-first heap   total 460800K, used 355424K [0x00000000c0000000, 0x0000000100000000)
  region size 1024K, 263 young (269312K), 12 survivors (12288K)
 Metaspace       used 41716K, committed 42240K, reserved 1114112K
  class space    used 5139K, committed 5376K, reserved 1048576K
}
Event: 2.130 GC heap after
{Heap after GC invocations=27 (full 0):
 garbage-first heap   total 460800K, used 111494K [0x00000000c0000000, 0x0000000100000000)
  region size 1024K, 24 young (24576K), 24 survivors (24576K)
 Metaspace       used 41716K, committed 42240K, reserved 1114112K
  class space    used 5139K, committed 5376K, reserved 1048576K
}
Event: 2.182 GC heap before
{Heap before GC invocations=27 (full 0):
 garbage-first heap   total 460800K, used 362374K [0x00000000c0000000, 0x0000000100000000)
  region size 1024K, 270 young (276480K), 24 survivors (24576K)
 Metaspace       used 41752K, committed 42240K, reserved 1114112K
  class space    used 5150K, committed 5376K, reserved 1048576K
}

