# JRE version: OpenJDK Runtime Environment Temurin-17.0.7+7 (17.0.7+7) (build 17.0.7+7)
# Java VM: OpenJDK 64-Bit Server VM Temurin-17.0.7+7 (17.0.7+7, mixed mode, emulated-client, tiered, compressed oops, compressed class ptrs, g1 gc, windows-amd64)
GC Precious Log:
 CPUs: 12 total, 12 available
 Memory: 7930M
 Large Page Support: Disabled
 NUMA Support: Disabled
 Compressed Oops: Enabled (32-bit)
 Heap Region Size: 1M
 Heap Min Capacity: 8M
 Heap Initial Capacity: 124M
 Heap Max Capacity: 1G
 Pre-touch: Disabled
 Parallel Workers: 10
 Concurrent Workers: 3
 Concurrent Refinement Workers: 10
 Periodic GC: Disabled
Heap:
 garbage-first heap   total 275456K, used 88880K [0x00000000c0000000, 0x0000000100000000)
  region size 1024K, 11 young (11264K), 11 survivors (11264K)
 Metaspace       used 41500K, committed 41856K, reserved 1114112K
  class space    used 5101K, committed 5248K, reserved 1048576K
GC Heap History (20 events):
Event: 1.595 GC heap after
{Heap after GC invocations=13 (full 0):
 garbage-first heap   total 68608K, used 29435K [0x00000000c0000000, 0x0000000100000000)
  region size 1024K, 4 young (4096K), 4 survivors (4096K)
 Metaspace       used 38054K, committed 38464K, reserved 1114112K
  class space    used 4796K, committed 4992K, reserved 1048576K
}
Event: 1.618 GC heap before
{Heap before GC invocations=13 (full 0):
 garbage-first heap   total 68608K, used 47867K [0x00000000c0000000, 0x0000000100000000)
  region size 1024K, 23 young (23552K), 4 survivors (4096K)
 Metaspace       used 38459K, committed 38912K, reserved 1114112K
  class space    used 4835K, committed 5056K, reserved 1048576K
}
Event: 1.622 GC heap after
{Heap after GC invocations=14 (full 0):
 garbage-first heap   total 118784K, used 33283K [0x00000000c0000000, 0x0000000100000000)
  region size 1024K, 3 young (3072K), 3 survivors (3072K)
 Metaspace       used 38459K, committed 38912K, reserved 1114112K
  class space    used 4835K, committed 5056K, reserved 1048576K
}
Event: 1.671 GC heap before
{Heap before GC invocations=14 (full 0):
 garbage-first heap   total 118784K, used 81411K [0x00000000c0000000, 0x0000000100000000)
  region size 1024K, 51 young (52224K), 3 survivors (3072K)
 Metaspace       used 39155K, committed 39616K, reserved 1114112K
  class space    used 4887K, committed 5120K, reserved 1048576K
}
Event: 1.680 GC heap after
{Heap after GC invocations=15 (full 0):
 garbage-first heap   total 118784K, used 44232K [0x00000000c0000000, 0x0000000100000000)
  region size 1024K, 7 young (7168K), 7 survivors (7168K)
 Metaspace       used 39155K, committed 39616K, reserved 1114112K
  class space    used 4887K, committed 5120K, reserved 1048576K
}
Event: 1.748 GC heap before
{Heap before GC invocations=15 (full 0):
 garbage-first heap   total 118784K, used 83144K [0x00000000c0000000, 0x0000000100000000)
  region size 1024K, 46 young (47104K), 7 survivors (7168K)
 Metaspace       used 40478K, committed 40896K, reserved 1114112K
  class space    used 4976K, committed 5184K, reserved 1048576K
}
Event: 1.755 GC heap after
{Heap after GC invocations=16 (full 0):
 garbage-first heap   total 118784K, used 52066K [0x00000000c0000000, 0x0000000100000000)
  region size 1024K, 6 young (6144K), 6 survivors (6144K)
 Metaspace       used 40478K, committed 40896K, reserved 1114112K
  class space    used 4976K, committed 5184K, reserved 1048576K
}
Event: 1.808 GC heap before
{Heap before GC invocations=16 (full 0):
 garbage-first heap   total 118784K, used 87906K [0x00000000c0000000, 0x0000000100000000)
  region size 1024K, 40 young (40960K), 6 survivors (6144K)
 Metaspace       used 41167K, committed 41600K, reserved 1114112K
  class space    used 5047K, committed 5248K, reserved 1048576K
}
Event: 1.830 GC heap after
{Heap after GC invocations=17 (full 0):
 garbage-first heap   total 118784K, used 67568K [0x00000000c0000000, 0x0000000100000000)
  region size 1024K, 5 young (5120K), 5 survivors (5120K)
 Metaspace       used 41167K, committed 41600K, reserved 1114112K
  class space    used 5047K, committed 5248K, reserved 1048576K
}
Event: 1.839 GC heap before
{Heap before GC invocations=17 (full 0):
 garbage-first heap   total 118784K, used 87024K [0x00000000c0000000, 0x0000000100000000)
  region size 1024K, 25 young (25600K), 5 survivors (5120K)
 Metaspace       used 41315K, committed 41728K, reserved 1114112K
  class space    used 5062K, committed 5248K, reserved 1048576K
}
Event: 1.844 GC heap after
{Heap after GC invocations=18 (full 0):
 garbage-first heap   total 275456K, used 70275K [0x00000000c0000000, 0x0000000100000000)
  region size 1024K, 2 young (2048K), 2 survivors (2048K)
 Metaspace       used 41315K, committed 41728K, reserved 1114112K
  class space    used 5062K, committed 5248K, reserved 1048576K
}
Event: 1.886 GC heap before
{Heap before GC invocations=18 (full 0):
 garbage-first heap   total 275456K, used 182915K [0x00000000c0000000, 0x0000000100000000)
  region size 1024K, 113 young (115712K), 2 survivors (2048K)
 Metaspace       used 41374K, committed 41792K, reserved 1114112K
  class space    used 5074K, committed 5248K, reserved 1048576K
}
Event: 1.889 GC heap after
{Heap after GC invocations=19 (full 0):
 garbage-first heap   total 275456K, used 74201K [0x00000000c0000000, 0x0000000100000000)
  region size 1024K, 6 young (6144K), 6 survivors (6144K)
 Metaspace       used 41374K, committed 41792K, reserved 1114112K
  class space    used 5074K, committed 5248K, reserved 1048576K
}
Event: 1.942 GC heap before
{Heap before GC invocations=20 (full 0):
 garbage-first heap   total 275456K, used 203225K [0x00000000c0000000, 0x0000000100000000)
  region size 1024K, 134 young (137216K), 6 survivors (6144K)
 Metaspace       used 41414K, committed 41792K, reserved 1114112K
  class space    used 5091K, committed 5248K, reserved 1048576K
}
Event: 1.948 GC heap after
{Heap after GC invocations=21 (full 0):
 garbage-first heap   total 275456K, used 78487K [0x00000000c0000000, 0x0000000100000000)
  region size 1024K, 11 young (11264K), 11 survivors (11264K)
 Metaspace       used 41414K, committed 41792K, reserved 1114112K
  class space    used 5091K, committed 5248K, reserved 1048576K
}
Event: 1.949 GC heap before
{Heap before GC invocations=21 (full 0):
 garbage-first heap   total 275456K, used 80535K [0x00000000c0000000, 0x0000000100000000)
  region size 1024K, 14 young (14336K), 11 survivors (11264K)
 Metaspace       used 41417K, committed 41792K, reserved 1114112K
  class space    used 5092K, committed 5248K, reserved 1048576K
}
Event: 1.954 GC heap after
{Heap after GC invocations=22 (full 0):
 garbage-first heap   total 275456K, used 79639K [0x00000000c0000000, 0x0000000100000000)
  region size 1024K, 2 young (2048K), 2 survivors (2048K)
 Metaspace       used 41417K, committed 41792K, reserved 1114112K
  class space    used 5092K, committed 5248K, reserved 1048576K
}
Event: 1.984 GC heap before
{Heap before GC invocations=22 (full 0):
 garbage-first heap   total 275456K, used 211735K [0x00000000c0000000, 0x0000000100000000)
  region size 1024K, 132 young (135168K), 2 survivors (2048K)
 Metaspace       used 41499K, committed 41856K, reserved 1114112K
  class space    used 5100K, committed 5248K, reserved 1048576K
}
Event: 1.987 GC heap after
{Heap after GC invocations=23 (full 0):
 garbage-first heap   total 275456K, used 83386K [0x00000000c0000000, 0x0000000100000000)
  region size 1024K, 6 young (6144K), 6 survivors (6144K)
 Metaspace       used 41499K, committed 41856K, reserved 1114112K
  class space    used 5100K, committed 5248K, reserved 1048576K
}
Event: 2.017 GC heap before
{Heap before GC invocations=23 (full 0):
 garbage-first heap   total 275456K, used 216506K [0x00000000c0000000, 0x0000000100000000)
  region size 1024K, 137 young (140288K), 6 survivors (6144K)
 Metaspace       used 41500K, committed 41856K, reserved 1114112K
  class space    used 5101K, committed 5248K, reserved 1048576K
}

