# JRE version: OpenJDK Runtime Environment Temurin-17.0.7+7 (17.0.7+7) (build 17.0.7+7)
# Java VM: OpenJDK 64-Bit Server VM Temurin-17.0.7+7 (17.0.7+7, mixed mode, emulated-client, tiered, compressed oops, compressed class ptrs, g1 gc, windows-amd64)
GC Precious Log:
 CPUs: 12 total, 12 available
 Memory: 7930M
 Large Page Support: Disabled
 NUMA Support: Disabled
 Compressed Oops: Enabled (32-bit)
 Heap Region Size: 1M
 Heap Min Capacity: 8M
 Heap Initial Capacity: 124M
 Heap Max Capacity: 1G
 Pre-touch: Disabled
 Parallel Workers: 10
 Concurrent Workers: 3
 Concurrent Refinement Workers: 10
 Periodic GC: Disabled
Heap:
 garbage-first heap   total 253952K, used 86308K [0x00000000c0000000, 0x0000000100000000)
  region size 1024K, 10 young (10240K), 10 survivors (10240K)
 Metaspace       used 41459K, committed 41856K, reserved 1114112K
  class space    used 5088K, committed 5248K, reserved 1048576K
GC Heap History (20 events):
Event: 1.672 GC heap after
{Heap after GC invocations=15 (full 0):
 garbage-first heap   total 114688K, used 32919K [0x00000000c0000000, 0x0000000100000000)
  region size 1024K, 2 young (2048K), 2 survivors (2048K)
 Metaspace       used 38225K, committed 38656K, reserved 1114112K
  class space    used 4824K, committed 5056K, reserved 1048576K
}
Event: 1.726 GC heap before
{Heap before GC invocations=16 (full 0):
 garbage-first heap   total 114688K, used 73879K [0x00000000c0000000, 0x0000000100000000)
  region size 1024K, 43 young (44032K), 2 survivors (2048K)
 Metaspace       used 38793K, committed 39232K, reserved 1114112K
  class space    used 4861K, committed 5056K, reserved 1048576K
}
Event: 1.736 GC heap after
{Heap after GC invocations=17 (full 0):
 garbage-first heap   total 114688K, used 43230K [0x00000000c0000000, 0x0000000100000000)
  region size 1024K, 6 young (6144K), 6 survivors (6144K)
 Metaspace       used 38793K, committed 39232K, reserved 1114112K
  class space    used 4861K, committed 5056K, reserved 1048576K
}
Event: 1.774 GC heap before
{Heap before GC invocations=17 (full 0):
 garbage-first heap   total 114688K, used 78046K [0x00000000c0000000, 0x0000000100000000)
  region size 1024K, 40 young (40960K), 6 survivors (6144K)
 Metaspace       used 39428K, committed 39808K, reserved 1114112K
  class space    used 4922K, committed 5120K, reserved 1048576K
}
Event: 1.782 GC heap after
{Heap after GC invocations=18 (full 0):
 garbage-first heap   total 114688K, used 48661K [0x00000000c0000000, 0x0000000100000000)
  region size 1024K, 5 young (5120K), 5 survivors (5120K)
 Metaspace       used 39428K, committed 39808K, reserved 1114112K
  class space    used 4922K, committed 5120K, reserved 1048576K
}
Event: 1.869 GC heap before
{Heap before GC invocations=18 (full 0):
 garbage-first heap   total 114688K, used 81429K [0x00000000c0000000, 0x0000000100000000)
  region size 1024K, 37 young (37888K), 5 survivors (5120K)
 Metaspace       used 40785K, committed 41216K, reserved 1114112K
  class space    used 5008K, committed 5184K, reserved 1048576K
}
Event: 1.878 GC heap after
{Heap after GC invocations=19 (full 0):
 garbage-first heap   total 114688K, used 58484K [0x00000000c0000000, 0x0000000100000000)
  region size 1024K, 5 young (5120K), 5 survivors (5120K)
 Metaspace       used 40785K, committed 41216K, reserved 1114112K
  class space    used 5008K, committed 5184K, reserved 1048576K
}
Event: 1.897 GC heap before
{Heap before GC invocations=19 (full 0):
 garbage-first heap   total 114688K, used 69748K [0x00000000c0000000, 0x0000000100000000)
  region size 1024K, 17 young (17408K), 5 survivors (5120K)
 Metaspace       used 41066K, committed 41536K, reserved 1114112K
  class space    used 5039K, committed 5248K, reserved 1048576K
}
Event: 1.902 GC heap after
{Heap after GC invocations=20 (full 0):
 garbage-first heap   total 114688K, used 63204K [0x00000000c0000000, 0x0000000100000000)
  region size 1024K, 4 young (4096K), 4 survivors (4096K)
 Metaspace       used 41066K, committed 41536K, reserved 1114112K
  class space    used 5039K, committed 5248K, reserved 1048576K
}
Event: 1.928 GC heap before
{Heap before GC invocations=20 (full 0):
 garbage-first heap   total 114688K, used 85732K [0x00000000c0000000, 0x0000000100000000)
  region size 1024K, 26 young (26624K), 4 survivors (4096K)
 Metaspace       used 41262K, committed 41664K, reserved 1114112K
  class space    used 5060K, committed 5248K, reserved 1048576K
}
Event: 1.943 GC heap after
{Heap after GC invocations=21 (full 0):
 garbage-first heap   total 253952K, used 69743K [0x00000000c0000000, 0x0000000100000000)
  region size 1024K, 4 young (4096K), 4 survivors (4096K)
 Metaspace       used 41262K, committed 41664K, reserved 1114112K
  class space    used 5060K, committed 5248K, reserved 1048576K
}
Event: 1.983 GC heap before
{Heap before GC invocations=22 (full 0):
 garbage-first heap   total 235520K, used 173167K [0x00000000c0000000, 0x0000000100000000)
  region size 1024K, 107 young (109568K), 4 survivors (4096K)
 Metaspace       used 41350K, committed 41728K, reserved 1114112K
  class space    used 5071K, committed 5248K, reserved 1048576K
}
Event: 1.989 GC heap after
{Heap after GC invocations=23 (full 0):
 garbage-first heap   total 235520K, used 73296K [0x00000000c0000000, 0x0000000100000000)
  region size 1024K, 9 young (9216K), 9 survivors (9216K)
 Metaspace       used 41350K, committed 41728K, reserved 1114112K
  class space    used 5071K, committed 5248K, reserved 1048576K
}
Event: 1.990 GC heap before
{Heap before GC invocations=23 (full 0):
 garbage-first heap   total 235520K, used 74320K [0x00000000c0000000, 0x0000000100000000)
  region size 1024K, 11 young (11264K), 9 survivors (9216K)
 Metaspace       used 41353K, committed 41728K, reserved 1114112K
  class space    used 5072K, committed 5248K, reserved 1048576K
}
Event: 1.997 GC heap after
{Heap after GC invocations=24 (full 0):
 garbage-first heap   total 235520K, used 74081K [0x00000000c0000000, 0x0000000100000000)
  region size 1024K, 2 young (2048K), 2 survivors (2048K)
 Metaspace       used 41353K, committed 41728K, reserved 1114112K
  class space    used 5072K, committed 5248K, reserved 1048576K
}
Event: 2.019 GC heap before
{Heap before GC invocations=24 (full 0):
 garbage-first heap   total 235520K, used 177505K [0x00000000c0000000, 0x0000000100000000)
  region size 1024K, 104 young (106496K), 2 survivors (2048K)
 Metaspace       used 41363K, committed 41728K, reserved 1114112K
  class space    used 5074K, committed 5248K, reserved 1048576K
}
Event: 2.022 GC heap after
{Heap after GC invocations=25 (full 0):
 garbage-first heap   total 235520K, used 77251K [0x00000000c0000000, 0x0000000100000000)
  region size 1024K, 5 young (5120K), 5 survivors (5120K)
 Metaspace       used 41363K, committed 41728K, reserved 1114112K
  class space    used 5074K, committed 5248K, reserved 1048576K
}
Event: 2.043 GC heap before
{Heap before GC invocations=25 (full 0):
 garbage-first heap   total 235520K, used 181699K [0x00000000c0000000, 0x0000000100000000)
  region size 1024K, 108 young (110592K), 5 survivors (5120K)
 Metaspace       used 41397K, committed 41792K, reserved 1114112K
  class space    used 5081K, committed 5248K, reserved 1048576K
}
Event: 2.046 GC heap after
{Heap after GC invocations=26 (full 0):
 garbage-first heap   total 235520K, used 81106K [0x00000000c0000000, 0x0000000100000000)
  region size 1024K, 9 young (9216K), 9 survivors (9216K)
 Metaspace       used 41397K, committed 41792K, reserved 1114112K
  class space    used 5081K, committed 5248K, reserved 1048576K
}
Event: 2.068 GC heap before
{Heap before GC invocations=26 (full 0):
 garbage-first heap   total 235520K, used 186578K [0x00000000c0000000, 0x0000000100000000)
  region size 1024K, 113 young (115712K), 9 survivors (9216K)
 Metaspace       used 41459K, committed 41856K, reserved 1114112K
  class space    used 5088K, committed 5248K, reserved 1048576K
}

