# JRE version: OpenJDK Runtime Environment Temurin-17.0.7+7 (17.0.7+7) (build 17.0.7+7)
# Java VM: OpenJDK 64-Bit Server VM Temurin-17.0.7+7 (17.0.7+7, mixed mode, emulated-client, tiered, compressed oops, compressed class ptrs, g1 gc, windows-amd64)
GC Precious Log:
 CPUs: 12 total, 12 available
 Memory: 7930M
 Large Page Support: Disabled
 NUMA Support: Disabled
 Compressed Oops: Enabled (32-bit)
 Heap Region Size: 1M
 Heap Min Capacity: 8M
 Heap Initial Capacity: 124M
 Heap Max Capacity: 1G
 Pre-touch: Disabled
 Parallel Workers: 10
 Concurrent Workers: 3
 Concurrent Refinement Workers: 10
 Periodic GC: Disabled
Heap:
 garbage-first heap   total 135168K, used 72788K [0x00000000c0000000, 0x0000000100000000)
  region size 1024K, 3 young (3072K), 3 survivors (3072K)
 Metaspace       used 41271K, committed 41664K, reserved 1114112K
  class space    used 5064K, committed 5248K, reserved 1048576K
GC Heap History (20 events):
Event: 1.427 GC heap after
{Heap after GC invocations=8 (full 0):
 garbage-first heap   total 90112K, used 17892K [0x00000000c0000000, 0x0000000100000000)
  region size 1024K, 6 young (6144K), 6 survivors (6144K)
 Metaspace       used 35268K, committed 35648K, reserved 1114112K
  class space    used 4355K, committed 4544K, reserved 1048576K
}
Event: 1.460 GC heap before
{Heap before GC invocations=8 (full 0):
 garbage-first heap   total 90112K, used 20964K [0x00000000c0000000, 0x0000000100000000)
  region size 1024K, 10 young (10240K), 6 survivors (6144K)
 Metaspace       used 35664K, committed 35968K, reserved 1114112K
  class space    used 4413K, committed 4544K, reserved 1048576K
}
Event: 1.463 GC heap after
{Heap after GC invocations=9 (full 0):
 garbage-first heap   total 90112K, used 18640K [0x00000000c0000000, 0x0000000100000000)
  region size 1024K, 1 young (1024K), 1 survivors (1024K)
 Metaspace       used 35664K, committed 35968K, reserved 1114112K
  class space    used 4413K, committed 4544K, reserved 1048576K
}
Event: 1.564 GC heap before
{Heap before GC invocations=10 (full 0):
 garbage-first heap   total 68608K, used 56528K [0x00000000c0000000, 0x0000000100000000)
  region size 1024K, 40 young (40960K), 1 survivors (1024K)
 Metaspace       used 37943K, committed 38400K, reserved 1114112K
  class space    used 4784K, committed 4992K, reserved 1048576K
}
Event: 1.568 GC heap after
{Heap after GC invocations=11 (full 0):
 garbage-first heap   total 68608K, used 24620K [0x00000000c0000000, 0x0000000100000000)
  region size 1024K, 6 young (6144K), 6 survivors (6144K)
 Metaspace       used 37943K, committed 38400K, reserved 1114112K
  class space    used 4784K, committed 4992K, reserved 1048576K
}
Event: 1.599 GC heap before
{Heap before GC invocations=11 (full 0):
 garbage-first heap   total 68608K, used 48172K [0x00000000c0000000, 0x0000000100000000)
  region size 1024K, 30 young (30720K), 6 survivors (6144K)
 Metaspace       used 38072K, committed 38464K, reserved 1114112K
  class space    used 4803K, committed 4992K, reserved 1048576K
}
Event: 1.604 GC heap after
{Heap after GC invocations=12 (full 0):
 garbage-first heap   total 68608K, used 29714K [0x00000000c0000000, 0x0000000100000000)
  region size 1024K, 4 young (4096K), 4 survivors (4096K)
 Metaspace       used 38072K, committed 38464K, reserved 1114112K
  class space    used 4803K, committed 4992K, reserved 1048576K
}
Event: 1.627 GC heap before
{Heap before GC invocations=12 (full 0):
 garbage-first heap   total 68608K, used 49170K [0x00000000c0000000, 0x0000000100000000)
  region size 1024K, 23 young (23552K), 4 survivors (4096K)
 Metaspace       used 38489K, committed 38912K, reserved 1114112K
  class space    used 4846K, committed 5056K, reserved 1048576K
}
Event: 1.631 GC heap after
{Heap after GC invocations=13 (full 0):
 garbage-first heap   total 68608K, used 33337K [0x00000000c0000000, 0x0000000100000000)
  region size 1024K, 3 young (3072K), 3 survivors (3072K)
 Metaspace       used 38489K, committed 38912K, reserved 1114112K
  class space    used 4846K, committed 5056K, reserved 1048576K
}
Event: 1.647 GC heap before
{Heap before GC invocations=13 (full 0):
 garbage-first heap   total 68608K, used 49721K [0x00000000c0000000, 0x0000000100000000)
  region size 1024K, 20 young (20480K), 3 survivors (3072K)
 Metaspace       used 38745K, committed 39168K, reserved 1114112K
  class space    used 4855K, committed 5056K, reserved 1048576K
}
Event: 1.651 GC heap after
{Heap after GC invocations=14 (full 0):
 garbage-first heap   total 135168K, used 36549K [0x00000000c0000000, 0x0000000100000000)
  region size 1024K, 3 young (3072K), 3 survivors (3072K)
 Metaspace       used 38745K, committed 39168K, reserved 1114112K
  class space    used 4855K, committed 5056K, reserved 1048576K
}
Event: 1.708 GC heap before
{Heap before GC invocations=15 (full 0):
 garbage-first heap   total 135168K, used 89797K [0x00000000c0000000, 0x0000000100000000)
  region size 1024K, 55 young (56320K), 3 survivors (3072K)
 Metaspace       used 39487K, committed 39872K, reserved 1114112K
  class space    used 4932K, committed 5120K, reserved 1048576K
}
Event: 1.717 GC heap after
{Heap after GC invocations=16 (full 0):
 garbage-first heap   total 135168K, used 47647K [0x00000000c0000000, 0x0000000100000000)
  region size 1024K, 7 young (7168K), 7 survivors (7168K)
 Metaspace       used 39487K, committed 39872K, reserved 1114112K
  class space    used 4932K, committed 5120K, reserved 1048576K
}
Event: 1.806 GC heap before
{Heap before GC invocations=16 (full 0):
 garbage-first heap   total 135168K, used 93727K [0x00000000c0000000, 0x0000000100000000)
  region size 1024K, 51 young (52224K), 7 survivors (7168K)
 Metaspace       used 41160K, committed 41536K, reserved 1114112K
  class space    used 5052K, committed 5248K, reserved 1048576K
}
Event: 1.819 GC heap after
{Heap after GC invocations=17 (full 0):
 garbage-first heap   total 135168K, used 63151K [0x00000000c0000000, 0x0000000100000000)
  region size 1024K, 7 young (7168K), 7 survivors (7168K)
 Metaspace       used 41160K, committed 41536K, reserved 1114112K
  class space    used 5052K, committed 5248K, reserved 1048576K
}
Event: 1.839 GC heap before
{Heap before GC invocations=17 (full 0):
 garbage-first heap   total 135168K, used 95919K [0x00000000c0000000, 0x0000000100000000)
  region size 1024K, 40 young (40960K), 7 survivors (7168K)
 Metaspace       used 41262K, committed 41664K, reserved 1114112K
  class space    used 5064K, committed 5248K, reserved 1048576K
}
Event: 1.854 GC heap after
{Heap after GC invocations=18 (full 0):
 garbage-first heap   total 135168K, used 69604K [0x00000000c0000000, 0x0000000100000000)
  region size 1024K, 5 young (5120K), 5 survivors (5120K)
 Metaspace       used 41262K, committed 41664K, reserved 1114112K
  class space    used 5064K, committed 5248K, reserved 1048576K
}
Event: 1.862 GC heap before
{Heap before GC invocations=18 (full 0):
 garbage-first heap   total 135168K, used 99300K [0x00000000c0000000, 0x0000000100000000)
  region size 1024K, 35 young (35840K), 5 survivors (5120K)
 Metaspace       used 41271K, committed 41664K, reserved 1114112K
  class space    used 5064K, committed 5248K, reserved 1048576K
}
Event: 1.872 GC heap after
{Heap after GC invocations=19 (full 0):
 garbage-first heap   total 135168K, used 71977K [0x00000000c0000000, 0x0000000100000000)
  region size 1024K, 2 young (2048K), 2 survivors (2048K)
 Metaspace       used 41271K, committed 41664K, reserved 1114112K
  class space    used 5064K, committed 5248K, reserved 1048576K
}
Event: 1.881 GC heap before
{Heap before GC invocations=19 (full 0):
 garbage-first heap   total 135168K, used 102697K [0x00000000c0000000, 0x0000000100000000)
  region size 1024K, 33 young (33792K), 2 survivors (2048K)
 Metaspace       used 41271K, committed 41664K, reserved 1114112K
  class space    used 5064K, committed 5248K, reserved 1048576K
}

