# JRE version: OpenJDK Runtime Environment Temurin-17.0.7+7 (17.0.7+7) (build 17.0.7+7)
# Java VM: OpenJDK 64-Bit Server VM Temurin-17.0.7+7 (17.0.7+7, mixed mode, emulated-client, tiered, compressed oops, compressed class ptrs, g1 gc, windows-amd64)
GC Precious Log:
 CPUs: 12 total, 12 available
 Memory: 7930M
 Large Page Support: Disabled
 NUMA Support: Disabled
 Compressed Oops: Enabled (32-bit)
 Heap Region Size: 1M
 Heap Min Capacity: 8M
 Heap Initial Capacity: 124M
 Heap Max Capacity: 1G
 Pre-touch: Disabled
 Parallel Workers: 10
 Concurrent Workers: 3
 Concurrent Refinement Workers: 10
 Periodic GC: Disabled
Heap:
 garbage-first heap   total 126976K, used 63488K [0x00000000c0000000, 0x0000000100000000)
  region size 1024K, 4 young (4096K), 4 survivors (4096K)
 Metaspace       used 41133K, committed 41472K, reserved 1114112K
  class space    used 5042K, committed 5184K, reserved 1048576K
GC Heap History (20 events):
Event: 1.288 GC heap after
{Heap after GC invocations=8 (full 0):
 garbage-first heap   total 57344K, used 17405K [0x00000000c0000000, 0x0000000100000000)
  region size 1024K, 2 young (2048K), 2 survivors (2048K)
 Metaspace       used 32800K, committed 33088K, reserved 1114112K
  class space    used 3973K, committed 4096K, reserved 1048576K
}
Event: 1.473 GC heap before
{Heap before GC invocations=8 (full 0):
 garbage-first heap   total 57344K, used 33789K [0x00000000c0000000, 0x0000000100000000)
  region size 1024K, 19 young (19456K), 2 survivors (2048K)
 Metaspace       used 35662K, committed 35968K, reserved 1114112K
  class space    used 4410K, committed 4544K, reserved 1048576K
}
Event: 1.475 GC heap after
{Heap after GC invocations=9 (full 0):
 garbage-first heap   total 57344K, used 19005K [0x00000000c0000000, 0x0000000100000000)
  region size 1024K, 2 young (2048K), 2 survivors (2048K)
 Metaspace       used 35662K, committed 35968K, reserved 1114112K
  class space    used 4410K, committed 4544K, reserved 1048576K
}
Event: 1.570 GC heap before
{Heap before GC invocations=10 (full 0):
 garbage-first heap   total 57344K, used 40509K [0x00000000c0000000, 0x0000000100000000)
  region size 1024K, 23 young (23552K), 2 survivors (2048K)
 Metaspace       used 37912K, committed 38400K, reserved 1114112K
  class space    used 4774K, committed 4992K, reserved 1048576K
}
Event: 1.573 GC heap after
{Heap after GC invocations=11 (full 0):
 garbage-first heap   total 57344K, used 21057K [0x00000000c0000000, 0x0000000100000000)
  region size 1024K, 3 young (3072K), 3 survivors (3072K)
 Metaspace       used 37912K, committed 38400K, reserved 1114112K
  class space    used 4774K, committed 4992K, reserved 1048576K
}
Event: 1.593 GC heap before
{Heap before GC invocations=11 (full 0):
 garbage-first heap   total 57344K, used 40513K [0x00000000c0000000, 0x0000000100000000)
  region size 1024K, 23 young (23552K), 3 survivors (3072K)
 Metaspace       used 37913K, committed 38400K, reserved 1114112K
  class space    used 4774K, committed 4992K, reserved 1048576K
}
Event: 1.598 GC heap after
{Heap after GC invocations=12 (full 0):
 garbage-first heap   total 57344K, used 25905K [0x00000000c0000000, 0x0000000100000000)
  region size 1024K, 3 young (3072K), 3 survivors (3072K)
 Metaspace       used 37913K, committed 38400K, reserved 1114112K
  class space    used 4774K, committed 4992K, reserved 1048576K
}
Event: 1.612 GC heap before
{Heap before GC invocations=12 (full 0):
 garbage-first heap   total 57344K, used 41265K [0x00000000c0000000, 0x0000000100000000)
  region size 1024K, 19 young (19456K), 3 survivors (3072K)
 Metaspace       used 37935K, committed 38400K, reserved 1114112K
  class space    used 4779K, committed 4992K, reserved 1048576K
}
Event: 1.615 GC heap after
{Heap after GC invocations=13 (full 0):
 garbage-first heap   total 57344K, used 29789K [0x00000000c0000000, 0x0000000100000000)
  region size 1024K, 3 young (3072K), 3 survivors (3072K)
 Metaspace       used 37935K, committed 38400K, reserved 1114112K
  class space    used 4779K, committed 4992K, reserved 1048576K
}
Event: 1.638 GC heap before
{Heap before GC invocations=13 (full 0):
 garbage-first heap   total 57344K, used 41053K [0x00000000c0000000, 0x0000000100000000)
  region size 1024K, 15 young (15360K), 3 survivors (3072K)
 Metaspace       used 38395K, committed 38848K, reserved 1114112K
  class space    used 4831K, committed 5056K, reserved 1048576K
}
Event: 1.641 GC heap after
{Heap after GC invocations=14 (full 0):
 garbage-first heap   total 114688K, used 31814K [0x00000000c0000000, 0x0000000100000000)
  region size 1024K, 2 young (2048K), 2 survivors (2048K)
 Metaspace       used 38395K, committed 38848K, reserved 1114112K
  class space    used 4831K, committed 5056K, reserved 1048576K
}
Event: 1.690 GC heap before
{Heap before GC invocations=15 (full 0):
 garbage-first heap   total 114688K, used 75846K [0x00000000c0000000, 0x0000000100000000)
  region size 1024K, 46 young (47104K), 2 survivors (2048K)
 Metaspace       used 39069K, committed 39488K, reserved 1114112K
  class space    used 4882K, committed 5056K, reserved 1048576K
}
Event: 1.698 GC heap after
{Heap after GC invocations=16 (full 0):
 garbage-first heap   total 114688K, used 41910K [0x00000000c0000000, 0x0000000100000000)
  region size 1024K, 6 young (6144K), 6 survivors (6144K)
 Metaspace       used 39069K, committed 39488K, reserved 1114112K
  class space    used 4882K, committed 5056K, reserved 1048576K
}
Event: 1.699 GC heap before
{Heap before GC invocations=16 (full 0):
 garbage-first heap   total 114688K, used 41910K [0x00000000c0000000, 0x0000000100000000)
  region size 1024K, 7 young (7168K), 6 survivors (6144K)
 Metaspace       used 39070K, committed 39488K, reserved 1114112K
  class space    used 4882K, committed 5056K, reserved 1048576K
}
Event: 1.702 GC heap after
{Heap after GC invocations=17 (full 0):
 garbage-first heap   total 114688K, used 43403K [0x00000000c0000000, 0x0000000100000000)
  region size 1024K, 1 young (1024K), 1 survivors (1024K)
 Metaspace       used 39070K, committed 39488K, reserved 1114112K
  class space    used 4882K, committed 5056K, reserved 1048576K
}
Event: 1.735 GC heap before
{Heap before GC invocations=17 (full 0):
 garbage-first heap   total 114688K, used 79243K [0x00000000c0000000, 0x0000000100000000)
  region size 1024K, 36 young (36864K), 1 survivors (1024K)
 Metaspace       used 39627K, committed 40064K, reserved 1114112K
  class space    used 4935K, committed 5120K, reserved 1048576K
}
Event: 1.740 GC heap after
{Heap after GC invocations=18 (full 0):
 garbage-first heap   total 114688K, used 48727K [0x00000000c0000000, 0x0000000100000000)
  region size 1024K, 5 young (5120K), 5 survivors (5120K)
 Metaspace       used 39627K, committed 40064K, reserved 1114112K
  class space    used 4935K, committed 5120K, reserved 1048576K
}
Event: 1.809 GC heap before
{Heap before GC invocations=18 (full 0):
 garbage-first heap   total 114688K, used 82519K [0x00000000c0000000, 0x0000000100000000)
  region size 1024K, 38 young (38912K), 5 survivors (5120K)
 Metaspace       used 40990K, committed 41344K, reserved 1114112K
  class space    used 5026K, committed 5184K, reserved 1048576K
}
Event: 1.817 GC heap after
{Heap after GC invocations=19 (full 0):
 garbage-first heap   total 114688K, used 58448K [0x00000000c0000000, 0x0000000100000000)
  region size 1024K, 5 young (5120K), 5 survivors (5120K)
 Metaspace       used 40990K, committed 41344K, reserved 1114112K
  class space    used 5026K, committed 5184K, reserved 1048576K
}
Event: 1.831 GC heap before
{Heap before GC invocations=19 (full 0):
 garbage-first heap   total 114688K, used 68688K [0x00000000c0000000, 0x0000000100000000)
  region size 1024K, 17 young (17408K), 5 survivors (5120K)
 Metaspace       used 41133K, committed 41472K, reserved 1114112K
  class space    used 5042K, committed 5184K, reserved 1048576K
}

