# JRE version: OpenJDK Runtime Environment Temurin-17.0.7+7 (17.0.7+7) (build 17.0.7+7)
# Java VM: OpenJDK 64-Bit Server VM Temurin-17.0.7+7 (17.0.7+7, mixed mode, emulated-client, tiered, compressed oops, compressed class ptrs, g1 gc, windows-amd64)
GC Precious Log:
 CPUs: 12 total, 12 available
 Memory: 7930M
 Large Page Support: Disabled
 NUMA Support: Disabled
 Compressed Oops: Enabled (32-bit)
 Heap Region Size: 1M
 Heap Min Capacity: 8M
 Heap Initial Capacity: 124M
 Heap Max Capacity: 1G
 Pre-touch: Disabled
 Parallel Workers: 10
 Concurrent Workers: 3
 Concurrent Refinement Workers: 10
 Periodic GC: Disabled
Heap:
 garbage-first heap   total 215040K, used 81974K [0x00000000c0000000, 0x0000000100000000)
  region size 1024K, 11 young (11264K), 11 survivors (11264K)
 Metaspace       used 41578K, committed 42048K, reserved 1114112K
  class space    used 5107K, committed 5312K, reserved 1048576K
GC Heap History (20 events):
Event: 1.541 GC heap after
{Heap after GC invocations=11 (full 0):
 garbage-first heap   total 59392K, used 21533K [0x00000000c0000000, 0x0000000100000000)
  region size 1024K, 4 young (4096K), 4 survivors (4096K)
 Metaspace       used 37976K, committed 38400K, reserved 1114112K
  class space    used 4783K, committed 4992K, reserved 1048576K
}
Event: 1.564 GC heap before
{Heap before GC invocations=11 (full 0):
 garbage-first heap   total 59392K, used 42013K [0x00000000c0000000, 0x0000000100000000)
  region size 1024K, 25 young (25600K), 4 survivors (4096K)
 Metaspace       used 37977K, committed 38400K, reserved 1114112K
  class space    used 4783K, committed 4992K, reserved 1048576K
}
Event: 1.570 GC heap after
{Heap after GC invocations=12 (full 0):
 garbage-first heap   total 59392K, used 25895K [0x00000000c0000000, 0x0000000100000000)
  region size 1024K, 4 young (4096K), 4 survivors (4096K)
 Metaspace       used 37977K, committed 38400K, reserved 1114112K
  class space    used 4783K, committed 4992K, reserved 1048576K
}
Event: 1.595 GC heap before
{Heap before GC invocations=12 (full 0):
 garbage-first heap   total 59392K, used 44327K [0x00000000c0000000, 0x0000000100000000)
  region size 1024K, 22 young (22528K), 4 survivors (4096K)
 Metaspace       used 38114K, committed 38528K, reserved 1114112K
  class space    used 4803K, committed 4992K, reserved 1048576K
}
Event: 1.599 GC heap after
{Heap after GC invocations=13 (full 0):
 garbage-first heap   total 104448K, used 30303K [0x00000000c0000000, 0x0000000100000000)
  region size 1024K, 3 young (3072K), 3 survivors (3072K)
 Metaspace       used 38114K, committed 38528K, reserved 1114112K
  class space    used 4803K, committed 4992K, reserved 1048576K
}
Event: 1.651 GC heap before
{Heap before GC invocations=13 (full 0):
 garbage-first heap   total 104448K, used 71263K [0x00000000c0000000, 0x0000000100000000)
  region size 1024K, 44 young (45056K), 3 survivors (3072K)
 Metaspace       used 38871K, committed 39296K, reserved 1114112K
  class space    used 4865K, committed 5056K, reserved 1048576K
}
Event: 1.658 GC heap after
{Heap after GC invocations=14 (full 0):
 garbage-first heap   total 104448K, used 37593K [0x00000000c0000000, 0x0000000100000000)
  region size 1024K, 6 young (6144K), 6 survivors (6144K)
 Metaspace       used 38871K, committed 39296K, reserved 1114112K
  class space    used 4865K, committed 5056K, reserved 1048576K
}
Event: 1.685 GC heap before
{Heap before GC invocations=14 (full 0):
 garbage-first heap   total 104448K, used 72409K [0x00000000c0000000, 0x0000000100000000)
  region size 1024K, 40 young (40960K), 6 survivors (6144K)
 Metaspace       used 39354K, committed 39744K, reserved 1114112K
  class space    used 4918K, committed 5120K, reserved 1048576K
}
Event: 1.694 GC heap after
{Heap after GC invocations=15 (full 0):
 garbage-first heap   total 104448K, used 46082K [0x00000000c0000000, 0x0000000100000000)
  region size 1024K, 5 young (5120K), 5 survivors (5120K)
 Metaspace       used 39354K, committed 39744K, reserved 1114112K
  class space    used 4918K, committed 5120K, reserved 1048576K
}
Event: 1.753 GC heap before
{Heap before GC invocations=15 (full 0):
 garbage-first heap   total 104448K, used 73730K [0x00000000c0000000, 0x0000000100000000)
  region size 1024K, 33 young (33792K), 5 survivors (5120K)
 Metaspace       used 40543K, committed 40960K, reserved 1114112K
  class space    used 4984K, committed 5184K, reserved 1048576K
}
Event: 1.757 GC heap after
{Heap after GC invocations=16 (full 0):
 garbage-first heap   total 104448K, used 52051K [0x00000000c0000000, 0x0000000100000000)
  region size 1024K, 5 young (5120K), 5 survivors (5120K)
 Metaspace       used 40543K, committed 40960K, reserved 1114112K
  class space    used 4984K, committed 5184K, reserved 1048576K
}
Event: 1.780 GC heap before
{Heap before GC invocations=16 (full 0):
 garbage-first heap   total 104448K, used 60243K [0x00000000c0000000, 0x0000000100000000)
  region size 1024K, 15 young (15360K), 5 survivors (5120K)
 Metaspace       used 40748K, committed 41152K, reserved 1114112K
  class space    used 5006K, committed 5184K, reserved 1048576K
}
Event: 1.784 GC heap after
{Heap after GC invocations=17 (full 0):
 garbage-first heap   total 215040K, used 54322K [0x00000000c0000000, 0x0000000100000000)
  region size 1024K, 3 young (3072K), 3 survivors (3072K)
 Metaspace       used 40748K, committed 41152K, reserved 1114112K
  class space    used 5006K, committed 5184K, reserved 1048576K
}
Event: 1.852 GC heap before
{Heap before GC invocations=17 (full 0):
 garbage-first heap   total 215040K, used 150578K [0x00000000c0000000, 0x0000000100000000)
  region size 1024K, 96 young (98304K), 3 survivors (3072K)
 Metaspace       used 41459K, committed 41920K, reserved 1114112K
  class space    used 5090K, committed 5248K, reserved 1048576K
}
Event: 1.876 GC heap after
{Heap after GC invocations=18 (full 0):
 garbage-first heap   total 215040K, used 71558K [0x00000000c0000000, 0x0000000100000000)
  region size 1024K, 12 young (12288K), 12 survivors (12288K)
 Metaspace       used 41459K, committed 41920K, reserved 1114112K
  class space    used 5090K, committed 5248K, reserved 1048576K
}
Event: 1.893 GC heap before
{Heap before GC invocations=18 (full 0):
 garbage-first heap   total 215040K, used 147334K [0x00000000c0000000, 0x0000000100000000)
  region size 1024K, 87 young (89088K), 12 survivors (12288K)
 Metaspace       used 41473K, committed 41920K, reserved 1114112K
  class space    used 5092K, committed 5248K, reserved 1048576K
}
Event: 1.900 GC heap after
{Heap after GC invocations=19 (full 0):
 garbage-first heap   total 215040K, used 75415K [0x00000000c0000000, 0x0000000100000000)
  region size 1024K, 4 young (4096K), 4 survivors (4096K)
 Metaspace       used 41473K, committed 41920K, reserved 1114112K
  class space    used 5092K, committed 5248K, reserved 1048576K
}
Event: 1.917 GC heap before
{Heap before GC invocations=19 (full 0):
 garbage-first heap   total 215040K, used 153239K [0x00000000c0000000, 0x0000000100000000)
  region size 1024K, 81 young (82944K), 4 survivors (4096K)
 Metaspace       used 41491K, committed 41920K, reserved 1114112K
  class space    used 5099K, committed 5248K, reserved 1048576K
}
Event: 1.921 GC heap after
{Heap after GC invocations=20 (full 0):
 garbage-first heap   total 215040K, used 77821K [0x00000000c0000000, 0x0000000100000000)
  region size 1024K, 7 young (7168K), 7 survivors (7168K)
 Metaspace       used 41491K, committed 41920K, reserved 1114112K
  class space    used 5099K, committed 5248K, reserved 1048576K
}
Event: 1.940 GC heap before
{Heap before GC invocations=20 (full 0):
 garbage-first heap   total 215040K, used 160765K [0x00000000c0000000, 0x0000000100000000)
  region size 1024K, 89 young (91136K), 7 survivors (7168K)
 Metaspace       used 41578K, committed 42048K, reserved 1114112K
  class space    used 5107K, committed 5312K, reserved 1048576K
}

