# JRE version: OpenJDK Runtime Environment Temurin-17.0.7+7 (17.0.7+7) (build 17.0.7+7)
# Java VM: OpenJDK 64-Bit Server VM Temurin-17.0.7+7 (17.0.7+7, mixed mode, emulated-client, tiered, compressed oops, compressed class ptrs, g1 gc, windows-amd64)
GC Precious Log:
 CPUs: 12 total, 12 available
 Memory: 7930M
 Large Page Support: Disabled
 NUMA Support: Disabled
 Compressed Oops: Enabled (32-bit)
 Heap Region Size: 1M
 Heap Min Capacity: 8M
 Heap Initial Capacity: 124M
 Heap Max Capacity: 1G
 Pre-touch: Disabled
 Parallel Workers: 10
 Concurrent Workers: 3
 Concurrent Refinement Workers: 10
 Periodic GC: Disabled
Heap:
 garbage-first heap   total 231424K, used 81194K [0x00000000c0000000, 0x0000000100000000)
  region size 1024K, 11 young (11264K), 11 survivors (11264K)
 Metaspace       used 41372K, committed 41792K, reserved 1114112K
  class space    used 5066K, committed 5248K, reserved 1048576K
GC Heap History (20 events):
Event: 1.540 GC heap after
{Heap after GC invocations=11 (full 0):
 garbage-first heap   total 64512K, used 21609K [0x00000000c0000000, 0x0000000100000000)
  region size 1024K, 4 young (4096K), 4 survivors (4096K)
 Metaspace       used 37879K, committed 38208K, reserved 1114112K
  class space    used 4766K, committed 4928K, reserved 1048576K
}
Event: 1.566 GC heap before
{Heap before GC invocations=11 (full 0):
 garbage-first heap   total 64512K, used 46185K [0x00000000c0000000, 0x0000000100000000)
  region size 1024K, 28 young (28672K), 4 survivors (4096K)
 Metaspace       used 37879K, committed 38208K, reserved 1114112K
  class space    used 4766K, committed 4928K, reserved 1048576K
}
Event: 1.572 GC heap after
{Heap after GC invocations=12 (full 0):
 garbage-first heap   total 64512K, used 26304K [0x00000000c0000000, 0x0000000100000000)
  region size 1024K, 4 young (4096K), 4 survivors (4096K)
 Metaspace       used 37879K, committed 38208K, reserved 1114112K
  class space    used 4766K, committed 4928K, reserved 1048576K
}
Event: 1.604 GC heap before
{Heap before GC invocations=12 (full 0):
 garbage-first heap   total 64512K, used 44736K [0x00000000c0000000, 0x0000000100000000)
  region size 1024K, 23 young (23552K), 4 survivors (4096K)
 Metaspace       used 38142K, committed 38528K, reserved 1114112K
  class space    used 4808K, committed 4992K, reserved 1048576K
}
Event: 1.609 GC heap after
{Heap after GC invocations=13 (full 0):
 garbage-first heap   total 111616K, used 30790K [0x00000000c0000000, 0x0000000100000000)
  region size 1024K, 3 young (3072K), 3 survivors (3072K)
 Metaspace       used 38142K, committed 38528K, reserved 1114112K
  class space    used 4808K, committed 4992K, reserved 1048576K
}
Event: 1.655 GC heap before
{Heap before GC invocations=13 (full 0):
 garbage-first heap   total 111616K, used 75846K [0x00000000c0000000, 0x0000000100000000)
  region size 1024K, 48 young (49152K), 3 survivors (3072K)
 Metaspace       used 38847K, committed 39296K, reserved 1114112K
  class space    used 4852K, committed 5056K, reserved 1048576K
}
Event: 1.665 GC heap after
{Heap after GC invocations=14 (full 0):
 garbage-first heap   total 111616K, used 41745K [0x00000000c0000000, 0x0000000100000000)
  region size 1024K, 6 young (6144K), 6 survivors (6144K)
 Metaspace       used 38847K, committed 39296K, reserved 1114112K
  class space    used 4852K, committed 5056K, reserved 1048576K
}
Event: 1.698 GC heap before
{Heap before GC invocations=14 (full 0):
 garbage-first heap   total 111616K, used 75537K [0x00000000c0000000, 0x0000000100000000)
  region size 1024K, 40 young (40960K), 6 survivors (6144K)
 Metaspace       used 39446K, committed 39872K, reserved 1114112K
  class space    used 4915K, committed 5120K, reserved 1048576K
}
Event: 1.705 GC heap after
{Heap after GC invocations=15 (full 0):
 garbage-first heap   total 111616K, used 47674K [0x00000000c0000000, 0x0000000100000000)
  region size 1024K, 5 young (5120K), 5 survivors (5120K)
 Metaspace       used 39446K, committed 39872K, reserved 1114112K
  class space    used 4915K, committed 5120K, reserved 1048576K
}
Event: 1.776 GC heap before
{Heap before GC invocations=15 (full 0):
 garbage-first heap   total 111616K, used 80442K [0x00000000c0000000, 0x0000000100000000)
  region size 1024K, 37 young (37888K), 5 survivors (5120K)
 Metaspace       used 40797K, committed 41216K, reserved 1114112K
  class space    used 5002K, committed 5184K, reserved 1048576K
}
Event: 1.784 GC heap after
{Heap after GC invocations=16 (full 0):
 garbage-first heap   total 111616K, used 56880K [0x00000000c0000000, 0x0000000100000000)
  region size 1024K, 5 young (5120K), 5 survivors (5120K)
 Metaspace       used 40797K, committed 41216K, reserved 1114112K
  class space    used 5002K, committed 5184K, reserved 1048576K
}
Event: 1.801 GC heap before
{Heap before GC invocations=16 (full 0):
 garbage-first heap   total 111616K, used 68144K [0x00000000c0000000, 0x0000000100000000)
  region size 1024K, 18 young (18432K), 5 survivors (5120K)
 Metaspace       used 41120K, committed 41472K, reserved 1114112K
  class space    used 5036K, committed 5184K, reserved 1048576K
}
Event: 1.807 GC heap after
{Heap after GC invocations=17 (full 0):
 garbage-first heap   total 231424K, used 62769K [0x00000000c0000000, 0x0000000100000000)
  region size 1024K, 4 young (4096K), 4 survivors (4096K)
 Metaspace       used 41120K, committed 41472K, reserved 1114112K
  class space    used 5036K, committed 5184K, reserved 1048576K
}
Event: 1.849 GC heap before
{Heap before GC invocations=17 (full 0):
 garbage-first heap   total 231424K, used 142641K [0x00000000c0000000, 0x0000000100000000)
  region size 1024K, 82 young (83968K), 4 survivors (4096K)
 Metaspace       used 41231K, committed 41600K, reserved 1114112K
  class space    used 5047K, committed 5184K, reserved 1048576K
}
Event: 1.863 GC heap after
{Heap after GC invocations=18 (full 0):
 garbage-first heap   total 231424K, used 71089K [0x00000000c0000000, 0x0000000100000000)
  region size 1024K, 11 young (11264K), 11 survivors (11264K)
 Metaspace       used 41231K, committed 41600K, reserved 1114112K
  class space    used 5047K, committed 5184K, reserved 1048576K
}
Event: 1.882 GC heap before
{Heap before GC invocations=18 (full 0):
 garbage-first heap   total 231424K, used 150961K [0x00000000c0000000, 0x0000000100000000)
  region size 1024K, 90 young (92160K), 11 survivors (11264K)
 Metaspace       used 41272K, committed 41664K, reserved 1114112K
  class space    used 5060K, committed 5248K, reserved 1048576K
}
Event: 1.896 GC heap after
{Heap after GC invocations=19 (full 0):
 garbage-first heap   total 231424K, used 74609K [0x00000000c0000000, 0x0000000100000000)
  region size 1024K, 4 young (4096K), 4 survivors (4096K)
 Metaspace       used 41272K, committed 41664K, reserved 1114112K
  class space    used 5060K, committed 5248K, reserved 1048576K
}
Event: 1.915 GC heap before
{Heap before GC invocations=19 (full 0):
 garbage-first heap   total 231424K, used 161649K [0x00000000c0000000, 0x0000000100000000)
  region size 1024K, 90 young (92160K), 4 survivors (4096K)
 Metaspace       used 41275K, committed 41664K, reserved 1114112K
  class space    used 5061K, committed 5248K, reserved 1048576K
}
Event: 1.919 GC heap after
{Heap after GC invocations=20 (full 0):
 garbage-first heap   total 231424K, used 78094K [0x00000000c0000000, 0x0000000100000000)
  region size 1024K, 8 young (8192K), 8 survivors (8192K)
 Metaspace       used 41275K, committed 41664K, reserved 1114112K
  class space    used 5061K, committed 5248K, reserved 1048576K
}
Event: 1.938 GC heap before
{Heap before GC invocations=20 (full 0):
 garbage-first heap   total 231424K, used 170254K [0x00000000c0000000, 0x0000000100000000)
  region size 1024K, 99 young (101376K), 8 survivors (8192K)
 Metaspace       used 41372K, committed 41792K, reserved 1114112K
  class space    used 5066K, committed 5248K, reserved 1048576K
}

