# JRE version: OpenJDK Runtime Environment Temurin-17.0.7+7 (17.0.7+7) (build 17.0.7+7)
# Java VM: OpenJDK 64-Bit Server VM Temurin-17.0.7+7 (17.0.7+7, mixed mode, emulated-client, tiered, compressed oops, compressed class ptrs, g1 gc, windows-amd64)
GC Precious Log:
 CPUs: 12 total, 12 available
 Memory: 7930M
 Large Page Support: Disabled
 NUMA Support: Disabled
 Compressed Oops: Enabled (32-bit)
 Heap Region Size: 1M
 Heap Min Capacity: 8M
 Heap Initial Capacity: 124M
 Heap Max Capacity: 1G
 Pre-touch: Disabled
 Parallel Workers: 10
 Concurrent Workers: 3
 Concurrent Refinement Workers: 10
 Periodic GC: Disabled
Heap:
 garbage-first heap   total 209920K, used 78508K [0x00000000c0000000, 0x0000000100000000)
  region size 1024K, 7 young (7168K), 7 survivors (7168K)
 Metaspace       used 41306K, committed 41664K, reserved 1114112K
  class space    used 5070K, committed 5248K, reserved 1048576K
GC Heap History (20 events):
Event: 1.537 GC heap after
{Heap after GC invocations=11 (full 0):
 garbage-first heap   total 54272K, used 21480K [0x00000000c0000000, 0x0000000100000000)
  region size 1024K, 3 young (3072K), 3 survivors (3072K)
 Metaspace       used 37941K, committed 38400K, reserved 1114112K
  class space    used 4783K, committed 4992K, reserved 1048576K
}
Event: 1.558 GC heap before
{Heap before GC invocations=11 (full 0):
 garbage-first heap   total 54272K, used 38888K [0x00000000c0000000, 0x0000000100000000)
  region size 1024K, 21 young (21504K), 3 survivors (3072K)
 Metaspace       used 37941K, committed 38400K, reserved 1114112K
  class space    used 4783K, committed 4992K, reserved 1048576K
}
Event: 1.562 GC heap after
{Heap after GC invocations=12 (full 0):
 garbage-first heap   total 70656K, used 24764K [0x00000000c0000000, 0x0000000100000000)
  region size 1024K, 3 young (3072K), 3 survivors (3072K)
 Metaspace       used 37941K, committed 38400K, reserved 1114112K
  class space    used 4783K, committed 4992K, reserved 1048576K
}
Event: 1.601 GC heap before
{Heap before GC invocations=12 (full 0):
 garbage-first heap   total 70656K, used 50364K [0x00000000c0000000, 0x0000000100000000)
  region size 1024K, 29 young (29696K), 3 survivors (3072K)
 Metaspace       used 38097K, committed 38528K, reserved 1114112K
  class space    used 4807K, committed 4992K, reserved 1048576K
}
Event: 1.607 GC heap after
{Heap after GC invocations=13 (full 0):
 garbage-first heap   total 70656K, used 30934K [0x00000000c0000000, 0x0000000100000000)
  region size 1024K, 4 young (4096K), 4 survivors (4096K)
 Metaspace       used 38097K, committed 38528K, reserved 1114112K
  class space    used 4807K, committed 4992K, reserved 1048576K
}
Event: 1.634 GC heap before
{Heap before GC invocations=13 (full 0):
 garbage-first heap   total 70656K, used 50390K [0x00000000c0000000, 0x0000000100000000)
  region size 1024K, 24 young (24576K), 4 survivors (4096K)
 Metaspace       used 38488K, committed 38912K, reserved 1114112K
  class space    used 4845K, committed 5056K, reserved 1048576K
}
Event: 1.639 GC heap after
{Heap after GC invocations=14 (full 0):
 garbage-first heap   total 70656K, used 34631K [0x00000000c0000000, 0x0000000100000000)
  region size 1024K, 3 young (3072K), 3 survivors (3072K)
 Metaspace       used 38488K, committed 38912K, reserved 1114112K
  class space    used 4845K, committed 5056K, reserved 1048576K
}
Event: 1.659 GC heap before
{Heap before GC invocations=14 (full 0):
 garbage-first heap   total 70656K, used 52039K [0x00000000c0000000, 0x0000000100000000)
  region size 1024K, 21 young (21504K), 3 survivors (3072K)
 Metaspace       used 38747K, committed 39168K, reserved 1114112K
  class space    used 4855K, committed 5056K, reserved 1048576K
}
Event: 1.664 GC heap after
{Heap after GC invocations=15 (full 0):
 garbage-first heap   total 70656K, used 38891K [0x00000000c0000000, 0x0000000100000000)
  region size 1024K, 3 young (3072K), 3 survivors (3072K)
 Metaspace       used 38747K, committed 39168K, reserved 1114112K
  class space    used 4855K, committed 5056K, reserved 1048576K
}
Event: 1.695 GC heap before
{Heap before GC invocations=16 (full 0):
 garbage-first heap   total 86016K, used 53227K [0x00000000c0000000, 0x0000000100000000)
  region size 1024K, 18 young (18432K), 3 survivors (3072K)
 Metaspace       used 38830K, committed 39232K, reserved 1114112K
  class space    used 4864K, committed 5056K, reserved 1048576K
}
Event: 1.700 GC heap after
{Heap after GC invocations=17 (full 0):
 garbage-first heap   total 86016K, used 44378K [0x00000000c0000000, 0x0000000100000000)
  region size 1024K, 3 young (3072K), 3 survivors (3072K)
 Metaspace       used 38830K, committed 39232K, reserved 1114112K
  class space    used 4864K, committed 5056K, reserved 1048576K
}
Event: 1.701 GC heap before
{Heap before GC invocations=17 (full 0):
 garbage-first heap   total 86016K, used 45402K [0x00000000c0000000, 0x0000000100000000)
  region size 1024K, 4 young (4096K), 3 survivors (3072K)
 Metaspace       used 38831K, committed 39232K, reserved 1114112K
  class space    used 4865K, committed 5056K, reserved 1048576K
}
Event: 1.705 GC heap after
{Heap after GC invocations=18 (full 0):
 garbage-first heap   total 209920K, used 45293K [0x00000000c0000000, 0x0000000100000000)
  region size 1024K, 1 young (1024K), 1 survivors (1024K)
 Metaspace       used 38831K, committed 39232K, reserved 1114112K
  class space    used 4865K, committed 5056K, reserved 1048576K
}
Event: 1.863 GC heap before
{Heap before GC invocations=18 (full 0):
 garbage-first heap   total 209920K, used 129261K [0x00000000c0000000, 0x0000000100000000)
  region size 1024K, 82 young (83968K), 1 survivors (1024K)
 Metaspace       used 41178K, committed 41600K, reserved 1114112K
  class space    used 5054K, committed 5248K, reserved 1048576K
}
Event: 1.877 GC heap after
{Heap after GC invocations=19 (full 0):
 garbage-first heap   total 209920K, used 66560K [0x00000000c0000000, 0x0000000100000000)
  region size 1024K, 11 young (11264K), 11 survivors (11264K)
 Metaspace       used 41178K, committed 41600K, reserved 1114112K
  class space    used 5054K, committed 5248K, reserved 1048576K
}
Event: 1.900 GC heap before
{Heap before GC invocations=19 (full 0):
 garbage-first heap   total 209920K, used 135168K [0x00000000c0000000, 0x0000000100000000)
  region size 1024K, 79 young (80896K), 11 survivors (11264K)
 Metaspace       used 41283K, committed 41664K, reserved 1114112K
  class space    used 5065K, committed 5248K, reserved 1048576K
}
Event: 1.912 GC heap after
{Heap after GC invocations=20 (full 0):
 garbage-first heap   total 209920K, used 73183K [0x00000000c0000000, 0x0000000100000000)
  region size 1024K, 6 young (6144K), 6 survivors (6144K)
 Metaspace       used 41283K, committed 41664K, reserved 1114112K
  class space    used 5065K, committed 5248K, reserved 1048576K
}
Event: 1.928 GC heap before
{Heap before GC invocations=20 (full 0):
 garbage-first heap   total 209920K, used 142815K [0x00000000c0000000, 0x0000000100000000)
  region size 1024K, 75 young (76800K), 6 survivors (6144K)
 Metaspace       used 41294K, committed 41664K, reserved 1114112K
  class space    used 5067K, committed 5248K, reserved 1048576K
}
Event: 1.938 GC heap after
{Heap after GC invocations=21 (full 0):
 garbage-first heap   total 209920K, used 75421K [0x00000000c0000000, 0x0000000100000000)
  region size 1024K, 8 young (8192K), 8 survivors (8192K)
 Metaspace       used 41294K, committed 41664K, reserved 1114112K
  class space    used 5067K, committed 5248K, reserved 1048576K
}
Event: 1.955 GC heap before
{Heap before GC invocations=21 (full 0):
 garbage-first heap   total 209920K, used 150173K [0x00000000c0000000, 0x0000000100000000)
  region size 1024K, 82 young (83968K), 8 survivors (8192K)
 Metaspace       used 41306K, committed 41664K, reserved 1114112K
  class space    used 5070K, committed 5248K, reserved 1048576K
}

