# JRE version: OpenJDK Runtime Environment Temurin-17.0.7+7 (17.0.7+7) (build 17.0.7+7)
# Java VM: OpenJDK 64-Bit Server VM Temurin-17.0.7+7 (17.0.7+7, mixed mode, emulated-client, tiered, compressed oops, compressed class ptrs, g1 gc, windows-amd64)
GC Precious Log:
 CPUs: 12 total, 12 available
 Memory: 7930M
 Large Page Support: Disabled
 NUMA Support: Disabled
 Compressed Oops: Enabled (32-bit)
 Heap Region Size: 1M
 Heap Min Capacity: 8M
 Heap Initial Capacity: 124M
 Heap Max Capacity: 1G
 Pre-touch: Disabled
 Parallel Workers: 10
 Concurrent Workers: 3
 Concurrent Refinement Workers: 10
 Periodic GC: Disabled
Heap:
 garbage-first heap   total 109568K, used 54564K [0x00000000c0000000, 0x0000000100000000)
  region size 1024K, 4 young (4096K), 4 survivors (4096K)
 Metaspace       used 40516K, committed 40960K, reserved 1114112K
  class space    used 4984K, committed 5184K, reserved 1048576K
GC Heap History (20 events):
Event: 1.142 GC heap after
{Heap after GC invocations=7 (full 0):
 garbage-first heap   total 45056K, used 15621K [0x00000000c0000000, 0x0000000100000000)
  region size 1024K, 3 young (3072K), 3 survivors (3072K)
 Metaspace       used 30453K, committed 30848K, reserved 1114112K
  class space    used 3671K, committed 3840K, reserved 1048576K
}
Event: 1.274 GC heap before
{Heap before GC invocations=7 (full 0):
 garbage-first heap   total 45056K, used 30981K [0x00000000c0000000, 0x0000000100000000)
  region size 1024K, 19 young (19456K), 3 survivors (3072K)
 Metaspace       used 32921K, committed 33216K, reserved 1114112K
  class space    used 3987K, committed 4096K, reserved 1048576K
}
Event: 1.279 GC heap after
{Heap after GC invocations=8 (full 0):
 garbage-first heap   total 45056K, used 17134K [0x00000000c0000000, 0x0000000100000000)
  region size 1024K, 2 young (2048K), 2 survivors (2048K)
 Metaspace       used 32921K, committed 33216K, reserved 1114112K
  class space    used 3987K, committed 4096K, reserved 1048576K
}
Event: 1.446 GC heap before
{Heap before GC invocations=8 (full 0):
 garbage-first heap   total 45056K, used 32494K [0x00000000c0000000, 0x0000000100000000)
  region size 1024K, 17 young (17408K), 2 survivors (2048K)
 Metaspace       used 35555K, committed 35904K, reserved 1114112K
  class space    used 4393K, committed 4544K, reserved 1048576K
}
Event: 1.449 GC heap after
{Heap after GC invocations=9 (full 0):
 garbage-first heap   total 57344K, used 18406K [0x00000000c0000000, 0x0000000100000000)
  region size 1024K, 3 young (3072K), 3 survivors (3072K)
 Metaspace       used 35555K, committed 35904K, reserved 1114112K
  class space    used 4393K, committed 4544K, reserved 1048576K
}
Event: 1.457 GC heap before
{Heap before GC invocations=9 (full 0):
 garbage-first heap   total 57344K, used 18406K [0x00000000c0000000, 0x0000000100000000)
  region size 1024K, 4 young (4096K), 3 survivors (3072K)
 Metaspace       used 35661K, committed 35968K, reserved 1114112K
  class space    used 4410K, committed 4544K, reserved 1048576K
}
Event: 1.458 GC heap after
{Heap after GC invocations=10 (full 0):
 garbage-first heap   total 57344K, used 18474K [0x00000000c0000000, 0x0000000100000000)
  region size 1024K, 2 young (2048K), 2 survivors (2048K)
 Metaspace       used 35661K, committed 35968K, reserved 1114112K
  class space    used 4410K, committed 4544K, reserved 1048576K
}
Event: 1.544 GC heap before
{Heap before GC invocations=11 (full 0):
 garbage-first heap   total 57344K, used 41002K [0x00000000c0000000, 0x0000000100000000)
  region size 1024K, 25 young (25600K), 2 survivors (2048K)
 Metaspace       used 37938K, committed 38400K, reserved 1114112K
  class space    used 4780K, committed 4992K, reserved 1048576K
}
Event: 1.547 GC heap after
{Heap after GC invocations=12 (full 0):
 garbage-first heap   total 57344K, used 21822K [0x00000000c0000000, 0x0000000100000000)
  region size 1024K, 4 young (4096K), 4 survivors (4096K)
 Metaspace       used 37938K, committed 38400K, reserved 1114112K
  class space    used 4780K, committed 4992K, reserved 1048576K
}
Event: 1.572 GC heap before
{Heap before GC invocations=12 (full 0):
 garbage-first heap   total 57344K, used 41278K [0x00000000c0000000, 0x0000000100000000)
  region size 1024K, 24 young (24576K), 4 survivors (4096K)
 Metaspace       used 37939K, committed 38400K, reserved 1114112K
  class space    used 4780K, committed 4992K, reserved 1048576K
}
Event: 1.577 GC heap after
{Heap after GC invocations=13 (full 0):
 garbage-first heap   total 57344K, used 25212K [0x00000000c0000000, 0x0000000100000000)
  region size 1024K, 3 young (3072K), 3 survivors (3072K)
 Metaspace       used 37939K, committed 38400K, reserved 1114112K
  class space    used 4780K, committed 4992K, reserved 1048576K
}
Event: 1.600 GC heap before
{Heap before GC invocations=13 (full 0):
 garbage-first heap   total 57344K, used 41596K [0x00000000c0000000, 0x0000000100000000)
  region size 1024K, 20 young (20480K), 3 survivors (3072K)
 Metaspace       used 38056K, committed 38464K, reserved 1114112K
  class space    used 4797K, committed 4992K, reserved 1048576K
}
Event: 1.604 GC heap after
{Heap after GC invocations=14 (full 0):
 garbage-first heap   total 95232K, used 29966K [0x00000000c0000000, 0x0000000100000000)
  region size 1024K, 3 young (3072K), 3 survivors (3072K)
 Metaspace       used 38056K, committed 38464K, reserved 1114112K
  class space    used 4797K, committed 4992K, reserved 1048576K
}
Event: 1.650 GC heap before
{Heap before GC invocations=14 (full 0):
 garbage-first heap   total 95232K, used 66830K [0x00000000c0000000, 0x0000000100000000)
  region size 1024K, 40 young (40960K), 3 survivors (3072K)
 Metaspace       used 38741K, committed 39168K, reserved 1114112K
  class space    used 4851K, committed 5056K, reserved 1048576K
}
Event: 1.656 GC heap after
{Heap after GC invocations=15 (full 0):
 garbage-first heap   total 95232K, used 36932K [0x00000000c0000000, 0x0000000100000000)
  region size 1024K, 5 young (5120K), 5 survivors (5120K)
 Metaspace       used 38741K, committed 39168K, reserved 1114112K
  class space    used 4851K, committed 5056K, reserved 1048576K
}
Event: 1.681 GC heap before
{Heap before GC invocations=15 (full 0):
 garbage-first heap   total 95232K, used 67652K [0x00000000c0000000, 0x0000000100000000)
  region size 1024K, 35 young (35840K), 5 survivors (5120K)
 Metaspace       used 38968K, committed 39360K, reserved 1114112K
  class space    used 4873K, committed 5056K, reserved 1048576K
}
Event: 1.689 GC heap after
{Heap after GC invocations=16 (full 0):
 garbage-first heap   total 95232K, used 44976K [0x00000000c0000000, 0x0000000100000000)
  region size 1024K, 5 young (5120K), 5 survivors (5120K)
 Metaspace       used 38968K, committed 39360K, reserved 1114112K
  class space    used 4873K, committed 5056K, reserved 1048576K
}
Event: 1.712 GC heap before
{Heap before GC invocations=16 (full 0):
 garbage-first heap   total 95232K, used 69552K [0x00000000c0000000, 0x0000000100000000)
  region size 1024K, 30 young (30720K), 5 survivors (5120K)
 Metaspace       used 39482K, committed 39872K, reserved 1114112K
  class space    used 4925K, committed 5120K, reserved 1048576K
}
Event: 1.717 GC heap after
{Heap after GC invocations=17 (full 0):
 garbage-first heap   total 95232K, used 50176K [0x00000000c0000000, 0x0000000100000000)
  region size 1024K, 4 young (4096K), 4 survivors (4096K)
 Metaspace       used 39482K, committed 39872K, reserved 1114112K
  class space    used 4925K, committed 5120K, reserved 1048576K
}
Event: 1.773 GC heap before
{Heap before GC invocations=17 (full 0):
 garbage-first heap   total 95232K, used 69632K [0x00000000c0000000, 0x0000000100000000)
  region size 1024K, 25 young (25600K), 4 survivors (4096K)
 Metaspace       used 40516K, committed 40960K, reserved 1114112K
  class space    used 4984K, committed 5184K, reserved 1048576K
}

