# JRE version: OpenJDK Runtime Environment Temurin-17.0.7+7 (17.0.7+7) (build 17.0.7+7)
# Java VM: OpenJDK 64-Bit Server VM Temurin-17.0.7+7 (17.0.7+7, mixed mode, emulated-client, tiered, compressed oops, compressed class ptrs, g1 gc, windows-amd64)
GC Precious Log:
 CPUs: 12 total, 12 available
 Memory: 7930M
 Large Page Support: Disabled
 NUMA Support: Disabled
 Compressed Oops: Enabled (32-bit)
 Heap Region Size: 1M
 Heap Min Capacity: 8M
 Heap Initial Capacity: 124M
 Heap Max Capacity: 1G
 Pre-touch: Disabled
 Parallel Workers: 10
 Concurrent Workers: 3
 Concurrent Refinement Workers: 10
 Periodic GC: Disabled
Heap:
 garbage-first heap   total 220160K, used 88033K [0x00000000c0000000, 0x0000000100000000)
  region size 1024K, 8 young (8192K), 8 survivors (8192K)
 Metaspace       used 41636K, committed 42048K, reserved 1114112K
  class space    used 5120K, committed 5312K, reserved 1048576K
GC Heap History (20 events):
Event: 1.553 GC heap after
{Heap after GC invocations=11 (full 0):
 garbage-first heap   total 59392K, used 21707K [0x00000000c0000000, 0x0000000100000000)
  region size 1024K, 4 young (4096K), 4 survivors (4096K)
 Metaspace       used 37983K, committed 38464K, reserved 1114112K
  class space    used 4791K, committed 4992K, reserved 1048576K
}
Event: 1.581 GC heap before
{Heap before GC invocations=11 (full 0):
 garbage-first heap   total 59392K, used 42187K [0x00000000c0000000, 0x0000000100000000)
  region size 1024K, 25 young (25600K), 4 survivors (4096K)
 Metaspace       used 38042K, committed 38464K, reserved 1114112K
  class space    used 4798K, committed 4992K, reserved 1048576K
}
Event: 1.587 GC heap after
{Heap after GC invocations=12 (full 0):
 garbage-first heap   total 59392K, used 26071K [0x00000000c0000000, 0x0000000100000000)
  region size 1024K, 4 young (4096K), 4 survivors (4096K)
 Metaspace       used 38042K, committed 38464K, reserved 1114112K
  class space    used 4798K, committed 4992K, reserved 1048576K
}
Event: 1.608 GC heap before
{Heap before GC invocations=12 (full 0):
 garbage-first heap   total 59392K, used 42455K [0x00000000c0000000, 0x0000000100000000)
  region size 1024K, 21 young (21504K), 4 survivors (4096K)
 Metaspace       used 38268K, committed 38720K, reserved 1114112K
  class space    used 4833K, committed 5056K, reserved 1048576K
}
Event: 1.613 GC heap after
{Heap after GC invocations=13 (full 0):
 garbage-first heap   total 97280K, used 29745K [0x00000000c0000000, 0x0000000100000000)
  region size 1024K, 3 young (3072K), 3 survivors (3072K)
 Metaspace       used 38268K, committed 38720K, reserved 1114112K
  class space    used 4833K, committed 5056K, reserved 1048576K
}
Event: 1.665 GC heap before
{Heap before GC invocations=13 (full 0):
 garbage-first heap   total 97280K, used 67633K [0x00000000c0000000, 0x0000000100000000)
  region size 1024K, 41 young (41984K), 3 survivors (3072K)
 Metaspace       used 39195K, committed 39616K, reserved 1114112K
  class space    used 4901K, committed 5120K, reserved 1048576K
}
Event: 1.671 GC heap after
{Heap after GC invocations=14 (full 0):
 garbage-first heap   total 97280K, used 36175K [0x00000000c0000000, 0x0000000100000000)
  region size 1024K, 6 young (6144K), 6 survivors (6144K)
 Metaspace       used 39195K, committed 39616K, reserved 1114112K
  class space    used 4901K, committed 5120K, reserved 1048576K
}
Event: 1.702 GC heap before
{Heap before GC invocations=14 (full 0):
 garbage-first heap   total 97280K, used 68943K [0x00000000c0000000, 0x0000000100000000)
  region size 1024K, 38 young (38912K), 6 survivors (6144K)
 Metaspace       used 39592K, committed 40000K, reserved 1114112K
  class space    used 4941K, committed 5120K, reserved 1048576K
}
Event: 1.712 GC heap after
{Heap after GC invocations=15 (full 0):
 garbage-first heap   total 97280K, used 44625K [0x00000000c0000000, 0x0000000100000000)
  region size 1024K, 5 young (5120K), 5 survivors (5120K)
 Metaspace       used 39592K, committed 40000K, reserved 1114112K
  class space    used 4941K, committed 5120K, reserved 1048576K
}
Event: 1.738 GC heap before
{Heap before GC invocations=15 (full 0):
 garbage-first heap   total 97280K, used 70225K [0x00000000c0000000, 0x0000000100000000)
  region size 1024K, 30 young (30720K), 5 survivors (5120K)
 Metaspace       used 40147K, committed 40640K, reserved 1114112K
  class space    used 4967K, committed 5184K, reserved 1048576K
}
Event: 1.743 GC heap after
{Heap after GC invocations=16 (full 0):
 garbage-first heap   total 97280K, used 50281K [0x00000000c0000000, 0x0000000100000000)
  region size 1024K, 4 young (4096K), 4 survivors (4096K)
 Metaspace       used 40147K, committed 40640K, reserved 1114112K
  class space    used 4967K, committed 5184K, reserved 1048576K
}
Event: 1.794 GC heap before
{Heap before GC invocations=16 (full 0):
 garbage-first heap   total 97280K, used 68713K [0x00000000c0000000, 0x0000000100000000)
  region size 1024K, 24 young (24576K), 4 survivors (4096K)
 Metaspace       used 41014K, committed 41408K, reserved 1114112K
  class space    used 5035K, committed 5248K, reserved 1048576K
}
Event: 1.798 GC heap after
{Heap after GC invocations=17 (full 0):
 garbage-first heap   total 220160K, used 54395K [0x00000000c0000000, 0x0000000100000000)
  region size 1024K, 4 young (4096K), 4 survivors (4096K)
 Metaspace       used 41014K, committed 41408K, reserved 1114112K
  class space    used 5035K, committed 5248K, reserved 1048576K
}
Event: 1.869 GC heap before
{Heap before GC invocations=17 (full 0):
 garbage-first heap   total 220160K, used 157819K [0x00000000c0000000, 0x0000000100000000)
  region size 1024K, 104 young (106496K), 4 survivors (4096K)
 Metaspace       used 41519K, committed 41920K, reserved 1114112K
  class space    used 5106K, committed 5312K, reserved 1048576K
}
Event: 1.893 GC heap after
{Heap after GC invocations=18 (full 0):
 garbage-first heap   total 220160K, used 73490K [0x00000000c0000000, 0x0000000100000000)
  region size 1024K, 13 young (13312K), 13 survivors (13312K)
 Metaspace       used 41519K, committed 41920K, reserved 1114112K
  class space    used 5106K, committed 5312K, reserved 1048576K
}
Event: 1.910 GC heap before
{Heap before GC invocations=18 (full 0):
 garbage-first heap   total 220160K, used 152338K [0x00000000c0000000, 0x0000000100000000)
  region size 1024K, 91 young (93184K), 13 survivors (13312K)
 Metaspace       used 41536K, committed 41984K, reserved 1114112K
  class space    used 5111K, committed 5312K, reserved 1048576K
}
Event: 1.918 GC heap after
{Heap after GC invocations=19 (full 0):
 garbage-first heap   total 220160K, used 80148K [0x00000000c0000000, 0x0000000100000000)
  region size 1024K, 6 young (6144K), 6 survivors (6144K)
 Metaspace       used 41536K, committed 41984K, reserved 1114112K
  class space    used 5111K, committed 5312K, reserved 1048576K
}
Event: 1.936 GC heap before
{Heap before GC invocations=19 (full 0):
 garbage-first heap   total 220160K, used 160020K [0x00000000c0000000, 0x0000000100000000)
  region size 1024K, 84 young (86016K), 6 survivors (6144K)
 Metaspace       used 41537K, committed 41984K, reserved 1114112K
  class space    used 5112K, committed 5312K, reserved 1048576K
}
Event: 1.940 GC heap after
{Heap after GC invocations=20 (full 0):
 garbage-first heap   total 220160K, used 84151K [0x00000000c0000000, 0x0000000100000000)
  region size 1024K, 9 young (9216K), 9 survivors (9216K)
 Metaspace       used 41537K, committed 41984K, reserved 1114112K
  class space    used 5112K, committed 5312K, reserved 1048576K
}
Event: 1.957 GC heap before
{Heap before GC invocations=20 (full 0):
 garbage-first heap   total 220160K, used 165047K [0x00000000c0000000, 0x0000000100000000)
  region size 1024K, 89 young (91136K), 9 survivors (9216K)
 Metaspace       used 41636K, committed 42048K, reserved 1114112K
  class space    used 5120K, committed 5312K, reserved 1048576K
}

