# JRE version: OpenJDK Runtime Environment Temurin-17.0.7+7 (17.0.7+7) (build 17.0.7+7)
# Java VM: OpenJDK 64-Bit Server VM Temurin-17.0.7+7 (17.0.7+7, mixed mode, emulated-client, tiered, compressed oops, compressed class ptrs, g1 gc, windows-amd64)
GC Precious Log:
 CPUs: 12 total, 12 available
 Memory: 7930M
 Large Page Support: Disabled
 NUMA Support: Disabled
 Compressed Oops: Enabled (32-bit)
 Heap Region Size: 1M
 Heap Min Capacity: 8M
 Heap Initial Capacity: 124M
 Heap Max Capacity: 1G
 Pre-touch: Disabled
 Parallel Workers: 10
 Concurrent Workers: 3
 Concurrent Refinement Workers: 10
 Periodic GC: Disabled
Heap:
 garbage-first heap   total 238592K, used 85388K [0x00000000c0000000, 0x0000000100000000)
  region size 1024K, 9 young (9216K), 9 survivors (9216K)
 Metaspace       used 41513K, committed 41856K, reserved 1114112K
  class space    used 5093K, committed 5248K, reserved 1048576K
GC Heap History (20 events):
Event: 1.572 GC heap after
{Heap after GC invocations=11 (full 0):
 garbage-first heap   total 62464K, used 21487K [0x00000000c0000000, 0x0000000100000000)
  region size 1024K, 4 young (4096K), 4 survivors (4096K)
 Metaspace       used 37915K, committed 38400K, reserved 1114112K
  class space    used 4778K, committed 4992K, reserved 1048576K
}
Event: 1.597 GC heap before
{Heap before GC invocations=11 (full 0):
 garbage-first heap   total 62464K, used 44015K [0x00000000c0000000, 0x0000000100000000)
  region size 1024K, 27 young (27648K), 4 survivors (4096K)
 Metaspace       used 37915K, committed 38400K, reserved 1114112K
  class space    used 4778K, committed 4992K, reserved 1048576K
}
Event: 1.602 GC heap after
{Heap after GC invocations=12 (full 0):
 garbage-first heap   total 62464K, used 25820K [0x00000000c0000000, 0x0000000100000000)
  region size 1024K, 4 young (4096K), 4 survivors (4096K)
 Metaspace       used 37915K, committed 38400K, reserved 1114112K
  class space    used 4778K, committed 4992K, reserved 1048576K
}
Event: 1.631 GC heap before
{Heap before GC invocations=12 (full 0):
 garbage-first heap   total 62464K, used 44252K [0x00000000c0000000, 0x0000000100000000)
  region size 1024K, 23 young (23552K), 4 survivors (4096K)
 Metaspace       used 38119K, committed 38528K, reserved 1114112K
  class space    used 4807K, committed 4992K, reserved 1048576K
}
Event: 1.637 GC heap after
{Heap after GC invocations=13 (full 0):
 garbage-first heap   total 114688K, used 30544K [0x00000000c0000000, 0x0000000100000000)
  region size 1024K, 3 young (3072K), 3 survivors (3072K)
 Metaspace       used 38119K, committed 38528K, reserved 1114112K
  class space    used 4807K, committed 4992K, reserved 1048576K
}
Event: 1.688 GC heap before
{Heap before GC invocations=13 (full 0):
 garbage-first heap   total 114688K, used 79696K [0x00000000c0000000, 0x0000000100000000)
  region size 1024K, 51 young (52224K), 3 survivors (3072K)
 Metaspace       used 38906K, committed 39360K, reserved 1114112K
  class space    used 4863K, committed 5056K, reserved 1048576K
}
Event: 1.698 GC heap after
{Heap after GC invocations=14 (full 0):
 garbage-first heap   total 114688K, used 42101K [0x00000000c0000000, 0x0000000100000000)
  region size 1024K, 7 young (7168K), 7 survivors (7168K)
 Metaspace       used 38906K, committed 39360K, reserved 1114112K
  class space    used 4863K, committed 5056K, reserved 1048576K
}
Event: 1.732 GC heap before
{Heap before GC invocations=14 (full 0):
 garbage-first heap   total 114688K, used 77941K [0x00000000c0000000, 0x0000000100000000)
  region size 1024K, 42 young (43008K), 7 survivors (7168K)
 Metaspace       used 39524K, committed 40000K, reserved 1114112K
  class space    used 4928K, committed 5120K, reserved 1048576K
}
Event: 1.740 GC heap after
{Heap after GC invocations=15 (full 0):
 garbage-first heap   total 114688K, used 48335K [0x00000000c0000000, 0x0000000100000000)
  region size 1024K, 6 young (6144K), 6 survivors (6144K)
 Metaspace       used 39524K, committed 40000K, reserved 1114112K
  class space    used 4928K, committed 5120K, reserved 1048576K
}
Event: 1.815 GC heap before
{Heap before GC invocations=15 (full 0):
 garbage-first heap   total 114688K, used 81103K [0x00000000c0000000, 0x0000000100000000)
  region size 1024K, 38 young (38912K), 6 survivors (6144K)
 Metaspace       used 40895K, committed 41280K, reserved 1114112K
  class space    used 5016K, committed 5184K, reserved 1048576K
}
Event: 1.822 GC heap after
{Heap after GC invocations=16 (full 0):
 garbage-first heap   total 114688K, used 57850K [0x00000000c0000000, 0x0000000100000000)
  region size 1024K, 5 young (5120K), 5 survivors (5120K)
 Metaspace       used 40895K, committed 41280K, reserved 1114112K
  class space    used 5016K, committed 5184K, reserved 1048576K
}
Event: 1.837 GC heap before
{Heap before GC invocations=16 (full 0):
 garbage-first heap   total 114688K, used 67066K [0x00000000c0000000, 0x0000000100000000)
  region size 1024K, 16 young (16384K), 5 survivors (5120K)
 Metaspace       used 41182K, committed 41600K, reserved 1114112K
  class space    used 5048K, committed 5248K, reserved 1048576K
}
Event: 1.842 GC heap after
{Heap after GC invocations=17 (full 0):
 garbage-first heap   total 238592K, used 62983K [0x00000000c0000000, 0x0000000100000000)
  region size 1024K, 4 young (4096K), 4 survivors (4096K)
 Metaspace       used 41182K, committed 41600K, reserved 1114112K
  class space    used 5048K, committed 5248K, reserved 1048576K
}
Event: 1.885 GC heap before
{Heap before GC invocations=17 (full 0):
 garbage-first heap   total 238592K, used 171527K [0x00000000c0000000, 0x0000000100000000)
  region size 1024K, 110 young (112640K), 4 survivors (4096K)
 Metaspace       used 41308K, committed 41728K, reserved 1114112K
  class space    used 5062K, committed 5248K, reserved 1048576K
}
Event: 1.900 GC heap after
{Heap after GC invocations=18 (full 0):
 garbage-first heap   total 238592K, used 72410K [0x00000000c0000000, 0x0000000100000000)
  region size 1024K, 13 young (13312K), 13 survivors (13312K)
 Metaspace       used 41308K, committed 41728K, reserved 1114112K
  class space    used 5062K, committed 5248K, reserved 1048576K
}
Event: 1.924 GC heap before
{Heap before GC invocations=18 (full 0):
 garbage-first heap   total 238592K, used 173786K [0x00000000c0000000, 0x0000000100000000)
  region size 1024K, 113 young (115712K), 13 survivors (13312K)
 Metaspace       used 41386K, committed 41792K, reserved 1114112K
  class space    used 5077K, committed 5248K, reserved 1048576K
}
Event: 1.938 GC heap after
{Heap after GC invocations=19 (full 0):
 garbage-first heap   total 238592K, used 77207K [0x00000000c0000000, 0x0000000100000000)
  region size 1024K, 5 young (5120K), 5 survivors (5120K)
 Metaspace       used 41386K, committed 41792K, reserved 1114112K
  class space    used 5077K, committed 5248K, reserved 1048576K
}
Event: 1.962 GC heap before
{Heap before GC invocations=19 (full 0):
 garbage-first heap   total 238592K, used 179607K [0x00000000c0000000, 0x0000000100000000)
  region size 1024K, 106 young (108544K), 5 survivors (5120K)
 Metaspace       used 41483K, committed 41856K, reserved 1114112K
  class space    used 5088K, committed 5248K, reserved 1048576K
}
Event: 1.965 GC heap after
{Heap after GC invocations=20 (full 0):
 garbage-first heap   total 238592K, used 80575K [0x00000000c0000000, 0x0000000100000000)
  region size 1024K, 9 young (9216K), 9 survivors (9216K)
 Metaspace       used 41483K, committed 41856K, reserved 1114112K
  class space    used 5088K, committed 5248K, reserved 1048576K
}
Event: 1.986 GC heap before
{Heap before GC invocations=20 (full 0):
 garbage-first heap   total 238592K, used 183999K [0x00000000c0000000, 0x0000000100000000)
  region size 1024K, 111 young (113664K), 9 survivors (9216K)
 Metaspace       used 41513K, committed 41856K, reserved 1114112K
  class space    used 5093K, committed 5248K, reserved 1048576K
}

