# JRE version: OpenJDK Runtime Environment Temurin-17.0.7+7 (17.0.7+7) (build 17.0.7+7)
# Java VM: OpenJDK 64-Bit Server VM Temurin-17.0.7+7 (17.0.7+7, mixed mode, emulated-client, tiered, compressed oops, compressed class ptrs, g1 gc, windows-amd64)
GC Precious Log:
 CPUs: 12 total, 12 available
 Memory: 7930M
 Large Page Support: Disabled
 NUMA Support: Disabled
 Compressed Oops: Enabled (32-bit)
 Heap Region Size: 1M
 Heap Min Capacity: 8M
 Heap Initial Capacity: 124M
 Heap Max Capacity: 1G
 Pre-touch: Disabled
 Parallel Workers: 10
 Concurrent Workers: 3
 Concurrent Refinement Workers: 10
 Periodic GC: Disabled
Heap:
 garbage-first heap   total 112640K, used 79175K [0x00000000c0000000, 0x0000000100000000)
  region size 1024K, 22 young (22528K), 4 survivors (4096K)
 Metaspace       used 41300K, committed 41728K, reserved 1114112K
  class space    used 5074K, committed 5248K, reserved 1048576K
GC Heap History (20 events):
Event: 1.298 GC heap before
{Heap before GC invocations=7 (full 0):
 garbage-first heap   total 45056K, used 31582K [0x00000000c0000000, 0x0000000100000000)
  region size 1024K, 18 young (18432K), 3 survivors (3072K)
 Metaspace       used 32802K, committed 33088K, reserved 1114112K
  class space    used 3974K, committed 4096K, reserved 1048576K
}
Event: 1.302 GC heap after
{Heap after GC invocations=8 (full 0):
 garbage-first heap   total 56320K, used 17349K [0x00000000c0000000, 0x0000000100000000)
  region size 1024K, 2 young (2048K), 2 survivors (2048K)
 Metaspace       used 32802K, committed 33088K, reserved 1114112K
  class space    used 3974K, committed 4096K, reserved 1048576K
}
Event: 1.490 GC heap before
{Heap before GC invocations=8 (full 0):
 garbage-first heap   total 56320K, used 33733K [0x00000000c0000000, 0x0000000100000000)
  region size 1024K, 19 young (19456K), 2 survivors (2048K)
 Metaspace       used 35662K, committed 35968K, reserved 1114112K
  class space    used 4410K, committed 4544K, reserved 1048576K
}
Event: 1.492 GC heap after
{Heap after GC invocations=9 (full 0):
 garbage-first heap   total 56320K, used 18585K [0x00000000c0000000, 0x0000000100000000)
  region size 1024K, 3 young (3072K), 3 survivors (3072K)
 Metaspace       used 35662K, committed 35968K, reserved 1114112K
  class space    used 4410K, committed 4544K, reserved 1048576K
}
Event: 1.587 GC heap before
{Heap before GC invocations=10 (full 0):
 garbage-first heap   total 56320K, used 40089K [0x00000000c0000000, 0x0000000100000000)
  region size 1024K, 25 young (25600K), 3 survivors (3072K)
 Metaspace       used 37921K, committed 38400K, reserved 1114112K
  class space    used 4777K, committed 4992K, reserved 1048576K
}
Event: 1.591 GC heap after
{Heap after GC invocations=11 (full 0):
 garbage-first heap   total 56320K, used 21308K [0x00000000c0000000, 0x0000000100000000)
  region size 1024K, 4 young (4096K), 4 survivors (4096K)
 Metaspace       used 37921K, committed 38400K, reserved 1114112K
  class space    used 4777K, committed 4992K, reserved 1048576K
}
Event: 1.618 GC heap before
{Heap before GC invocations=11 (full 0):
 garbage-first heap   total 56320K, used 39740K [0x00000000c0000000, 0x0000000100000000)
  region size 1024K, 23 young (23552K), 4 survivors (4096K)
 Metaspace       used 37933K, committed 38400K, reserved 1114112K
  class space    used 4781K, committed 4992K, reserved 1048576K
}
Event: 1.623 GC heap after
{Heap after GC invocations=12 (full 0):
 garbage-first heap   total 56320K, used 24925K [0x00000000c0000000, 0x0000000100000000)
  region size 1024K, 3 young (3072K), 3 survivors (3072K)
 Metaspace       used 37933K, committed 38400K, reserved 1114112K
  class space    used 4781K, committed 4992K, reserved 1048576K
}
Event: 1.652 GC heap before
{Heap before GC invocations=12 (full 0):
 garbage-first heap   total 56320K, used 40285K [0x00000000c0000000, 0x0000000100000000)
  region size 1024K, 19 young (19456K), 3 survivors (3072K)
 Metaspace       used 37976K, committed 38400K, reserved 1114112K
  class space    used 4794K, committed 4992K, reserved 1048576K
}
Event: 1.656 GC heap after
{Heap after GC invocations=13 (full 0):
 garbage-first heap   total 56320K, used 27920K [0x00000000c0000000, 0x0000000100000000)
  region size 1024K, 3 young (3072K), 3 survivors (3072K)
 Metaspace       used 37976K, committed 38400K, reserved 1114112K
  class space    used 4794K, committed 4992K, reserved 1048576K
}
Event: 1.689 GC heap before
{Heap before GC invocations=13 (full 0):
 garbage-first heap   total 56320K, used 41232K [0x00000000c0000000, 0x0000000100000000)
  region size 1024K, 17 young (17408K), 3 survivors (3072K)
 Metaspace       used 38257K, committed 38720K, reserved 1114112K
  class space    used 4836K, committed 5056K, reserved 1048576K
}
Event: 1.693 GC heap after
{Heap after GC invocations=14 (full 0):
 garbage-first heap   total 112640K, used 31479K [0x00000000c0000000, 0x0000000100000000)
  region size 1024K, 3 young (3072K), 3 survivors (3072K)
 Metaspace       used 38257K, committed 38720K, reserved 1114112K
  class space    used 4836K, committed 5056K, reserved 1048576K
}
Event: 1.752 GC heap before
{Heap before GC invocations=15 (full 0):
 garbage-first heap   total 112640K, used 76535K [0x00000000c0000000, 0x0000000100000000)
  region size 1024K, 47 young (48128K), 3 survivors (3072K)
 Metaspace       used 38856K, committed 39232K, reserved 1114112K
  class space    used 4874K, committed 5056K, reserved 1048576K
}
Event: 1.761 GC heap after
{Heap after GC invocations=16 (full 0):
 garbage-first heap   total 112640K, used 42397K [0x00000000c0000000, 0x0000000100000000)
  region size 1024K, 6 young (6144K), 6 survivors (6144K)
 Metaspace       used 38856K, committed 39232K, reserved 1114112K
  class space    used 4874K, committed 5056K, reserved 1048576K
}
Event: 1.796 GC heap before
{Heap before GC invocations=16 (full 0):
 garbage-first heap   total 112640K, used 76189K [0x00000000c0000000, 0x0000000100000000)
  region size 1024K, 40 young (40960K), 6 survivors (6144K)
 Metaspace       used 39497K, committed 39872K, reserved 1114112K
  class space    used 4937K, committed 5120K, reserved 1048576K
}
Event: 1.804 GC heap after
{Heap after GC invocations=17 (full 0):
 garbage-first heap   total 112640K, used 48097K [0x00000000c0000000, 0x0000000100000000)
  region size 1024K, 5 young (5120K), 5 survivors (5120K)
 Metaspace       used 39497K, committed 39872K, reserved 1114112K
  class space    used 4937K, committed 5120K, reserved 1048576K
}
Event: 1.885 GC heap before
{Heap before GC invocations=17 (full 0):
 garbage-first heap   total 112640K, used 80865K [0x00000000c0000000, 0x0000000100000000)
  region size 1024K, 37 young (37888K), 5 survivors (5120K)
 Metaspace       used 40904K, committed 41280K, reserved 1114112K
  class space    used 5030K, committed 5184K, reserved 1048576K
}
Event: 1.893 GC heap after
{Heap after GC invocations=18 (full 0):
 garbage-first heap   total 112640K, used 57693K [0x00000000c0000000, 0x0000000100000000)
  region size 1024K, 5 young (5120K), 5 survivors (5120K)
 Metaspace       used 40904K, committed 41280K, reserved 1114112K
  class space    used 5030K, committed 5184K, reserved 1048576K
}
Event: 1.910 GC heap before
{Heap before GC invocations=18 (full 0):
 garbage-first heap   total 112640K, used 66909K [0x00000000c0000000, 0x0000000100000000)
  region size 1024K, 16 young (16384K), 5 survivors (5120K)
 Metaspace       used 41191K, committed 41600K, reserved 1114112K
  class space    used 5061K, committed 5248K, reserved 1048576K
}
Event: 1.915 GC heap after
{Heap after GC invocations=19 (full 0):
 garbage-first heap   total 112640K, used 62791K [0x00000000c0000000, 0x0000000100000000)
  region size 1024K, 4 young (4096K), 4 survivors (4096K)
 Metaspace       used 41191K, committed 41600K, reserved 1114112K
  class space    used 5061K, committed 5248K, reserved 1048576K
}

