# JRE version: OpenJDK Runtime Environment Temurin-17.0.7+7 (17.0.7+7) (build 17.0.7+7)
# Java VM: OpenJDK 64-Bit Server VM Temurin-17.0.7+7 (17.0.7+7, mixed mode, emulated-client, tiered, compressed oops, compressed class ptrs, g1 gc, windows-amd64)
GC Precious Log:
 CPUs: 12 total, 12 available
 Memory: 7930M
 Large Page Support: Disabled
 NUMA Support: Disabled
 Compressed Oops: Enabled (32-bit)
 Heap Region Size: 1M
 Heap Min Capacity: 8M
 Heap Initial Capacity: 124M
 Heap Max Capacity: 1G
 Pre-touch: Disabled
 Parallel Workers: 10
 Concurrent Workers: 3
 Concurrent Refinement Workers: 10
 Periodic GC: Disabled
Heap:
 garbage-first heap   total 205824K, used 74854K [0x00000000c0000000, 0x0000000100000000)
  region size 1024K, 6 young (6144K), 6 survivors (6144K)
 Metaspace       used 41436K, committed 41792K, reserved 1114112K
  class space    used 5099K, committed 5248K, reserved 1048576K
GC Heap History (20 events):
Event: 1.718 GC heap after
{Heap after GC invocations=11 (full 0):
 garbage-first heap   total 58368K, used 22043K [0x00000000c0000000, 0x0000000100000000)
  region size 1024K, 4 young (4096K), 4 survivors (4096K)
 Metaspace       used 37920K, committed 38400K, reserved 1114112K
  class space    used 4779K, committed 4992K, reserved 1048576K
}
Event: 1.775 GC heap before
{Heap before GC invocations=11 (full 0):
 garbage-first heap   total 58368K, used 41499K [0x00000000c0000000, 0x0000000100000000)
  region size 1024K, 24 young (24576K), 4 survivors (4096K)
 Metaspace       used 37948K, committed 38400K, reserved 1114112K
  class space    used 4788K, committed 4992K, reserved 1048576K
}
Event: 1.781 GC heap after
{Heap after GC invocations=12 (full 0):
 garbage-first heap   total 58368K, used 25144K [0x00000000c0000000, 0x0000000100000000)
  region size 1024K, 3 young (3072K), 3 survivors (3072K)
 Metaspace       used 37948K, committed 38400K, reserved 1114112K
  class space    used 4788K, committed 4992K, reserved 1048576K
}
Event: 1.806 GC heap before
{Heap before GC invocations=12 (full 0):
 garbage-first heap   total 58368K, used 41528K [0x00000000c0000000, 0x0000000100000000)
  region size 1024K, 20 young (20480K), 3 survivors (3072K)
 Metaspace       used 37996K, committed 38400K, reserved 1114112K
  class space    used 4798K, committed 4992K, reserved 1048576K
}
Event: 1.811 GC heap after
{Heap after GC invocations=13 (full 0):
 garbage-first heap   total 83968K, used 29265K [0x00000000c0000000, 0x0000000100000000)
  region size 1024K, 3 young (3072K), 3 survivors (3072K)
 Metaspace       used 37996K, committed 38400K, reserved 1114112K
  class space    used 4798K, committed 4992K, reserved 1048576K
}
Event: 1.874 GC heap before
{Heap before GC invocations=13 (full 0):
 garbage-first heap   total 83968K, used 58960K [0x00000000c0000000, 0x0000000100000000)
  region size 1024K, 32 young (32768K), 3 survivors (3072K)
 Metaspace       used 38750K, committed 39168K, reserved 1114112K
  class space    used 4859K, committed 5056K, reserved 1048576K
}
Event: 1.879 GC heap after
{Heap after GC invocations=14 (full 0):
 garbage-first heap   total 83968K, used 34260K [0x00000000c0000000, 0x0000000100000000)
  region size 1024K, 4 young (4096K), 4 survivors (4096K)
 Metaspace       used 38750K, committed 39168K, reserved 1114112K
  class space    used 4859K, committed 5056K, reserved 1048576K
}
Event: 1.911 GC heap before
{Heap before GC invocations=14 (full 0):
 garbage-first heap   total 83968K, used 58836K [0x00000000c0000000, 0x0000000100000000)
  region size 1024K, 29 young (29696K), 4 survivors (4096K)
 Metaspace       used 38912K, committed 39296K, reserved 1114112K
  class space    used 4873K, committed 5056K, reserved 1048576K
}
Event: 1.921 GC heap after
{Heap after GC invocations=15 (full 0):
 garbage-first heap   total 83968K, used 42146K [0x00000000c0000000, 0x0000000100000000)
  region size 1024K, 4 young (4096K), 4 survivors (4096K)
 Metaspace       used 38912K, committed 39296K, reserved 1114112K
  class space    used 4873K, committed 5056K, reserved 1048576K
}
Event: 1.946 GC heap before
{Heap before GC invocations=15 (full 0):
 garbage-first heap   total 83968K, used 61602K [0x00000000c0000000, 0x0000000100000000)
  region size 1024K, 23 young (23552K), 4 survivors (4096K)
 Metaspace       used 39259K, committed 39680K, reserved 1114112K
  class space    used 4913K, committed 5120K, reserved 1048576K
}
Event: 1.952 GC heap after
{Heap after GC invocations=16 (full 0):
 garbage-first heap   total 83968K, used 45891K [0x00000000c0000000, 0x0000000100000000)
  region size 1024K, 3 young (3072K), 3 survivors (3072K)
 Metaspace       used 39259K, committed 39680K, reserved 1114112K
  class space    used 4913K, committed 5120K, reserved 1048576K
}
Event: 1.987 GC heap before
{Heap before GC invocations=16 (full 0):
 garbage-first heap   total 102400K, used 62275K [0x00000000c0000000, 0x0000000100000000)
  region size 1024K, 20 young (20480K), 3 survivors (3072K)
 Metaspace       used 39525K, committed 39936K, reserved 1114112K
  class space    used 4938K, committed 5120K, reserved 1048576K
}
Event: 1.992 GC heap after
{Heap after GC invocations=17 (full 0):
 garbage-first heap   total 205824K, used 49158K [0x00000000c0000000, 0x0000000100000000)
  region size 1024K, 3 young (3072K), 3 survivors (3072K)
 Metaspace       used 39525K, committed 39936K, reserved 1114112K
  class space    used 4938K, committed 5120K, reserved 1048576K
}
Event: 2.135 GC heap before
{Heap before GC invocations=18 (full 0):
 garbage-first heap   total 205824K, used 124934K [0x00000000c0000000, 0x0000000100000000)
  region size 1024K, 76 young (77824K), 3 survivors (3072K)
 Metaspace       used 41403K, committed 41792K, reserved 1114112K
  class space    used 5095K, committed 5248K, reserved 1048576K
}
Event: 2.160 GC heap after
{Heap after GC invocations=19 (full 0):
 garbage-first heap   total 205824K, used 68754K [0x00000000c0000000, 0x0000000100000000)
  region size 1024K, 10 young (10240K), 10 survivors (10240K)
 Metaspace       used 41403K, committed 41792K, reserved 1114112K
  class space    used 5095K, committed 5248K, reserved 1048576K
}
Event: 2.161 GC heap before
{Heap before GC invocations=19 (full 0):
 garbage-first heap   total 205824K, used 69778K [0x00000000c0000000, 0x0000000100000000)
  region size 1024K, 11 young (11264K), 10 survivors (10240K)
 Metaspace       used 41405K, committed 41792K, reserved 1114112K
  class space    used 5096K, committed 5248K, reserved 1048576K
}
Event: 2.166 GC heap after
{Heap after GC invocations=20 (full 0):
 garbage-first heap   total 205824K, used 70811K [0x00000000c0000000, 0x0000000100000000)
  region size 1024K, 2 young (2048K), 2 survivors (2048K)
 Metaspace       used 41405K, committed 41792K, reserved 1114112K
  class space    used 5096K, committed 5248K, reserved 1048576K
}
Event: 2.181 GC heap before
{Heap before GC invocations=20 (full 0):
 garbage-first heap   total 205824K, used 126107K [0x00000000c0000000, 0x0000000100000000)
  region size 1024K, 57 young (58368K), 2 survivors (2048K)
 Metaspace       used 41422K, committed 41792K, reserved 1114112K
  class space    used 5096K, committed 5248K, reserved 1048576K
}
Event: 2.183 GC heap after
{Heap after GC invocations=21 (full 0):
 garbage-first heap   total 205824K, used 72200K [0x00000000c0000000, 0x0000000100000000)
  region size 1024K, 3 young (3072K), 3 survivors (3072K)
 Metaspace       used 41422K, committed 41792K, reserved 1114112K
  class space    used 5096K, committed 5248K, reserved 1048576K
}
Event: 2.199 GC heap before
{Heap before GC invocations=21 (full 0):
 garbage-first heap   total 205824K, used 137736K [0x00000000c0000000, 0x0000000100000000)
  region size 1024K, 68 young (69632K), 3 survivors (3072K)
 Metaspace       used 41436K, committed 41792K, reserved 1114112K
  class space    used 5099K, committed 5248K, reserved 1048576K
}

