# JRE version: OpenJDK Runtime Environment Temurin-17.0.7+7 (17.0.7+7) (build 17.0.7+7)
# Java VM: OpenJDK 64-Bit Server VM Temurin-17.0.7+7 (17.0.7+7, mixed mode, emulated-client, tiered, compressed oops, compressed class ptrs, g1 gc, windows-amd64)
GC Precious Log:
 CPUs: 12 total, 12 available
 Memory: 7930M
 Large Page Support: Disabled
 NUMA Support: Disabled
 Compressed Oops: Enabled (32-bit)
 Heap Region Size: 1M
 Heap Min Capacity: 8M
 Heap Initial Capacity: 124M
 Heap Max Capacity: 1G
 Pre-touch: Disabled
 Parallel Workers: 10
 Concurrent Workers: 3
 Concurrent Refinement Workers: 10
 Periodic GC: Disabled
Heap:
 garbage-first heap   total 222208K, used 80064K [0x00000000c0000000, 0x0000000100000000)
  region size 1024K, 9 young (9216K), 9 survivors (9216K)
 Metaspace       used 41506K, committed 41920K, reserved 1114112K
  class space    used 5095K, committed 5248K, reserved 1048576K
GC Heap History (20 events):
Event: 1.557 GC heap after
{Heap after GC invocations=11 (full 0):
 garbage-first heap   total 61440K, used 22846K [0x00000000c0000000, 0x0000000100000000)
  region size 1024K, 4 young (4096K), 4 survivors (4096K)
 Metaspace       used 37941K, committed 38400K, reserved 1114112K
  class space    used 4782K, committed 4992K, reserved 1048576K
}
Event: 1.579 GC heap before
{Heap before GC invocations=11 (full 0):
 garbage-first heap   total 61440K, used 44350K [0x00000000c0000000, 0x0000000100000000)
  region size 1024K, 26 young (26624K), 4 survivors (4096K)
 Metaspace       used 37941K, committed 38400K, reserved 1114112K
  class space    used 4782K, committed 4992K, reserved 1048576K
}
Event: 1.584 GC heap after
{Heap after GC invocations=12 (full 0):
 garbage-first heap   total 61440K, used 25953K [0x00000000c0000000, 0x0000000100000000)
  region size 1024K, 4 young (4096K), 4 survivors (4096K)
 Metaspace       used 37941K, committed 38400K, reserved 1114112K
  class space    used 4782K, committed 4992K, reserved 1048576K
}
Event: 1.611 GC heap before
{Heap before GC invocations=12 (full 0):
 garbage-first heap   total 61440K, used 44385K [0x00000000c0000000, 0x0000000100000000)
  region size 1024K, 23 young (23552K), 4 survivors (4096K)
 Metaspace       used 38111K, committed 38528K, reserved 1114112K
  class space    used 4809K, committed 4992K, reserved 1048576K
}
Event: 1.615 GC heap after
{Heap after GC invocations=13 (full 0):
 garbage-first heap   total 103424K, used 30619K [0x00000000c0000000, 0x0000000100000000)
  region size 1024K, 3 young (3072K), 3 survivors (3072K)
 Metaspace       used 38111K, committed 38528K, reserved 1114112K
  class space    used 4809K, committed 4992K, reserved 1048576K
}
Event: 1.660 GC heap before
{Heap before GC invocations=13 (full 0):
 garbage-first heap   total 103424K, used 70555K [0x00000000c0000000, 0x0000000100000000)
  region size 1024K, 43 young (44032K), 3 survivors (3072K)
 Metaspace       used 38781K, committed 39168K, reserved 1114112K
  class space    used 4861K, committed 5056K, reserved 1048576K
}
Event: 1.668 GC heap after
{Heap after GC invocations=14 (full 0):
 garbage-first heap   total 103424K, used 39438K [0x00000000c0000000, 0x0000000100000000)
  region size 1024K, 6 young (6144K), 6 survivors (6144K)
 Metaspace       used 38781K, committed 39168K, reserved 1114112K
  class space    used 4861K, committed 5056K, reserved 1048576K
}
Event: 1.697 GC heap before
{Heap before GC invocations=14 (full 0):
 garbage-first heap   total 103424K, used 72206K [0x00000000c0000000, 0x0000000100000000)
  region size 1024K, 38 young (38912K), 6 survivors (6144K)
 Metaspace       used 39234K, committed 39680K, reserved 1114112K
  class space    used 4907K, committed 5120K, reserved 1048576K
}
Event: 1.705 GC heap after
{Heap after GC invocations=15 (full 0):
 garbage-first heap   total 103424K, used 46183K [0x00000000c0000000, 0x0000000100000000)
  region size 1024K, 5 young (5120K), 5 survivors (5120K)
 Metaspace       used 39234K, committed 39680K, reserved 1114112K
  class space    used 4907K, committed 5120K, reserved 1048576K
}
Event: 1.769 GC heap before
{Heap before GC invocations=15 (full 0):
 garbage-first heap   total 103424K, used 74855K [0x00000000c0000000, 0x0000000100000000)
  region size 1024K, 33 young (33792K), 5 survivors (5120K)
 Metaspace       used 40507K, committed 40896K, reserved 1114112K
  class space    used 4984K, committed 5184K, reserved 1048576K
}
Event: 1.775 GC heap after
{Heap after GC invocations=16 (full 0):
 garbage-first heap   total 103424K, used 52047K [0x00000000c0000000, 0x0000000100000000)
  region size 1024K, 5 young (5120K), 5 survivors (5120K)
 Metaspace       used 40507K, committed 40896K, reserved 1114112K
  class space    used 4984K, committed 5184K, reserved 1048576K
}
Event: 1.786 GC heap before
{Heap before GC invocations=16 (full 0):
 garbage-first heap   total 103424K, used 59215K [0x00000000c0000000, 0x0000000100000000)
  region size 1024K, 13 young (13312K), 5 survivors (5120K)
 Metaspace       used 40558K, committed 41024K, reserved 1114112K
  class space    used 4988K, committed 5184K, reserved 1048576K
}
Event: 1.790 GC heap after
{Heap after GC invocations=17 (full 0):
 garbage-first heap   total 222208K, used 54460K [0x00000000c0000000, 0x0000000100000000)
  region size 1024K, 3 young (3072K), 3 survivors (3072K)
 Metaspace       used 40558K, committed 41024K, reserved 1114112K
  class space    used 4988K, committed 5184K, reserved 1048576K
}
Event: 1.855 GC heap before
{Heap before GC invocations=17 (full 0):
 garbage-first heap   total 222208K, used 134332K [0x00000000c0000000, 0x0000000100000000)
  region size 1024K, 80 young (81920K), 3 survivors (3072K)
 Metaspace       used 41316K, committed 41728K, reserved 1114112K
  class space    used 5069K, committed 5248K, reserved 1048576K
}
Event: 1.877 GC heap after
{Heap after GC invocations=18 (full 0):
 garbage-first heap   total 222208K, used 70677K [0x00000000c0000000, 0x0000000100000000)
  region size 1024K, 10 young (10240K), 10 survivors (10240K)
 Metaspace       used 41316K, committed 41728K, reserved 1114112K
  class space    used 5069K, committed 5248K, reserved 1048576K
}
Event: 1.892 GC heap before
{Heap before GC invocations=18 (full 0):
 garbage-first heap   total 222208K, used 137237K [0x00000000c0000000, 0x0000000100000000)
  region size 1024K, 76 young (77824K), 10 survivors (10240K)
 Metaspace       used 41359K, committed 41792K, reserved 1114112K
  class space    used 5071K, committed 5248K, reserved 1048576K
}
Event: 1.899 GC heap after
{Heap after GC invocations=19 (full 0):
 garbage-first heap   total 222208K, used 74777K [0x00000000c0000000, 0x0000000100000000)
  region size 1024K, 4 young (4096K), 4 survivors (4096K)
 Metaspace       used 41359K, committed 41792K, reserved 1114112K
  class space    used 5071K, committed 5248K, reserved 1048576K
}
Event: 1.915 GC heap before
{Heap before GC invocations=19 (full 0):
 garbage-first heap   total 222208K, used 146457K [0x00000000c0000000, 0x0000000100000000)
  region size 1024K, 75 young (76800K), 4 survivors (4096K)
 Metaspace       used 41375K, committed 41792K, reserved 1114112K
  class space    used 5078K, committed 5248K, reserved 1048576K
}
Event: 1.917 GC heap after
{Heap after GC invocations=20 (full 0):
 garbage-first heap   total 222208K, used 77005K [0x00000000c0000000, 0x0000000100000000)
  region size 1024K, 6 young (6144K), 6 survivors (6144K)
 Metaspace       used 41375K, committed 41792K, reserved 1114112K
  class space    used 5078K, committed 5248K, reserved 1048576K
}
Event: 1.937 GC heap before
{Heap before GC invocations=20 (full 0):
 garbage-first heap   total 222208K, used 155853K [0x00000000c0000000, 0x0000000100000000)
  region size 1024K, 84 young (86016K), 6 survivors (6144K)
 Metaspace       used 41506K, committed 41920K, reserved 1114112K
  class space    used 5095K, committed 5248K, reserved 1048576K
}

