# JRE version: OpenJDK Runtime Environment Temurin-17.0.7+7 (17.0.7+7) (build 17.0.7+7)
# Java VM: OpenJDK 64-Bit Server VM Temurin-17.0.7+7 (17.0.7+7, mixed mode, emulated-client, tiered, compressed oops, compressed class ptrs, g1 gc, windows-amd64)
GC Precious Log:
 CPUs: 12 total, 12 available
 Memory: 7930M
 Large Page Support: Disabled
 NUMA Support: Disabled
 Compressed Oops: Enabled (32-bit)
 Heap Region Size: 1M
 Heap Min Capacity: 8M
 Heap Initial Capacity: 124M
 Heap Max Capacity: 1G
 Pre-touch: Disabled
 Parallel Workers: 10
 Concurrent Workers: 3
 Concurrent Refinement Workers: 10
 Periodic GC: Disabled
Heap:
 garbage-first heap   total 151552K, used 73885K [0x00000000c0000000, 0x0000000100000000)
  region size 1024K, 4 young (4096K), 4 survivors (4096K)
 Metaspace       used 41343K, committed 41792K, reserved 1114112K
  class space    used 5071K, committed 5248K, reserved 1048576K
GC Heap History (20 events):
Event: 1.193 GC heap after
{Heap after GC invocations=8 (full 0):
 garbage-first heap   total 45056K, used 16559K [0x00000000c0000000, 0x0000000100000000)
  region size 1024K, 3 young (3072K), 3 survivors (3072K)
 Metaspace       used 30454K, committed 30848K, reserved 1114112K
  class space    used 3671K, committed 3840K, reserved 1048576K
}
Event: 1.330 GC heap before
{Heap before GC invocations=8 (full 0):
 garbage-first heap   total 45056K, used 31919K [0x00000000c0000000, 0x0000000100000000)
  region size 1024K, 18 young (18432K), 3 survivors (3072K)
 Metaspace       used 33052K, committed 33344K, reserved 1114112K
  class space    used 4007K, committed 4160K, reserved 1048576K
}
Event: 1.335 GC heap after
{Heap after GC invocations=9 (full 0):
 garbage-first heap   total 90112K, used 18426K [0x00000000c0000000, 0x0000000100000000)
  region size 1024K, 2 young (2048K), 2 survivors (2048K)
 Metaspace       used 33052K, committed 33344K, reserved 1114112K
  class space    used 4007K, committed 4160K, reserved 1048576K
}
Event: 1.508 GC heap before
{Heap before GC invocations=9 (full 0):
 garbage-first heap   total 90112K, used 33786K [0x00000000c0000000, 0x0000000100000000)
  region size 1024K, 18 young (18432K), 2 survivors (2048K)
 Metaspace       used 35663K, committed 35968K, reserved 1114112K
  class space    used 4411K, committed 4544K, reserved 1048576K
}
Event: 1.510 GC heap after
{Heap after GC invocations=10 (full 0):
 garbage-first heap   total 90112K, used 19891K [0x00000000c0000000, 0x0000000100000000)
  region size 1024K, 4 young (4096K), 4 survivors (4096K)
 Metaspace       used 35663K, committed 35968K, reserved 1114112K
  class space    used 4411K, committed 4544K, reserved 1048576K
}
Event: 1.612 GC heap before
{Heap before GC invocations=11 (full 0):
 garbage-first heap   total 75776K, used 56755K [0x00000000c0000000, 0x0000000100000000)
  region size 1024K, 41 young (41984K), 4 survivors (4096K)
 Metaspace       used 37944K, committed 38400K, reserved 1114112K
  class space    used 4782K, committed 4992K, reserved 1048576K
}
Event: 1.619 GC heap after
{Heap after GC invocations=12 (full 0):
 garbage-first heap   total 75776K, used 25101K [0x00000000c0000000, 0x0000000100000000)
  region size 1024K, 6 young (6144K), 6 survivors (6144K)
 Metaspace       used 37944K, committed 38400K, reserved 1114112K
  class space    used 4782K, committed 4992K, reserved 1048576K
}
Event: 1.652 GC heap before
{Heap before GC invocations=12 (full 0):
 garbage-first heap   total 75776K, used 50701K [0x00000000c0000000, 0x0000000100000000)
  region size 1024K, 32 young (32768K), 6 survivors (6144K)
 Metaspace       used 38102K, committed 38528K, reserved 1114112K
  class space    used 4807K, committed 4992K, reserved 1048576K
}
Event: 1.658 GC heap after
{Heap after GC invocations=13 (full 0):
 garbage-first heap   total 75776K, used 30872K [0x00000000c0000000, 0x0000000100000000)
  region size 1024K, 4 young (4096K), 4 survivors (4096K)
 Metaspace       used 38102K, committed 38528K, reserved 1114112K
  class space    used 4807K, committed 4992K, reserved 1048576K
}
Event: 1.684 GC heap before
{Heap before GC invocations=13 (full 0):
 garbage-first heap   total 75776K, used 52376K [0x00000000c0000000, 0x0000000100000000)
  region size 1024K, 26 young (26624K), 4 survivors (4096K)
 Metaspace       used 38493K, committed 38912K, reserved 1114112K
  class space    used 4844K, committed 5056K, reserved 1048576K
}
Event: 1.688 GC heap after
{Heap after GC invocations=14 (full 0):
 garbage-first heap   total 75776K, used 35666K [0x00000000c0000000, 0x0000000100000000)
  region size 1024K, 4 young (4096K), 4 survivors (4096K)
 Metaspace       used 38493K, committed 38912K, reserved 1114112K
  class space    used 4844K, committed 5056K, reserved 1048576K
}
Event: 1.705 GC heap before
{Heap before GC invocations=14 (full 0):
 garbage-first heap   total 75776K, used 55122K [0x00000000c0000000, 0x0000000100000000)
  region size 1024K, 23 young (23552K), 4 survivors (4096K)
 Metaspace       used 38750K, committed 39168K, reserved 1114112K
  class space    used 4853K, committed 5056K, reserved 1048576K
}
Event: 1.711 GC heap after
{Heap after GC invocations=15 (full 0):
 garbage-first heap   total 151552K, used 41511K [0x00000000c0000000, 0x0000000100000000)
  region size 1024K, 3 young (3072K), 3 survivors (3072K)
 Metaspace       used 38750K, committed 39168K, reserved 1114112K
  class space    used 4853K, committed 5056K, reserved 1048576K
}
Event: 1.805 GC heap before
{Heap before GC invocations=15 (full 0):
 garbage-first heap   total 151552K, used 102951K [0x00000000c0000000, 0x0000000100000000)
  region size 1024K, 64 young (65536K), 3 survivors (3072K)
 Metaspace       used 40481K, committed 40896K, reserved 1114112K
  class space    used 4977K, committed 5184K, reserved 1048576K
}
Event: 1.814 GC heap after
{Heap after GC invocations=16 (full 0):
 garbage-first heap   total 151552K, used 51981K [0x00000000c0000000, 0x0000000100000000)
  region size 1024K, 8 young (8192K), 8 survivors (8192K)
 Metaspace       used 40481K, committed 40896K, reserved 1114112K
  class space    used 4977K, committed 5184K, reserved 1048576K
}
Event: 1.880 GC heap before
{Heap before GC invocations=16 (full 0):
 garbage-first heap   total 151552K, used 106253K [0x00000000c0000000, 0x0000000100000000)
  region size 1024K, 60 young (61440K), 8 survivors (8192K)
 Metaspace       used 41281K, committed 41728K, reserved 1114112K
  class space    used 5062K, committed 5248K, reserved 1048576K
}
Event: 1.906 GC heap after
{Heap after GC invocations=17 (full 0):
 garbage-first heap   total 151552K, used 69491K [0x00000000c0000000, 0x0000000100000000)
  region size 1024K, 8 young (8192K), 8 survivors (8192K)
 Metaspace       used 41281K, committed 41728K, reserved 1114112K
  class space    used 5062K, committed 5248K, reserved 1048576K
}
Event: 1.914 GC heap before
{Heap before GC invocations=17 (full 0):
 garbage-first heap   total 151552K, used 107379K [0x00000000c0000000, 0x0000000100000000)
  region size 1024K, 46 young (47104K), 8 survivors (8192K)
 Metaspace       used 41291K, committed 41728K, reserved 1114112K
  class space    used 5062K, committed 5248K, reserved 1048576K
}
Event: 1.919 GC heap after
{Heap after GC invocations=18 (full 0):
 garbage-first heap   total 151552K, used 72959K [0x00000000c0000000, 0x0000000100000000)
  region size 1024K, 3 young (3072K), 3 survivors (3072K)
 Metaspace       used 41291K, committed 41728K, reserved 1114112K
  class space    used 5062K, committed 5248K, reserved 1048576K
}
Event: 1.929 GC heap before
{Heap before GC invocations=18 (full 0):
 garbage-first heap   total 151552K, used 111871K [0x00000000c0000000, 0x0000000100000000)
  region size 1024K, 42 young (43008K), 3 survivors (3072K)
 Metaspace       used 41343K, committed 41792K, reserved 1114112K
  class space    used 5071K, committed 5248K, reserved 1048576K
}

