# JRE version: OpenJDK Runtime Environment Temurin-17.0.7+7 (17.0.7+7) (build 17.0.7+7)
# Java VM: OpenJDK 64-Bit Server VM Temurin-17.0.7+7 (17.0.7+7, mixed mode, emulated-client, tiered, compressed oops, compressed class ptrs, g1 gc, windows-amd64)
GC Precious Log:
 CPUs: 12 total, 12 available
 Memory: 7930M
 Large Page Support: Disabled
 NUMA Support: Disabled
 Compressed Oops: Enabled (32-bit)
 Heap Region Size: 1M
 Heap Min Capacity: 8M
 Heap Initial Capacity: 124M
 Heap Max Capacity: 1G
 Pre-touch: Disabled
 Parallel Workers: 10
 Concurrent Workers: 3
 Concurrent Refinement Workers: 10
 Periodic GC: Disabled
Heap:
 garbage-first heap   total 178176K, used 52744K [0x00000000c0000000, 0x0000000100000000)
  region size 1024K, 1 young (1024K), 0 survivors (0K)
 Metaspace       used 62329K, committed 63104K, reserved 1114112K
  class space    used 8262K, committed 8576K, reserved 1048576K
GC Heap History (20 events):
Event: 3982.104 GC heap before
{Heap before GC invocations=428 (full 377):
 garbage-first heap   total 181248K, used 52730K [0x00000000c0000000, 0x0000000100000000)
  region size 1024K, 1 young (1024K), 0 survivors (0K)
 Metaspace       used 62312K, committed 63104K, reserved 1114112K
  class space    used 8259K, committed 8576K, reserved 1048576K
}
Event: 3982.145 GC heap after
{Heap after GC invocations=429 (full 378):
 garbage-first heap   total 178176K, used 52730K [0x00000000c0000000, 0x0000000100000000)
  region size 1024K, 0 young (0K), 0 survivors (0K)
 Metaspace       used 62312K, committed 63104K, reserved 1114112K
  class space    used 8259K, committed 8576K, reserved 1048576K
}
Event: 3992.313 GC heap before
{Heap before GC invocations=429 (full 378):
 garbage-first heap   total 178176K, used 52730K [0x00000000c0000000, 0x0000000100000000)
  region size 1024K, 1 young (1024K), 0 survivors (0K)
 Metaspace       used 62312K, committed 63104K, reserved 1114112K
  class space    used 8259K, committed 8576K, reserved 1048576K
}
Event: 3992.350 GC heap after
{Heap after GC invocations=430 (full 379):
 garbage-first heap   total 178176K, used 52730K [0x00000000c0000000, 0x0000000100000000)
  region size 1024K, 0 young (0K), 0 survivors (0K)
 Metaspace       used 62312K, committed 63104K, reserved 1114112K
  class space    used 8259K, committed 8576K, reserved 1048576K
}
Event: 4002.526 GC heap before
{Heap before GC invocations=430 (full 379):
 garbage-first heap   total 178176K, used 52730K [0x00000000c0000000, 0x0000000100000000)
  region size 1024K, 1 young (1024K), 0 survivors (0K)
 Metaspace       used 62312K, committed 63104K, reserved 1114112K
  class space    used 8259K, committed 8576K, reserved 1048576K
}
Event: 4002.559 GC heap after
{Heap after GC invocations=431 (full 380):
 garbage-first heap   total 178176K, used 52730K [0x00000000c0000000, 0x0000000100000000)
  region size 1024K, 0 young (0K), 0 survivors (0K)
 Metaspace       used 62312K, committed 63104K, reserved 1114112K
  class space    used 8259K, committed 8576K, reserved 1048576K
}
Event: 4012.801 GC heap before
{Heap before GC invocations=431 (full 380):
 garbage-first heap   total 178176K, used 52730K [0x00000000c0000000, 0x0000000100000000)
  region size 1024K, 1 young (1024K), 0 survivors (0K)
 Metaspace       used 62312K, committed 63104K, reserved 1114112K
  class space    used 8259K, committed 8576K, reserved 1048576K
}
Event: 4012.857 GC heap after
{Heap after GC invocations=432 (full 381):
 garbage-first heap   total 178176K, used 52730K [0x00000000c0000000, 0x0000000100000000)
  region size 1024K, 0 young (0K), 0 survivors (0K)
 Metaspace       used 62312K, committed 63104K, reserved 1114112K
  class space    used 8259K, committed 8576K, reserved 1048576K
}
Event: 4023.034 GC heap before
{Heap before GC invocations=432 (full 381):
 garbage-first heap   total 178176K, used 52730K [0x00000000c0000000, 0x0000000100000000)
  region size 1024K, 1 young (1024K), 0 survivors (0K)
 Metaspace       used 62312K, committed 63104K, reserved 1114112K
  class space    used 8259K, committed 8576K, reserved 1048576K
}
Event: 4023.069 GC heap after
{Heap after GC invocations=433 (full 382):
 garbage-first heap   total 178176K, used 52730K [0x00000000c0000000, 0x0000000100000000)
  region size 1024K, 0 young (0K), 0 survivors (0K)
 Metaspace       used 62312K, committed 63104K, reserved 1114112K
  class space    used 8259K, committed 8576K, reserved 1048576K
}
Event: 4033.225 GC heap before
{Heap before GC invocations=433 (full 382):
 garbage-first heap   total 178176K, used 52730K [0x00000000c0000000, 0x0000000100000000)
  region size 1024K, 1 young (1024K), 0 survivors (0K)
 Metaspace       used 62312K, committed 63104K, reserved 1114112K
  class space    used 8259K, committed 8576K, reserved 1048576K
}
Event: 4033.258 GC heap after
{Heap after GC invocations=434 (full 383):
 garbage-first heap   total 178176K, used 52730K [0x00000000c0000000, 0x0000000100000000)
  region size 1024K, 0 young (0K), 0 survivors (0K)
 Metaspace       used 62312K, committed 63104K, reserved 1114112K
  class space    used 8259K, committed 8576K, reserved 1048576K
}
Event: 4043.564 GC heap before
{Heap before GC invocations=434 (full 383):
 garbage-first heap   total 178176K, used 52730K [0x00000000c0000000, 0x0000000100000000)
  region size 1024K, 1 young (1024K), 0 survivors (0K)
 Metaspace       used 62312K, committed 63104K, reserved 1114112K
  class space    used 8259K, committed 8576K, reserved 1048576K
}
Event: 4043.629 GC heap after
{Heap after GC invocations=435 (full 384):
 garbage-first heap   total 178176K, used 52730K [0x00000000c0000000, 0x0000000100000000)
  region size 1024K, 0 young (0K), 0 survivors (0K)
 Metaspace       used 62312K, committed 63104K, reserved 1114112K
  class space    used 8259K, committed 8576K, reserved 1048576K
}
Event: 4064.231 GC heap before
{Heap before GC invocations=435 (full 384):
 garbage-first heap   total 178176K, used 52730K [0x00000000c0000000, 0x0000000100000000)
  region size 1024K, 1 young (1024K), 0 survivors (0K)
 Metaspace       used 62329K, committed 63104K, reserved 1114112K
  class space    used 8262K, committed 8576K, reserved 1048576K
}
Event: 4064.269 GC heap after
{Heap after GC invocations=436 (full 385):
 garbage-first heap   total 178176K, used 52744K [0x00000000c0000000, 0x0000000100000000)
  region size 1024K, 0 young (0K), 0 survivors (0K)
 Metaspace       used 62329K, committed 63104K, reserved 1114112K
  class space    used 8262K, committed 8576K, reserved 1048576K
}
Event: 4074.427 GC heap before
{Heap before GC invocations=436 (full 385):
 garbage-first heap   total 178176K, used 52744K [0x00000000c0000000, 0x0000000100000000)
  region size 1024K, 1 young (1024K), 0 survivors (0K)
 Metaspace       used 62329K, committed 63104K, reserved 1114112K
  class space    used 8262K, committed 8576K, reserved 1048576K
}
Event: 4074.453 GC heap after
{Heap after GC invocations=437 (full 386):
 garbage-first heap   total 178176K, used 52744K [0x00000000c0000000, 0x0000000100000000)
  region size 1024K, 0 young (0K), 0 survivors (0K)
 Metaspace       used 62329K, committed 63104K, reserved 1114112K
  class space    used 8262K, committed 8576K, reserved 1048576K
}
Event: 4084.872 GC heap before
{Heap before GC invocations=437 (full 386):
 garbage-first heap   total 178176K, used 52744K [0x00000000c0000000, 0x0000000100000000)
  region size 1024K, 1 young (1024K), 0 survivors (0K)
 Metaspace       used 62329K, committed 63104K, reserved 1114112K
  class space    used 8262K, committed 8576K, reserved 1048576K
}
Event: 4084.956 GC heap after
{Heap after GC invocations=438 (full 387):
 garbage-first heap   total 178176K, used 52744K [0x00000000c0000000, 0x0000000100000000)
  region size 1024K, 0 young (0K), 0 survivors (0K)
 Metaspace       used 62329K, committed 63104K, reserved 1114112K
  class space    used 8262K, committed 8576K, reserved 1048576K
}

