# JRE version: OpenJDK Runtime Environment Temurin-17.0.7+7 (17.0.7+7) (build 17.0.7+7)
# Java VM: OpenJDK 64-Bit Server VM Temurin-17.0.7+7 (17.0.7+7, mixed mode, emulated-client, tiered, compressed oops, compressed class ptrs, g1 gc, windows-amd64)
GC Precious Log:
 CPUs: 12 total, 12 available
 Memory: 7930M
 Large Page Support: Disabled
 NUMA Support: Disabled
 Compressed Oops: Enabled (32-bit)
 Heap Region Size: 1M
 Heap Min Capacity: 8M
 Heap Initial Capacity: 124M
 Heap Max Capacity: 1G
 Pre-touch: Disabled
 Parallel Workers: 10
 Concurrent Workers: 3
 Concurrent Refinement Workers: 10
 Periodic GC: Disabled
Heap:
 garbage-first heap   total 126976K, used 54201K [0x00000000c0000000, 0x0000000100000000)
  region size 1024K, 2 young (2048K), 2 survivors (2048K)
 Metaspace       used 40739K, committed 41152K, reserved 1114112K
  class space    used 5012K, committed 5184K, reserved 1048576K
GC Heap History (20 events):
Event: 0.992 GC heap after
{Heap after GC invocations=6 (full 0):
 garbage-first heap   total 48128K, used 14279K [0x00000000c0000000, 0x0000000100000000)
  region size 1024K, 3 young (3072K), 3 survivors (3072K)
 Metaspace       used 28234K, committed 28480K, reserved 1114112K
  class space    used 3361K, committed 3456K, reserved 1048576K
}
Event: 1.167 GC heap before
{Heap before GC invocations=6 (full 0):
 garbage-first heap   total 48128K, used 32711K [0x00000000c0000000, 0x0000000100000000)
  region size 1024K, 21 young (21504K), 3 survivors (3072K)
 Metaspace       used 30759K, committed 31104K, reserved 1114112K
  class space    used 3721K, committed 3840K, reserved 1048576K
}
Event: 1.172 GC heap after
{Heap after GC invocations=7 (full 0):
 garbage-first heap   total 60416K, used 16057K [0x00000000c0000000, 0x0000000100000000)
  region size 1024K, 3 young (3072K), 3 survivors (3072K)
 Metaspace       used 30759K, committed 31104K, reserved 1114112K
  class space    used 3721K, committed 3840K, reserved 1048576K
}
Event: 1.416 GC heap before
{Heap before GC invocations=7 (full 0):
 garbage-first heap   total 60416K, used 39609K [0x00000000c0000000, 0x0000000100000000)
  region size 1024K, 27 young (27648K), 3 survivors (3072K)
 Metaspace       used 35063K, committed 35456K, reserved 1114112K
  class space    used 4325K, committed 4480K, reserved 1048576K
}
Event: 1.419 GC heap after
{Heap after GC invocations=8 (full 0):
 garbage-first heap   total 60416K, used 18360K [0x00000000c0000000, 0x0000000100000000)
  region size 1024K, 4 young (4096K), 4 survivors (4096K)
 Metaspace       used 35063K, committed 35456K, reserved 1114112K
  class space    used 4325K, committed 4480K, reserved 1048576K
}
Event: 1.463 GC heap before
{Heap before GC invocations=8 (full 0):
 garbage-first heap   total 60416K, used 22456K [0x00000000c0000000, 0x0000000100000000)
  region size 1024K, 9 young (9216K), 4 survivors (4096K)
 Metaspace       used 35667K, committed 35968K, reserved 1114112K
  class space    used 4416K, committed 4544K, reserved 1048576K
}
Event: 1.465 GC heap after
{Heap after GC invocations=9 (full 0):
 garbage-first heap   total 60416K, used 19012K [0x00000000c0000000, 0x0000000100000000)
  region size 1024K, 3 young (3072K), 3 survivors (3072K)
 Metaspace       used 35667K, committed 35968K, reserved 1114112K
  class space    used 4416K, committed 4544K, reserved 1048576K
}
Event: 1.557 GC heap before
{Heap before GC invocations=10 (full 0):
 garbage-first heap   total 60416K, used 43588K [0x00000000c0000000, 0x0000000100000000)
  region size 1024K, 27 young (27648K), 3 survivors (3072K)
 Metaspace       used 37985K, committed 38464K, reserved 1114112K
  class space    used 4794K, committed 4992K, reserved 1048576K
}
Event: 1.561 GC heap after
{Heap after GC invocations=11 (full 0):
 garbage-first heap   total 60416K, used 22145K [0x00000000c0000000, 0x0000000100000000)
  region size 1024K, 4 young (4096K), 4 survivors (4096K)
 Metaspace       used 37985K, committed 38464K, reserved 1114112K
  class space    used 4794K, committed 4992K, reserved 1048576K
}
Event: 1.585 GC heap before
{Heap before GC invocations=11 (full 0):
 garbage-first heap   total 60416K, used 42625K [0x00000000c0000000, 0x0000000100000000)
  region size 1024K, 25 young (25600K), 4 survivors (4096K)
 Metaspace       used 37985K, committed 38464K, reserved 1114112K
  class space    used 4794K, committed 4992K, reserved 1048576K
}
Event: 1.591 GC heap after
{Heap after GC invocations=12 (full 0):
 garbage-first heap   total 60416K, used 25815K [0x00000000c0000000, 0x0000000100000000)
  region size 1024K, 4 young (4096K), 4 survivors (4096K)
 Metaspace       used 37985K, committed 38464K, reserved 1114112K
  class space    used 4794K, committed 4992K, reserved 1048576K
}
Event: 1.618 GC heap before
{Heap before GC invocations=12 (full 0):
 garbage-first heap   total 60416K, used 43223K [0x00000000c0000000, 0x0000000100000000)
  region size 1024K, 22 young (22528K), 4 survivors (4096K)
 Metaspace       used 38169K, committed 38656K, reserved 1114112K
  class space    used 4823K, committed 5056K, reserved 1048576K
}
Event: 1.623 GC heap after
{Heap after GC invocations=13 (full 0):
 garbage-first heap   total 106496K, used 30301K [0x00000000c0000000, 0x0000000100000000)
  region size 1024K, 3 young (3072K), 3 survivors (3072K)
 Metaspace       used 38169K, committed 38656K, reserved 1114112K
  class space    used 4823K, committed 5056K, reserved 1048576K
}
Event: 1.674 GC heap before
{Heap before GC invocations=13 (full 0):
 garbage-first heap   total 106496K, used 72285K [0x00000000c0000000, 0x0000000100000000)
  region size 1024K, 45 young (46080K), 3 survivors (3072K)
 Metaspace       used 38947K, committed 39360K, reserved 1114112K
  class space    used 4877K, committed 5056K, reserved 1048576K
}
Event: 1.681 GC heap after
{Heap after GC invocations=14 (full 0):
 garbage-first heap   total 106496K, used 38504K [0x00000000c0000000, 0x0000000100000000)
  region size 1024K, 6 young (6144K), 6 survivors (6144K)
 Metaspace       used 38947K, committed 39360K, reserved 1114112K
  class space    used 4877K, committed 5056K, reserved 1048576K
}
Event: 1.718 GC heap before
{Heap before GC invocations=14 (full 0):
 garbage-first heap   total 106496K, used 74344K [0x00000000c0000000, 0x0000000100000000)
  region size 1024K, 41 young (41984K), 6 survivors (6144K)
 Metaspace       used 39475K, committed 39872K, reserved 1114112K
  class space    used 4936K, committed 5120K, reserved 1048576K
}
Event: 1.727 GC heap after
{Heap after GC invocations=15 (full 0):
 garbage-first heap   total 106496K, used 46248K [0x00000000c0000000, 0x0000000100000000)
  region size 1024K, 6 young (6144K), 6 survivors (6144K)
 Metaspace       used 39475K, committed 39872K, reserved 1114112K
  class space    used 4936K, committed 5120K, reserved 1048576K
}
Event: 1.791 GC heap before
{Heap before GC invocations=15 (full 0):
 garbage-first heap   total 106496K, used 75944K [0x00000000c0000000, 0x0000000100000000)
  region size 1024K, 36 young (36864K), 6 survivors (6144K)
 Metaspace       used 40573K, committed 41024K, reserved 1114112K
  class space    used 4999K, committed 5184K, reserved 1048576K
}
Event: 1.797 GC heap after
{Heap after GC invocations=16 (full 0):
 garbage-first heap   total 106496K, used 52285K [0x00000000c0000000, 0x0000000100000000)
  region size 1024K, 5 young (5120K), 5 survivors (5120K)
 Metaspace       used 40573K, committed 41024K, reserved 1114112K
  class space    used 4999K, committed 5184K, reserved 1048576K
}
Event: 1.805 GC heap before
{Heap before GC invocations=16 (full 0):
 garbage-first heap   total 106496K, used 55357K [0x00000000c0000000, 0x0000000100000000)
  region size 1024K, 9 young (9216K), 5 survivors (5120K)
 Metaspace       used 40739K, committed 41152K, reserved 1114112K
  class space    used 5012K, committed 5184K, reserved 1048576K
}

