# JRE version: OpenJDK Runtime Environment Temurin-17.0.7+7 (17.0.7+7) (build 17.0.7+7)
# Java VM: OpenJDK 64-Bit Server VM Temurin-17.0.7+7 (17.0.7+7, mixed mode, emulated-client, tiered, compressed oops, compressed class ptrs, g1 gc, windows-amd64)
GC Precious Log:
 CPUs: 12 total, 12 available
 Memory: 7930M
 Large Page Support: Disabled
 NUMA Support: Disabled
 Compressed Oops: Enabled (32-bit)
 Heap Region Size: 1M
 Heap Min Capacity: 8M
 Heap Initial Capacity: 124M
 Heap Max Capacity: 1G
 Pre-touch: Disabled
 Parallel Workers: 10
 Concurrent Workers: 3
 Concurrent Refinement Workers: 10
 Periodic GC: Disabled
Heap:
 garbage-first heap   total 235520K, used 89064K [0x00000000c0000000, 0x0000000100000000)
  region size 1024K, 8 young (8192K), 8 survivors (8192K)
 Metaspace       used 41612K, committed 42112K, reserved 1114112K
  class space    used 5115K, committed 5312K, reserved 1048576K
GC Heap History (20 events):
Event: 1.542 GC heap after
{Heap after GC invocations=11 (full 0):
 garbage-first heap   total 59392K, used 21843K [0x00000000c0000000, 0x0000000100000000)
  region size 1024K, 4 young (4096K), 4 survivors (4096K)
 Metaspace       used 37912K, committed 38400K, reserved 1114112K
  class space    used 4774K, committed 4992K, reserved 1048576K
}
Event: 1.562 GC heap before
{Heap before GC invocations=11 (full 0):
 garbage-first heap   total 59392K, used 41299K [0x00000000c0000000, 0x0000000100000000)
  region size 1024K, 24 young (24576K), 4 survivors (4096K)
 Metaspace       used 37912K, committed 38400K, reserved 1114112K
  class space    used 4774K, committed 4992K, reserved 1048576K
}
Event: 1.568 GC heap after
{Heap after GC invocations=12 (full 0):
 garbage-first heap   total 59392K, used 27018K [0x00000000c0000000, 0x0000000100000000)
  region size 1024K, 3 young (3072K), 3 survivors (3072K)
 Metaspace       used 37912K, committed 38400K, reserved 1114112K
  class space    used 4774K, committed 4992K, reserved 1048576K
}
Event: 1.581 GC heap before
{Heap before GC invocations=12 (full 0):
 garbage-first heap   total 59392K, used 41354K [0x00000000c0000000, 0x0000000100000000)
  region size 1024K, 18 young (18432K), 3 survivors (3072K)
 Metaspace       used 37966K, committed 38400K, reserved 1114112K
  class space    used 4785K, committed 4992K, reserved 1048576K
}
Event: 1.585 GC heap after
{Heap after GC invocations=13 (full 0):
 garbage-first heap   total 105472K, used 29681K [0x00000000c0000000, 0x0000000100000000)
  region size 1024K, 3 young (3072K), 3 survivors (3072K)
 Metaspace       used 37966K, committed 38400K, reserved 1114112K
  class space    used 4785K, committed 4992K, reserved 1048576K
}
Event: 1.643 GC heap before
{Heap before GC invocations=13 (full 0):
 garbage-first heap   total 105472K, used 70641K [0x00000000c0000000, 0x0000000100000000)
  region size 1024K, 44 young (45056K), 3 survivors (3072K)
 Metaspace       used 39020K, committed 39424K, reserved 1114112K
  class space    used 4876K, committed 5056K, reserved 1048576K
}
Event: 1.649 GC heap after
{Heap after GC invocations=14 (full 0):
 garbage-first heap   total 105472K, used 36192K [0x00000000c0000000, 0x0000000100000000)
  region size 1024K, 6 young (6144K), 6 survivors (6144K)
 Metaspace       used 39020K, committed 39424K, reserved 1114112K
  class space    used 4876K, committed 5056K, reserved 1048576K
}
Event: 1.679 GC heap before
{Heap before GC invocations=14 (full 0):
 garbage-first heap   total 105472K, used 72032K [0x00000000c0000000, 0x0000000100000000)
  region size 1024K, 41 young (41984K), 6 survivors (6144K)
 Metaspace       used 39498K, committed 39936K, reserved 1114112K
  class space    used 4925K, committed 5120K, reserved 1048576K
}
Event: 1.689 GC heap after
{Heap after GC invocations=15 (full 0):
 garbage-first heap   total 105472K, used 45295K [0x00000000c0000000, 0x0000000100000000)
  region size 1024K, 6 young (6144K), 6 survivors (6144K)
 Metaspace       used 39498K, committed 39936K, reserved 1114112K
  class space    used 4925K, committed 5120K, reserved 1048576K
}
Event: 1.735 GC heap before
{Heap before GC invocations=15 (full 0):
 garbage-first heap   total 105472K, used 73967K [0x00000000c0000000, 0x0000000100000000)
  region size 1024K, 35 young (35840K), 6 survivors (6144K)
 Metaspace       used 40479K, committed 40896K, reserved 1114112K
  class space    used 4977K, committed 5184K, reserved 1048576K
}
Event: 1.741 GC heap after
{Heap after GC invocations=16 (full 0):
 garbage-first heap   total 105472K, used 51726K [0x00000000c0000000, 0x0000000100000000)
  region size 1024K, 5 young (5120K), 5 survivors (5120K)
 Metaspace       used 40479K, committed 40896K, reserved 1114112K
  class space    used 4977K, committed 5184K, reserved 1048576K
}
Event: 1.772 GC heap before
{Heap before GC invocations=16 (full 0):
 garbage-first heap   total 105472K, used 62990K [0x00000000c0000000, 0x0000000100000000)
  region size 1024K, 17 young (17408K), 5 survivors (5120K)
 Metaspace       used 41011K, committed 41344K, reserved 1114112K
  class space    used 5028K, committed 5184K, reserved 1048576K
}
Event: 1.776 GC heap after
{Heap after GC invocations=17 (full 0):
 garbage-first heap   total 235520K, used 54501K [0x00000000c0000000, 0x0000000100000000)
  region size 1024K, 3 young (3072K), 3 survivors (3072K)
 Metaspace       used 41011K, committed 41344K, reserved 1114112K
  class space    used 5028K, committed 5184K, reserved 1048576K
}
Event: 1.847 GC heap before
{Heap before GC invocations=17 (full 0):
 garbage-first heap   total 235520K, used 164069K [0x00000000c0000000, 0x0000000100000000)
  region size 1024K, 108 young (110592K), 3 survivors (3072K)
 Metaspace       used 41463K, committed 41856K, reserved 1114112K
  class space    used 5095K, committed 5248K, reserved 1048576K
}
Event: 1.870 GC heap after
{Heap after GC invocations=18 (full 0):
 garbage-first heap   total 235520K, used 77325K [0x00000000c0000000, 0x0000000100000000)
  region size 1024K, 14 young (14336K), 14 survivors (14336K)
 Metaspace       used 41463K, committed 41856K, reserved 1114112K
  class space    used 5095K, committed 5248K, reserved 1048576K
}
Event: 1.887 GC heap before
{Heap before GC invocations=18 (full 0):
 garbage-first heap   total 235520K, used 161293K [0x00000000c0000000, 0x0000000100000000)
  region size 1024K, 97 young (99328K), 14 survivors (14336K)
 Metaspace       used 41516K, committed 41856K, reserved 1114112K
  class space    used 5100K, committed 5248K, reserved 1048576K
}
Event: 1.895 GC heap after
{Heap after GC invocations=19 (full 0):
 garbage-first heap   total 235520K, used 82134K [0x00000000c0000000, 0x0000000100000000)
  region size 1024K, 5 young (5120K), 5 survivors (5120K)
 Metaspace       used 41516K, committed 41856K, reserved 1114112K
  class space    used 5100K, committed 5248K, reserved 1048576K
}
Event: 1.912 GC heap before
{Heap before GC invocations=19 (full 0):
 garbage-first heap   total 235520K, used 167126K [0x00000000c0000000, 0x0000000100000000)
  region size 1024K, 89 young (91136K), 5 survivors (5120K)
 Metaspace       used 41534K, committed 41984K, reserved 1114112K
  class space    used 5103K, committed 5312K, reserved 1048576K
}
Event: 1.916 GC heap after
{Heap after GC invocations=20 (full 0):
 garbage-first heap   total 235520K, used 84879K [0x00000000c0000000, 0x0000000100000000)
  region size 1024K, 7 young (7168K), 7 survivors (7168K)
 Metaspace       used 41534K, committed 41984K, reserved 1114112K
  class space    used 5103K, committed 5312K, reserved 1048576K
}
Event: 1.938 GC heap before
{Heap before GC invocations=20 (full 0):
 garbage-first heap   total 235520K, used 173967K [0x00000000c0000000, 0x0000000100000000)
  region size 1024K, 95 young (97280K), 7 survivors (7168K)
 Metaspace       used 41612K, committed 42112K, reserved 1114112K
  class space    used 5115K, committed 5312K, reserved 1048576K
}

