# JRE version: OpenJDK Runtime Environment Temurin-17.0.7+7 (17.0.7+7) (build 17.0.7+7)
# Java VM: OpenJDK 64-Bit Server VM Temurin-17.0.7+7 (17.0.7+7, mixed mode, emulated-client, tiered, compressed oops, compressed class ptrs, g1 gc, windows-amd64)
GC Precious Log:
 CPUs: 12 total, 12 available
 Memory: 7930M
 Large Page Support: Disabled
 NUMA Support: Disabled
 Compressed Oops: Enabled (32-bit)
 Heap Region Size: 1M
 Heap Min Capacity: 8M
 Heap Initial Capacity: 124M
 Heap Max Capacity: 1G
 Pre-touch: Disabled
 Parallel Workers: 10
 Concurrent Workers: 3
 Concurrent Refinement Workers: 10
 Periodic GC: Disabled
Heap:
 garbage-first heap   total 288768K, used 90440K [0x00000000c0000000, 0x0000000100000000)
  region size 1024K, 12 young (12288K), 12 survivors (12288K)
 Metaspace       used 41467K, committed 41792K, reserved 1114112K
  class space    used 5098K, committed 5248K, reserved 1048576K
GC Heap History (20 events):
Event: 1.566 GC heap after
{Heap after GC invocations=14 (full 0):
 garbage-first heap   total 57344K, used 25806K [0x00000000c0000000, 0x0000000100000000)
  region size 1024K, 3 young (3072K), 3 survivors (3072K)
 Metaspace       used 37903K, committed 38336K, reserved 1114112K
  class space    used 4778K, committed 4992K, reserved 1048576K
}
Event: 1.592 GC heap before
{Heap before GC invocations=14 (full 0):
 garbage-first heap   total 57344K, used 41166K [0x00000000c0000000, 0x0000000100000000)
  region size 1024K, 19 young (19456K), 3 survivors (3072K)
 Metaspace       used 38053K, committed 38464K, reserved 1114112K
  class space    used 4801K, committed 4992K, reserved 1048576K
}
Event: 1.596 GC heap after
{Heap after GC invocations=15 (full 0):
 garbage-first heap   total 130048K, used 29635K [0x00000000c0000000, 0x0000000100000000)
  region size 1024K, 3 young (3072K), 3 survivors (3072K)
 Metaspace       used 38053K, committed 38464K, reserved 1114112K
  class space    used 4801K, committed 4992K, reserved 1048576K
}
Event: 1.670 GC heap before
{Heap before GC invocations=15 (full 0):
 garbage-first heap   total 130048K, used 93123K [0x00000000c0000000, 0x0000000100000000)
  region size 1024K, 65 young (66560K), 3 survivors (3072K)
 Metaspace       used 38983K, committed 39360K, reserved 1114112K
  class space    used 4876K, committed 5056K, reserved 1048576K
}
Event: 1.682 GC heap after
{Heap after GC invocations=16 (full 0):
 garbage-first heap   total 130048K, used 43138K [0x00000000c0000000, 0x0000000100000000)
  region size 1024K, 9 young (9216K), 9 survivors (9216K)
 Metaspace       used 38983K, committed 39360K, reserved 1114112K
  class space    used 4876K, committed 5056K, reserved 1048576K
}
Event: 1.751 GC heap before
{Heap before GC invocations=16 (full 0):
 garbage-first heap   total 130048K, used 86146K [0x00000000c0000000, 0x0000000100000000)
  region size 1024K, 52 young (53248K), 9 survivors (9216K)
 Metaspace       used 40469K, committed 40896K, reserved 1114112K
  class space    used 4979K, committed 5184K, reserved 1048576K
}
Event: 1.761 GC heap after
{Heap after GC invocations=17 (full 0):
 garbage-first heap   total 130048K, used 51438K [0x00000000c0000000, 0x0000000100000000)
  region size 1024K, 7 young (7168K), 7 survivors (7168K)
 Metaspace       used 40469K, committed 40896K, reserved 1114112K
  class space    used 4979K, committed 5184K, reserved 1048576K
}
Event: 1.823 GC heap before
{Heap before GC invocations=17 (full 0):
 garbage-first heap   total 130048K, used 92398K [0x00000000c0000000, 0x0000000100000000)
  region size 1024K, 46 young (47104K), 7 survivors (7168K)
 Metaspace       used 41245K, committed 41664K, reserved 1114112K
  class space    used 5058K, committed 5248K, reserved 1048576K
}
Event: 1.847 GC heap after
{Heap after GC invocations=18 (full 0):
 garbage-first heap   total 130048K, used 67263K [0x00000000c0000000, 0x0000000100000000)
  region size 1024K, 6 young (6144K), 6 survivors (6144K)
 Metaspace       used 41245K, committed 41664K, reserved 1114112K
  class space    used 5058K, committed 5248K, reserved 1048576K
}
Event: 1.854 GC heap before
{Heap before GC invocations=18 (full 0):
 garbage-first heap   total 130048K, used 93887K [0x00000000c0000000, 0x0000000100000000)
  region size 1024K, 33 young (33792K), 6 survivors (6144K)
 Metaspace       used 41251K, committed 41664K, reserved 1114112K
  class space    used 5060K, committed 5248K, reserved 1048576K
}
Event: 1.859 GC heap after
{Heap after GC invocations=19 (full 0):
 garbage-first heap   total 288768K, used 70142K [0x00000000c0000000, 0x0000000100000000)
  region size 1024K, 2 young (2048K), 2 survivors (2048K)
 Metaspace       used 41251K, committed 41664K, reserved 1114112K
  class space    used 5060K, committed 5248K, reserved 1048576K
}
Event: 1.897 GC heap before
{Heap before GC invocations=19 (full 0):
 garbage-first heap   total 288768K, used 198142K [0x00000000c0000000, 0x0000000100000000)
  region size 1024K, 128 young (131072K), 2 survivors (2048K)
 Metaspace       used 41269K, committed 41664K, reserved 1114112K
  class space    used 5061K, committed 5248K, reserved 1048576K
}
Event: 1.901 GC heap after
{Heap after GC invocations=20 (full 0):
 garbage-first heap   total 288768K, used 74906K [0x00000000c0000000, 0x0000000100000000)
  region size 1024K, 7 young (7168K), 7 survivors (7168K)
 Metaspace       used 41269K, committed 41664K, reserved 1114112K
  class space    used 5061K, committed 5248K, reserved 1048576K
}
Event: 1.945 GC heap before
{Heap before GC invocations=21 (full 0):
 garbage-first heap   total 280576K, used 215194K [0x00000000c0000000, 0x0000000100000000)
  region size 1024K, 146 young (149504K), 7 survivors (7168K)
 Metaspace       used 41376K, committed 41728K, reserved 1114112K
  class space    used 5079K, committed 5248K, reserved 1048576K
}
Event: 1.949 GC heap after
{Heap after GC invocations=22 (full 0):
 garbage-first heap   total 280576K, used 79582K [0x00000000c0000000, 0x0000000100000000)
  region size 1024K, 12 young (12288K), 12 survivors (12288K)
 Metaspace       used 41376K, committed 41728K, reserved 1114112K
  class space    used 5079K, committed 5248K, reserved 1048576K
}
Event: 1.950 GC heap before
{Heap before GC invocations=22 (full 0):
 garbage-first heap   total 280576K, used 82654K [0x00000000c0000000, 0x0000000100000000)
  region size 1024K, 16 young (16384K), 12 survivors (12288K)
 Metaspace       used 41376K, committed 41728K, reserved 1114112K
  class space    used 5079K, committed 5248K, reserved 1048576K
}
Event: 1.954 GC heap after
{Heap after GC invocations=23 (full 0):
 garbage-first heap   total 280576K, used 80321K [0x00000000c0000000, 0x0000000100000000)
  region size 1024K, 2 young (2048K), 2 survivors (2048K)
 Metaspace       used 41376K, committed 41728K, reserved 1114112K
  class space    used 5079K, committed 5248K, reserved 1048576K
}
Event: 1.983 GC heap before
{Heap before GC invocations=23 (full 0):
 garbage-first heap   total 280576K, used 216513K [0x00000000c0000000, 0x0000000100000000)
  region size 1024K, 136 young (139264K), 2 survivors (2048K)
 Metaspace       used 41466K, committed 41792K, reserved 1114112K
  class space    used 5098K, committed 5248K, reserved 1048576K
}
Event: 1.986 GC heap after
{Heap after GC invocations=24 (full 0):
 garbage-first heap   total 280576K, used 85392K [0x00000000c0000000, 0x0000000100000000)
  region size 1024K, 7 young (7168K), 7 survivors (7168K)
 Metaspace       used 41466K, committed 41792K, reserved 1114112K
  class space    used 5098K, committed 5248K, reserved 1048576K
}
Event: 2.014 GC heap before
{Heap before GC invocations=24 (full 0):
 garbage-first heap   total 280576K, used 220560K [0x00000000c0000000, 0x0000000100000000)
  region size 1024K, 140 young (143360K), 7 survivors (7168K)
 Metaspace       used 41467K, committed 41792K, reserved 1114112K
  class space    used 5098K, committed 5248K, reserved 1048576K
}

