# JRE version: OpenJDK Runtime Environment Temurin-17.0.7+7 (17.0.7+7) (build 17.0.7+7)
# Java VM: OpenJDK 64-Bit Server VM Temurin-17.0.7+7 (17.0.7+7, mixed mode, emulated-client, tiered, compressed oops, compressed class ptrs, g1 gc, windows-amd64)
GC Precious Log:
 CPUs: 12 total, 12 available
 Memory: 7930M
 Large Page Support: Disabled
 NUMA Support: Disabled
 Compressed Oops: Enabled (32-bit)
 Heap Region Size: 1M
 Heap Min Capacity: 8M
 Heap Initial Capacity: 124M
 Heap Max Capacity: 1G
 Pre-touch: Disabled
 Parallel Workers: 10
 Concurrent Workers: 3
 Concurrent Refinement Workers: 10
 Periodic GC: Disabled
Heap:
 garbage-first heap   total 355328K, used 105541K [0x00000000c0000000, 0x0000000100000000)
  region size 1024K, 19 young (19456K), 19 survivors (19456K)
 Metaspace       used 41571K, committed 42048K, reserved 1114112K
  class space    used 5105K, committed 5312K, reserved 1048576K
GC Heap History (20 events):
Event: 1.548 GC heap after
{Heap after GC invocations=12 (full 0):
 garbage-first heap   total 56320K, used 21730K [0x00000000c0000000, 0x0000000100000000)
  region size 1024K, 1 young (1024K), 1 survivors (1024K)
 Metaspace       used 37937K, committed 38400K, reserved 1114112K
  class space    used 4779K, committed 4992K, reserved 1048576K
}
Event: 1.569 GC heap before
{Heap before GC invocations=12 (full 0):
 garbage-first heap   total 56320K, used 40162K [0x00000000c0000000, 0x0000000100000000)
  region size 1024K, 20 young (20480K), 1 survivors (1024K)
 Metaspace       used 37937K, committed 38400K, reserved 1114112K
  class space    used 4779K, committed 4992K, reserved 1048576K
}
Event: 1.572 GC heap after
{Heap after GC invocations=13 (full 0):
 garbage-first heap   total 56320K, used 25597K [0x00000000c0000000, 0x0000000100000000)
  region size 1024K, 3 young (3072K), 3 survivors (3072K)
 Metaspace       used 37937K, committed 38400K, reserved 1114112K
  class space    used 4779K, committed 4992K, reserved 1048576K
}
Event: 1.594 GC heap before
{Heap before GC invocations=13 (full 0):
 garbage-first heap   total 56320K, used 40957K [0x00000000c0000000, 0x0000000100000000)
  region size 1024K, 19 young (19456K), 3 survivors (3072K)
 Metaspace       used 38049K, committed 38464K, reserved 1114112K
  class space    used 4795K, committed 4992K, reserved 1048576K
}
Event: 1.598 GC heap after
{Heap after GC invocations=14 (full 0):
 garbage-first heap   total 150528K, used 29762K [0x00000000c0000000, 0x0000000100000000)
  region size 1024K, 3 young (3072K), 3 survivors (3072K)
 Metaspace       used 38049K, committed 38464K, reserved 1114112K
  class space    used 4795K, committed 4992K, reserved 1048576K
}
Event: 1.684 GC heap before
{Heap before GC invocations=14 (full 0):
 garbage-first heap   total 150528K, used 103490K [0x00000000c0000000, 0x0000000100000000)
  region size 1024K, 75 young (76800K), 3 survivors (3072K)
 Metaspace       used 39258K, committed 39680K, reserved 1114112K
  class space    used 4904K, committed 5120K, reserved 1048576K
}
Event: 1.697 GC heap after
{Heap after GC invocations=15 (full 0):
 garbage-first heap   total 150528K, used 44792K [0x00000000c0000000, 0x0000000100000000)
  region size 1024K, 10 young (10240K), 10 survivors (10240K)
 Metaspace       used 39258K, committed 39680K, reserved 1114112K
  class space    used 4904K, committed 5120K, reserved 1048576K
}
Event: 1.790 GC heap before
{Heap before GC invocations=15 (full 0):
 garbage-first heap   total 150528K, used 98040K [0x00000000c0000000, 0x0000000100000000)
  region size 1024K, 62 young (63488K), 10 survivors (10240K)
 Metaspace       used 40958K, committed 41344K, reserved 1114112K
  class space    used 5022K, committed 5184K, reserved 1048576K
}
Event: 1.803 GC heap after
{Heap after GC invocations=16 (full 0):
 garbage-first heap   total 150528K, used 57720K [0x00000000c0000000, 0x0000000100000000)
  region size 1024K, 8 young (8192K), 8 survivors (8192K)
 Metaspace       used 40958K, committed 41344K, reserved 1114112K
  class space    used 5022K, committed 5184K, reserved 1048576K
}
Event: 1.842 GC heap before
{Heap before GC invocations=16 (full 0):
 garbage-first heap   total 150528K, used 102776K [0x00000000c0000000, 0x0000000100000000)
  region size 1024K, 52 young (53248K), 8 survivors (8192K)
 Metaspace       used 41371K, committed 41792K, reserved 1114112K
  class space    used 5069K, committed 5248K, reserved 1048576K
}
Event: 1.861 GC heap after
{Heap after GC invocations=17 (full 0):
 garbage-first heap   total 150528K, used 69298K [0x00000000c0000000, 0x0000000100000000)
  region size 1024K, 7 young (7168K), 7 survivors (7168K)
 Metaspace       used 41371K, committed 41792K, reserved 1114112K
  class space    used 5069K, committed 5248K, reserved 1048576K
}
Event: 1.870 GC heap before
{Heap before GC invocations=17 (full 0):
 garbage-first heap   total 150528K, used 106162K [0x00000000c0000000, 0x0000000100000000)
  region size 1024K, 44 young (45056K), 7 survivors (7168K)
 Metaspace       used 41385K, committed 41856K, reserved 1114112K
  class space    used 5071K, committed 5248K, reserved 1048576K
}
Event: 1.875 GC heap after
{Heap after GC invocations=18 (full 0):
 garbage-first heap   total 355328K, used 72782K [0x00000000c0000000, 0x0000000100000000)
  region size 1024K, 3 young (3072K), 3 survivors (3072K)
 Metaspace       used 41385K, committed 41856K, reserved 1114112K
  class space    used 5071K, committed 5248K, reserved 1048576K
}
Event: 1.921 GC heap before
{Heap before GC invocations=18 (full 0):
 garbage-first heap   total 355328K, used 242766K [0x00000000c0000000, 0x0000000100000000)
  region size 1024K, 170 young (174080K), 3 survivors (3072K)
 Metaspace       used 41413K, committed 41856K, reserved 1114112K
  class space    used 5079K, committed 5248K, reserved 1048576K
}
Event: 1.926 GC heap after
{Heap after GC invocations=19 (full 0):
 garbage-first heap   total 355328K, used 79037K [0x00000000c0000000, 0x0000000100000000)
  region size 1024K, 9 young (9216K), 9 survivors (9216K)
 Metaspace       used 41413K, committed 41856K, reserved 1114112K
  class space    used 5079K, committed 5248K, reserved 1048576K
}
Event: 1.970 GC heap before
{Heap before GC invocations=19 (full 0):
 garbage-first heap   total 355328K, used 273597K [0x00000000c0000000, 0x0000000100000000)
  region size 1024K, 200 young (204800K), 9 survivors (9216K)
 Metaspace       used 41551K, committed 41984K, reserved 1114112K
  class space    used 5101K, committed 5248K, reserved 1048576K
}
Event: 1.977 GC heap after
{Heap after GC invocations=20 (full 0):
 garbage-first heap   total 355328K, used 86578K [0x00000000c0000000, 0x0000000100000000)
  region size 1024K, 17 young (17408K), 17 survivors (17408K)
 Metaspace       used 41551K, committed 41984K, reserved 1114112K
  class space    used 5101K, committed 5248K, reserved 1048576K
}
Event: 2.017 GC heap before
{Heap before GC invocations=20 (full 0):
 garbage-first heap   total 355328K, used 277042K [0x00000000c0000000, 0x0000000100000000)
  region size 1024K, 204 young (208896K), 17 survivors (17408K)
 Metaspace       used 41571K, committed 42048K, reserved 1114112K
  class space    used 5105K, committed 5312K, reserved 1048576K
}
Event: 2.026 GC heap after
{Heap after GC invocations=21 (full 0):
 garbage-first heap   total 355328K, used 94451K [0x00000000c0000000, 0x0000000100000000)
  region size 1024K, 16 young (16384K), 16 survivors (16384K)
 Metaspace       used 41571K, committed 42048K, reserved 1114112K
  class space    used 5105K, committed 5312K, reserved 1048576K
}
Event: 2.066 GC heap before
{Heap before GC invocations=21 (full 0):
 garbage-first heap   total 355328K, used 282867K [0x00000000c0000000, 0x0000000100000000)
  region size 1024K, 201 young (205824K), 16 survivors (16384K)
 Metaspace       used 41571K, committed 42048K, reserved 1114112K
  class space    used 5105K, committed 5312K, reserved 1048576K
}

