# JRE version: OpenJDK Runtime Environment Temurin-17.0.7+7 (17.0.7+7) (build 17.0.7+7)
# Java VM: OpenJDK 64-Bit Server VM Temurin-17.0.7+7 (17.0.7+7, mixed mode, emulated-client, tiered, compressed oops, compressed class ptrs, g1 gc, windows-amd64)
GC Precious Log:
 CPUs: 12 total, 12 available
 Memory: 7930M
 Large Page Support: Disabled
 NUMA Support: Disabled
 Compressed Oops: Enabled (32-bit)
 Heap Region Size: 1M
 Heap Min Capacity: 8M
 Heap Initial Capacity: 124M
 Heap Max Capacity: 1G
 Pre-touch: Disabled
 Parallel Workers: 10
 Concurrent Workers: 3
 Concurrent Refinement Workers: 10
 Periodic GC: Disabled
Heap:
 garbage-first heap   total 91136K, used 43454K [0x00000000c0000000, 0x0000000100000000)
  region size 1024K, 3 young (3072K), 3 survivors (3072K)
 Metaspace       used 38724K, committed 39168K, reserved 1114112K
  class space    used 4846K, committed 5056K, reserved 1048576K
GC Heap History (20 events):
Event: 0.897 GC heap after
{Heap after GC invocations=5 (full 0):
 garbage-first heap   total 45056K, used 12755K [0x00000000c0000000, 0x0000000100000000)
  region size 1024K, 6 young (6144K), 6 survivors (6144K)
 Metaspace       used 25700K, committed 25984K, reserved 1114112K
  class space    used 3023K, committed 3136K, reserved 1048576K
}
Event: 1.039 GC heap before
{Heap before GC invocations=5 (full 0):
 garbage-first heap   total 45056K, used 28115K [0x00000000c0000000, 0x0000000100000000)
  region size 1024K, 22 young (22528K), 6 survivors (6144K)
 Metaspace       used 27626K, committed 27968K, reserved 1114112K
  class space    used 3282K, committed 3456K, reserved 1048576K
}
Event: 1.043 GC heap after
{Heap after GC invocations=6 (full 0):
 garbage-first heap   total 45056K, used 14245K [0x00000000c0000000, 0x0000000100000000)
  region size 1024K, 3 young (3072K), 3 survivors (3072K)
 Metaspace       used 27626K, committed 27968K, reserved 1114112K
  class space    used 3282K, committed 3456K, reserved 1048576K
}
Event: 1.216 GC heap before
{Heap before GC invocations=6 (full 0):
 garbage-first heap   total 45056K, used 29605K [0x00000000c0000000, 0x0000000100000000)
  region size 1024K, 19 young (19456K), 3 survivors (3072K)
 Metaspace       used 30453K, committed 30848K, reserved 1114112K
  class space    used 3674K, committed 3840K, reserved 1048576K
}
Event: 1.221 GC heap after
{Heap after GC invocations=7 (full 0):
 garbage-first heap   total 58368K, used 15924K [0x00000000c0000000, 0x0000000100000000)
  region size 1024K, 3 young (3072K), 3 survivors (3072K)
 Metaspace       used 30453K, committed 30848K, reserved 1114112K
  class space    used 3674K, committed 3840K, reserved 1048576K
}
Event: 1.454 GC heap before
{Heap before GC invocations=7 (full 0):
 garbage-first heap   total 58368K, used 39476K [0x00000000c0000000, 0x0000000100000000)
  region size 1024K, 27 young (27648K), 3 survivors (3072K)
 Metaspace       used 34135K, committed 34496K, reserved 1114112K
  class space    used 4187K, committed 4352K, reserved 1048576K
}
Event: 1.457 GC heap after
{Heap after GC invocations=8 (full 0):
 garbage-first heap   total 58368K, used 17966K [0x00000000c0000000, 0x0000000100000000)
  region size 1024K, 4 young (4096K), 4 survivors (4096K)
 Metaspace       used 34135K, committed 34496K, reserved 1114112K
  class space    used 4187K, committed 4352K, reserved 1048576K
}
Event: 1.558 GC heap before
{Heap before GC invocations=8 (full 0):
 garbage-first heap   total 58368K, used 27182K [0x00000000c0000000, 0x0000000100000000)
  region size 1024K, 14 young (14336K), 4 survivors (4096K)
 Metaspace       used 35664K, committed 35968K, reserved 1114112K
  class space    used 4413K, committed 4544K, reserved 1048576K
}
Event: 1.561 GC heap after
{Heap after GC invocations=9 (full 0):
 garbage-first heap   total 58368K, used 19108K [0x00000000c0000000, 0x0000000100000000)
  region size 1024K, 2 young (2048K), 2 survivors (2048K)
 Metaspace       used 35664K, committed 35968K, reserved 1114112K
  class space    used 4413K, committed 4544K, reserved 1048576K
}
Event: 1.658 GC heap before
{Heap before GC invocations=10 (full 0):
 garbage-first heap   total 58368K, used 40612K [0x00000000c0000000, 0x0000000100000000)
  region size 1024K, 24 young (24576K), 2 survivors (2048K)
 Metaspace       used 37889K, committed 38272K, reserved 1114112K
  class space    used 4769K, committed 4992K, reserved 1048576K
}
Event: 1.661 GC heap after
{Heap after GC invocations=11 (full 0):
 garbage-first heap   total 58368K, used 21969K [0x00000000c0000000, 0x0000000100000000)
  region size 1024K, 3 young (3072K), 3 survivors (3072K)
 Metaspace       used 37889K, committed 38272K, reserved 1114112K
  class space    used 4769K, committed 4992K, reserved 1048576K
}
Event: 1.686 GC heap before
{Heap before GC invocations=11 (full 0):
 garbage-first heap   total 58368K, used 41425K [0x00000000c0000000, 0x0000000100000000)
  region size 1024K, 23 young (23552K), 3 survivors (3072K)
 Metaspace       used 37890K, committed 38336K, reserved 1114112K
  class space    used 4770K, committed 4992K, reserved 1048576K
}
Event: 1.691 GC heap after
{Heap after GC invocations=12 (full 0):
 garbage-first heap   total 70656K, used 25690K [0x00000000c0000000, 0x0000000100000000)
  region size 1024K, 3 young (3072K), 3 survivors (3072K)
 Metaspace       used 37890K, committed 38336K, reserved 1114112K
  class space    used 4770K, committed 4992K, reserved 1048576K
}
Event: 1.726 GC heap before
{Heap before GC invocations=12 (full 0):
 garbage-first heap   total 70656K, used 50266K [0x00000000c0000000, 0x0000000100000000)
  region size 1024K, 28 young (28672K), 3 survivors (3072K)
 Metaspace       used 38061K, committed 38464K, reserved 1114112K
  class space    used 4797K, committed 4992K, reserved 1048576K
}
Event: 1.731 GC heap after
{Heap after GC invocations=13 (full 0):
 garbage-first heap   total 70656K, used 31254K [0x00000000c0000000, 0x0000000100000000)
  region size 1024K, 4 young (4096K), 4 survivors (4096K)
 Metaspace       used 38061K, committed 38464K, reserved 1114112K
  class space    used 4797K, committed 4992K, reserved 1048576K
}
Event: 1.753 GC heap before
{Heap before GC invocations=13 (full 0):
 garbage-first heap   total 70656K, used 50710K [0x00000000c0000000, 0x0000000100000000)
  region size 1024K, 23 young (23552K), 4 survivors (4096K)
 Metaspace       used 38405K, committed 38848K, reserved 1114112K
  class space    used 4830K, committed 5056K, reserved 1048576K
}
Event: 1.758 GC heap after
{Heap after GC invocations=14 (full 0):
 garbage-first heap   total 70656K, used 34586K [0x00000000c0000000, 0x0000000100000000)
  region size 1024K, 3 young (3072K), 3 survivors (3072K)
 Metaspace       used 38405K, committed 38848K, reserved 1114112K
  class space    used 4830K, committed 5056K, reserved 1048576K
}
Event: 1.775 GC heap before
{Heap before GC invocations=14 (full 0):
 garbage-first heap   total 70656K, used 51994K [0x00000000c0000000, 0x0000000100000000)
  region size 1024K, 20 young (20480K), 3 survivors (3072K)
 Metaspace       used 38562K, committed 38976K, reserved 1114112K
  class space    used 4838K, committed 5056K, reserved 1048576K
}
Event: 1.781 GC heap after
{Heap after GC invocations=15 (full 0):
 garbage-first heap   total 70656K, used 38878K [0x00000000c0000000, 0x0000000100000000)
  region size 1024K, 3 young (3072K), 3 survivors (3072K)
 Metaspace       used 38562K, committed 38976K, reserved 1114112K
  class space    used 4838K, committed 5056K, reserved 1048576K
}
Event: 1.801 GC heap before
{Heap before GC invocations=15 (full 0):
 garbage-first heap   total 91136K, used 52190K [0x00000000c0000000, 0x0000000100000000)
  region size 1024K, 17 young (17408K), 3 survivors (3072K)
 Metaspace       used 38724K, committed 39168K, reserved 1114112K
  class space    used 4846K, committed 5056K, reserved 1048576K
}

