# JRE version: OpenJDK Runtime Environment Temurin-17.0.7+7 (17.0.7+7) (build 17.0.7+7)
# Java VM: OpenJDK 64-Bit Server VM Temurin-17.0.7+7 (17.0.7+7, mixed mode, emulated-client, tiered, compressed oops, compressed class ptrs, g1 gc, windows-amd64)
GC Precious Log:
 CPUs: 12 total, 12 available
 Memory: 7930M
 Large Page Support: Disabled
 NUMA Support: Disabled
 Compressed Oops: Enabled (32-bit)
 Heap Region Size: 1M
 Heap Min Capacity: 8M
 Heap Initial Capacity: 124M
 Heap Max Capacity: 1G
 Pre-touch: Disabled
 Parallel Workers: 10
 Concurrent Workers: 3
 Concurrent Refinement Workers: 10
 Periodic GC: Disabled
Heap:
 garbage-first heap   total 126976K, used 53809K [0x00000000c0000000, 0x0000000100000000)
  region size 1024K, 4 young (4096K), 4 survivors (4096K)
 Metaspace       used 40498K, committed 40896K, reserved 1114112K
  class space    used 4977K, committed 5184K, reserved 1048576K
GC Heap History (20 events):
Event: 1.099 GC heap after
{Heap after GC invocations=6 (full 0):
 garbage-first heap   total 48128K, used 14132K [0x00000000c0000000, 0x0000000100000000)
  region size 1024K, 2 young (2048K), 2 survivors (2048K)
 Metaspace       used 28298K, committed 28672K, reserved 1114112K
  class space    used 3369K, committed 3520K, reserved 1048576K
}
Event: 1.264 GC heap before
{Heap before GC invocations=6 (full 0):
 garbage-first heap   total 48128K, used 31540K [0x00000000c0000000, 0x0000000100000000)
  region size 1024K, 20 young (20480K), 2 survivors (2048K)
 Metaspace       used 30916K, committed 31232K, reserved 1114112K
  class space    used 3732K, committed 3840K, reserved 1048576K
}
Event: 1.268 GC heap after
{Heap after GC invocations=7 (full 0):
 garbage-first heap   total 48128K, used 16130K [0x00000000c0000000, 0x0000000100000000)
  region size 1024K, 3 young (3072K), 3 survivors (3072K)
 Metaspace       used 30916K, committed 31232K, reserved 1114112K
  class space    used 3732K, committed 3840K, reserved 1048576K
}
Event: 1.440 GC heap before
{Heap before GC invocations=7 (full 0):
 garbage-first heap   total 48128K, used 33538K [0x00000000c0000000, 0x0000000100000000)
  region size 1024K, 20 young (20480K), 3 survivors (3072K)
 Metaspace       used 34044K, committed 34432K, reserved 1114112K
  class space    used 4171K, committed 4352K, reserved 1048576K
}
Event: 1.445 GC heap after
{Heap after GC invocations=8 (full 0):
 garbage-first heap   total 60416K, used 17770K [0x00000000c0000000, 0x0000000100000000)
  region size 1024K, 2 young (2048K), 2 survivors (2048K)
 Metaspace       used 34044K, committed 34432K, reserved 1114112K
  class space    used 4171K, committed 4352K, reserved 1048576K
}
Event: 1.577 GC heap before
{Heap before GC invocations=8 (full 0):
 garbage-first heap   total 60416K, used 28010K [0x00000000c0000000, 0x0000000100000000)
  region size 1024K, 13 young (13312K), 2 survivors (2048K)
 Metaspace       used 35664K, committed 35968K, reserved 1114112K
  class space    used 4413K, committed 4544K, reserved 1048576K
}
Event: 1.580 GC heap after
{Heap after GC invocations=9 (full 0):
 garbage-first heap   total 60416K, used 18737K [0x00000000c0000000, 0x0000000100000000)
  region size 1024K, 3 young (3072K), 3 survivors (3072K)
 Metaspace       used 35664K, committed 35968K, reserved 1114112K
  class space    used 4413K, committed 4544K, reserved 1048576K
}
Event: 1.687 GC heap before
{Heap before GC invocations=10 (full 0):
 garbage-first heap   total 60416K, used 43313K [0x00000000c0000000, 0x0000000100000000)
  region size 1024K, 27 young (27648K), 3 survivors (3072K)
 Metaspace       used 37882K, committed 38208K, reserved 1114112K
  class space    used 4770K, committed 4928K, reserved 1048576K
}
Event: 1.691 GC heap after
{Heap after GC invocations=11 (full 0):
 garbage-first heap   total 60416K, used 21916K [0x00000000c0000000, 0x0000000100000000)
  region size 1024K, 4 young (4096K), 4 survivors (4096K)
 Metaspace       used 37882K, committed 38208K, reserved 1114112K
  class space    used 4770K, committed 4928K, reserved 1048576K
}
Event: 1.722 GC heap before
{Heap before GC invocations=11 (full 0):
 garbage-first heap   total 60416K, used 43420K [0x00000000c0000000, 0x0000000100000000)
  region size 1024K, 26 young (26624K), 4 survivors (4096K)
 Metaspace       used 37883K, committed 38208K, reserved 1114112K
  class space    used 4770K, committed 4928K, reserved 1048576K
}
Event: 1.727 GC heap after
{Heap after GC invocations=12 (full 0):
 garbage-first heap   total 60416K, used 26113K [0x00000000c0000000, 0x0000000100000000)
  region size 1024K, 4 young (4096K), 4 survivors (4096K)
 Metaspace       used 37883K, committed 38208K, reserved 1114112K
  class space    used 4770K, committed 4928K, reserved 1048576K
}
Event: 1.755 GC heap before
{Heap before GC invocations=12 (full 0):
 garbage-first heap   total 60416K, used 43521K [0x00000000c0000000, 0x0000000100000000)
  region size 1024K, 21 young (21504K), 4 survivors (4096K)
 Metaspace       used 38055K, committed 38464K, reserved 1114112K
  class space    used 4798K, committed 4992K, reserved 1048576K
}
Event: 1.760 GC heap after
{Heap after GC invocations=13 (full 0):
 garbage-first heap   total 98304K, used 30108K [0x00000000c0000000, 0x0000000100000000)
  region size 1024K, 3 young (3072K), 3 survivors (3072K)
 Metaspace       used 38055K, committed 38464K, reserved 1114112K
  class space    used 4798K, committed 4992K, reserved 1048576K
}
Event: 1.809 GC heap before
{Heap before GC invocations=13 (full 0):
 garbage-first heap   total 98304K, used 67996K [0x00000000c0000000, 0x0000000100000000)
  region size 1024K, 41 young (41984K), 3 survivors (3072K)
 Metaspace       used 38706K, committed 39168K, reserved 1114112K
  class space    used 4845K, committed 5056K, reserved 1048576K
}
Event: 1.816 GC heap after
{Heap after GC invocations=14 (full 0):
 garbage-first heap   total 98304K, used 37276K [0x00000000c0000000, 0x0000000100000000)
  region size 1024K, 6 young (6144K), 6 survivors (6144K)
 Metaspace       used 38706K, committed 39168K, reserved 1114112K
  class space    used 4845K, committed 5056K, reserved 1048576K
}
Event: 1.844 GC heap before
{Heap before GC invocations=14 (full 0):
 garbage-first heap   total 98304K, used 67996K [0x00000000c0000000, 0x0000000100000000)
  region size 1024K, 37 young (37888K), 6 survivors (6144K)
 Metaspace       used 38997K, committed 39424K, reserved 1114112K
  class space    used 4871K, committed 5056K, reserved 1048576K
}
Event: 1.852 GC heap after
{Heap after GC invocations=15 (full 0):
 garbage-first heap   total 98304K, used 44818K [0x00000000c0000000, 0x0000000100000000)
  region size 1024K, 5 young (5120K), 5 survivors (5120K)
 Metaspace       used 38997K, committed 39424K, reserved 1114112K
  class space    used 4871K, committed 5056K, reserved 1048576K
}
Event: 1.898 GC heap before
{Heap before GC invocations=15 (full 0):
 garbage-first heap   total 98304K, used 70418K [0x00000000c0000000, 0x0000000100000000)
  region size 1024K, 31 young (31744K), 5 survivors (5120K)
 Metaspace       used 39952K, committed 40384K, reserved 1114112K
  class space    used 4945K, committed 5120K, reserved 1048576K
}
Event: 1.904 GC heap after
{Heap after GC invocations=16 (full 0):
 garbage-first heap   total 98304K, used 49849K [0x00000000c0000000, 0x0000000100000000)
  region size 1024K, 4 young (4096K), 4 survivors (4096K)
 Metaspace       used 39952K, committed 40384K, reserved 1114112K
  class space    used 4945K, committed 5120K, reserved 1048576K
}
Event: 1.941 GC heap before
{Heap before GC invocations=16 (full 0):
 garbage-first heap   total 98304K, used 63161K [0x00000000c0000000, 0x0000000100000000)
  region size 1024K, 19 young (19456K), 4 survivors (4096K)
 Metaspace       used 40498K, committed 40896K, reserved 1114112K
  class space    used 4977K, committed 5184K, reserved 1048576K
}

