# JRE version: OpenJDK Runtime Environment Temurin-17.0.7+7 (17.0.7+7) (build 17.0.7+7)
# Java VM: OpenJDK 64-Bit Server VM Temurin-17.0.7+7 (17.0.7+7, mixed mode, emulated-client, tiered, compressed oops, compressed class ptrs, g1 gc, windows-amd64)
GC Precious Log:
 CPUs: 12 total, 12 available
 Memory: 7930M
 Large Page Support: Disabled
 NUMA Support: Disabled
 Compressed Oops: Enabled (32-bit)
 Heap Region Size: 1M
 Heap Min Capacity: 8M
 Heap Initial Capacity: 124M
 Heap Max Capacity: 1G
 Pre-touch: Disabled
 Parallel Workers: 10
 Concurrent Workers: 3
 Concurrent Refinement Workers: 10
 Periodic GC: Disabled
Heap:
 garbage-first heap   total 337920K, used 96862K [0x00000000c0000000, 0x0000000100000000)
  region size 1024K, 16 young (16384K), 16 survivors (16384K)
 Metaspace       used 41526K, committed 41984K, reserved 1114112K
  class space    used 5108K, committed 5312K, reserved 1048576K
GC Heap History (20 events):
Event: 1.620 GC heap after
{Heap after GC invocations=11 (full 0):
 garbage-first heap   total 68608K, used 27252K [0x00000000c0000000, 0x0000000100000000)
  region size 1024K, 4 young (4096K), 4 survivors (4096K)
 Metaspace       used 37941K, committed 38400K, reserved 1114112K
  class space    used 4782K, committed 4992K, reserved 1048576K
}
Event: 1.655 GC heap before
{Heap before GC invocations=11 (full 0):
 garbage-first heap   total 68608K, used 48756K [0x00000000c0000000, 0x0000000100000000)
  region size 1024K, 26 young (26624K), 4 survivors (4096K)
 Metaspace       used 38249K, committed 38720K, reserved 1114112K
  class space    used 4828K, committed 5056K, reserved 1048576K
}
Event: 1.660 GC heap after
{Heap after GC invocations=12 (full 0):
 garbage-first heap   total 128000K, used 32231K [0x00000000c0000000, 0x0000000100000000)
  region size 1024K, 4 young (4096K), 4 survivors (4096K)
 Metaspace       used 38249K, committed 38720K, reserved 1114112K
  class space    used 4828K, committed 5056K, reserved 1048576K
}
Event: 1.717 GC heap before
{Heap before GC invocations=12 (full 0):
 garbage-first heap   total 128000K, used 86503K [0x00000000c0000000, 0x0000000100000000)
  region size 1024K, 58 young (59392K), 4 survivors (4096K)
 Metaspace       used 39044K, committed 39424K, reserved 1114112K
  class space    used 4878K, committed 5056K, reserved 1048576K
}
Event: 1.729 GC heap after
{Heap after GC invocations=13 (full 0):
 garbage-first heap   total 128000K, used 44417K [0x00000000c0000000, 0x0000000100000000)
  region size 1024K, 8 young (8192K), 8 survivors (8192K)
 Metaspace       used 39044K, committed 39424K, reserved 1114112K
  class space    used 4878K, committed 5056K, reserved 1048576K
}
Event: 1.806 GC heap before
{Heap before GC invocations=13 (full 0):
 garbage-first heap   total 128000K, used 84353K [0x00000000c0000000, 0x0000000100000000)
  region size 1024K, 48 young (49152K), 8 survivors (8192K)
 Metaspace       used 40507K, committed 40896K, reserved 1114112K
  class space    used 4984K, committed 5184K, reserved 1048576K
}
Event: 1.815 GC heap after
{Heap after GC invocations=14 (full 0):
 garbage-first heap   total 128000K, used 52423K [0x00000000c0000000, 0x0000000100000000)
  region size 1024K, 6 young (6144K), 6 survivors (6144K)
 Metaspace       used 40507K, committed 40896K, reserved 1114112K
  class space    used 4984K, committed 5184K, reserved 1048576K
}
Event: 1.870 GC heap before
{Heap before GC invocations=14 (full 0):
 garbage-first heap   total 128000K, used 91335K [0x00000000c0000000, 0x0000000100000000)
  region size 1024K, 43 young (44032K), 6 survivors (6144K)
 Metaspace       used 41277K, committed 41728K, reserved 1114112K
  class space    used 5062K, committed 5248K, reserved 1048576K
}
Event: 1.892 GC heap after
{Heap after GC invocations=15 (full 0):
 garbage-first heap   total 128000K, used 68225K [0x00000000c0000000, 0x0000000100000000)
  region size 1024K, 6 young (6144K), 6 survivors (6144K)
 Metaspace       used 41277K, committed 41728K, reserved 1114112K
  class space    used 5062K, committed 5248K, reserved 1048576K
}
Event: 1.900 GC heap before
{Heap before GC invocations=15 (full 0):
 garbage-first heap   total 128000K, used 92801K [0x00000000c0000000, 0x0000000100000000)
  region size 1024K, 31 young (31744K), 6 survivors (6144K)
 Metaspace       used 41281K, committed 41728K, reserved 1114112K
  class space    used 5063K, committed 5248K, reserved 1048576K
}
Event: 1.905 GC heap after
{Heap after GC invocations=16 (full 0):
 garbage-first heap   total 288768K, used 70849K [0x00000000c0000000, 0x0000000100000000)
  region size 1024K, 2 young (2048K), 2 survivors (2048K)
 Metaspace       used 41281K, committed 41728K, reserved 1114112K
  class space    used 5063K, committed 5248K, reserved 1048576K
}
Event: 1.960 GC heap before
{Heap before GC invocations=16 (full 0):
 garbage-first heap   total 337920K, used 202945K [0x00000000c0000000, 0x0000000100000000)
  region size 1024K, 133 young (136192K), 2 survivors (2048K)
 Metaspace       used 41320K, committed 41792K, reserved 1114112K
  class space    used 5073K, committed 5248K, reserved 1048576K
}
Event: 1.964 GC heap after
{Heap after GC invocations=17 (full 0):
 garbage-first heap   total 337920K, used 74969K [0x00000000c0000000, 0x0000000100000000)
  region size 1024K, 7 young (7168K), 7 survivors (7168K)
 Metaspace       used 41320K, committed 41792K, reserved 1114112K
  class space    used 5073K, committed 5248K, reserved 1048576K
}
Event: 2.015 GC heap before
{Heap before GC invocations=18 (full 0):
 garbage-first heap   total 337920K, used 257241K [0x00000000c0000000, 0x0000000100000000)
  region size 1024K, 186 young (190464K), 7 survivors (7168K)
 Metaspace       used 41439K, committed 41856K, reserved 1114112K
  class space    used 5092K, committed 5248K, reserved 1048576K
}
Event: 2.022 GC heap after
{Heap after GC invocations=19 (full 0):
 garbage-first heap   total 337920K, used 82044K [0x00000000c0000000, 0x0000000100000000)
  region size 1024K, 14 young (14336K), 14 survivors (14336K)
 Metaspace       used 41439K, committed 41856K, reserved 1114112K
  class space    used 5092K, committed 5248K, reserved 1048576K
}
Event: 2.024 GC heap before
{Heap before GC invocations=19 (full 0):
 garbage-first heap   total 337920K, used 85116K [0x00000000c0000000, 0x0000000100000000)
  region size 1024K, 18 young (18432K), 14 survivors (14336K)
 Metaspace       used 41440K, committed 41856K, reserved 1114112K
  class space    used 5092K, committed 5248K, reserved 1048576K
}
Event: 2.029 GC heap after
{Heap after GC invocations=20 (full 0):
 garbage-first heap   total 337920K, used 83049K [0x00000000c0000000, 0x0000000100000000)
  region size 1024K, 2 young (2048K), 2 survivors (2048K)
 Metaspace       used 41440K, committed 41856K, reserved 1114112K
  class space    used 5092K, committed 5248K, reserved 1048576K
}
Event: 2.068 GC heap before
{Heap before GC invocations=20 (full 0):
 garbage-first heap   total 337920K, used 263273K [0x00000000c0000000, 0x0000000100000000)
  region size 1024K, 179 young (183296K), 2 survivors (2048K)
 Metaspace       used 41506K, committed 41984K, reserved 1114112K
  class space    used 5104K, committed 5312K, reserved 1048576K
}
Event: 2.073 GC heap after
{Heap after GC invocations=21 (full 0):
 garbage-first heap   total 337920K, used 89167K [0x00000000c0000000, 0x0000000100000000)
  region size 1024K, 8 young (8192K), 8 survivors (8192K)
 Metaspace       used 41506K, committed 41984K, reserved 1114112K
  class space    used 5104K, committed 5312K, reserved 1048576K
}
Event: 2.112 GC heap before
{Heap before GC invocations=21 (full 0):
 garbage-first heap   total 337920K, used 268367K [0x00000000c0000000, 0x0000000100000000)
  region size 1024K, 184 young (188416K), 8 survivors (8192K)
 Metaspace       used 41526K, committed 41984K, reserved 1114112K
  class space    used 5108K, committed 5312K, reserved 1048576K
}

