# JRE version: OpenJDK Runtime Environment Temurin-17.0.7+7 (17.0.7+7) (build 17.0.7+7)
# Java VM: OpenJDK 64-Bit Server VM Temurin-17.0.7+7 (17.0.7+7, mixed mode, emulated-client, tiered, compressed oops, compressed class ptrs, g1 gc, windows-amd64)
GC Precious Log:
 CPUs: 12 total, 12 available
 Memory: 7930M
 Large Page Support: Disabled
 NUMA Support: Disabled
 Compressed Oops: Enabled (32-bit)
 Heap Region Size: 1M
 Heap Min Capacity: 8M
 Heap Initial Capacity: 124M
 Heap Max Capacity: 1G
 Pre-touch: Disabled
 Parallel Workers: 10
 Concurrent Workers: 3
 Concurrent Refinement Workers: 10
 Periodic GC: Disabled
Heap:
 garbage-first heap   total 172032K, used 75307K [0x00000000c0000000, 0x0000000100000000)
  region size 1024K, 5 young (5120K), 5 survivors (5120K)
 Metaspace       used 41350K, committed 41728K, reserved 1114112K
  class space    used 5070K, committed 5248K, reserved 1048576K
GC Heap History (20 events):
Event: 1.514 GC heap after
{Heap after GC invocations=11 (full 0):
 garbage-first heap   total 61440K, used 22604K [0x00000000c0000000, 0x0000000100000000)
  region size 1024K, 4 young (4096K), 4 survivors (4096K)
 Metaspace       used 37937K, committed 38400K, reserved 1114112K
  class space    used 4779K, committed 4992K, reserved 1048576K
}
Event: 1.538 GC heap before
{Heap before GC invocations=11 (full 0):
 garbage-first heap   total 61440K, used 44108K [0x00000000c0000000, 0x0000000100000000)
  region size 1024K, 26 young (26624K), 4 survivors (4096K)
 Metaspace       used 37937K, committed 38400K, reserved 1114112K
  class space    used 4779K, committed 4992K, reserved 1048576K
}
Event: 1.543 GC heap after
{Heap after GC invocations=12 (full 0):
 garbage-first heap   total 73728K, used 26197K [0x00000000c0000000, 0x0000000100000000)
  region size 1024K, 4 young (4096K), 4 survivors (4096K)
 Metaspace       used 37937K, committed 38400K, reserved 1114112K
  class space    used 4779K, committed 4992K, reserved 1048576K
}
Event: 1.581 GC heap before
{Heap before GC invocations=12 (full 0):
 garbage-first heap   total 73728K, used 51797K [0x00000000c0000000, 0x0000000100000000)
  region size 1024K, 30 young (30720K), 4 survivors (4096K)
 Metaspace       used 38224K, committed 38656K, reserved 1114112K
  class space    used 4823K, committed 5056K, reserved 1048576K
}
Event: 1.586 GC heap after
{Heap after GC invocations=13 (full 0):
 garbage-first heap   total 73728K, used 31858K [0x00000000c0000000, 0x0000000100000000)
  region size 1024K, 4 young (4096K), 4 survivors (4096K)
 Metaspace       used 38224K, committed 38656K, reserved 1114112K
  class space    used 4823K, committed 5056K, reserved 1048576K
}
Event: 1.607 GC heap before
{Heap before GC invocations=13 (full 0):
 garbage-first heap   total 73728K, used 52338K [0x00000000c0000000, 0x0000000100000000)
  region size 1024K, 25 young (25600K), 4 survivors (4096K)
 Metaspace       used 38616K, committed 39040K, reserved 1114112K
  class space    used 4846K, committed 5056K, reserved 1048576K
}
Event: 1.611 GC heap after
{Heap after GC invocations=14 (full 0):
 garbage-first heap   total 73728K, used 35971K [0x00000000c0000000, 0x0000000100000000)
  region size 1024K, 4 young (4096K), 4 survivors (4096K)
 Metaspace       used 38616K, committed 39040K, reserved 1114112K
  class space    used 4846K, committed 5056K, reserved 1048576K
}
Event: 1.625 GC heap before
{Heap before GC invocations=14 (full 0):
 garbage-first heap   total 73728K, used 53379K [0x00000000c0000000, 0x0000000100000000)
  region size 1024K, 22 young (22528K), 4 survivors (4096K)
 Metaspace       used 38778K, committed 39168K, reserved 1114112K
  class space    used 4858K, committed 5056K, reserved 1048576K
}
Event: 1.630 GC heap after
{Heap after GC invocations=15 (full 0):
 garbage-first heap   total 73728K, used 41810K [0x00000000c0000000, 0x0000000100000000)
  region size 1024K, 3 young (3072K), 3 survivors (3072K)
 Metaspace       used 38778K, committed 39168K, reserved 1114112K
  class space    used 4858K, committed 5056K, reserved 1048576K
}
Event: 1.642 GC heap before
{Heap before GC invocations=15 (full 0):
 garbage-first heap   total 73728K, used 54098K [0x00000000c0000000, 0x0000000100000000)
  region size 1024K, 16 young (16384K), 3 survivors (3072K)
 Metaspace       used 38899K, committed 39296K, reserved 1114112K
  class space    used 4863K, committed 5056K, reserved 1048576K
}
Event: 1.646 GC heap after
{Heap after GC invocations=16 (full 0):
 garbage-first heap   total 172032K, used 44955K [0x00000000c0000000, 0x0000000100000000)
  region size 1024K, 2 young (2048K), 2 survivors (2048K)
 Metaspace       used 38899K, committed 39296K, reserved 1114112K
  class space    used 4863K, committed 5056K, reserved 1048576K
}
Event: 1.766 GC heap before
{Heap before GC invocations=17 (full 0):
 garbage-first heap   total 172032K, used 109467K [0x00000000c0000000, 0x0000000100000000)
  region size 1024K, 65 young (66560K), 2 survivors (2048K)
 Metaspace       used 41114K, committed 41536K, reserved 1114112K
  class space    used 5041K, committed 5248K, reserved 1048576K
}
Event: 1.776 GC heap after
{Heap after GC invocations=18 (full 0):
 garbage-first heap   total 172032K, used 59129K [0x00000000c0000000, 0x0000000100000000)
  region size 1024K, 9 young (9216K), 9 survivors (9216K)
 Metaspace       used 41114K, committed 41536K, reserved 1114112K
  class space    used 5041K, committed 5248K, reserved 1048576K
}
Event: 1.778 GC heap before
{Heap before GC invocations=18 (full 0):
 garbage-first heap   total 172032K, used 60153K [0x00000000c0000000, 0x0000000100000000)
  region size 1024K, 10 young (10240K), 9 survivors (9216K)
 Metaspace       used 41127K, committed 41536K, reserved 1114112K
  class space    used 5044K, committed 5248K, reserved 1048576K
}
Event: 1.784 GC heap after
{Heap after GC invocations=19 (full 0):
 garbage-first heap   total 172032K, used 60553K [0x00000000c0000000, 0x0000000100000000)
  region size 1024K, 2 young (2048K), 2 survivors (2048K)
 Metaspace       used 41127K, committed 41536K, reserved 1114112K
  class space    used 5044K, committed 5248K, reserved 1048576K
}
Event: 1.816 GC heap before
{Heap before GC invocations=19 (full 0):
 garbage-first heap   total 172032K, used 113801K [0x00000000c0000000, 0x0000000100000000)
  region size 1024K, 54 young (55296K), 2 survivors (2048K)
 Metaspace       used 41334K, committed 41728K, reserved 1114112K
  class space    used 5068K, committed 5248K, reserved 1048576K
}
Event: 1.830 GC heap after
{Heap after GC invocations=20 (full 0):
 garbage-first heap   total 172032K, used 70384K [0x00000000c0000000, 0x0000000100000000)
  region size 1024K, 7 young (7168K), 7 survivors (7168K)
 Metaspace       used 41334K, committed 41728K, reserved 1114112K
  class space    used 5068K, committed 5248K, reserved 1048576K
}
Event: 1.841 GC heap before
{Heap before GC invocations=20 (full 0):
 garbage-first heap   total 172032K, used 118512K [0x00000000c0000000, 0x0000000100000000)
  region size 1024K, 55 young (56320K), 7 survivors (7168K)
 Metaspace       used 41342K, committed 41728K, reserved 1114112K
  class space    used 5068K, committed 5248K, reserved 1048576K
}
Event: 1.846 GC heap after
{Heap after GC invocations=21 (full 0):
 garbage-first heap   total 172032K, used 73132K [0x00000000c0000000, 0x0000000100000000)
  region size 1024K, 3 young (3072K), 3 survivors (3072K)
 Metaspace       used 41342K, committed 41728K, reserved 1114112K
  class space    used 5068K, committed 5248K, reserved 1048576K
}
Event: 1.858 GC heap before
{Heap before GC invocations=21 (full 0):
 garbage-first heap   total 172032K, used 125356K [0x00000000c0000000, 0x0000000100000000)
  region size 1024K, 55 young (56320K), 3 survivors (3072K)
 Metaspace       used 41350K, committed 41728K, reserved 1114112K
  class space    used 5070K, committed 5248K, reserved 1048576K
}

