# JRE version: OpenJDK Runtime Environment Temurin-17.0.7+7 (17.0.7+7) (build 17.0.7+7)
# Java VM: OpenJDK 64-Bit Server VM Temurin-17.0.7+7 (17.0.7+7, mixed mode, emulated-client, tiered, compressed oops, compressed class ptrs, g1 gc, windows-amd64)
GC Precious Log:
 CPUs: 12 total, 12 available
 Memory: 7930M
 Large Page Support: Disabled
 NUMA Support: Disabled
 Compressed Oops: Enabled (32-bit)
 Heap Region Size: 1M
 Heap Min Capacity: 8M
 Heap Initial Capacity: 124M
 Heap Max Capacity: 1G
 Pre-touch: Disabled
 Parallel Workers: 10
 Concurrent Workers: 3
 Concurrent Refinement Workers: 10
 Periodic GC: Disabled
Heap:
 garbage-first heap   total 130048K, used 69860K [0x00000000c0000000, 0x0000000100000000)
  region size 1024K, 5 young (5120K), 5 survivors (5120K)
 Metaspace       used 41259K, committed 41664K, reserved 1114112K
  class space    used 5060K, committed 5248K, reserved 1048576K
GC Heap History (20 events):
Event: 1.278 GC heap after
{Heap after GC invocations=6 (full 0):
 garbage-first heap   total 45056K, used 13807K [0x00000000c0000000, 0x0000000100000000)
  region size 1024K, 3 young (3072K), 3 survivors (3072K)
 Metaspace       used 27889K, committed 28224K, reserved 1114112K
  class space    used 3311K, committed 3456K, reserved 1048576K
}
Event: 1.450 GC heap before
{Heap before GC invocations=6 (full 0):
 garbage-first heap   total 45056K, used 30191K [0x00000000c0000000, 0x0000000100000000)
  region size 1024K, 20 young (20480K), 3 survivors (3072K)
 Metaspace       used 30457K, committed 30848K, reserved 1114112K
  class space    used 3675K, committed 3840K, reserved 1048576K
}
Event: 1.456 GC heap after
{Heap after GC invocations=7 (full 0):
 garbage-first heap   total 54272K, used 15808K [0x00000000c0000000, 0x0000000100000000)
  region size 1024K, 3 young (3072K), 3 survivors (3072K)
 Metaspace       used 30457K, committed 30848K, reserved 1114112K
  class space    used 3675K, committed 3840K, reserved 1048576K
}
Event: 1.698 GC heap before
{Heap before GC invocations=7 (full 0):
 garbage-first heap   total 54272K, used 37312K [0x00000000c0000000, 0x0000000100000000)
  region size 1024K, 24 young (24576K), 3 survivors (3072K)
 Metaspace       used 34023K, committed 34304K, reserved 1114112K
  class space    used 4165K, committed 4288K, reserved 1048576K
}
Event: 1.703 GC heap after
{Heap after GC invocations=8 (full 0):
 garbage-first heap   total 54272K, used 17586K [0x00000000c0000000, 0x0000000100000000)
  region size 1024K, 2 young (2048K), 2 survivors (2048K)
 Metaspace       used 34023K, committed 34304K, reserved 1114112K
  class space    used 4165K, committed 4288K, reserved 1048576K
}
Event: 1.825 GC heap before
{Heap before GC invocations=8 (full 0):
 garbage-first heap   total 54272K, used 26802K [0x00000000c0000000, 0x0000000100000000)
  region size 1024K, 13 young (13312K), 2 survivors (2048K)
 Metaspace       used 35666K, committed 35968K, reserved 1114112K
  class space    used 4414K, committed 4544K, reserved 1048576K
}
Event: 1.827 GC heap after
{Heap after GC invocations=9 (full 0):
 garbage-first heap   total 54272K, used 18952K [0x00000000c0000000, 0x0000000100000000)
  region size 1024K, 2 young (2048K), 2 survivors (2048K)
 Metaspace       used 35666K, committed 35968K, reserved 1114112K
  class space    used 4414K, committed 4544K, reserved 1048576K
}
Event: 1.912 GC heap before
{Heap before GC invocations=10 (full 0):
 garbage-first heap   total 54272K, used 37384K [0x00000000c0000000, 0x0000000100000000)
  region size 1024K, 21 young (21504K), 2 survivors (2048K)
 Metaspace       used 37900K, committed 38336K, reserved 1114112K
  class space    used 4775K, committed 4992K, reserved 1048576K
}
Event: 1.915 GC heap after
{Heap after GC invocations=11 (full 0):
 garbage-first heap   total 54272K, used 21096K [0x00000000c0000000, 0x0000000100000000)
  region size 1024K, 3 young (3072K), 3 survivors (3072K)
 Metaspace       used 37900K, committed 38336K, reserved 1114112K
  class space    used 4775K, committed 4992K, reserved 1048576K
}
Event: 1.916 GC heap before
{Heap before GC invocations=11 (full 0):
 garbage-first heap   total 54272K, used 22120K [0x00000000c0000000, 0x0000000100000000)
  region size 1024K, 4 young (4096K), 3 survivors (3072K)
 Metaspace       used 37900K, committed 38336K, reserved 1114112K
  class space    used 4775K, committed 4992K, reserved 1048576K
}
Event: 1.919 GC heap after
{Heap after GC invocations=12 (full 0):
 garbage-first heap   total 54272K, used 21109K [0x00000000c0000000, 0x0000000100000000)
  region size 1024K, 1 young (1024K), 1 survivors (1024K)
 Metaspace       used 37900K, committed 38336K, reserved 1114112K
  class space    used 4775K, committed 4992K, reserved 1048576K
}
Event: 1.944 GC heap before
{Heap before GC invocations=12 (full 0):
 garbage-first heap   total 54272K, used 38517K [0x00000000c0000000, 0x0000000100000000)
  region size 1024K, 19 young (19456K), 1 survivors (1024K)
 Metaspace       used 37900K, committed 38336K, reserved 1114112K
  class space    used 4775K, committed 4992K, reserved 1048576K
}
Event: 1.948 GC heap after
{Heap after GC invocations=13 (full 0):
 garbage-first heap   total 130048K, used 24627K [0x00000000c0000000, 0x0000000100000000)
  region size 1024K, 3 young (3072K), 3 survivors (3072K)
 Metaspace       used 37900K, committed 38336K, reserved 1114112K
  class space    used 4775K, committed 4992K, reserved 1048576K
}
Event: 2.040 GC heap before
{Heap before GC invocations=13 (full 0):
 garbage-first heap   total 130048K, used 91187K [0x00000000c0000000, 0x0000000100000000)
  region size 1024K, 69 young (70656K), 3 survivors (3072K)
 Metaspace       used 38801K, committed 39232K, reserved 1114112K
  class space    used 4857K, committed 5056K, reserved 1048576K
}
Event: 2.052 GC heap after
{Heap after GC invocations=14 (full 0):
 garbage-first heap   total 130048K, used 38000K [0x00000000c0000000, 0x0000000100000000)
  region size 1024K, 9 young (9216K), 9 survivors (9216K)
 Metaspace       used 38801K, committed 39232K, reserved 1114112K
  class space    used 4857K, committed 5056K, reserved 1048576K
}
Event: 2.098 GC heap before
{Heap before GC invocations=14 (full 0):
 garbage-first heap   total 130048K, used 84080K [0x00000000c0000000, 0x0000000100000000)
  region size 1024K, 55 young (56320K), 9 survivors (9216K)
 Metaspace       used 39499K, committed 39936K, reserved 1114112K
  class space    used 4929K, committed 5120K, reserved 1048576K
}
Event: 2.111 GC heap after
{Heap after GC invocations=15 (full 0):
 garbage-first heap   total 130048K, used 47552K [0x00000000c0000000, 0x0000000100000000)
  region size 1024K, 7 young (7168K), 7 survivors (7168K)
 Metaspace       used 39499K, committed 39936K, reserved 1114112K
  class space    used 4929K, committed 5120K, reserved 1048576K
}
Event: 2.216 GC heap before
{Heap before GC invocations=15 (full 0):
 garbage-first heap   total 130048K, used 90560K [0x00000000c0000000, 0x0000000100000000)
  region size 1024K, 49 young (50176K), 7 survivors (7168K)
 Metaspace       used 41150K, committed 41472K, reserved 1114112K
  class space    used 5047K, committed 5184K, reserved 1048576K
}
Event: 2.229 GC heap after
{Heap after GC invocations=16 (full 0):
 garbage-first heap   total 130048K, used 61828K [0x00000000c0000000, 0x0000000100000000)
  region size 1024K, 7 young (7168K), 7 survivors (7168K)
 Metaspace       used 41150K, committed 41472K, reserved 1114112K
  class space    used 5047K, committed 5184K, reserved 1048576K
}
Event: 2.258 GC heap before
{Heap before GC invocations=16 (full 0):
 garbage-first heap   total 130048K, used 95620K [0x00000000c0000000, 0x0000000100000000)
  region size 1024K, 40 young (40960K), 7 survivors (7168K)
 Metaspace       used 41259K, committed 41664K, reserved 1114112K
  class space    used 5060K, committed 5248K, reserved 1048576K
}

