# JRE version: OpenJDK Runtime Environment Temurin-17.0.7+7 (17.0.7+7) (build 17.0.7+7)
# Java VM: OpenJDK 64-Bit Server VM Temurin-17.0.7+7 (17.0.7+7, mixed mode, emulated-client, tiered, compressed oops, compressed class ptrs, g1 gc, windows-amd64)
GC Precious Log:
 CPUs: 12 total, 12 available
 Memory: 7930M
 Large Page Support: Disabled
 NUMA Support: Disabled
 Compressed Oops: Enabled (32-bit)
 Heap Region Size: 1M
 Heap Min Capacity: 8M
 Heap Initial Capacity: 124M
 Heap Max Capacity: 1G
 Pre-touch: Disabled
 Parallel Workers: 10
 Concurrent Workers: 3
 Concurrent Refinement Workers: 10
 Periodic GC: Disabled
Heap:
 garbage-first heap   total 220160K, used 79513K [0x00000000c0000000, 0x0000000100000000)
  region size 1024K, 6 young (6144K), 6 survivors (6144K)
 Metaspace       used 41480K, committed 41856K, reserved 1114112K
  class space    used 5093K, committed 5248K, reserved 1048576K
GC Heap History (20 events):
Event: 1.587 GC heap after
{Heap after GC invocations=12 (full 0):
 garbage-first heap   total 56320K, used 25980K [0x00000000c0000000, 0x0000000100000000)
  region size 1024K, 3 young (3072K), 3 survivors (3072K)
 Metaspace       used 37912K, committed 38400K, reserved 1114112K
  class space    used 4774K, committed 4992K, reserved 1048576K
}
Event: 1.600 GC heap before
{Heap before GC invocations=12 (full 0):
 garbage-first heap   total 56320K, used 39292K [0x00000000c0000000, 0x0000000100000000)
  region size 1024K, 17 young (17408K), 3 survivors (3072K)
 Metaspace       used 37927K, committed 38400K, reserved 1114112K
  class space    used 4777K, committed 4992K, reserved 1048576K
}
Event: 1.603 GC heap after
{Heap after GC invocations=13 (full 0):
 garbage-first heap   total 92160K, used 28992K [0x00000000c0000000, 0x0000000100000000)
  region size 1024K, 3 young (3072K), 3 survivors (3072K)
 Metaspace       used 37927K, committed 38400K, reserved 1114112K
  class space    used 4777K, committed 4992K, reserved 1048576K
}
Event: 1.657 GC heap before
{Heap before GC invocations=13 (full 0):
 garbage-first heap   total 92160K, used 62784K [0x00000000c0000000, 0x0000000100000000)
  region size 1024K, 36 young (36864K), 3 survivors (3072K)
 Metaspace       used 38745K, committed 39168K, reserved 1114112K
  class space    used 4847K, committed 5056K, reserved 1048576K
}
Event: 1.663 GC heap after
{Heap after GC invocations=14 (full 0):
 garbage-first heap   total 92160K, used 34347K [0x00000000c0000000, 0x0000000100000000)
  region size 1024K, 5 young (5120K), 5 survivors (5120K)
 Metaspace       used 38745K, committed 39168K, reserved 1114112K
  class space    used 4847K, committed 5056K, reserved 1048576K
}
Event: 1.691 GC heap before
{Heap before GC invocations=14 (full 0):
 garbage-first heap   total 92160K, used 64043K [0x00000000c0000000, 0x0000000100000000)
  region size 1024K, 34 young (34816K), 5 survivors (5120K)
 Metaspace       used 38977K, committed 39360K, reserved 1114112K
  class space    used 4871K, committed 5056K, reserved 1048576K
}
Event: 1.700 GC heap after
{Heap after GC invocations=15 (full 0):
 garbage-first heap   total 92160K, used 43026K [0x00000000c0000000, 0x0000000100000000)
  region size 1024K, 5 young (5120K), 5 survivors (5120K)
 Metaspace       used 38977K, committed 39360K, reserved 1114112K
  class space    used 4871K, committed 5056K, reserved 1048576K
}
Event: 1.723 GC heap before
{Heap before GC invocations=15 (full 0):
 garbage-first heap   total 92160K, used 66578K [0x00000000c0000000, 0x0000000100000000)
  region size 1024K, 28 young (28672K), 5 survivors (5120K)
 Metaspace       used 39431K, committed 39872K, reserved 1114112K
  class space    used 4919K, committed 5120K, reserved 1048576K
}
Event: 1.728 GC heap after
{Heap after GC invocations=16 (full 0):
 garbage-first heap   total 92160K, used 47582K [0x00000000c0000000, 0x0000000100000000)
  region size 1024K, 4 young (4096K), 4 survivors (4096K)
 Metaspace       used 39431K, committed 39872K, reserved 1114112K
  class space    used 4919K, committed 5120K, reserved 1048576K
}
Event: 1.776 GC heap before
{Heap before GC invocations=16 (full 0):
 garbage-first heap   total 92160K, used 68062K [0x00000000c0000000, 0x0000000100000000)
  region size 1024K, 25 young (25600K), 4 survivors (4096K)
 Metaspace       used 40355K, committed 40832K, reserved 1114112K
  class space    used 4968K, committed 5184K, reserved 1048576K
}
Event: 1.780 GC heap after
{Heap after GC invocations=17 (full 0):
 garbage-first heap   total 220160K, used 50726K [0x00000000c0000000, 0x0000000100000000)
  region size 1024K, 4 young (4096K), 4 survivors (4096K)
 Metaspace       used 40355K, committed 40832K, reserved 1114112K
  class space    used 4968K, committed 5184K, reserved 1048576K
}
Event: 1.890 GC heap before
{Heap before GC invocations=18 (full 0):
 garbage-first heap   total 198656K, used 151078K [0x00000000c0000000, 0x0000000100000000)
  region size 1024K, 101 young (103424K), 4 survivors (4096K)
 Metaspace       used 41376K, committed 41792K, reserved 1114112K
  class space    used 5076K, committed 5248K, reserved 1048576K
}
Event: 1.914 GC heap after
{Heap after GC invocations=19 (full 0):
 garbage-first heap   total 198656K, used 70504K [0x00000000c0000000, 0x0000000100000000)
  region size 1024K, 13 young (13312K), 13 survivors (13312K)
 Metaspace       used 41376K, committed 41792K, reserved 1114112K
  class space    used 5076K, committed 5248K, reserved 1048576K
}
Event: 1.915 GC heap before
{Heap before GC invocations=19 (full 0):
 garbage-first heap   total 198656K, used 71528K [0x00000000c0000000, 0x0000000100000000)
  region size 1024K, 14 young (14336K), 13 survivors (13312K)
 Metaspace       used 41383K, committed 41792K, reserved 1114112K
  class space    used 5076K, committed 5248K, reserved 1048576K
}
Event: 1.922 GC heap after
{Heap after GC invocations=20 (full 0):
 garbage-first heap   total 198656K, used 72772K [0x00000000c0000000, 0x0000000100000000)
  region size 1024K, 2 young (2048K), 2 survivors (2048K)
 Metaspace       used 41383K, committed 41792K, reserved 1114112K
  class space    used 5076K, committed 5248K, reserved 1048576K
}
Event: 1.936 GC heap before
{Heap before GC invocations=20 (full 0):
 garbage-first heap   total 198656K, used 137284K [0x00000000c0000000, 0x0000000100000000)
  region size 1024K, 66 young (67584K), 2 survivors (2048K)
 Metaspace       used 41400K, committed 41792K, reserved 1114112K
  class space    used 5079K, committed 5248K, reserved 1048576K
}
Event: 1.937 GC heap after
{Heap after GC invocations=21 (full 0):
 garbage-first heap   total 198656K, used 73967K [0x00000000c0000000, 0x0000000100000000)
  region size 1024K, 3 young (3072K), 3 survivors (3072K)
 Metaspace       used 41400K, committed 41792K, reserved 1114112K
  class space    used 5079K, committed 5248K, reserved 1048576K
}
Event: 1.950 GC heap before
{Heap before GC invocations=21 (full 0):
 garbage-first heap   total 198656K, used 141550K [0x00000000c0000000, 0x0000000100000000)
  region size 1024K, 70 young (71680K), 3 survivors (3072K)
 Metaspace       used 41408K, committed 41792K, reserved 1114112K
  class space    used 5083K, committed 5248K, reserved 1048576K
}
Event: 1.954 GC heap after
{Heap after GC invocations=22 (full 0):
 garbage-first heap   total 198656K, used 76566K [0x00000000c0000000, 0x0000000100000000)
  region size 1024K, 6 young (6144K), 6 survivors (6144K)
 Metaspace       used 41408K, committed 41792K, reserved 1114112K
  class space    used 5083K, committed 5248K, reserved 1048576K
}
Event: 1.970 GC heap before
{Heap before GC invocations=22 (full 0):
 garbage-first heap   total 198656K, used 148246K [0x00000000c0000000, 0x0000000100000000)
  region size 1024K, 77 young (78848K), 6 survivors (6144K)
 Metaspace       used 41480K, committed 41856K, reserved 1114112K
  class space    used 5093K, committed 5248K, reserved 1048576K
}

