# JRE version: OpenJDK Runtime Environment Temurin-17.0.7+7 (17.0.7+7) (build 17.0.7+7)
# Java VM: OpenJDK 64-Bit Server VM Temurin-17.0.7+7 (17.0.7+7, mixed mode, emulated-client, tiered, compressed oops, compressed class ptrs, g1 gc, windows-amd64)
GC Precious Log:
 CPUs: 12 total, 12 available
 Memory: 7930M
 Large Page Support: Disabled
 NUMA Support: Disabled
 Compressed Oops: Enabled (32-bit)
 Heap Region Size: 1M
 Heap Min Capacity: 8M
 Heap Initial Capacity: 124M
 Heap Max Capacity: 1G
 Pre-touch: Disabled
 Parallel Workers: 10
 Concurrent Workers: 3
 Concurrent Refinement Workers: 10
 Periodic GC: Disabled
Heap:
 garbage-first heap   total 344064K, used 99457K [0x00000000c0000000, 0x0000000100000000)
  region size 1024K, 19 young (19456K), 19 survivors (19456K)
 Metaspace       used 41506K, committed 41920K, reserved 1114112K
  class space    used 5103K, committed 5312K, reserved 1048576K
GC Heap History (20 events):
Event: 1.620 GC heap after
{Heap after GC invocations=13 (full 0):
 garbage-first heap   total 57344K, used 29728K [0x00000000c0000000, 0x0000000100000000)
  region size 1024K, 3 young (3072K), 3 survivors (3072K)
 Metaspace       used 37991K, committed 38400K, reserved 1114112K
  class space    used 4792K, committed 4992K, reserved 1048576K
}
Event: 1.639 GC heap before
{Heap before GC invocations=13 (full 0):
 garbage-first heap   total 57344K, used 42016K [0x00000000c0000000, 0x0000000100000000)
  region size 1024K, 15 young (15360K), 3 survivors (3072K)
 Metaspace       used 38245K, committed 38720K, reserved 1114112K
  class space    used 4826K, committed 5056K, reserved 1048576K
}
Event: 1.643 GC heap after
{Heap after GC invocations=14 (full 0):
 garbage-first heap   total 114688K, used 32190K [0x00000000c0000000, 0x0000000100000000)
  region size 1024K, 2 young (2048K), 2 survivors (2048K)
 Metaspace       used 38245K, committed 38720K, reserved 1114112K
  class space    used 4826K, committed 5056K, reserved 1048576K
}
Event: 1.686 GC heap before
{Heap before GC invocations=15 (full 0):
 garbage-first heap   total 114688K, used 70078K [0x00000000c0000000, 0x0000000100000000)
  region size 1024K, 40 young (40960K), 2 survivors (2048K)
 Metaspace       used 38868K, committed 39296K, reserved 1114112K
  class space    used 4861K, committed 5056K, reserved 1048576K
}
Event: 1.693 GC heap after
{Heap after GC invocations=16 (full 0):
 garbage-first heap   total 114688K, used 40850K [0x00000000c0000000, 0x0000000100000000)
  region size 1024K, 5 young (5120K), 5 survivors (5120K)
 Metaspace       used 38868K, committed 39296K, reserved 1114112K
  class space    used 4861K, committed 5056K, reserved 1048576K
}
Event: 1.694 GC heap before
{Heap before GC invocations=16 (full 0):
 garbage-first heap   total 114688K, used 41874K [0x00000000c0000000, 0x0000000100000000)
  region size 1024K, 6 young (6144K), 5 survivors (5120K)
 Metaspace       used 38868K, committed 39296K, reserved 1114112K
  class space    used 4861K, committed 5056K, reserved 1048576K
}
Event: 1.697 GC heap after
{Heap after GC invocations=17 (full 0):
 garbage-first heap   total 114688K, used 42074K [0x00000000c0000000, 0x0000000100000000)
  region size 1024K, 1 young (1024K), 1 survivors (1024K)
 Metaspace       used 38868K, committed 39296K, reserved 1114112K
  class space    used 4861K, committed 5056K, reserved 1048576K
}
Event: 1.727 GC heap before
{Heap before GC invocations=17 (full 0):
 garbage-first heap   total 114688K, used 75866K [0x00000000c0000000, 0x0000000100000000)
  region size 1024K, 34 young (34816K), 1 survivors (1024K)
 Metaspace       used 39463K, committed 39872K, reserved 1114112K
  class space    used 4926K, committed 5120K, reserved 1048576K
}
Event: 1.731 GC heap after
{Heap after GC invocations=18 (full 0):
 garbage-first heap   total 114688K, used 47712K [0x00000000c0000000, 0x0000000100000000)
  region size 1024K, 5 young (5120K), 5 survivors (5120K)
 Metaspace       used 39463K, committed 39872K, reserved 1114112K
  class space    used 4926K, committed 5120K, reserved 1048576K
}
Event: 1.797 GC heap before
{Heap before GC invocations=18 (full 0):
 garbage-first heap   total 114688K, used 78432K [0x00000000c0000000, 0x0000000100000000)
  region size 1024K, 36 young (36864K), 5 survivors (5120K)
 Metaspace       used 40706K, committed 41088K, reserved 1114112K
  class space    used 5005K, committed 5184K, reserved 1048576K
}
Event: 1.803 GC heap after
{Heap after GC invocations=19 (full 0):
 garbage-first heap   total 114688K, used 53839K [0x00000000c0000000, 0x0000000100000000)
  region size 1024K, 5 young (5120K), 5 survivors (5120K)
 Metaspace       used 40706K, committed 41088K, reserved 1114112K
  class space    used 5005K, committed 5184K, reserved 1048576K
}
Event: 1.846 GC heap before
{Heap before GC invocations=19 (full 0):
 garbage-first heap   total 114688K, used 83535K [0x00000000c0000000, 0x0000000100000000)
  region size 1024K, 33 young (33792K), 5 survivors (5120K)
 Metaspace       used 41223K, committed 41600K, reserved 1114112K
  class space    used 5058K, committed 5248K, reserved 1048576K
}
Event: 1.869 GC heap after
{Heap after GC invocations=20 (full 0):
 garbage-first heap   total 344064K, used 68571K [0x00000000c0000000, 0x0000000100000000)
  region size 1024K, 5 young (5120K), 5 survivors (5120K)
 Metaspace       used 41223K, committed 41600K, reserved 1114112K
  class space    used 5058K, committed 5248K, reserved 1048576K
}
Event: 1.910 GC heap before
{Heap before GC invocations=20 (full 0):
 garbage-first heap   total 344064K, used 200667K [0x00000000c0000000, 0x0000000100000000)
  region size 1024K, 135 young (138240K), 5 survivors (5120K)
 Metaspace       used 41373K, committed 41728K, reserved 1114112K
  class space    used 5082K, committed 5248K, reserved 1048576K
}
Event: 1.916 GC heap after
{Heap after GC invocations=21 (full 0):
 garbage-first heap   total 344064K, used 74480K [0x00000000c0000000, 0x0000000100000000)
  region size 1024K, 11 young (11264K), 11 survivors (11264K)
 Metaspace       used 41373K, committed 41728K, reserved 1114112K
  class space    used 5082K, committed 5248K, reserved 1048576K
}
Event: 1.964 GC heap before
{Heap before GC invocations=21 (full 0):
 garbage-first heap   total 344064K, used 260848K [0x00000000c0000000, 0x0000000100000000)
  region size 1024K, 194 young (198656K), 11 survivors (11264K)
 Metaspace       used 41496K, committed 41856K, reserved 1114112K
  class space    used 5100K, committed 5248K, reserved 1048576K
}
Event: 1.974 GC heap after
{Heap after GC invocations=22 (full 0):
 garbage-first heap   total 344064K, used 82062K [0x00000000c0000000, 0x0000000100000000)
  region size 1024K, 19 young (19456K), 19 survivors (19456K)
 Metaspace       used 41496K, committed 41856K, reserved 1114112K
  class space    used 5100K, committed 5248K, reserved 1048576K
}
Event: 2.014 GC heap before
{Heap before GC invocations=22 (full 0):
 garbage-first heap   total 344064K, used 264334K [0x00000000c0000000, 0x0000000100000000)
  region size 1024K, 198 young (202752K), 19 survivors (19456K)
 Metaspace       used 41506K, committed 41920K, reserved 1114112K
  class space    used 5103K, committed 5312K, reserved 1048576K
}
Event: 2.027 GC heap after
{Heap after GC invocations=23 (full 0):
 garbage-first heap   total 344064K, used 89689K [0x00000000c0000000, 0x0000000100000000)
  region size 1024K, 21 young (21504K), 21 survivors (21504K)
 Metaspace       used 41506K, committed 41920K, reserved 1114112K
  class space    used 5103K, committed 5312K, reserved 1048576K
}
Event: 2.068 GC heap before
{Heap before GC invocations=23 (full 0):
 garbage-first heap   total 344064K, used 269913K [0x00000000c0000000, 0x0000000100000000)
  region size 1024K, 198 young (202752K), 21 survivors (21504K)
 Metaspace       used 41506K, committed 41920K, reserved 1114112K
  class space    used 5103K, committed 5312K, reserved 1048576K
}

