# JRE version: OpenJDK Runtime Environment Temurin-17.0.7+7 (17.0.7+7) (build 17.0.7+7)
# Java VM: OpenJDK 64-Bit Server VM Temurin-17.0.7+7 (17.0.7+7, mixed mode, emulated-client, tiered, compressed oops, compressed class ptrs, g1 gc, windows-amd64)
GC Precious Log:
 CPUs: 12 total, 12 available
 Memory: 7930M
 Large Page Support: Disabled
 NUMA Support: Disabled
 Compressed Oops: Enabled (32-bit)
 Heap Region Size: 1M
 Heap Min Capacity: 8M
 Heap Initial Capacity: 124M
 Heap Max Capacity: 1G
 Pre-touch: Disabled
 Parallel Workers: 10
 Concurrent Workers: 3
 Concurrent Refinement Workers: 10
 Periodic GC: Disabled
Heap:
 garbage-first heap   total 62464K, used 31730K [0x00000000c0000000, 0x0000000100000000)
  region size 1024K, 3 young (3072K), 3 survivors (3072K)
 Metaspace       used 38006K, committed 38464K, reserved 1114112K
  class space    used 4785K, committed 4992K, reserved 1048576K
GC Heap History (20 events):
Event: 0.344 GC heap after
{Heap after GC invocations=1 (full 0):
 garbage-first heap   total 126976K, used 7428K [0x00000000c0000000, 0x0000000100000000)
  region size 1024K, 3 young (3072K), 3 survivors (3072K)
 Metaspace       used 9997K, committed 10176K, reserved 1114112K
  class space    used 1067K, committed 1152K, reserved 1048576K
}
Event: 0.609 GC heap before
{Heap before GC invocations=1 (full 0):
 garbage-first heap   total 126976K, used 32004K [0x00000000c0000000, 0x0000000100000000)
  region size 1024K, 28 young (28672K), 3 survivors (3072K)
 Metaspace       used 17362K, committed 17536K, reserved 1114112K
  class space    used 1988K, committed 2048K, reserved 1048576K
}
Event: 0.614 GC heap after
{Heap after GC invocations=2 (full 0):
 garbage-first heap   total 126976K, used 10558K [0x00000000c0000000, 0x0000000100000000)
  region size 1024K, 3 young (3072K), 3 survivors (3072K)
 Metaspace       used 17362K, committed 17536K, reserved 1114112K
  class space    used 1988K, committed 2048K, reserved 1048576K
}
Event: 0.731 GC heap before
{Heap before GC invocations=2 (full 0):
 garbage-first heap   total 126976K, used 27966K [0x00000000c0000000, 0x0000000100000000)
  region size 1024K, 22 young (22528K), 3 survivors (3072K)
 Metaspace       used 21302K, committed 21504K, reserved 1114112K
  class space    used 2453K, committed 2560K, reserved 1048576K
}
Event: 0.734 GC heap after
{Heap after GC invocations=3 (full 0):
 garbage-first heap   total 126976K, used 11501K [0x00000000c0000000, 0x0000000100000000)
  region size 1024K, 4 young (4096K), 4 survivors (4096K)
 Metaspace       used 21302K, committed 21504K, reserved 1114112K
  class space    used 2453K, committed 2560K, reserved 1048576K
}
Event: 0.872 GC heap before
{Heap before GC invocations=4 (full 0):
 garbage-first heap   total 48128K, used 34029K [0x00000000c0000000, 0x0000000100000000)
  region size 1024K, 28 young (28672K), 4 survivors (4096K)
 Metaspace       used 25843K, committed 26112K, reserved 1114112K
  class space    used 3038K, committed 3136K, reserved 1048576K
}
Event: 0.876 GC heap after
{Heap after GC invocations=5 (full 0):
 garbage-first heap   total 48128K, used 12927K [0x00000000c0000000, 0x0000000100000000)
  region size 1024K, 6 young (6144K), 6 survivors (6144K)
 Metaspace       used 25843K, committed 26112K, reserved 1114112K
  class space    used 3038K, committed 3136K, reserved 1048576K
}
Event: 1.053 GC heap before
{Heap before GC invocations=5 (full 0):
 garbage-first heap   total 48128K, used 31359K [0x00000000c0000000, 0x0000000100000000)
  region size 1024K, 24 young (24576K), 6 survivors (6144K)
 Metaspace       used 28289K, committed 28672K, reserved 1114112K
  class space    used 3363K, committed 3520K, reserved 1048576K
}
Event: 1.059 GC heap after
{Heap after GC invocations=6 (full 0):
 garbage-first heap   total 48128K, used 14142K [0x00000000c0000000, 0x0000000100000000)
  region size 1024K, 2 young (2048K), 2 survivors (2048K)
 Metaspace       used 28289K, committed 28672K, reserved 1114112K
  class space    used 3363K, committed 3520K, reserved 1048576K
}
Event: 1.218 GC heap before
{Heap before GC invocations=6 (full 0):
 garbage-first heap   total 48128K, used 31550K [0x00000000c0000000, 0x0000000100000000)
  region size 1024K, 20 young (20480K), 2 survivors (2048K)
 Metaspace       used 30891K, committed 31232K, reserved 1114112K
  class space    used 3724K, committed 3840K, reserved 1048576K
}
Event: 1.221 GC heap after
{Heap after GC invocations=7 (full 0):
 garbage-first heap   total 62464K, used 16501K [0x00000000c0000000, 0x0000000100000000)
  region size 1024K, 3 young (3072K), 3 survivors (3072K)
 Metaspace       used 30891K, committed 31232K, reserved 1114112K
  class space    used 3724K, committed 3840K, reserved 1048576K
}
Event: 1.524 GC heap before
{Heap before GC invocations=7 (full 0):
 garbage-first heap   total 62464K, used 43125K [0x00000000c0000000, 0x0000000100000000)
  region size 1024K, 29 young (29696K), 3 survivors (3072K)
 Metaspace       used 35479K, committed 35840K, reserved 1114112K
  class space    used 4382K, committed 4544K, reserved 1048576K
}
Event: 1.528 GC heap after
{Heap after GC invocations=8 (full 0):
 garbage-first heap   total 62464K, used 18848K [0x00000000c0000000, 0x0000000100000000)
  region size 1024K, 4 young (4096K), 4 survivors (4096K)
 Metaspace       used 35479K, committed 35840K, reserved 1114112K
  class space    used 4382K, committed 4544K, reserved 1048576K
}
Event: 1.545 GC heap before
{Heap before GC invocations=8 (full 0):
 garbage-first heap   total 62464K, used 19872K [0x00000000c0000000, 0x0000000100000000)
  region size 1024K, 6 young (6144K), 4 survivors (4096K)
 Metaspace       used 35661K, committed 35968K, reserved 1114112K
  class space    used 4409K, committed 4544K, reserved 1048576K
}
Event: 1.547 GC heap after
{Heap after GC invocations=9 (full 0):
 garbage-first heap   total 62464K, used 19483K [0x00000000c0000000, 0x0000000100000000)
  region size 1024K, 1 young (1024K), 1 survivors (1024K)
 Metaspace       used 35661K, committed 35968K, reserved 1114112K
  class space    used 4409K, committed 4544K, reserved 1048576K
}
Event: 1.638 GC heap before
{Heap before GC invocations=10 (full 0):
 garbage-first heap   total 62464K, used 44059K [0x00000000c0000000, 0x0000000100000000)
  region size 1024K, 26 young (26624K), 1 survivors (1024K)
 Metaspace       used 37879K, committed 38208K, reserved 1114112K
  class space    used 4766K, committed 4928K, reserved 1048576K
}
Event: 1.641 GC heap after
{Heap after GC invocations=11 (full 0):
 garbage-first heap   total 62464K, used 22719K [0x00000000c0000000, 0x0000000100000000)
  region size 1024K, 4 young (4096K), 4 survivors (4096K)
 Metaspace       used 37879K, committed 38208K, reserved 1114112K
  class space    used 4766K, committed 4928K, reserved 1048576K
}
Event: 1.665 GC heap before
{Heap before GC invocations=11 (full 0):
 garbage-first heap   total 62464K, used 44223K [0x00000000c0000000, 0x0000000100000000)
  region size 1024K, 26 young (26624K), 4 survivors (4096K)
 Metaspace       used 37879K, committed 38208K, reserved 1114112K
  class space    used 4766K, committed 4928K, reserved 1048576K
}
Event: 1.669 GC heap after
{Heap after GC invocations=12 (full 0):
 garbage-first heap   total 62464K, used 26329K [0x00000000c0000000, 0x0000000100000000)
  region size 1024K, 4 young (4096K), 4 survivors (4096K)
 Metaspace       used 37879K, committed 38208K, reserved 1114112K
  class space    used 4766K, committed 4928K, reserved 1048576K
}
Event: 1.700 GC heap before
{Heap before GC invocations=12 (full 0):
 garbage-first heap   total 62464K, used 43737K [0x00000000c0000000, 0x0000000100000000)
  region size 1024K, 22 young (22528K), 4 survivors (4096K)
 Metaspace       used 38006K, committed 38464K, reserved 1114112K
  class space    used 4785K, committed 4992K, reserved 1048576K
}

