# JRE version: OpenJDK Runtime Environment Temurin-17.0.7+7 (17.0.7+7) (build 17.0.7+7)
# Java VM: OpenJDK 64-Bit Server VM Temurin-17.0.7+7 (17.0.7+7, mixed mode, emulated-client, tiered, compressed oops, compressed class ptrs, g1 gc, windows-amd64)
GC Precious Log:
 CPUs: 12 total, 12 available
 Memory: 7930M
 Large Page Support: Disabled
 NUMA Support: Disabled
 Compressed Oops: Enabled (32-bit)
 Heap Region Size: 1M
 Heap Min Capacity: 8M
 Heap Initial Capacity: 124M
 Heap Max Capacity: 1G
 Pre-touch: Disabled
 Parallel Workers: 10
 Concurrent Workers: 3
 Concurrent Refinement Workers: 10
 Periodic GC: Disabled
Heap:
 garbage-first heap   total 171008K, used 51500K [0x00000000c0000000, 0x0000000100000000)
  region size 1024K, 1 young (1024K), 0 survivors (0K)
 Metaspace       used 65703K, committed 66240K, reserved 1114112K
  class space    used 8639K, committed 8896K, reserved 1048576K
GC Heap History (20 events):
Event: 11477.733 GC heap before
{Heap before GC invocations=814 (full 747):
 garbage-first heap   total 171008K, used 61792K [0x00000000c0000000, 0x0000000100000000)
  region size 1024K, 11 young (11264K), 0 survivors (0K)
 Metaspace       used 65700K, committed 66240K, reserved 1114112K
  class space    used 8639K, committed 8896K, reserved 1048576K
}
Event: 11477.766 GC heap after
{Heap after GC invocations=815 (full 748):
 garbage-first heap   total 171008K, used 51549K [0x00000000c0000000, 0x0000000100000000)
  region size 1024K, 0 young (0K), 0 survivors (0K)
 Metaspace       used 65700K, committed 66240K, reserved 1114112K
  class space    used 8639K, committed 8896K, reserved 1048576K
}
Event: 11547.911 GC heap before
{Heap before GC invocations=815 (full 748):
 garbage-first heap   total 171008K, used 55645K [0x00000000c0000000, 0x0000000100000000)
  region size 1024K, 5 young (5120K), 0 survivors (0K)
 Metaspace       used 65703K, committed 66240K, reserved 1114112K
  class space    used 8639K, committed 8896K, reserved 1048576K
}
Event: 11547.949 GC heap after
{Heap after GC invocations=816 (full 749):
 garbage-first heap   total 171008K, used 51510K [0x00000000c0000000, 0x0000000100000000)
  region size 1024K, 0 young (0K), 0 survivors (0K)
 Metaspace       used 65703K, committed 66240K, reserved 1114112K
  class space    used 8639K, committed 8896K, reserved 1048576K
}
Event: 11558.052 GC heap before
{Heap before GC invocations=816 (full 749):
 garbage-first heap   total 171008K, used 51510K [0x00000000c0000000, 0x0000000100000000)
  region size 1024K, 1 young (1024K), 0 survivors (0K)
 Metaspace       used 65703K, committed 66240K, reserved 1114112K
  class space    used 8639K, committed 8896K, reserved 1048576K
}
Event: 11558.080 GC heap after
{Heap after GC invocations=817 (full 750):
 garbage-first heap   total 171008K, used 51508K [0x00000000c0000000, 0x0000000100000000)
  region size 1024K, 0 young (0K), 0 survivors (0K)
 Metaspace       used 65703K, committed 66240K, reserved 1114112K
  class space    used 8639K, committed 8896K, reserved 1048576K
}
Event: 11568.167 GC heap before
{Heap before GC invocations=817 (full 750):
 garbage-first heap   total 171008K, used 51508K [0x00000000c0000000, 0x0000000100000000)
  region size 1024K, 1 young (1024K), 0 survivors (0K)
 Metaspace       used 65703K, committed 66240K, reserved 1114112K
  class space    used 8639K, committed 8896K, reserved 1048576K
}
Event: 11568.193 GC heap after
{Heap after GC invocations=818 (full 751):
 garbage-first heap   total 171008K, used 51507K [0x00000000c0000000, 0x0000000100000000)
  region size 1024K, 0 young (0K), 0 survivors (0K)
 Metaspace       used 65703K, committed 66240K, reserved 1114112K
  class space    used 8639K, committed 8896K, reserved 1048576K
}
Event: 11578.285 GC heap before
{Heap before GC invocations=818 (full 751):
 garbage-first heap   total 171008K, used 51507K [0x00000000c0000000, 0x0000000100000000)
  region size 1024K, 1 young (1024K), 0 survivors (0K)
 Metaspace       used 65703K, committed 66240K, reserved 1114112K
  class space    used 8639K, committed 8896K, reserved 1048576K
}
Event: 11578.318 GC heap after
{Heap after GC invocations=819 (full 752):
 garbage-first heap   total 171008K, used 51507K [0x00000000c0000000, 0x0000000100000000)
  region size 1024K, 0 young (0K), 0 survivors (0K)
 Metaspace       used 65703K, committed 66240K, reserved 1114112K
  class space    used 8639K, committed 8896K, reserved 1048576K
}
Event: 11588.409 GC heap before
{Heap before GC invocations=819 (full 752):
 garbage-first heap   total 171008K, used 51507K [0x00000000c0000000, 0x0000000100000000)
  region size 1024K, 1 young (1024K), 0 survivors (0K)
 Metaspace       used 65703K, committed 66240K, reserved 1114112K
  class space    used 8639K, committed 8896K, reserved 1048576K
}
Event: 11588.435 GC heap after
{Heap after GC invocations=820 (full 753):
 garbage-first heap   total 171008K, used 51507K [0x00000000c0000000, 0x0000000100000000)
  region size 1024K, 0 young (0K), 0 survivors (0K)
 Metaspace       used 65703K, committed 66240K, reserved 1114112K
  class space    used 8639K, committed 8896K, reserved 1048576K
}
Event: 11598.525 GC heap before
{Heap before GC invocations=820 (full 753):
 garbage-first heap   total 171008K, used 51507K [0x00000000c0000000, 0x0000000100000000)
  region size 1024K, 1 young (1024K), 0 survivors (0K)
 Metaspace       used 65703K, committed 66240K, reserved 1114112K
  class space    used 8639K, committed 8896K, reserved 1048576K
}
Event: 11598.552 GC heap after
{Heap after GC invocations=821 (full 754):
 garbage-first heap   total 171008K, used 51507K [0x00000000c0000000, 0x0000000100000000)
  region size 1024K, 0 young (0K), 0 survivors (0K)
 Metaspace       used 65703K, committed 66240K, reserved 1114112K
  class space    used 8639K, committed 8896K, reserved 1048576K
}
Event: 11608.638 GC heap before
{Heap before GC invocations=821 (full 754):
 garbage-first heap   total 171008K, used 51507K [0x00000000c0000000, 0x0000000100000000)
  region size 1024K, 1 young (1024K), 0 survivors (0K)
 Metaspace       used 65703K, committed 66240K, reserved 1114112K
  class space    used 8639K, committed 8896K, reserved 1048576K
}
Event: 11608.661 GC heap after
{Heap after GC invocations=822 (full 755):
 garbage-first heap   total 171008K, used 51500K [0x00000000c0000000, 0x0000000100000000)
  region size 1024K, 0 young (0K), 0 survivors (0K)
 Metaspace       used 65703K, committed 66240K, reserved 1114112K
  class space    used 8639K, committed 8896K, reserved 1048576K
}
Event: 11618.744 GC heap before
{Heap before GC invocations=822 (full 755):
 garbage-first heap   total 171008K, used 51500K [0x00000000c0000000, 0x0000000100000000)
  region size 1024K, 1 young (1024K), 0 survivors (0K)
 Metaspace       used 65703K, committed 66240K, reserved 1114112K
  class space    used 8639K, committed 8896K, reserved 1048576K
}
Event: 11618.777 GC heap after
{Heap after GC invocations=823 (full 756):
 garbage-first heap   total 171008K, used 51500K [0x00000000c0000000, 0x0000000100000000)
  region size 1024K, 0 young (0K), 0 survivors (0K)
 Metaspace       used 65703K, committed 66240K, reserved 1114112K
  class space    used 8639K, committed 8896K, reserved 1048576K
}
Event: 11628.908 GC heap before
{Heap before GC invocations=823 (full 756):
 garbage-first heap   total 171008K, used 51500K [0x00000000c0000000, 0x0000000100000000)
  region size 1024K, 1 young (1024K), 0 survivors (0K)
 Metaspace       used 65703K, committed 66240K, reserved 1114112K
  class space    used 8639K, committed 8896K, reserved 1048576K
}
Event: 11628.956 GC heap after
{Heap after GC invocations=824 (full 757):
 garbage-first heap   total 171008K, used 51500K [0x00000000c0000000, 0x0000000100000000)
  region size 1024K, 0 young (0K), 0 survivors (0K)
 Metaspace       used 65703K, committed 66240K, reserved 1114112K
  class space    used 8639K, committed 8896K, reserved 1048576K
}

