# JRE version: OpenJDK Runtime Environment Temurin-17.0.7+7 (17.0.7+7) (build 17.0.7+7)
# Java VM: OpenJDK 64-Bit Server VM Temurin-17.0.7+7 (17.0.7+7, mixed mode, emulated-client, tiered, compressed oops, compressed class ptrs, g1 gc, windows-amd64)
GC Precious Log:
 CPUs: 12 total, 12 available
 Memory: 7930M
 Large Page Support: Disabled
 NUMA Support: Disabled
 Compressed Oops: Enabled (32-bit)
 Heap Region Size: 1M
 Heap Min Capacity: 8M
 Heap Initial Capacity: 124M
 Heap Max Capacity: 1G
 Pre-touch: Disabled
 Parallel Workers: 10
 Concurrent Workers: 3
 Concurrent Refinement Workers: 10
 Periodic GC: Disabled
Heap:
 garbage-first heap   total 223232K, used 82818K [0x00000000c0000000, 0x0000000100000000)
  region size 1024K, 8 young (8192K), 8 survivors (8192K)
 Metaspace       used 41551K, committed 41984K, reserved 1114112K
  class space    used 5105K, committed 5312K, reserved 1048576K
GC Heap History (20 events):
Event: 1.576 GC heap after
{Heap after GC invocations=11 (full 0):
 garbage-first heap   total 61440K, used 21841K [0x00000000c0000000, 0x0000000100000000)
  region size 1024K, 4 young (4096K), 4 survivors (4096K)
 Metaspace       used 37914K, committed 38400K, reserved 1114112K
  class space    used 4778K, committed 4992K, reserved 1048576K
}
Event: 1.602 GC heap before
{Heap before GC invocations=11 (full 0):
 garbage-first heap   total 61440K, used 44369K [0x00000000c0000000, 0x0000000100000000)
  region size 1024K, 27 young (27648K), 4 survivors (4096K)
 Metaspace       used 37915K, committed 38400K, reserved 1114112K
  class space    used 4778K, committed 4992K, reserved 1048576K
}
Event: 1.608 GC heap after
{Heap after GC invocations=12 (full 0):
 garbage-first heap   total 61440K, used 26511K [0x00000000c0000000, 0x0000000100000000)
  region size 1024K, 4 young (4096K), 4 survivors (4096K)
 Metaspace       used 37915K, committed 38400K, reserved 1114112K
  class space    used 4778K, committed 4992K, reserved 1048576K
}
Event: 1.633 GC heap before
{Heap before GC invocations=12 (full 0):
 garbage-first heap   total 61440K, used 43919K [0x00000000c0000000, 0x0000000100000000)
  region size 1024K, 22 young (22528K), 4 survivors (4096K)
 Metaspace       used 38152K, committed 38528K, reserved 1114112K
  class space    used 4816K, committed 4992K, reserved 1048576K
}
Event: 1.638 GC heap after
{Heap after GC invocations=13 (full 0):
 garbage-first heap   total 103424K, used 30678K [0x00000000c0000000, 0x0000000100000000)
  region size 1024K, 3 young (3072K), 3 survivors (3072K)
 Metaspace       used 38152K, committed 38528K, reserved 1114112K
  class space    used 4816K, committed 4992K, reserved 1048576K
}
Event: 1.685 GC heap before
{Heap before GC invocations=13 (full 0):
 garbage-first heap   total 103424K, used 69590K [0x00000000c0000000, 0x0000000100000000)
  region size 1024K, 42 young (43008K), 3 survivors (3072K)
 Metaspace       used 38906K, committed 39360K, reserved 1114112K
  class space    used 4863K, committed 5056K, reserved 1048576K
}
Event: 1.693 GC heap after
{Heap after GC invocations=14 (full 0):
 garbage-first heap   total 103424K, used 38318K [0x00000000c0000000, 0x0000000100000000)
  region size 1024K, 6 young (6144K), 6 survivors (6144K)
 Metaspace       used 38906K, committed 39360K, reserved 1114112K
  class space    used 4863K, committed 5056K, reserved 1048576K
}
Event: 1.723 GC heap before
{Heap before GC invocations=14 (full 0):
 garbage-first heap   total 103424K, used 72110K [0x00000000c0000000, 0x0000000100000000)
  region size 1024K, 39 young (39936K), 6 survivors (6144K)
 Metaspace       used 39432K, committed 39872K, reserved 1114112K
  class space    used 4922K, committed 5120K, reserved 1048576K
}
Event: 1.732 GC heap after
{Heap after GC invocations=15 (full 0):
 garbage-first heap   total 103424K, used 46024K [0x00000000c0000000, 0x0000000100000000)
  region size 1024K, 5 young (5120K), 5 survivors (5120K)
 Metaspace       used 39432K, committed 39872K, reserved 1114112K
  class space    used 4922K, committed 5120K, reserved 1048576K
}
Event: 1.786 GC heap before
{Heap before GC invocations=15 (full 0):
 garbage-first heap   total 103424K, used 73672K [0x00000000c0000000, 0x0000000100000000)
  region size 1024K, 33 young (33792K), 5 survivors (5120K)
 Metaspace       used 40509K, committed 40896K, reserved 1114112K
  class space    used 4980K, committed 5184K, reserved 1048576K
}
Event: 1.791 GC heap after
{Heap after GC invocations=16 (full 0):
 garbage-first heap   total 103424K, used 51928K [0x00000000c0000000, 0x0000000100000000)
  region size 1024K, 5 young (5120K), 5 survivors (5120K)
 Metaspace       used 40509K, committed 40896K, reserved 1114112K
  class space    used 4980K, committed 5184K, reserved 1048576K
}
Event: 1.809 GC heap before
{Heap before GC invocations=16 (full 0):
 garbage-first heap   total 103424K, used 59096K [0x00000000c0000000, 0x0000000100000000)
  region size 1024K, 14 young (14336K), 5 survivors (5120K)
 Metaspace       used 40715K, committed 41152K, reserved 1114112K
  class space    used 5002K, committed 5184K, reserved 1048576K
}
Event: 1.813 GC heap after
{Heap after GC invocations=17 (full 0):
 garbage-first heap   total 223232K, used 54649K [0x00000000c0000000, 0x0000000100000000)
  region size 1024K, 3 young (3072K), 3 survivors (3072K)
 Metaspace       used 40715K, committed 41152K, reserved 1114112K
  class space    used 5002K, committed 5184K, reserved 1048576K
}
Event: 1.885 GC heap before
{Heap before GC invocations=17 (full 0):
 garbage-first heap   total 223232K, used 152953K [0x00000000c0000000, 0x0000000100000000)
  region size 1024K, 98 young (100352K), 3 survivors (3072K)
 Metaspace       used 41442K, committed 41792K, reserved 1114112K
  class space    used 5088K, committed 5248K, reserved 1048576K
}
Event: 1.907 GC heap after
{Heap after GC invocations=18 (full 0):
 garbage-first heap   total 223232K, used 72109K [0x00000000c0000000, 0x0000000100000000)
  region size 1024K, 13 young (13312K), 13 survivors (13312K)
 Metaspace       used 41442K, committed 41792K, reserved 1114112K
  class space    used 5088K, committed 5248K, reserved 1048576K
}
Event: 1.926 GC heap before
{Heap before GC invocations=18 (full 0):
 garbage-first heap   total 223232K, used 151981K [0x00000000c0000000, 0x0000000100000000)
  region size 1024K, 92 young (94208K), 13 survivors (13312K)
 Metaspace       used 41488K, committed 41856K, reserved 1114112K
  class space    used 5096K, committed 5248K, reserved 1048576K
}
Event: 1.934 GC heap after
{Heap after GC invocations=19 (full 0):
 garbage-first heap   total 223232K, used 76445K [0x00000000c0000000, 0x0000000100000000)
  region size 1024K, 5 young (5120K), 5 survivors (5120K)
 Metaspace       used 41488K, committed 41856K, reserved 1114112K
  class space    used 5096K, committed 5248K, reserved 1048576K
}
Event: 1.954 GC heap before
{Heap before GC invocations=19 (full 0):
 garbage-first heap   total 223232K, used 158365K [0x00000000c0000000, 0x0000000100000000)
  region size 1024K, 86 young (88064K), 5 survivors (5120K)
 Metaspace       used 41523K, committed 41920K, reserved 1114112K
  class space    used 5103K, committed 5312K, reserved 1048576K
}
Event: 1.957 GC heap after
{Heap after GC invocations=20 (full 0):
 garbage-first heap   total 223232K, used 79283K [0x00000000c0000000, 0x0000000100000000)
  region size 1024K, 7 young (7168K), 7 survivors (7168K)
 Metaspace       used 41523K, committed 41920K, reserved 1114112K
  class space    used 5103K, committed 5312K, reserved 1048576K
}
Event: 1.976 GC heap before
{Heap before GC invocations=20 (full 0):
 garbage-first heap   total 223232K, used 167347K [0x00000000c0000000, 0x0000000100000000)
  region size 1024K, 94 young (96256K), 7 survivors (7168K)
 Metaspace       used 41551K, committed 41984K, reserved 1114112K
  class space    used 5105K, committed 5312K, reserved 1048576K
}

