# JRE version: OpenJDK Runtime Environment Temurin-17.0.7+7 (17.0.7+7) (build 17.0.7+7)
# Java VM: OpenJDK 64-Bit Server VM Temurin-17.0.7+7 (17.0.7+7, mixed mode, emulated-client, tiered, compressed oops, compressed class ptrs, g1 gc, windows-amd64)
GC Precious Log:
 CPUs: 12 total, 12 available
 Memory: 7930M
 Large Page Support: Disabled
 NUMA Support: Disabled
 Compressed Oops: Enabled (32-bit)
 Heap Region Size: 1M
 Heap Min Capacity: 8M
 Heap Initial Capacity: 124M
 Heap Max Capacity: 1G
 Pre-touch: Disabled
 Parallel Workers: 10
 Concurrent Workers: 3
 Concurrent Refinement Workers: 10
 Periodic GC: Disabled
Heap:
 garbage-first heap   total 248832K, used 85617K [0x00000000c0000000, 0x0000000100000000)
  region size 1024K, 10 young (10240K), 10 survivors (10240K)
 Metaspace       used 41441K, committed 41792K, reserved 1114112K
  class space    used 5087K, committed 5248K, reserved 1048576K
GC Heap History (20 events):
Event: 1.710 GC heap after
{Heap after GC invocations=14 (full 0):
 garbage-first heap   total 110592K, used 31486K [0x00000000c0000000, 0x0000000100000000)
  region size 1024K, 2 young (2048K), 2 survivors (2048K)
 Metaspace       used 38125K, committed 38528K, reserved 1114112K
  class space    used 4807K, committed 4992K, reserved 1048576K
}
Event: 1.760 GC heap before
{Heap before GC invocations=15 (full 0):
 garbage-first heap   total 110592K, used 75518K [0x00000000c0000000, 0x0000000100000000)
  region size 1024K, 45 young (46080K), 2 survivors (2048K)
 Metaspace       used 38749K, committed 39168K, reserved 1114112K
  class space    used 4855K, committed 5056K, reserved 1048576K
}
Event: 1.769 GC heap after
{Heap after GC invocations=16 (full 0):
 garbage-first heap   total 110592K, used 41213K [0x00000000c0000000, 0x0000000100000000)
  region size 1024K, 6 young (6144K), 6 survivors (6144K)
 Metaspace       used 38749K, committed 39168K, reserved 1114112K
  class space    used 4855K, committed 5056K, reserved 1048576K
}
Event: 1.802 GC heap before
{Heap before GC invocations=16 (full 0):
 garbage-first heap   total 110592K, used 75005K [0x00000000c0000000, 0x0000000100000000)
  region size 1024K, 40 young (40960K), 6 survivors (6144K)
 Metaspace       used 39357K, committed 39808K, reserved 1114112K
  class space    used 4912K, committed 5120K, reserved 1048576K
}
Event: 1.810 GC heap after
{Heap after GC invocations=17 (full 0):
 garbage-first heap   total 110592K, used 47277K [0x00000000c0000000, 0x0000000100000000)
  region size 1024K, 5 young (5120K), 5 survivors (5120K)
 Metaspace       used 39357K, committed 39808K, reserved 1114112K
  class space    used 4912K, committed 5120K, reserved 1048576K
}
Event: 1.882 GC heap before
{Heap before GC invocations=17 (full 0):
 garbage-first heap   total 110592K, used 79021K [0x00000000c0000000, 0x0000000100000000)
  region size 1024K, 36 young (36864K), 5 survivors (5120K)
 Metaspace       used 40628K, committed 41024K, reserved 1114112K
  class space    used 4992K, committed 5184K, reserved 1048576K
}
Event: 1.890 GC heap after
{Heap after GC invocations=18 (full 0):
 garbage-first heap   total 110592K, used 55457K [0x00000000c0000000, 0x0000000100000000)
  region size 1024K, 5 young (5120K), 5 survivors (5120K)
 Metaspace       used 40628K, committed 41024K, reserved 1114112K
  class space    used 4992K, committed 5184K, reserved 1048576K
}
Event: 1.913 GC heap before
{Heap before GC invocations=18 (full 0):
 garbage-first heap   total 110592K, used 69793K [0x00000000c0000000, 0x0000000100000000)
  region size 1024K, 21 young (21504K), 5 survivors (5120K)
 Metaspace       used 41080K, committed 41472K, reserved 1114112K
  class space    used 5035K, committed 5184K, reserved 1048576K
}
Event: 1.920 GC heap after
{Heap after GC invocations=19 (full 0):
 garbage-first heap   total 110592K, used 62756K [0x00000000c0000000, 0x0000000100000000)
  region size 1024K, 4 young (4096K), 4 survivors (4096K)
 Metaspace       used 41080K, committed 41472K, reserved 1114112K
  class space    used 5035K, committed 5184K, reserved 1048576K
}
Event: 1.951 GC heap before
{Heap before GC invocations=19 (full 0):
 garbage-first heap   total 121856K, used 81188K [0x00000000c0000000, 0x0000000100000000)
  region size 1024K, 23 young (23552K), 4 survivors (4096K)
 Metaspace       used 41221K, committed 41664K, reserved 1114112K
  class space    used 5054K, committed 5248K, reserved 1048576K
}
Event: 1.966 GC heap after
{Heap after GC invocations=20 (full 0):
 garbage-first heap   total 248832K, used 68199K [0x00000000c0000000, 0x0000000100000000)
  region size 1024K, 3 young (3072K), 3 survivors (3072K)
 Metaspace       used 41221K, committed 41664K, reserved 1114112K
  class space    used 5054K, committed 5248K, reserved 1048576K
}
Event: 1.992 GC heap before
{Heap before GC invocations=21 (full 0):
 garbage-first heap   total 248832K, used 150119K [0x00000000c0000000, 0x0000000100000000)
  region size 1024K, 84 young (86016K), 3 survivors (3072K)
 Metaspace       used 41227K, committed 41664K, reserved 1114112K
  class space    used 5055K, committed 5248K, reserved 1048576K
}
Event: 1.997 GC heap after
{Heap after GC invocations=22 (full 0):
 garbage-first heap   total 248832K, used 71595K [0x00000000c0000000, 0x0000000100000000)
  region size 1024K, 7 young (7168K), 7 survivors (7168K)
 Metaspace       used 41227K, committed 41664K, reserved 1114112K
  class space    used 5055K, committed 5248K, reserved 1048576K
}
Event: 1.999 GC heap before
{Heap before GC invocations=22 (full 0):
 garbage-first heap   total 248832K, used 75691K [0x00000000c0000000, 0x0000000100000000)
  region size 1024K, 12 young (12288K), 7 survivors (7168K)
 Metaspace       used 41233K, committed 41664K, reserved 1114112K
  class space    used 5055K, committed 5248K, reserved 1048576K
}
Event: 2.003 GC heap after
{Heap after GC invocations=23 (full 0):
 garbage-first heap   total 248832K, used 72388K [0x00000000c0000000, 0x0000000100000000)
  region size 1024K, 1 young (1024K), 1 survivors (1024K)
 Metaspace       used 41233K, committed 41664K, reserved 1114112K
  class space    used 5055K, committed 5248K, reserved 1048576K
}
Event: 2.027 GC heap before
{Heap before GC invocations=23 (full 0):
 garbage-first heap   total 248832K, used 179908K [0x00000000c0000000, 0x0000000100000000)
  region size 1024K, 107 young (109568K), 1 survivors (1024K)
 Metaspace       used 41248K, committed 41664K, reserved 1114112K
  class space    used 5061K, committed 5248K, reserved 1048576K
}
Event: 2.031 GC heap after
{Heap after GC invocations=24 (full 0):
 garbage-first heap   total 248832K, used 76376K [0x00000000c0000000, 0x0000000100000000)
  region size 1024K, 5 young (5120K), 5 survivors (5120K)
 Metaspace       used 41248K, committed 41664K, reserved 1114112K
  class space    used 5061K, committed 5248K, reserved 1048576K
}
Event: 2.055 GC heap before
{Heap before GC invocations=24 (full 0):
 garbage-first heap   total 248832K, used 184920K [0x00000000c0000000, 0x0000000100000000)
  region size 1024K, 112 young (114688K), 5 survivors (5120K)
 Metaspace       used 41357K, committed 41728K, reserved 1114112K
  class space    used 5075K, committed 5248K, reserved 1048576K
}
Event: 2.059 GC heap after
{Heap after GC invocations=25 (full 0):
 garbage-first heap   total 248832K, used 80364K [0x00000000c0000000, 0x0000000100000000)
  region size 1024K, 9 young (9216K), 9 survivors (9216K)
 Metaspace       used 41357K, committed 41728K, reserved 1114112K
  class space    used 5075K, committed 5248K, reserved 1048576K
}
Event: 2.083 GC heap before
{Heap before GC invocations=25 (full 0):
 garbage-first heap   total 248832K, used 191980K [0x00000000c0000000, 0x0000000100000000)
  region size 1024K, 119 young (121856K), 9 survivors (9216K)
 Metaspace       used 41441K, committed 41792K, reserved 1114112K
  class space    used 5087K, committed 5248K, reserved 1048576K
}

