# JRE version: OpenJDK Runtime Environment Temurin-17.0.7+7 (17.0.7+7) (build 17.0.7+7)
# Java VM: OpenJDK 64-Bit Server VM Temurin-17.0.7+7 (17.0.7+7, mixed mode, emulated-client, tiered, compressed oops, compressed class ptrs, g1 gc, windows-amd64)
GC Precious Log:
 CPUs: 12 total, 12 available
 Memory: 7930M
 Large Page Support: Disabled
 NUMA Support: Disabled
 Compressed Oops: Enabled (32-bit)
 Heap Region Size: 1M
 Heap Min Capacity: 8M
 Heap Initial Capacity: 124M
 Heap Max Capacity: 1G
 Pre-touch: Disabled
 Parallel Workers: 10
 Concurrent Workers: 3
 Concurrent Refinement Workers: 10
 Periodic GC: Disabled
Heap:
 garbage-first heap   total 290816K, used 90744K [0x00000000c0000000, 0x0000000100000000)
  region size 1024K, 12 young (12288K), 12 survivors (12288K)
 Metaspace       used 41508K, committed 41856K, reserved 1114112K
  class space    used 5100K, committed 5248K, reserved 1048576K
GC Heap History (20 events):
Event: 1.616 GC heap after
{Heap after GC invocations=14 (full 0):
 garbage-first heap   total 116736K, used 32598K [0x00000000c0000000, 0x0000000100000000)
  region size 1024K, 2 young (2048K), 2 survivors (2048K)
 Metaspace       used 38187K, committed 38592K, reserved 1114112K
  class space    used 4819K, committed 4992K, reserved 1048576K
}
Event: 1.663 GC heap before
{Heap before GC invocations=15 (full 0):
 garbage-first heap   total 116736K, used 72534K [0x00000000c0000000, 0x0000000100000000)
  region size 1024K, 42 young (43008K), 2 survivors (2048K)
 Metaspace       used 38837K, committed 39232K, reserved 1114112K
  class space    used 4862K, committed 5056K, reserved 1048576K
}
Event: 1.670 GC heap after
{Heap after GC invocations=16 (full 0):
 garbage-first heap   total 116736K, used 41944K [0x00000000c0000000, 0x0000000100000000)
  region size 1024K, 6 young (6144K), 6 survivors (6144K)
 Metaspace       used 38837K, committed 39232K, reserved 1114112K
  class space    used 4862K, committed 5056K, reserved 1048576K
}
Event: 1.703 GC heap before
{Heap before GC invocations=16 (full 0):
 garbage-first heap   total 116736K, used 76760K [0x00000000c0000000, 0x0000000100000000)
  region size 1024K, 41 young (41984K), 6 survivors (6144K)
 Metaspace       used 39475K, committed 39872K, reserved 1114112K
  class space    used 4925K, committed 5120K, reserved 1048576K
}
Event: 1.710 GC heap after
{Heap after GC invocations=17 (full 0):
 garbage-first heap   total 116736K, used 48531K [0x00000000c0000000, 0x0000000100000000)
  region size 1024K, 6 young (6144K), 6 survivors (6144K)
 Metaspace       used 39475K, committed 39872K, reserved 1114112K
  class space    used 4925K, committed 5120K, reserved 1048576K
}
Event: 1.783 GC heap before
{Heap before GC invocations=17 (full 0):
 garbage-first heap   total 116736K, used 81299K [0x00000000c0000000, 0x0000000100000000)
  region size 1024K, 38 young (38912K), 6 survivors (6144K)
 Metaspace       used 40849K, committed 41216K, reserved 1114112K
  class space    used 5015K, committed 5184K, reserved 1048576K
}
Event: 1.790 GC heap after
{Heap after GC invocations=18 (full 0):
 garbage-first heap   total 116736K, used 57254K [0x00000000c0000000, 0x0000000100000000)
  region size 1024K, 5 young (5120K), 5 survivors (5120K)
 Metaspace       used 40849K, committed 41216K, reserved 1114112K
  class space    used 5015K, committed 5184K, reserved 1048576K
}
Event: 1.809 GC heap before
{Heap before GC invocations=18 (full 0):
 garbage-first heap   total 116736K, used 71590K [0x00000000c0000000, 0x0000000100000000)
  region size 1024K, 20 young (20480K), 5 survivors (5120K)
 Metaspace       used 41166K, committed 41600K, reserved 1114112K
  class space    used 5048K, committed 5248K, reserved 1048576K
}
Event: 1.816 GC heap after
{Heap after GC invocations=19 (full 0):
 garbage-first heap   total 116736K, used 63678K [0x00000000c0000000, 0x0000000100000000)
  region size 1024K, 4 young (4096K), 4 survivors (4096K)
 Metaspace       used 41166K, committed 41600K, reserved 1114112K
  class space    used 5048K, committed 5248K, reserved 1048576K
}
Event: 1.848 GC heap before
{Heap before GC invocations=19 (full 0):
 garbage-first heap   total 142336K, used 84158K [0x00000000c0000000, 0x0000000100000000)
  region size 1024K, 25 young (25600K), 4 survivors (4096K)
 Metaspace       used 41273K, committed 41664K, reserved 1114112K
  class space    used 5061K, committed 5248K, reserved 1048576K
}
Event: 1.863 GC heap after
{Heap after GC invocations=20 (full 0):
 garbage-first heap   total 290816K, used 69095K [0x00000000c0000000, 0x0000000100000000)
  region size 1024K, 4 young (4096K), 4 survivors (4096K)
 Metaspace       used 41273K, committed 41664K, reserved 1114112K
  class space    used 5061K, committed 5248K, reserved 1048576K
}
Event: 1.896 GC heap before
{Heap before GC invocations=21 (full 0):
 garbage-first heap   total 290816K, used 169446K [0x00000000c0000000, 0x0000000100000000)
  region size 1024K, 103 young (105472K), 4 survivors (4096K)
 Metaspace       used 41302K, committed 41728K, reserved 1114112K
  class space    used 5067K, committed 5248K, reserved 1048576K
}
Event: 1.904 GC heap after
{Heap after GC invocations=22 (full 0):
 garbage-first heap   total 290816K, used 73515K [0x00000000c0000000, 0x0000000100000000)
  region size 1024K, 9 young (9216K), 9 survivors (9216K)
 Metaspace       used 41302K, committed 41728K, reserved 1114112K
  class space    used 5067K, committed 5248K, reserved 1048576K
}
Event: 1.905 GC heap before
{Heap before GC invocations=22 (full 0):
 garbage-first heap   total 290816K, used 77611K [0x00000000c0000000, 0x0000000100000000)
  region size 1024K, 14 young (14336K), 9 survivors (9216K)
 Metaspace       used 41304K, committed 41728K, reserved 1114112K
  class space    used 5068K, committed 5248K, reserved 1048576K
}
Event: 1.912 GC heap after
{Heap after GC invocations=23 (full 0):
 garbage-first heap   total 290816K, used 74288K [0x00000000c0000000, 0x0000000100000000)
  region size 1024K, 2 young (2048K), 2 survivors (2048K)
 Metaspace       used 41304K, committed 41728K, reserved 1114112K
  class space    used 5068K, committed 5248K, reserved 1048576K
}
Event: 1.943 GC heap before
{Heap before GC invocations=23 (full 0):
 garbage-first heap   total 290816K, used 213552K [0x00000000c0000000, 0x0000000100000000)
  region size 1024K, 139 young (142336K), 2 survivors (2048K)
 Metaspace       used 41466K, committed 41856K, reserved 1114112K
  class space    used 5090K, committed 5248K, reserved 1048576K
}
Event: 1.946 GC heap after
{Heap after GC invocations=24 (full 0):
 garbage-first heap   total 290816K, used 78958K [0x00000000c0000000, 0x0000000100000000)
  region size 1024K, 6 young (6144K), 6 survivors (6144K)
 Metaspace       used 41466K, committed 41856K, reserved 1114112K
  class space    used 5090K, committed 5248K, reserved 1048576K
}
Event: 1.974 GC heap before
{Heap before GC invocations=24 (full 0):
 garbage-first heap   total 290816K, used 220270K [0x00000000c0000000, 0x0000000100000000)
  region size 1024K, 145 young (148480K), 6 survivors (6144K)
 Metaspace       used 41477K, committed 41856K, reserved 1114112K
  class space    used 5092K, committed 5248K, reserved 1048576K
}
Event: 1.979 GC heap after
{Heap after GC invocations=25 (full 0):
 garbage-first heap   total 290816K, used 84374K [0x00000000c0000000, 0x0000000100000000)
  region size 1024K, 12 young (12288K), 12 survivors (12288K)
 Metaspace       used 41477K, committed 41856K, reserved 1114112K
  class space    used 5092K, committed 5248K, reserved 1048576K
}
Event: 2.007 GC heap before
{Heap before GC invocations=25 (full 0):
 garbage-first heap   total 290816K, used 225686K [0x00000000c0000000, 0x0000000100000000)
  region size 1024K, 151 young (154624K), 12 survivors (12288K)
 Metaspace       used 41508K, committed 41856K, reserved 1114112K
  class space    used 5100K, committed 5248K, reserved 1048576K
}

