# JRE version: OpenJDK Runtime Environment Temurin-17.0.7+7 (17.0.7+7) (build 17.0.7+7)
# Java VM: OpenJDK 64-Bit Server VM Temurin-17.0.7+7 (17.0.7+7, mixed mode, emulated-client, tiered, compressed oops, compressed class ptrs, g1 gc, windows-amd64)
GC Precious Log:
 CPUs: 12 total, 12 available
 Memory: 7930M
 Large Page Support: Disabled
 NUMA Support: Disabled
 Compressed Oops: Enabled (32-bit)
 Heap Region Size: 1M
 Heap Min Capacity: 8M
 Heap Initial Capacity: 124M
 Heap Max Capacity: 1G
 Pre-touch: Disabled
 Parallel Workers: 10
 Concurrent Workers: 3
 Concurrent Refinement Workers: 10
 Periodic GC: Disabled
Heap:
 garbage-first heap   total 221184K, used 82506K [0x00000000c0000000, 0x0000000100000000)
  region size 1024K, 8 young (8192K), 8 survivors (8192K)
 Metaspace       used 41512K, committed 41920K, reserved 1114112K
  class space    used 5105K, committed 5312K, reserved 1048576K
GC Heap History (20 events):
Event: 1.562 GC heap after
{Heap after GC invocations=11 (full 0):
 garbage-first heap   total 57344K, used 21315K [0x00000000c0000000, 0x0000000100000000)
  region size 1024K, 4 young (4096K), 4 survivors (4096K)
 Metaspace       used 37917K, committed 38400K, reserved 1114112K
  class space    used 4780K, committed 4992K, reserved 1048576K
}
Event: 1.585 GC heap before
{Heap before GC invocations=11 (full 0):
 garbage-first heap   total 57344K, used 41795K [0x00000000c0000000, 0x0000000100000000)
  region size 1024K, 25 young (25600K), 4 survivors (4096K)
 Metaspace       used 37918K, committed 38400K, reserved 1114112K
  class space    used 4780K, committed 4992K, reserved 1048576K
}
Event: 1.590 GC heap after
{Heap after GC invocations=12 (full 0):
 garbage-first heap   total 57344K, used 25384K [0x00000000c0000000, 0x0000000100000000)
  region size 1024K, 4 young (4096K), 4 survivors (4096K)
 Metaspace       used 37918K, committed 38400K, reserved 1114112K
  class space    used 4780K, committed 4992K, reserved 1048576K
}
Event: 1.613 GC heap before
{Heap before GC invocations=12 (full 0):
 garbage-first heap   total 57344K, used 41768K [0x00000000c0000000, 0x0000000100000000)
  region size 1024K, 21 young (21504K), 4 survivors (4096K)
 Metaspace       used 38070K, committed 38464K, reserved 1114112K
  class space    used 4804K, committed 4992K, reserved 1048576K
}
Event: 1.618 GC heap after
{Heap after GC invocations=13 (full 0):
 garbage-first heap   total 106496K, used 29760K [0x00000000c0000000, 0x0000000100000000)
  region size 1024K, 3 young (3072K), 3 survivors (3072K)
 Metaspace       used 38070K, committed 38464K, reserved 1114112K
  class space    used 4804K, committed 4992K, reserved 1048576K
}
Event: 1.673 GC heap before
{Heap before GC invocations=13 (full 0):
 garbage-first heap   total 106496K, used 74816K [0x00000000c0000000, 0x0000000100000000)
  region size 1024K, 48 young (49152K), 3 survivors (3072K)
 Metaspace       used 38880K, committed 39296K, reserved 1114112K
  class space    used 4864K, committed 5056K, reserved 1048576K
}
Event: 1.681 GC heap after
{Heap after GC invocations=14 (full 0):
 garbage-first heap   total 106496K, used 38349K [0x00000000c0000000, 0x0000000100000000)
  region size 1024K, 6 young (6144K), 6 survivors (6144K)
 Metaspace       used 38880K, committed 39296K, reserved 1114112K
  class space    used 4864K, committed 5056K, reserved 1048576K
}
Event: 1.713 GC heap before
{Heap before GC invocations=14 (full 0):
 garbage-first heap   total 106496K, used 73165K [0x00000000c0000000, 0x0000000100000000)
  region size 1024K, 41 young (41984K), 6 survivors (6144K)
 Metaspace       used 39461K, committed 39872K, reserved 1114112K
  class space    used 4925K, committed 5120K, reserved 1048576K
}
Event: 1.721 GC heap after
{Heap after GC invocations=15 (full 0):
 garbage-first heap   total 106496K, used 45954K [0x00000000c0000000, 0x0000000100000000)
  region size 1024K, 6 young (6144K), 6 survivors (6144K)
 Metaspace       used 39461K, committed 39872K, reserved 1114112K
  class space    used 4925K, committed 5120K, reserved 1048576K
}
Event: 1.783 GC heap before
{Heap before GC invocations=15 (full 0):
 garbage-first heap   total 106496K, used 76674K [0x00000000c0000000, 0x0000000100000000)
  region size 1024K, 37 young (37888K), 6 survivors (6144K)
 Metaspace       used 40630K, committed 41024K, reserved 1114112K
  class space    used 4995K, committed 5184K, reserved 1048576K
}
Event: 1.789 GC heap after
{Heap after GC invocations=16 (full 0):
 garbage-first heap   total 106496K, used 52224K [0x00000000c0000000, 0x0000000100000000)
  region size 1024K, 5 young (5120K), 5 survivors (5120K)
 Metaspace       used 40630K, committed 41024K, reserved 1114112K
  class space    used 4995K, committed 5184K, reserved 1048576K
}
Event: 1.823 GC heap before
{Heap before GC invocations=16 (full 0):
 garbage-first heap   total 106496K, used 74752K [0x00000000c0000000, 0x0000000100000000)
  region size 1024K, 28 young (28672K), 5 survivors (5120K)
 Metaspace       used 41164K, committed 41536K, reserved 1114112K
  class space    used 5051K, committed 5248K, reserved 1048576K
}
Event: 1.831 GC heap after
{Heap after GC invocations=17 (full 0):
 garbage-first heap   total 221184K, used 62464K [0x00000000c0000000, 0x0000000100000000)
  region size 1024K, 5 young (5120K), 5 survivors (5120K)
 Metaspace       used 41164K, committed 41536K, reserved 1114112K
  class space    used 5051K, committed 5248K, reserved 1048576K
}
Event: 1.869 GC heap before
{Heap before GC invocations=17 (full 0):
 garbage-first heap   total 221184K, used 143360K [0x00000000c0000000, 0x0000000100000000)
  region size 1024K, 84 young (86016K), 5 survivors (5120K)
 Metaspace       used 41400K, committed 41792K, reserved 1114112K
  class space    used 5087K, committed 5248K, reserved 1048576K
}
Event: 1.885 GC heap after
{Heap after GC invocations=18 (full 0):
 garbage-first heap   total 221184K, used 71135K [0x00000000c0000000, 0x0000000100000000)
  region size 1024K, 11 young (11264K), 11 survivors (11264K)
 Metaspace       used 41400K, committed 41792K, reserved 1114112K
  class space    used 5087K, committed 5248K, reserved 1048576K
}
Event: 1.903 GC heap before
{Heap before GC invocations=18 (full 0):
 garbage-first heap   total 221184K, used 149983K [0x00000000c0000000, 0x0000000100000000)
  region size 1024K, 89 young (91136K), 11 survivors (11264K)
 Metaspace       used 41452K, committed 41792K, reserved 1114112K
  class space    used 5096K, committed 5248K, reserved 1048576K
}
Event: 1.911 GC heap after
{Heap after GC invocations=19 (full 0):
 garbage-first heap   total 221184K, used 75360K [0x00000000c0000000, 0x0000000100000000)
  region size 1024K, 4 young (4096K), 4 survivors (4096K)
 Metaspace       used 41452K, committed 41792K, reserved 1114112K
  class space    used 5096K, committed 5248K, reserved 1048576K
}
Event: 1.928 GC heap before
{Heap before GC invocations=19 (full 0):
 garbage-first heap   total 221184K, used 157280K [0x00000000c0000000, 0x0000000100000000)
  region size 1024K, 85 young (87040K), 4 survivors (4096K)
 Metaspace       used 41505K, committed 41856K, reserved 1114112K
  class space    used 5104K, committed 5248K, reserved 1048576K
}
Event: 1.931 GC heap after
{Heap after GC invocations=20 (full 0):
 garbage-first heap   total 221184K, used 78460K [0x00000000c0000000, 0x0000000100000000)
  region size 1024K, 7 young (7168K), 7 survivors (7168K)
 Metaspace       used 41505K, committed 41856K, reserved 1114112K
  class space    used 5104K, committed 5248K, reserved 1048576K
}
Event: 1.949 GC heap before
{Heap before GC invocations=20 (full 0):
 garbage-first heap   total 221184K, used 166524K [0x00000000c0000000, 0x0000000100000000)
  region size 1024K, 94 young (96256K), 7 survivors (7168K)
 Metaspace       used 41512K, committed 41920K, reserved 1114112K
  class space    used 5105K, committed 5312K, reserved 1048576K
}

