# JRE version: OpenJDK Runtime Environment Temurin-17.0.7+7 (17.0.7+7) (build 17.0.7+7)
# Java VM: OpenJDK 64-Bit Server VM Temurin-17.0.7+7 (17.0.7+7, mixed mode, emulated-client, tiered, compressed oops, compressed class ptrs, g1 gc, windows-amd64)
GC Precious Log:
 CPUs: 12 total, 12 available
 Memory: 7930M
 Large Page Support: Disabled
 NUMA Support: Disabled
 Compressed Oops: Enabled (32-bit)
 Heap Region Size: 1M
 Heap Min Capacity: 8M
 Heap Initial Capacity: 124M
 Heap Max Capacity: 1G
 Pre-touch: Disabled
 Parallel Workers: 10
 Concurrent Workers: 3
 Concurrent Refinement Workers: 10
 Periodic GC: Disabled
Heap:
 garbage-first heap   total 185344K, used 78319K [0x00000000c0000000, 0x0000000100000000)
  region size 1024K, 8 young (8192K), 8 survivors (8192K)
 Metaspace       used 41434K, committed 41792K, reserved 1114112K
  class space    used 5090K, committed 5248K, reserved 1048576K
GC Heap History (20 events):
Event: 1.629 GC heap after
{Heap after GC invocations=13 (full 0):
 garbage-first heap   total 50176K, used 23552K [0x00000000c0000000, 0x0000000100000000)
  region size 1024K, 3 young (3072K), 3 survivors (3072K)
 Metaspace       used 37932K, committed 38400K, reserved 1114112K
  class space    used 4785K, committed 4992K, reserved 1048576K
}
Event: 1.651 GC heap before
{Heap before GC invocations=13 (full 0):
 garbage-first heap   total 50176K, used 35840K [0x00000000c0000000, 0x0000000100000000)
  region size 1024K, 16 young (16384K), 3 survivors (3072K)
 Metaspace       used 37933K, committed 38400K, reserved 1114112K
  class space    used 4785K, committed 4992K, reserved 1048576K
}
Event: 1.655 GC heap after
{Heap after GC invocations=14 (full 0):
 garbage-first heap   total 83968K, used 26669K [0x00000000c0000000, 0x0000000100000000)
  region size 1024K, 2 young (2048K), 2 survivors (2048K)
 Metaspace       used 37933K, committed 38400K, reserved 1114112K
  class space    used 4785K, committed 4992K, reserved 1048576K
}
Event: 1.724 GC heap before
{Heap before GC invocations=14 (full 0):
 garbage-first heap   total 83968K, used 57389K [0x00000000c0000000, 0x0000000100000000)
  region size 1024K, 33 young (33792K), 2 survivors (2048K)
 Metaspace       used 38489K, committed 38912K, reserved 1114112K
  class space    used 4849K, committed 5056K, reserved 1048576K
}
Event: 1.730 GC heap after
{Heap after GC invocations=15 (full 0):
 garbage-first heap   total 83968K, used 32544K [0x00000000c0000000, 0x0000000100000000)
  region size 1024K, 5 young (5120K), 5 survivors (5120K)
 Metaspace       used 38489K, committed 38912K, reserved 1114112K
  class space    used 4849K, committed 5056K, reserved 1048576K
}
Event: 1.762 GC heap before
{Heap before GC invocations=15 (full 0):
 garbage-first heap   total 83968K, used 59168K [0x00000000c0000000, 0x0000000100000000)
  region size 1024K, 31 young (31744K), 5 survivors (5120K)
 Metaspace       used 38838K, committed 39232K, reserved 1114112K
  class space    used 4870K, committed 5056K, reserved 1048576K
}
Event: 1.769 GC heap after
{Heap after GC invocations=16 (full 0):
 garbage-first heap   total 83968K, used 38003K [0x00000000c0000000, 0x0000000100000000)
  region size 1024K, 4 young (4096K), 4 survivors (4096K)
 Metaspace       used 38838K, committed 39232K, reserved 1114112K
  class space    used 4870K, committed 5056K, reserved 1048576K
}
Event: 1.792 GC heap before
{Heap before GC invocations=16 (full 0):
 garbage-first heap   total 83968K, used 61555K [0x00000000c0000000, 0x0000000100000000)
  region size 1024K, 27 young (27648K), 4 survivors (4096K)
 Metaspace       used 39075K, committed 39424K, reserved 1114112K
  class space    used 4890K, committed 5056K, reserved 1048576K
}
Event: 1.799 GC heap after
{Heap after GC invocations=17 (full 0):
 garbage-first heap   total 83968K, used 44091K [0x00000000c0000000, 0x0000000100000000)
  region size 1024K, 4 young (4096K), 4 survivors (4096K)
 Metaspace       used 39075K, committed 39424K, reserved 1114112K
  class space    used 4890K, committed 5056K, reserved 1048576K
}
Event: 1.820 GC heap before
{Heap before GC invocations=17 (full 0):
 garbage-first heap   total 83968K, used 62523K [0x00000000c0000000, 0x0000000100000000)
  region size 1024K, 22 young (22528K), 4 survivors (4096K)
 Metaspace       used 39420K, committed 39808K, reserved 1114112K
  class space    used 4928K, committed 5120K, reserved 1048576K
}
Event: 1.826 GC heap after
{Heap after GC invocations=18 (full 0):
 garbage-first heap   total 185344K, used 48078K [0x00000000c0000000, 0x0000000100000000)
  region size 1024K, 3 young (3072K), 3 survivors (3072K)
 Metaspace       used 39420K, committed 39808K, reserved 1114112K
  class space    used 4928K, committed 5120K, reserved 1048576K
}
Event: 1.990 GC heap before
{Heap before GC invocations=19 (full 0):
 garbage-first heap   total 181248K, used 123854K [0x00000000c0000000, 0x0000000100000000)
  region size 1024K, 76 young (77824K), 3 survivors (3072K)
 Metaspace       used 41279K, committed 41664K, reserved 1114112K
  class space    used 5072K, committed 5248K, reserved 1048576K
}
Event: 2.016 GC heap after
{Heap after GC invocations=20 (full 0):
 garbage-first heap   total 181248K, used 68088K [0x00000000c0000000, 0x0000000100000000)
  region size 1024K, 10 young (10240K), 10 survivors (10240K)
 Metaspace       used 41279K, committed 41664K, reserved 1114112K
  class space    used 5072K, committed 5248K, reserved 1048576K
}
Event: 2.029 GC heap before
{Heap before GC invocations=20 (full 0):
 garbage-first heap   total 181248K, used 114168K [0x00000000c0000000, 0x0000000100000000)
  region size 1024K, 56 young (57344K), 10 survivors (10240K)
 Metaspace       used 41293K, committed 41664K, reserved 1114112K
  class space    used 5075K, committed 5248K, reserved 1048576K
}
Event: 2.036 GC heap after
{Heap after GC invocations=21 (full 0):
 garbage-first heap   total 181248K, used 71800K [0x00000000c0000000, 0x0000000100000000)
  region size 1024K, 3 young (3072K), 3 survivors (3072K)
 Metaspace       used 41293K, committed 41664K, reserved 1114112K
  class space    used 5075K, committed 5248K, reserved 1048576K
}
Event: 2.050 GC heap before
{Heap before GC invocations=21 (full 0):
 garbage-first heap   total 181248K, used 124024K [0x00000000c0000000, 0x0000000100000000)
  region size 1024K, 55 young (56320K), 3 survivors (3072K)
 Metaspace       used 41314K, committed 41664K, reserved 1114112K
  class space    used 5078K, committed 5248K, reserved 1048576K
}
Event: 2.052 GC heap after
{Heap after GC invocations=22 (full 0):
 garbage-first heap   total 181248K, used 73389K [0x00000000c0000000, 0x0000000100000000)
  region size 1024K, 5 young (5120K), 5 survivors (5120K)
 Metaspace       used 41314K, committed 41664K, reserved 1114112K
  class space    used 5078K, committed 5248K, reserved 1048576K
}
Event: 2.069 GC heap before
{Heap before GC invocations=22 (full 0):
 garbage-first heap   total 181248K, used 130733K [0x00000000c0000000, 0x0000000100000000)
  region size 1024K, 62 young (63488K), 5 survivors (5120K)
 Metaspace       used 41334K, committed 41728K, reserved 1114112K
  class space    used 5084K, committed 5248K, reserved 1048576K
}
Event: 2.072 GC heap after
{Heap after GC invocations=23 (full 0):
 garbage-first heap   total 181248K, used 75799K [0x00000000c0000000, 0x0000000100000000)
  region size 1024K, 5 young (5120K), 5 survivors (5120K)
 Metaspace       used 41334K, committed 41728K, reserved 1114112K
  class space    used 5084K, committed 5248K, reserved 1048576K
}
Event: 2.091 GC heap before
{Heap before GC invocations=23 (full 0):
 garbage-first heap   total 181248K, used 136215K [0x00000000c0000000, 0x0000000100000000)
  region size 1024K, 65 young (66560K), 5 survivors (5120K)
 Metaspace       used 41434K, committed 41792K, reserved 1114112K
  class space    used 5090K, committed 5248K, reserved 1048576K
}

