# JRE version: OpenJDK Runtime Environment Temurin-17.0.7+7 (17.0.7+7) (build 17.0.7+7)
# Java VM: OpenJDK 64-Bit Server VM Temurin-17.0.7+7 (17.0.7+7, mixed mode, emulated-client, tiered, compressed oops, compressed class ptrs, g1 gc, windows-amd64)
GC Precious Log:
 CPUs: 12 total, 12 available
 Memory: 7930M
 Large Page Support: Disabled
 NUMA Support: Disabled
 Compressed Oops: Enabled (32-bit)
 Heap Region Size: 1M
 Heap Min Capacity: 8M
 Heap Initial Capacity: 124M
 Heap Max Capacity: 1G
 Pre-touch: Disabled
 Parallel Workers: 10
 Concurrent Workers: 3
 Concurrent Refinement Workers: 10
 Periodic GC: Disabled
Heap:
 garbage-first heap   total 166912K, used 75205K [0x00000000c0000000, 0x0000000100000000)
  region size 1024K, 4 young (4096K), 4 survivors (4096K)
 Metaspace       used 41006K, committed 41408K, reserved 1114112K
  class space    used 5033K, committed 5184K, reserved 1048576K
GC Heap History (20 events):
Event: 1.759 GC heap after
{Heap after GC invocations=11 (full 0):
 garbage-first heap   total 60416K, used 22349K [0x00000000c0000000, 0x0000000100000000)
  region size 1024K, 4 young (4096K), 4 survivors (4096K)
 Metaspace       used 37910K, committed 38400K, reserved 1114112K
  class space    used 4774K, committed 4992K, reserved 1048576K
}
Event: 1.792 GC heap before
{Heap before GC invocations=11 (full 0):
 garbage-first heap   total 60416K, used 42829K [0x00000000c0000000, 0x0000000100000000)
  region size 1024K, 25 young (25600K), 4 survivors (4096K)
 Metaspace       used 37911K, committed 38400K, reserved 1114112K
  class space    used 4774K, committed 4992K, reserved 1048576K
}
Event: 1.797 GC heap after
{Heap after GC invocations=12 (full 0):
 garbage-first heap   total 72704K, used 25857K [0x00000000c0000000, 0x0000000100000000)
  region size 1024K, 4 young (4096K), 4 survivors (4096K)
 Metaspace       used 37911K, committed 38400K, reserved 1114112K
  class space    used 4774K, committed 4992K, reserved 1048576K
}
Event: 1.841 GC heap before
{Heap before GC invocations=12 (full 0):
 garbage-first heap   total 72704K, used 50433K [0x00000000c0000000, 0x0000000100000000)
  region size 1024K, 29 young (29696K), 4 survivors (4096K)
 Metaspace       used 38037K, committed 38464K, reserved 1114112K
  class space    used 4793K, committed 4992K, reserved 1048576K
}
Event: 1.847 GC heap after
{Heap after GC invocations=13 (full 0):
 garbage-first heap   total 72704K, used 30524K [0x00000000c0000000, 0x0000000100000000)
  region size 1024K, 4 young (4096K), 4 survivors (4096K)
 Metaspace       used 38037K, committed 38464K, reserved 1114112K
  class space    used 4793K, committed 4992K, reserved 1048576K
}
Event: 1.872 GC heap before
{Heap before GC invocations=13 (full 0):
 garbage-first heap   total 72704K, used 51004K [0x00000000c0000000, 0x0000000100000000)
  region size 1024K, 25 young (25600K), 4 survivors (4096K)
 Metaspace       used 38115K, committed 38528K, reserved 1114112K
  class space    used 4808K, committed 4992K, reserved 1048576K
}
Event: 1.877 GC heap after
{Heap after GC invocations=14 (full 0):
 garbage-first heap   total 72704K, used 35176K [0x00000000c0000000, 0x0000000100000000)
  region size 1024K, 4 young (4096K), 4 survivors (4096K)
 Metaspace       used 38115K, committed 38528K, reserved 1114112K
  class space    used 4808K, committed 4992K, reserved 1048576K
}
Event: 1.893 GC heap before
{Heap before GC invocations=14 (full 0):
 garbage-first heap   total 72704K, used 53608K [0x00000000c0000000, 0x0000000100000000)
  region size 1024K, 22 young (22528K), 4 survivors (4096K)
 Metaspace       used 38272K, committed 38720K, reserved 1114112K
  class space    used 4827K, committed 5056K, reserved 1048576K
}
Event: 1.900 GC heap after
{Heap after GC invocations=15 (full 0):
 garbage-first heap   total 72704K, used 41977K [0x00000000c0000000, 0x0000000100000000)
  region size 1024K, 3 young (3072K), 3 survivors (3072K)
 Metaspace       used 38272K, committed 38720K, reserved 1114112K
  class space    used 4827K, committed 5056K, reserved 1048576K
}
Event: 1.912 GC heap before
{Heap before GC invocations=15 (full 0):
 garbage-first heap   total 72704K, used 53241K [0x00000000c0000000, 0x0000000100000000)
  region size 1024K, 15 young (15360K), 3 survivors (3072K)
 Metaspace       used 38467K, committed 38912K, reserved 1114112K
  class space    used 4836K, committed 5056K, reserved 1048576K
}
Event: 1.916 GC heap after
{Heap after GC invocations=16 (full 0):
 garbage-first heap   total 166912K, used 45088K [0x00000000c0000000, 0x0000000100000000)
  region size 1024K, 2 young (2048K), 2 survivors (2048K)
 Metaspace       used 38467K, committed 38912K, reserved 1114112K
  class space    used 4836K, committed 5056K, reserved 1048576K
}
Event: 2.038 GC heap before
{Heap before GC invocations=17 (full 0):
 garbage-first heap   total 166912K, used 105504K [0x00000000c0000000, 0x0000000100000000)
  region size 1024K, 61 young (62464K), 2 survivors (2048K)
 Metaspace       used 40462K, committed 40896K, reserved 1114112K
  class space    used 4977K, committed 5184K, reserved 1048576K
}
Event: 2.048 GC heap after
{Heap after GC invocations=18 (full 0):
 garbage-first heap   total 166912K, used 58587K [0x00000000c0000000, 0x0000000100000000)
  region size 1024K, 8 young (8192K), 8 survivors (8192K)
 Metaspace       used 40462K, committed 40896K, reserved 1114112K
  class space    used 4977K, committed 5184K, reserved 1048576K
}
Event: 2.050 GC heap before
{Heap before GC invocations=18 (full 0):
 garbage-first heap   total 166912K, used 58587K [0x00000000c0000000, 0x0000000100000000)
  region size 1024K, 9 young (9216K), 8 survivors (8192K)
 Metaspace       used 40462K, committed 40896K, reserved 1114112K
  class space    used 4977K, committed 5184K, reserved 1048576K
}
Event: 2.055 GC heap after
{Heap after GC invocations=19 (full 0):
 garbage-first heap   total 166912K, used 60249K [0x00000000c0000000, 0x0000000100000000)
  region size 1024K, 2 young (2048K), 2 survivors (2048K)
 Metaspace       used 40462K, committed 40896K, reserved 1114112K
  class space    used 4977K, committed 5184K, reserved 1048576K
}
Event: 2.099 GC heap before
{Heap before GC invocations=19 (full 0):
 garbage-first heap   total 166912K, used 109401K [0x00000000c0000000, 0x0000000100000000)
  region size 1024K, 50 young (51200K), 2 survivors (2048K)
 Metaspace       used 40945K, committed 41344K, reserved 1114112K
  class space    used 5023K, committed 5184K, reserved 1048576K
}
Event: 2.114 GC heap after
{Heap after GC invocations=20 (full 0):
 garbage-first heap   total 166912K, used 70794K [0x00000000c0000000, 0x0000000100000000)
  region size 1024K, 7 young (7168K), 7 survivors (7168K)
 Metaspace       used 40945K, committed 41344K, reserved 1114112K
  class space    used 5023K, committed 5184K, reserved 1048576K
}
Event: 2.125 GC heap before
{Heap before GC invocations=20 (full 0):
 garbage-first heap   total 166912K, used 113802K [0x00000000c0000000, 0x0000000100000000)
  region size 1024K, 50 young (51200K), 7 survivors (7168K)
 Metaspace       used 40987K, committed 41344K, reserved 1114112K
  class space    used 5025K, committed 5184K, reserved 1048576K
}
Event: 2.131 GC heap after
{Heap after GC invocations=21 (full 0):
 garbage-first heap   total 166912K, used 73606K [0x00000000c0000000, 0x0000000100000000)
  region size 1024K, 3 young (3072K), 3 survivors (3072K)
 Metaspace       used 40987K, committed 41344K, reserved 1114112K
  class space    used 5025K, committed 5184K, reserved 1048576K
}
Event: 2.146 GC heap before
{Heap before GC invocations=21 (full 0):
 garbage-first heap   total 166912K, used 119686K [0x00000000c0000000, 0x0000000100000000)
  region size 1024K, 49 young (50176K), 3 survivors (3072K)
 Metaspace       used 41006K, committed 41408K, reserved 1114112K
  class space    used 5033K, committed 5184K, reserved 1048576K
}

