# JRE version: OpenJDK Runtime Environment Temurin-17.0.7+7 (17.0.7+7) (build 17.0.7+7)
# Java VM: OpenJDK 64-Bit Server VM Temurin-17.0.7+7 (17.0.7+7, mixed mode, emulated-client, tiered, compressed oops, compressed class ptrs, g1 gc, windows-amd64)
GC Precious Log:
 CPUs: 12 total, 12 available
 Memory: 7930M
 Large Page Support: Disabled
 NUMA Support: Disabled
 Compressed Oops: Enabled (32-bit)
 Heap Region Size: 1M
 Heap Min Capacity: 8M
 Heap Initial Capacity: 124M
 Heap Max Capacity: 1G
 Pre-touch: Disabled
 Parallel Workers: 10
 Concurrent Workers: 3
 Concurrent Refinement Workers: 10
 Periodic GC: Disabled
Heap:
 garbage-first heap   total 71680K, used 50784K [0x00000000c0000000, 0x0000000100000000)
  region size 1024K, 15 young (15360K), 3 survivors (3072K)
 Metaspace       used 38861K, committed 39296K, reserved 1114112K
  class space    used 4858K, committed 5056K, reserved 1048576K
GC Heap History (20 events):
Event: 0.844 GC heap before
{Heap before GC invocations=4 (full 0):
 garbage-first heap   total 48128K, used 34107K [0x00000000c0000000, 0x0000000100000000)
  region size 1024K, 28 young (28672K), 4 survivors (4096K)
 Metaspace       used 25839K, committed 26112K, reserved 1114112K
  class space    used 3040K, committed 3136K, reserved 1048576K
}
Event: 0.848 GC heap after
{Heap after GC invocations=5 (full 0):
 garbage-first heap   total 48128K, used 13090K [0x00000000c0000000, 0x0000000100000000)
  region size 1024K, 6 young (6144K), 6 survivors (6144K)
 Metaspace       used 25839K, committed 26112K, reserved 1114112K
  class space    used 3040K, committed 3136K, reserved 1048576K
}
Event: 1.022 GC heap before
{Heap before GC invocations=5 (full 0):
 garbage-first heap   total 48128K, used 31522K [0x00000000c0000000, 0x0000000100000000)
  region size 1024K, 24 young (24576K), 6 survivors (6144K)
 Metaspace       used 28297K, committed 28672K, reserved 1114112K
  class space    used 3367K, committed 3520K, reserved 1048576K
}
Event: 1.029 GC heap after
{Heap after GC invocations=6 (full 0):
 garbage-first heap   total 48128K, used 14345K [0x00000000c0000000, 0x0000000100000000)
  region size 1024K, 3 young (3072K), 3 survivors (3072K)
 Metaspace       used 28297K, committed 28672K, reserved 1114112K
  class space    used 3367K, committed 3520K, reserved 1048576K
}
Event: 1.188 GC heap before
{Heap before GC invocations=6 (full 0):
 garbage-first heap   total 48128K, used 31753K [0x00000000c0000000, 0x0000000100000000)
  region size 1024K, 21 young (21504K), 3 survivors (3072K)
 Metaspace       used 30952K, committed 31232K, reserved 1114112K
  class space    used 3732K, committed 3840K, reserved 1048576K
}
Event: 1.192 GC heap after
{Heap after GC invocations=7 (full 0):
 garbage-first heap   total 59392K, used 16250K [0x00000000c0000000, 0x0000000100000000)
  region size 1024K, 3 young (3072K), 3 survivors (3072K)
 Metaspace       used 30952K, committed 31232K, reserved 1114112K
  class space    used 3732K, committed 3840K, reserved 1048576K
}
Event: 1.438 GC heap before
{Heap before GC invocations=7 (full 0):
 garbage-first heap   total 59392K, used 39802K [0x00000000c0000000, 0x0000000100000000)
  region size 1024K, 27 young (27648K), 3 survivors (3072K)
 Metaspace       used 35182K, committed 35520K, reserved 1114112K
  class space    used 4341K, committed 4480K, reserved 1048576K
}
Event: 1.441 GC heap after
{Heap after GC invocations=8 (full 0):
 garbage-first heap   total 59392K, used 18410K [0x00000000c0000000, 0x0000000100000000)
  region size 1024K, 4 young (4096K), 4 survivors (4096K)
 Metaspace       used 35182K, committed 35520K, reserved 1114112K
  class space    used 4341K, committed 4480K, reserved 1048576K
}
Event: 1.476 GC heap before
{Heap before GC invocations=8 (full 0):
 garbage-first heap   total 59392K, used 21482K [0x00000000c0000000, 0x0000000100000000)
  region size 1024K, 8 young (8192K), 4 survivors (4096K)
 Metaspace       used 35664K, committed 35968K, reserved 1114112K
  class space    used 4413K, committed 4544K, reserved 1048576K
}
Event: 1.478 GC heap after
{Heap after GC invocations=9 (full 0):
 garbage-first heap   total 59392K, used 18895K [0x00000000c0000000, 0x0000000100000000)
  region size 1024K, 3 young (3072K), 3 survivors (3072K)
 Metaspace       used 35664K, committed 35968K, reserved 1114112K
  class space    used 4413K, committed 4544K, reserved 1048576K
}
Event: 1.565 GC heap before
{Heap before GC invocations=10 (full 0):
 garbage-first heap   total 59392K, used 41423K [0x00000000c0000000, 0x0000000100000000)
  region size 1024K, 26 young (26624K), 3 survivors (3072K)
 Metaspace       used 37898K, committed 38336K, reserved 1114112K
  class space    used 4773K, committed 4992K, reserved 1048576K
}
Event: 1.569 GC heap after
{Heap after GC invocations=11 (full 0):
 garbage-first heap   total 59392K, used 21429K [0x00000000c0000000, 0x0000000100000000)
  region size 1024K, 4 young (4096K), 4 survivors (4096K)
 Metaspace       used 37898K, committed 38336K, reserved 1114112K
  class space    used 4773K, committed 4992K, reserved 1048576K
}
Event: 1.593 GC heap before
{Heap before GC invocations=11 (full 0):
 garbage-first heap   total 59392K, used 41909K [0x00000000c0000000, 0x0000000100000000)
  region size 1024K, 25 young (25600K), 4 survivors (4096K)
 Metaspace       used 37898K, committed 38336K, reserved 1114112K
  class space    used 4773K, committed 4992K, reserved 1048576K
}
Event: 1.597 GC heap after
{Heap after GC invocations=12 (full 0):
 garbage-first heap   total 71680K, used 25509K [0x00000000c0000000, 0x0000000100000000)
  region size 1024K, 4 young (4096K), 4 survivors (4096K)
 Metaspace       used 37898K, committed 38336K, reserved 1114112K
  class space    used 4773K, committed 4992K, reserved 1048576K
}
Event: 1.636 GC heap before
{Heap before GC invocations=12 (full 0):
 garbage-first heap   total 71680K, used 52133K [0x00000000c0000000, 0x0000000100000000)
  region size 1024K, 30 young (30720K), 4 survivors (4096K)
 Metaspace       used 38151K, committed 38528K, reserved 1114112K
  class space    used 4813K, committed 4992K, reserved 1048576K
}
Event: 1.642 GC heap after
{Heap after GC invocations=13 (full 0):
 garbage-first heap   total 71680K, used 31385K [0x00000000c0000000, 0x0000000100000000)
  region size 1024K, 4 young (4096K), 4 survivors (4096K)
 Metaspace       used 38151K, committed 38528K, reserved 1114112K
  class space    used 4813K, committed 4992K, reserved 1048576K
}
Event: 1.664 GC heap before
{Heap before GC invocations=13 (full 0):
 garbage-first heap   total 71680K, used 50841K [0x00000000c0000000, 0x0000000100000000)
  region size 1024K, 24 young (24576K), 4 survivors (4096K)
 Metaspace       used 38463K, committed 38912K, reserved 1114112K
  class space    used 4837K, committed 5056K, reserved 1048576K
}
Event: 1.668 GC heap after
{Heap after GC invocations=14 (full 0):
 garbage-first heap   total 71680K, used 35005K [0x00000000c0000000, 0x0000000100000000)
  region size 1024K, 3 young (3072K), 3 survivors (3072K)
 Metaspace       used 38463K, committed 38912K, reserved 1114112K
  class space    used 4837K, committed 5056K, reserved 1048576K
}
Event: 1.685 GC heap before
{Heap before GC invocations=14 (full 0):
 garbage-first heap   total 71680K, used 54461K [0x00000000c0000000, 0x0000000100000000)
  region size 1024K, 22 young (22528K), 3 survivors (3072K)
 Metaspace       used 38727K, committed 39168K, reserved 1114112K
  class space    used 4850K, committed 5056K, reserved 1048576K
}
Event: 1.689 GC heap after
{Heap after GC invocations=15 (full 0):
 garbage-first heap   total 71680K, used 40544K [0x00000000c0000000, 0x0000000100000000)
  region size 1024K, 3 young (3072K), 3 survivors (3072K)
 Metaspace       used 38727K, committed 39168K, reserved 1114112K
  class space    used 4850K, committed 5056K, reserved 1048576K
}

