# JRE version: OpenJDK Runtime Environment Temurin-17.0.7+7 (17.0.7+7) (build 17.0.7+7)
# Java VM: OpenJDK 64-Bit Server VM Temurin-17.0.7+7 (17.0.7+7, mixed mode, emulated-client, tiered, compressed oops, compressed class ptrs, g1 gc, windows-amd64)
GC Precious Log:
 CPUs: 12 total, 12 available
 Memory: 7930M
 Large Page Support: Disabled
 NUMA Support: Disabled
 Compressed Oops: Enabled (32-bit)
 Heap Region Size: 1M
 Heap Min Capacity: 8M
 Heap Initial Capacity: 124M
 Heap Max Capacity: 1G
 Pre-touch: Disabled
 Parallel Workers: 10
 Concurrent Workers: 3
 Concurrent Refinement Workers: 10
 Periodic GC: Disabled
Heap:
 garbage-first heap   total 130048K, used 40188K [0x00000000c0000000, 0x0000000100000000)
  region size 1024K, 1 young (1024K), 0 survivors (0K)
 Metaspace       used 63025K, committed 63552K, reserved 1114112K
  class space    used 8293K, committed 8512K, reserved 1048576K
GC Heap History (20 events):
Event: 5283.838 GC heap before
{Heap before GC invocations=378 (full 319):
 garbage-first heap   total 130048K, used 40188K [0x00000000c0000000, 0x0000000100000000)
  region size 1024K, 1 young (1024K), 0 survivors (0K)
 Metaspace       used 63025K, committed 63552K, reserved 1114112K
  class space    used 8293K, committed 8512K, reserved 1048576K
}
Event: 5283.866 GC heap after
{Heap after GC invocations=379 (full 320):
 garbage-first heap   total 130048K, used 40188K [0x00000000c0000000, 0x0000000100000000)
  region size 1024K, 0 young (0K), 0 survivors (0K)
 Metaspace       used 63025K, committed 63552K, reserved 1114112K
  class space    used 8293K, committed 8512K, reserved 1048576K
}
Event: 5293.960 GC heap before
{Heap before GC invocations=379 (full 320):
 garbage-first heap   total 130048K, used 40188K [0x00000000c0000000, 0x0000000100000000)
  region size 1024K, 1 young (1024K), 0 survivors (0K)
 Metaspace       used 63025K, committed 63552K, reserved 1114112K
  class space    used 8293K, committed 8512K, reserved 1048576K
}
Event: 5293.987 GC heap after
{Heap after GC invocations=380 (full 321):
 garbage-first heap   total 130048K, used 40188K [0x00000000c0000000, 0x0000000100000000)
  region size 1024K, 0 young (0K), 0 survivors (0K)
 Metaspace       used 63025K, committed 63552K, reserved 1114112K
  class space    used 8293K, committed 8512K, reserved 1048576K
}
Event: 5304.068 GC heap before
{Heap before GC invocations=380 (full 321):
 garbage-first heap   total 130048K, used 40188K [0x00000000c0000000, 0x0000000100000000)
  region size 1024K, 1 young (1024K), 0 survivors (0K)
 Metaspace       used 63025K, committed 63552K, reserved 1114112K
  class space    used 8293K, committed 8512K, reserved 1048576K
}
Event: 5304.094 GC heap after
{Heap after GC invocations=381 (full 322):
 garbage-first heap   total 130048K, used 40188K [0x00000000c0000000, 0x0000000100000000)
  region size 1024K, 0 young (0K), 0 survivors (0K)
 Metaspace       used 63025K, committed 63552K, reserved 1114112K
  class space    used 8293K, committed 8512K, reserved 1048576K
}
Event: 5314.180 GC heap before
{Heap before GC invocations=381 (full 322):
 garbage-first heap   total 130048K, used 40188K [0x00000000c0000000, 0x0000000100000000)
  region size 1024K, 1 young (1024K), 0 survivors (0K)
 Metaspace       used 63025K, committed 63552K, reserved 1114112K
  class space    used 8293K, committed 8512K, reserved 1048576K
}
Event: 5314.204 GC heap after
{Heap after GC invocations=382 (full 323):
 garbage-first heap   total 130048K, used 40188K [0x00000000c0000000, 0x0000000100000000)
  region size 1024K, 0 young (0K), 0 survivors (0K)
 Metaspace       used 63025K, committed 63552K, reserved 1114112K
  class space    used 8293K, committed 8512K, reserved 1048576K
}
Event: 5324.302 GC heap before
{Heap before GC invocations=382 (full 323):
 garbage-first heap   total 130048K, used 40188K [0x00000000c0000000, 0x0000000100000000)
  region size 1024K, 1 young (1024K), 0 survivors (0K)
 Metaspace       used 63025K, committed 63552K, reserved 1114112K
  class space    used 8293K, committed 8512K, reserved 1048576K
}
Event: 5324.335 GC heap after
{Heap after GC invocations=383 (full 324):
 garbage-first heap   total 130048K, used 40188K [0x00000000c0000000, 0x0000000100000000)
  region size 1024K, 0 young (0K), 0 survivors (0K)
 Metaspace       used 63025K, committed 63552K, reserved 1114112K
  class space    used 8293K, committed 8512K, reserved 1048576K
}
Event: 5334.433 GC heap before
{Heap before GC invocations=383 (full 324):
 garbage-first heap   total 130048K, used 40188K [0x00000000c0000000, 0x0000000100000000)
  region size 1024K, 1 young (1024K), 0 survivors (0K)
 Metaspace       used 63025K, committed 63552K, reserved 1114112K
  class space    used 8293K, committed 8512K, reserved 1048576K
}
Event: 5334.460 GC heap after
{Heap after GC invocations=384 (full 325):
 garbage-first heap   total 130048K, used 40188K [0x00000000c0000000, 0x0000000100000000)
  region size 1024K, 0 young (0K), 0 survivors (0K)
 Metaspace       used 63025K, committed 63552K, reserved 1114112K
  class space    used 8293K, committed 8512K, reserved 1048576K
}
Event: 5344.559 GC heap before
{Heap before GC invocations=384 (full 325):
 garbage-first heap   total 130048K, used 40188K [0x00000000c0000000, 0x0000000100000000)
  region size 1024K, 1 young (1024K), 0 survivors (0K)
 Metaspace       used 63025K, committed 63552K, reserved 1114112K
  class space    used 8293K, committed 8512K, reserved 1048576K
}
Event: 5344.585 GC heap after
{Heap after GC invocations=385 (full 326):
 garbage-first heap   total 130048K, used 40188K [0x00000000c0000000, 0x0000000100000000)
  region size 1024K, 0 young (0K), 0 survivors (0K)
 Metaspace       used 63025K, committed 63552K, reserved 1114112K
  class space    used 8293K, committed 8512K, reserved 1048576K
}
Event: 5354.666 GC heap before
{Heap before GC invocations=385 (full 326):
 garbage-first heap   total 130048K, used 40188K [0x00000000c0000000, 0x0000000100000000)
  region size 1024K, 1 young (1024K), 0 survivors (0K)
 Metaspace       used 63025K, committed 63552K, reserved 1114112K
  class space    used 8293K, committed 8512K, reserved 1048576K
}
Event: 5354.694 GC heap after
{Heap after GC invocations=386 (full 327):
 garbage-first heap   total 130048K, used 40188K [0x00000000c0000000, 0x0000000100000000)
  region size 1024K, 0 young (0K), 0 survivors (0K)
 Metaspace       used 63025K, committed 63552K, reserved 1114112K
  class space    used 8293K, committed 8512K, reserved 1048576K
}
Event: 5364.780 GC heap before
{Heap before GC invocations=386 (full 327):
 garbage-first heap   total 130048K, used 40188K [0x00000000c0000000, 0x0000000100000000)
  region size 1024K, 1 young (1024K), 0 survivors (0K)
 Metaspace       used 63025K, committed 63552K, reserved 1114112K
  class space    used 8293K, committed 8512K, reserved 1048576K
}
Event: 5364.808 GC heap after
{Heap after GC invocations=387 (full 328):
 garbage-first heap   total 130048K, used 40188K [0x00000000c0000000, 0x0000000100000000)
  region size 1024K, 0 young (0K), 0 survivors (0K)
 Metaspace       used 63025K, committed 63552K, reserved 1114112K
  class space    used 8293K, committed 8512K, reserved 1048576K
}
Event: 5374.908 GC heap before
{Heap before GC invocations=387 (full 328):
 garbage-first heap   total 130048K, used 40188K [0x00000000c0000000, 0x0000000100000000)
  region size 1024K, 1 young (1024K), 0 survivors (0K)
 Metaspace       used 63025K, committed 63552K, reserved 1114112K
  class space    used 8293K, committed 8512K, reserved 1048576K
}
Event: 5374.945 GC heap after
{Heap after GC invocations=388 (full 329):
 garbage-first heap   total 130048K, used 40188K [0x00000000c0000000, 0x0000000100000000)
  region size 1024K, 0 young (0K), 0 survivors (0K)
 Metaspace       used 63025K, committed 63552K, reserved 1114112K
  class space    used 8293K, committed 8512K, reserved 1048576K
}

