# JRE version: OpenJDK Runtime Environment Temurin-17.0.7+7 (17.0.7+7) (build 17.0.7+7)
# Java VM: OpenJDK 64-Bit Server VM Temurin-17.0.7+7 (17.0.7+7, mixed mode, emulated-client, tiered, compressed oops, compressed class ptrs, g1 gc, windows-amd64)
GC Precious Log:
 CPUs: 12 total, 12 available
 Memory: 7930M
 Large Page Support: Disabled
 NUMA Support: Disabled
 Compressed Oops: Enabled (32-bit)
 Heap Region Size: 1M
 Heap Min Capacity: 8M
 Heap Initial Capacity: 124M
 Heap Max Capacity: 1G
 Pre-touch: Disabled
 Parallel Workers: 10
 Concurrent Workers: 3
 Concurrent Refinement Workers: 10
 Periodic GC: Disabled
Heap:
 garbage-first heap   total 326656K, used 110146K [0x00000000c0000000, 0x0000000100000000)
  region size 1024K, 15 young (15360K), 15 survivors (15360K)
 Metaspace       used 41814K, committed 42240K, reserved 1114112K
  class space    used 5162K, committed 5376K, reserved 1048576K
GC Heap History (20 events):
Event: 1.781 GC heap after
{Heap after GC invocations=13 (full 0):
 garbage-first heap   total 133120K, used 33138K [0x00000000c0000000, 0x0000000100000000)
  region size 1024K, 4 young (4096K), 4 survivors (4096K)
 Metaspace       used 38695K, committed 39104K, reserved 1114112K
  class space    used 4869K, committed 5056K, reserved 1048576K
}
Event: 1.844 GC heap before
{Heap before GC invocations=13 (full 0):
 garbage-first heap   total 133120K, used 89458K [0x00000000c0000000, 0x0000000100000000)
  region size 1024K, 60 young (61440K), 4 survivors (4096K)
 Metaspace       used 39635K, committed 40128K, reserved 1114112K
  class space    used 4952K, committed 5184K, reserved 1048576K
}
Event: 1.855 GC heap after
{Heap after GC invocations=14 (full 0):
 garbage-first heap   total 133120K, used 44820K [0x00000000c0000000, 0x0000000100000000)
  region size 1024K, 8 young (8192K), 8 survivors (8192K)
 Metaspace       used 39635K, committed 40128K, reserved 1114112K
  class space    used 4952K, committed 5184K, reserved 1048576K
}
Event: 1.947 GC heap before
{Heap before GC invocations=14 (full 0):
 garbage-first heap   total 133120K, used 90900K [0x00000000c0000000, 0x0000000100000000)
  region size 1024K, 53 young (54272K), 8 survivors (8192K)
 Metaspace       used 41251K, committed 41664K, reserved 1114112K
  class space    used 5069K, committed 5248K, reserved 1048576K
}
Event: 1.958 GC heap after
{Heap after GC invocations=15 (full 0):
 garbage-first heap   total 133120K, used 54654K [0x00000000c0000000, 0x0000000100000000)
  region size 1024K, 7 young (7168K), 7 survivors (7168K)
 Metaspace       used 41251K, committed 41664K, reserved 1114112K
  class space    used 5069K, committed 5248K, reserved 1048576K
}
Event: 2.008 GC heap before
{Heap before GC invocations=15 (full 0):
 garbage-first heap   total 133120K, used 96638K [0x00000000c0000000, 0x0000000100000000)
  region size 1024K, 47 young (48128K), 7 survivors (7168K)
 Metaspace       used 41588K, committed 42112K, reserved 1114112K
  class space    used 5128K, committed 5376K, reserved 1048576K
}
Event: 2.031 GC heap after
{Heap after GC invocations=16 (full 0):
 garbage-first heap   total 133120K, used 73896K [0x00000000c0000000, 0x0000000100000000)
  region size 1024K, 6 young (6144K), 6 survivors (6144K)
 Metaspace       used 41588K, committed 42112K, reserved 1114112K
  class space    used 5128K, committed 5376K, reserved 1048576K
}
Event: 2.037 GC heap before
{Heap before GC invocations=16 (full 0):
 garbage-first heap   total 133120K, used 96424K [0x00000000c0000000, 0x0000000100000000)
  region size 1024K, 29 young (29696K), 6 survivors (6144K)
 Metaspace       used 41593K, committed 42112K, reserved 1114112K
  class space    used 5129K, committed 5376K, reserved 1048576K
}
Event: 2.041 GC heap after
{Heap after GC invocations=17 (full 0):
 garbage-first heap   total 301056K, used 76848K [0x00000000c0000000, 0x0000000100000000)
  region size 1024K, 2 young (2048K), 2 survivors (2048K)
 Metaspace       used 41593K, committed 42112K, reserved 1114112K
  class space    used 5129K, committed 5376K, reserved 1048576K
}
Event: 2.086 GC heap before
{Heap before GC invocations=17 (full 0):
 garbage-first heap   total 326656K, used 202800K [0x00000000c0000000, 0x0000000100000000)
  region size 1024K, 127 young (130048K), 2 survivors (2048K)
 Metaspace       used 41620K, committed 42112K, reserved 1114112K
  class space    used 5134K, committed 5376K, reserved 1048576K
}
Event: 2.090 GC heap after
{Heap after GC invocations=18 (full 0):
 garbage-first heap   total 326656K, used 80630K [0x00000000c0000000, 0x0000000100000000)
  region size 1024K, 7 young (7168K), 7 survivors (7168K)
 Metaspace       used 41620K, committed 42112K, reserved 1114112K
  class space    used 5134K, committed 5376K, reserved 1048576K
}
Event: 2.135 GC heap before
{Heap before GC invocations=19 (full 0):
 garbage-first heap   total 326656K, used 241398K [0x00000000c0000000, 0x0000000100000000)
  region size 1024K, 165 young (168960K), 7 survivors (7168K)
 Metaspace       used 41689K, committed 42176K, reserved 1114112K
  class space    used 5146K, committed 5376K, reserved 1048576K
}
Event: 2.142 GC heap after
{Heap after GC invocations=20 (full 0):
 garbage-first heap   total 326656K, used 87471K [0x00000000c0000000, 0x0000000100000000)
  region size 1024K, 13 young (13312K), 13 survivors (13312K)
 Metaspace       used 41689K, committed 42176K, reserved 1114112K
  class space    used 5146K, committed 5376K, reserved 1048576K
}
Event: 2.144 GC heap before
{Heap before GC invocations=20 (full 0):
 garbage-first heap   total 326656K, used 90543K [0x00000000c0000000, 0x0000000100000000)
  region size 1024K, 17 young (17408K), 13 survivors (13312K)
 Metaspace       used 41689K, committed 42176K, reserved 1114112K
  class space    used 5146K, committed 5376K, reserved 1048576K
}
Event: 2.148 GC heap after
{Heap after GC invocations=21 (full 0):
 garbage-first heap   total 326656K, used 87508K [0x00000000c0000000, 0x0000000100000000)
  region size 1024K, 2 young (2048K), 2 survivors (2048K)
 Metaspace       used 41689K, committed 42176K, reserved 1114112K
  class space    used 5146K, committed 5376K, reserved 1048576K
}
Event: 2.186 GC heap before
{Heap before GC invocations=21 (full 0):
 garbage-first heap   total 326656K, used 252372K [0x00000000c0000000, 0x0000000100000000)
  region size 1024K, 164 young (167936K), 2 survivors (2048K)
 Metaspace       used 41758K, committed 42240K, reserved 1114112K
  class space    used 5151K, committed 5376K, reserved 1048576K
}
Event: 2.190 GC heap after
{Heap after GC invocations=22 (full 0):
 garbage-first heap   total 326656K, used 95705K [0x00000000c0000000, 0x0000000100000000)
  region size 1024K, 10 young (10240K), 10 survivors (10240K)
 Metaspace       used 41758K, committed 42240K, reserved 1114112K
  class space    used 5151K, committed 5376K, reserved 1048576K
}
Event: 2.226 GC heap before
{Heap before GC invocations=22 (full 0):
 garbage-first heap   total 326656K, used 256473K [0x00000000c0000000, 0x0000000100000000)
  region size 1024K, 168 young (172032K), 10 survivors (10240K)
 Metaspace       used 41790K, committed 42240K, reserved 1114112K
  class space    used 5158K, committed 5376K, reserved 1048576K
}
Event: 2.233 GC heap after
{Heap after GC invocations=23 (full 0):
 garbage-first heap   total 326656K, used 102694K [0x00000000c0000000, 0x0000000100000000)
  region size 1024K, 17 young (17408K), 17 survivors (17408K)
 Metaspace       used 41790K, committed 42240K, reserved 1114112K
  class space    used 5158K, committed 5376K, reserved 1048576K
}
Event: 2.268 GC heap before
{Heap before GC invocations=23 (full 0):
 garbage-first heap   total 326656K, used 261414K [0x00000000c0000000, 0x0000000100000000)
  region size 1024K, 173 young (177152K), 17 survivors (17408K)
 Metaspace       used 41814K, committed 42240K, reserved 1114112K
  class space    used 5162K, committed 5376K, reserved 1048576K
}

