# JRE version: OpenJDK Runtime Environment Temurin-17.0.7+7 (17.0.7+7) (build 17.0.7+7)
# Java VM: OpenJDK 64-Bit Server VM Temurin-17.0.7+7 (17.0.7+7, mixed mode, emulated-client, tiered, compressed oops, compressed class ptrs, g1 gc, windows-amd64)
GC Precious Log:
 CPUs: 12 total, 12 available
 Memory: 7930M
 Large Page Support: Disabled
 NUMA Support: Disabled
 Compressed Oops: Enabled (32-bit)
 Heap Region Size: 1M
 Heap Min Capacity: 8M
 Heap Initial Capacity: 124M
 Heap Max Capacity: 1G
 Pre-touch: Disabled
 Parallel Workers: 10
 Concurrent Workers: 3
 Concurrent Refinement Workers: 10
 Periodic GC: Disabled
Heap:
 garbage-first heap   total 327680K, used 99378K [0x00000000c0000000, 0x0000000100000000)
  region size 1024K, 14 young (14336K), 14 survivors (14336K)
 Metaspace       used 41630K, committed 42112K, reserved 1114112K
  class space    used 5124K, committed 5312K, reserved 1048576K
GC Heap History (20 events):
Event: 1.602 GC heap after
{Heap after GC invocations=12 (full 0):
 garbage-first heap   total 68608K, used 28371K [0x00000000c0000000, 0x0000000100000000)
  region size 1024K, 4 young (4096K), 4 survivors (4096K)
 Metaspace       used 38022K, committed 38464K, reserved 1114112K
  class space    used 4794K, committed 4992K, reserved 1048576K
}
Event: 1.634 GC heap before
{Heap before GC invocations=12 (full 0):
 garbage-first heap   total 68608K, used 47827K [0x00000000c0000000, 0x0000000100000000)
  region size 1024K, 24 young (24576K), 4 survivors (4096K)
 Metaspace       used 38625K, committed 39040K, reserved 1114112K
  class space    used 4851K, committed 5056K, reserved 1048576K
}
Event: 1.638 GC heap after
{Heap after GC invocations=13 (full 0):
 garbage-first heap   total 137216K, used 31971K [0x00000000c0000000, 0x0000000100000000)
  region size 1024K, 3 young (3072K), 3 survivors (3072K)
 Metaspace       used 38625K, committed 39040K, reserved 1114112K
  class space    used 4851K, committed 5056K, reserved 1048576K
}
Event: 1.698 GC heap before
{Heap before GC invocations=13 (full 0):
 garbage-first heap   total 137216K, used 91363K [0x00000000c0000000, 0x0000000100000000)
  region size 1024K, 61 young (62464K), 3 survivors (3072K)
 Metaspace       used 39603K, committed 40064K, reserved 1114112K
  class space    used 4939K, committed 5120K, reserved 1048576K
}
Event: 1.709 GC heap after
{Heap after GC invocations=14 (full 0):
 garbage-first heap   total 137216K, used 44685K [0x00000000c0000000, 0x0000000100000000)
  region size 1024K, 8 young (8192K), 8 survivors (8192K)
 Metaspace       used 39603K, committed 40064K, reserved 1114112K
  class space    used 4939K, committed 5120K, reserved 1048576K
}
Event: 1.792 GC heap before
{Heap before GC invocations=14 (full 0):
 garbage-first heap   total 137216K, used 91789K [0x00000000c0000000, 0x0000000100000000)
  region size 1024K, 54 young (55296K), 8 survivors (8192K)
 Metaspace       used 41213K, committed 41600K, reserved 1114112K
  class space    used 5055K, committed 5248K, reserved 1048576K
}
Event: 1.802 GC heap after
{Heap after GC invocations=15 (full 0):
 garbage-first heap   total 137216K, used 56799K [0x00000000c0000000, 0x0000000100000000)
  region size 1024K, 7 young (7168K), 7 survivors (7168K)
 Metaspace       used 41213K, committed 41600K, reserved 1114112K
  class space    used 5055K, committed 5248K, reserved 1048576K
}
Event: 1.838 GC heap before
{Heap before GC invocations=15 (full 0):
 garbage-first heap   total 137216K, used 96735K [0x00000000c0000000, 0x0000000100000000)
  region size 1024K, 46 young (47104K), 7 survivors (7168K)
 Metaspace       used 41470K, committed 41920K, reserved 1114112K
  class space    used 5097K, committed 5312K, reserved 1048576K
}
Event: 1.857 GC heap after
{Heap after GC invocations=16 (full 0):
 garbage-first heap   total 137216K, used 69303K [0x00000000c0000000, 0x0000000100000000)
  region size 1024K, 6 young (6144K), 6 survivors (6144K)
 Metaspace       used 41470K, committed 41920K, reserved 1114112K
  class space    used 5097K, committed 5312K, reserved 1048576K
}
Event: 1.866 GC heap before
{Heap before GC invocations=16 (full 0):
 garbage-first heap   total 137216K, used 97975K [0x00000000c0000000, 0x0000000100000000)
  region size 1024K, 35 young (35840K), 6 survivors (6144K)
 Metaspace       used 41499K, committed 41920K, reserved 1114112K
  class space    used 5105K, committed 5312K, reserved 1048576K
}
Event: 1.871 GC heap after
{Heap after GC invocations=17 (full 0):
 garbage-first heap   total 319488K, used 72872K [0x00000000c0000000, 0x0000000100000000)
  region size 1024K, 3 young (3072K), 3 survivors (3072K)
 Metaspace       used 41499K, committed 41920K, reserved 1114112K
  class space    used 5105K, committed 5312K, reserved 1048576K
}
Event: 1.922 GC heap before
{Heap before GC invocations=17 (full 0):
 garbage-first heap   total 327680K, used 211112K [0x00000000c0000000, 0x0000000100000000)
  region size 1024K, 140 young (143360K), 3 survivors (3072K)
 Metaspace       used 41582K, committed 41984K, reserved 1114112K
  class space    used 5111K, committed 5312K, reserved 1048576K
}
Event: 1.926 GC heap after
{Heap after GC invocations=18 (full 0):
 garbage-first heap   total 327680K, used 78757K [0x00000000c0000000, 0x0000000100000000)
  region size 1024K, 10 young (10240K), 10 survivors (10240K)
 Metaspace       used 41582K, committed 41984K, reserved 1114112K
  class space    used 5111K, committed 5312K, reserved 1048576K
}
Event: 1.961 GC heap before
{Heap before GC invocations=19 (full 0):
 garbage-first heap   total 327680K, used 230309K [0x00000000c0000000, 0x0000000100000000)
  region size 1024K, 158 young (161792K), 10 survivors (10240K)
 Metaspace       used 41588K, committed 41984K, reserved 1114112K
  class space    used 5112K, committed 5312K, reserved 1048576K
}
Event: 1.968 GC heap after
{Heap after GC invocations=20 (full 0):
 garbage-first heap   total 327680K, used 86624K [0x00000000c0000000, 0x0000000100000000)
  region size 1024K, 16 young (16384K), 16 survivors (16384K)
 Metaspace       used 41588K, committed 41984K, reserved 1114112K
  class space    used 5112K, committed 5312K, reserved 1048576K
}
Event: 1.969 GC heap before
{Heap before GC invocations=20 (full 0):
 garbage-first heap   total 327680K, used 89696K [0x00000000c0000000, 0x0000000100000000)
  region size 1024K, 20 young (20480K), 16 survivors (16384K)
 Metaspace       used 41588K, committed 41984K, reserved 1114112K
  class space    used 5112K, committed 5312K, reserved 1048576K
}
Event: 1.974 GC heap after
{Heap after GC invocations=21 (full 0):
 garbage-first heap   total 327680K, used 87546K [0x00000000c0000000, 0x0000000100000000)
  region size 1024K, 2 young (2048K), 2 survivors (2048K)
 Metaspace       used 41588K, committed 41984K, reserved 1114112K
  class space    used 5112K, committed 5312K, reserved 1048576K
}
Event: 2.008 GC heap before
{Heap before GC invocations=21 (full 0):
 garbage-first heap   total 327680K, used 244218K [0x00000000c0000000, 0x0000000100000000)
  region size 1024K, 156 young (159744K), 2 survivors (2048K)
 Metaspace       used 41627K, committed 42112K, reserved 1114112K
  class space    used 5123K, committed 5312K, reserved 1048576K
}
Event: 2.013 GC heap after
{Heap after GC invocations=22 (full 0):
 garbage-first heap   total 327680K, used 92838K [0x00000000c0000000, 0x0000000100000000)
  region size 1024K, 8 young (8192K), 8 survivors (8192K)
 Metaspace       used 41627K, committed 42112K, reserved 1114112K
  class space    used 5123K, committed 5312K, reserved 1048576K
}
Event: 2.046 GC heap before
{Heap before GC invocations=22 (full 0):
 garbage-first heap   total 327680K, used 254630K [0x00000000c0000000, 0x0000000100000000)
  region size 1024K, 167 young (171008K), 8 survivors (8192K)
 Metaspace       used 41630K, committed 42112K, reserved 1114112K
  class space    used 5124K, committed 5312K, reserved 1048576K
}

