# JRE version: OpenJDK Runtime Environment Temurin-17.0.7+7 (17.0.7+7) (build 17.0.7+7)
# Java VM: OpenJDK 64-Bit Server VM Temurin-17.0.7+7 (17.0.7+7, mixed mode, emulated-client, tiered, compressed oops, compressed class ptrs, g1 gc, windows-amd64)
GC Precious Log:
 CPUs: 12 total, 12 available
 Memory: 7930M
 Large Page Support: Disabled
 NUMA Support: Disabled
 Compressed Oops: Enabled (32-bit)
 Heap Region Size: 1M
 Heap Min Capacity: 8M
 Heap Initial Capacity: 124M
 Heap Max Capacity: 1G
 Pre-touch: Disabled
 Parallel Workers: 10
 Concurrent Workers: 3
 Concurrent Refinement Workers: 10
 Periodic GC: Disabled
Heap:
 garbage-first heap   total 203776K, used 82030K [0x00000000c0000000, 0x0000000100000000)
  region size 1024K, 8 young (8192K), 8 survivors (8192K)
 Metaspace       used 41527K, committed 41856K, reserved 1114112K
  class space    used 5107K, committed 5248K, reserved 1048576K
GC Heap History (20 events):
Event: 1.593 GC heap after
{Heap after GC invocations=11 (full 0):
 garbage-first heap   total 58368K, used 21919K [0x00000000c0000000, 0x0000000100000000)
  region size 1024K, 4 young (4096K), 4 survivors (4096K)
 Metaspace       used 37948K, committed 38400K, reserved 1114112K
  class space    used 4783K, committed 4992K, reserved 1048576K
}
Event: 1.616 GC heap before
{Heap before GC invocations=11 (full 0):
 garbage-first heap   total 58368K, used 41375K [0x00000000c0000000, 0x0000000100000000)
  region size 1024K, 24 young (24576K), 4 survivors (4096K)
 Metaspace       used 37948K, committed 38400K, reserved 1114112K
  class space    used 4783K, committed 4992K, reserved 1048576K
}
Event: 1.622 GC heap after
{Heap after GC invocations=12 (full 0):
 garbage-first heap   total 70656K, used 25686K [0x00000000c0000000, 0x0000000100000000)
  region size 1024K, 3 young (3072K), 3 survivors (3072K)
 Metaspace       used 37948K, committed 38400K, reserved 1114112K
  class space    used 4783K, committed 4992K, reserved 1048576K
}
Event: 1.656 GC heap before
{Heap before GC invocations=12 (full 0):
 garbage-first heap   total 70656K, used 50262K [0x00000000c0000000, 0x0000000100000000)
  region size 1024K, 28 young (28672K), 3 survivors (3072K)
 Metaspace       used 38385K, committed 38848K, reserved 1114112K
  class space    used 4837K, committed 5056K, reserved 1048576K
}
Event: 1.661 GC heap after
{Heap after GC invocations=13 (full 0):
 garbage-first heap   total 70656K, used 31269K [0x00000000c0000000, 0x0000000100000000)
  region size 1024K, 4 young (4096K), 4 survivors (4096K)
 Metaspace       used 38385K, committed 38848K, reserved 1114112K
  class space    used 4837K, committed 5056K, reserved 1048576K
}
Event: 1.682 GC heap before
{Heap before GC invocations=13 (full 0):
 garbage-first heap   total 70656K, used 51749K [0x00000000c0000000, 0x0000000100000000)
  region size 1024K, 24 young (24576K), 4 survivors (4096K)
 Metaspace       used 38749K, committed 39168K, reserved 1114112K
  class space    used 4854K, committed 5056K, reserved 1048576K
}
Event: 1.687 GC heap after
{Heap after GC invocations=14 (full 0):
 garbage-first heap   total 70656K, used 34742K [0x00000000c0000000, 0x0000000100000000)
  region size 1024K, 3 young (3072K), 3 survivors (3072K)
 Metaspace       used 38749K, committed 39168K, reserved 1114112K
  class space    used 4854K, committed 5056K, reserved 1048576K
}
Event: 1.705 GC heap before
{Heap before GC invocations=14 (full 0):
 garbage-first heap   total 70656K, used 53174K [0x00000000c0000000, 0x0000000100000000)
  region size 1024K, 21 young (21504K), 3 survivors (3072K)
 Metaspace       used 38966K, committed 39360K, reserved 1114112K
  class space    used 4874K, committed 5056K, reserved 1048576K
}
Event: 1.709 GC heap after
{Heap after GC invocations=15 (full 0):
 garbage-first heap   total 70656K, used 38935K [0x00000000c0000000, 0x0000000100000000)
  region size 1024K, 3 young (3072K), 3 survivors (3072K)
 Metaspace       used 38966K, committed 39360K, reserved 1114112K
  class space    used 4874K, committed 5056K, reserved 1048576K
}
Event: 1.730 GC heap before
{Heap before GC invocations=15 (full 0):
 garbage-first heap   total 91136K, used 54295K [0x00000000c0000000, 0x0000000100000000)
  region size 1024K, 18 young (18432K), 3 survivors (3072K)
 Metaspace       used 39084K, committed 39552K, reserved 1114112K
  class space    used 4889K, committed 5120K, reserved 1048576K
}
Event: 1.735 GC heap after
{Heap after GC invocations=16 (full 0):
 garbage-first heap   total 203776K, used 44238K [0x00000000c0000000, 0x0000000100000000)
  region size 1024K, 3 young (3072K), 3 survivors (3072K)
 Metaspace       used 39084K, committed 39552K, reserved 1114112K
  class space    used 4889K, committed 5120K, reserved 1048576K
}
Event: 1.890 GC heap before
{Heap before GC invocations=17 (full 0):
 garbage-first heap   total 203776K, used 136398K [0x00000000c0000000, 0x0000000100000000)
  region size 1024K, 92 young (94208K), 3 survivors (3072K)
 Metaspace       used 41414K, committed 41792K, reserved 1114112K
  class space    used 5091K, committed 5248K, reserved 1048576K
}
Event: 1.920 GC heap after
{Heap after GC invocations=18 (full 0):
 garbage-first heap   total 203776K, used 68320K [0x00000000c0000000, 0x0000000100000000)
  region size 1024K, 12 young (12288K), 12 survivors (12288K)
 Metaspace       used 41414K, committed 41792K, reserved 1114112K
  class space    used 5091K, committed 5248K, reserved 1048576K
}
Event: 1.922 GC heap before
{Heap before GC invocations=18 (full 0):
 garbage-first heap   total 203776K, used 68320K [0x00000000c0000000, 0x0000000100000000)
  region size 1024K, 13 young (13312K), 12 survivors (12288K)
 Metaspace       used 41414K, committed 41792K, reserved 1114112K
  class space    used 5091K, committed 5248K, reserved 1048576K
}
Event: 1.929 GC heap after
{Heap after GC invocations=19 (full 0):
 garbage-first heap   total 203776K, used 70694K [0x00000000c0000000, 0x0000000100000000)
  region size 1024K, 2 young (2048K), 2 survivors (2048K)
 Metaspace       used 41414K, committed 41792K, reserved 1114112K
  class space    used 5091K, committed 5248K, reserved 1048576K
}
Event: 1.944 GC heap before
{Heap before GC invocations=19 (full 0):
 garbage-first heap   total 203776K, used 128038K [0x00000000c0000000, 0x0000000100000000)
  region size 1024K, 59 young (60416K), 2 survivors (2048K)
 Metaspace       used 41442K, committed 41792K, reserved 1114112K
  class space    used 5100K, committed 5248K, reserved 1048576K
}
Event: 1.946 GC heap after
{Heap after GC invocations=20 (full 0):
 garbage-first heap   total 203776K, used 74361K [0x00000000c0000000, 0x0000000100000000)
  region size 1024K, 5 young (5120K), 5 survivors (5120K)
 Metaspace       used 41442K, committed 41792K, reserved 1114112K
  class space    used 5100K, committed 5248K, reserved 1048576K
}
Event: 1.961 GC heap before
{Heap before GC invocations=20 (full 0):
 garbage-first heap   total 203776K, used 137849K [0x00000000c0000000, 0x0000000100000000)
  region size 1024K, 68 young (69632K), 5 survivors (5120K)
 Metaspace       used 41495K, committed 41856K, reserved 1114112K
  class space    used 5104K, committed 5248K, reserved 1048576K
}
Event: 1.964 GC heap after
{Heap after GC invocations=21 (full 0):
 garbage-first heap   total 203776K, used 77824K [0x00000000c0000000, 0x0000000100000000)
  region size 1024K, 9 young (9216K), 9 survivors (9216K)
 Metaspace       used 41495K, committed 41856K, reserved 1114112K
  class space    used 5104K, committed 5248K, reserved 1048576K
}
Event: 1.978 GC heap before
{Heap before GC invocations=21 (full 0):
 garbage-first heap   total 203776K, used 146432K [0x00000000c0000000, 0x0000000100000000)
  region size 1024K, 76 young (77824K), 9 survivors (9216K)
 Metaspace       used 41527K, committed 41856K, reserved 1114112K
  class space    used 5107K, committed 5248K, reserved 1048576K
}

