# JRE version: OpenJDK Runtime Environment Temurin-17.0.7+7 (17.0.7+7) (build 17.0.7+7)
# Java VM: OpenJDK 64-Bit Server VM Temurin-17.0.7+7 (17.0.7+7, mixed mode, emulated-client, tiered, compressed oops, compressed class ptrs, g1 gc, windows-amd64)
GC Precious Log:
 CPUs: 12 total, 12 available
 Memory: 7930M
 Large Page Support: Disabled
 NUMA Support: Disabled
 Compressed Oops: Enabled (32-bit)
 Heap Region Size: 1M
 Heap Min Capacity: 8M
 Heap Initial Capacity: 124M
 Heap Max Capacity: 1G
 Pre-touch: Disabled
 Parallel Workers: 10
 Concurrent Workers: 3
 Concurrent Refinement Workers: 10
 Periodic GC: Disabled
Heap:
 garbage-first heap   total 243712K, used 89891K [0x00000000c0000000, 0x0000000100000000)
  region size 1024K, 11 young (11264K), 11 survivors (11264K)
 Metaspace       used 41508K, committed 41856K, reserved 1114112K
  class space    used 5103K, committed 5248K, reserved 1048576K
GC Heap History (20 events):
Event: 1.633 GC heap after
{Heap after GC invocations=14 (full 0):
 garbage-first heap   total 114688K, used 31704K [0x00000000c0000000, 0x0000000100000000)
  region size 1024K, 2 young (2048K), 2 survivors (2048K)
 Metaspace       used 38186K, committed 38592K, reserved 1114112K
  class space    used 4818K, committed 4992K, reserved 1048576K
}
Event: 1.680 GC heap before
{Heap before GC invocations=15 (full 0):
 garbage-first heap   total 114688K, used 73688K [0x00000000c0000000, 0x0000000100000000)
  region size 1024K, 44 young (45056K), 2 survivors (2048K)
 Metaspace       used 38853K, committed 39296K, reserved 1114112K
  class space    used 4858K, committed 5056K, reserved 1048576K
}
Event: 1.688 GC heap after
{Heap after GC invocations=16 (full 0):
 garbage-first heap   total 114688K, used 42069K [0x00000000c0000000, 0x0000000100000000)
  region size 1024K, 6 young (6144K), 6 survivors (6144K)
 Metaspace       used 38853K, committed 39296K, reserved 1114112K
  class space    used 4858K, committed 5056K, reserved 1048576K
}
Event: 1.719 GC heap before
{Heap before GC invocations=16 (full 0):
 garbage-first heap   total 114688K, used 75861K [0x00000000c0000000, 0x0000000100000000)
  region size 1024K, 39 young (39936K), 6 survivors (6144K)
 Metaspace       used 39461K, committed 39872K, reserved 1114112K
  class space    used 4923K, committed 5120K, reserved 1048576K
}
Event: 1.727 GC heap after
{Heap after GC invocations=17 (full 0):
 garbage-first heap   total 114688K, used 47687K [0x00000000c0000000, 0x0000000100000000)
  region size 1024K, 5 young (5120K), 5 survivors (5120K)
 Metaspace       used 39461K, committed 39872K, reserved 1114112K
  class space    used 4923K, committed 5120K, reserved 1048576K
}
Event: 1.807 GC heap before
{Heap before GC invocations=17 (full 0):
 garbage-first heap   total 114688K, used 80455K [0x00000000c0000000, 0x0000000100000000)
  region size 1024K, 37 young (37888K), 5 survivors (5120K)
 Metaspace       used 40929K, committed 41344K, reserved 1114112K
  class space    used 5019K, committed 5184K, reserved 1048576K
}
Event: 1.815 GC heap after
{Heap after GC invocations=18 (full 0):
 garbage-first heap   total 114688K, used 56743K [0x00000000c0000000, 0x0000000100000000)
  region size 1024K, 5 young (5120K), 5 survivors (5120K)
 Metaspace       used 40929K, committed 41344K, reserved 1114112K
  class space    used 5019K, committed 5184K, reserved 1048576K
}
Event: 1.835 GC heap before
{Heap before GC invocations=18 (full 0):
 garbage-first heap   total 114688K, used 71079K [0x00000000c0000000, 0x0000000100000000)
  region size 1024K, 20 young (20480K), 5 survivors (5120K)
 Metaspace       used 41147K, committed 41472K, reserved 1114112K
  class space    used 5048K, committed 5184K, reserved 1048576K
}
Event: 1.841 GC heap after
{Heap after GC invocations=19 (full 0):
 garbage-first heap   total 114688K, used 62820K [0x00000000c0000000, 0x0000000100000000)
  region size 1024K, 4 young (4096K), 4 survivors (4096K)
 Metaspace       used 41147K, committed 41472K, reserved 1114112K
  class space    used 5048K, committed 5184K, reserved 1048576K
}
Event: 1.872 GC heap before
{Heap before GC invocations=19 (full 0):
 garbage-first heap   total 121856K, used 82276K [0x00000000c0000000, 0x0000000100000000)
  region size 1024K, 24 young (24576K), 4 survivors (4096K)
 Metaspace       used 41362K, committed 41728K, reserved 1114112K
  class space    used 5084K, committed 5248K, reserved 1048576K
}
Event: 1.888 GC heap after
{Heap after GC invocations=20 (full 0):
 garbage-first heap   total 243712K, used 68201K [0x00000000c0000000, 0x0000000100000000)
  region size 1024K, 3 young (3072K), 3 survivors (3072K)
 Metaspace       used 41362K, committed 41728K, reserved 1114112K
  class space    used 5084K, committed 5248K, reserved 1048576K
}
Event: 1.916 GC heap before
{Heap before GC invocations=21 (full 0):
 garbage-first heap   total 243712K, used 150121K [0x00000000c0000000, 0x0000000100000000)
  region size 1024K, 84 young (86016K), 3 survivors (3072K)
 Metaspace       used 41396K, committed 41792K, reserved 1114112K
  class space    used 5093K, committed 5248K, reserved 1048576K
}
Event: 1.921 GC heap after
{Heap after GC invocations=22 (full 0):
 garbage-first heap   total 243712K, used 71844K [0x00000000c0000000, 0x0000000100000000)
  region size 1024K, 7 young (7168K), 7 survivors (7168K)
 Metaspace       used 41396K, committed 41792K, reserved 1114112K
  class space    used 5093K, committed 5248K, reserved 1048576K
}
Event: 1.922 GC heap before
{Heap before GC invocations=22 (full 0):
 garbage-first heap   total 243712K, used 74916K [0x00000000c0000000, 0x0000000100000000)
  region size 1024K, 11 young (11264K), 7 survivors (7168K)
 Metaspace       used 41414K, committed 41792K, reserved 1114112K
  class space    used 5094K, committed 5248K, reserved 1048576K
}
Event: 1.927 GC heap after
{Heap after GC invocations=23 (full 0):
 garbage-first heap   total 243712K, used 72186K [0x00000000c0000000, 0x0000000100000000)
  region size 1024K, 1 young (1024K), 1 survivors (1024K)
 Metaspace       used 41414K, committed 41792K, reserved 1114112K
  class space    used 5094K, committed 5248K, reserved 1048576K
}
Event: 1.954 GC heap before
{Heap before GC invocations=23 (full 0):
 garbage-first heap   total 243712K, used 176634K [0x00000000c0000000, 0x0000000100000000)
  region size 1024K, 104 young (106496K), 1 survivors (1024K)
 Metaspace       used 41494K, committed 41856K, reserved 1114112K
  class space    used 5103K, committed 5248K, reserved 1048576K
}
Event: 1.958 GC heap after
{Heap after GC invocations=24 (full 0):
 garbage-first heap   total 243712K, used 78261K [0x00000000c0000000, 0x0000000100000000)
  region size 1024K, 7 young (7168K), 7 survivors (7168K)
 Metaspace       used 41494K, committed 41856K, reserved 1114112K
  class space    used 5103K, committed 5248K, reserved 1048576K
}
Event: 1.979 GC heap before
{Heap before GC invocations=24 (full 0):
 garbage-first heap   total 243712K, used 181685K [0x00000000c0000000, 0x0000000100000000)
  region size 1024K, 109 young (111616K), 7 survivors (7168K)
 Metaspace       used 41494K, committed 41856K, reserved 1114112K
  class space    used 5103K, committed 5248K, reserved 1048576K
}
Event: 1.983 GC heap after
{Heap after GC invocations=25 (full 0):
 garbage-first heap   total 243712K, used 83817K [0x00000000c0000000, 0x0000000100000000)
  region size 1024K, 13 young (13312K), 13 survivors (13312K)
 Metaspace       used 41494K, committed 41856K, reserved 1114112K
  class space    used 5103K, committed 5248K, reserved 1048576K
}
Event: 2.005 GC heap before
{Heap before GC invocations=25 (full 0):
 garbage-first heap   total 243712K, used 187241K [0x00000000c0000000, 0x0000000100000000)
  region size 1024K, 114 young (116736K), 13 survivors (13312K)
 Metaspace       used 41508K, committed 41856K, reserved 1114112K
  class space    used 5103K, committed 5248K, reserved 1048576K
}

