# JRE version: OpenJDK Runtime Environment Temurin-17.0.7+7 (17.0.7+7) (build 17.0.7+7)
# Java VM: OpenJDK 64-Bit Server VM Temurin-17.0.7+7 (17.0.7+7, mixed mode, emulated-client, tiered, compressed oops, compressed class ptrs, g1 gc, windows-amd64)
GC Precious Log:
 CPUs: 12 total, 12 available
 Memory: 7930M
 Large Page Support: Disabled
 NUMA Support: Disabled
 Compressed Oops: Enabled (32-bit)
 Heap Region Size: 1M
 Heap Min Capacity: 8M
 Heap Initial Capacity: 124M
 Heap Max Capacity: 1G
 Pre-touch: Disabled
 Parallel Workers: 10
 Concurrent Workers: 3
 Concurrent Refinement Workers: 10
 Periodic GC: Disabled
Heap:
 garbage-first heap   total 202752K, used 81970K [0x00000000c0000000, 0x0000000100000000)
  region size 1024K, 10 young (10240K), 10 survivors (10240K)
 Metaspace       used 41325K, committed 41728K, reserved 1114112K
  class space    used 5064K, committed 5248K, reserved 1048576K
GC Heap History (20 events):
Event: 1.767 GC heap after
{Heap after GC invocations=12 (full 0):
 garbage-first heap   total 54272K, used 24422K [0x00000000c0000000, 0x0000000100000000)
  region size 1024K, 3 young (3072K), 3 survivors (3072K)
 Metaspace       used 37895K, committed 38336K, reserved 1114112K
  class space    used 4770K, committed 4992K, reserved 1048576K
}
Event: 1.789 GC heap before
{Heap before GC invocations=12 (full 0):
 garbage-first heap   total 54272K, used 39782K [0x00000000c0000000, 0x0000000100000000)
  region size 1024K, 19 young (19456K), 3 survivors (3072K)
 Metaspace       used 37895K, committed 38336K, reserved 1114112K
  class space    used 4770K, committed 4992K, reserved 1048576K
}
Event: 1.794 GC heap after
{Heap after GC invocations=13 (full 0):
 garbage-first heap   total 77824K, used 27648K [0x00000000c0000000, 0x0000000100000000)
  region size 1024K, 3 young (3072K), 3 survivors (3072K)
 Metaspace       used 37895K, committed 38336K, reserved 1114112K
  class space    used 4770K, committed 4992K, reserved 1048576K
}
Event: 1.854 GC heap before
{Heap before GC invocations=13 (full 0):
 garbage-first heap   total 77824K, used 56320K [0x00000000c0000000, 0x0000000100000000)
  region size 1024K, 32 young (32768K), 3 survivors (3072K)
 Metaspace       used 38442K, committed 38912K, reserved 1114112K
  class space    used 4833K, committed 5056K, reserved 1048576K
}
Event: 1.860 GC heap after
{Heap after GC invocations=14 (full 0):
 garbage-first heap   total 77824K, used 33852K [0x00000000c0000000, 0x0000000100000000)
  region size 1024K, 4 young (4096K), 4 survivors (4096K)
 Metaspace       used 38442K, committed 38912K, reserved 1114112K
  class space    used 4833K, committed 5056K, reserved 1048576K
}
Event: 1.884 GC heap before
{Heap before GC invocations=14 (full 0):
 garbage-first heap   total 77824K, used 57404K [0x00000000c0000000, 0x0000000100000000)
  region size 1024K, 27 young (27648K), 4 survivors (4096K)
 Metaspace       used 38700K, committed 39168K, reserved 1114112K
  class space    used 4842K, committed 5056K, reserved 1048576K
}
Event: 1.892 GC heap after
{Heap after GC invocations=15 (full 0):
 garbage-first heap   total 77824K, used 40811K [0x00000000c0000000, 0x0000000100000000)
  region size 1024K, 4 young (4096K), 4 survivors (4096K)
 Metaspace       used 38700K, committed 39168K, reserved 1114112K
  class space    used 4842K, committed 5056K, reserved 1048576K
}
Event: 1.912 GC heap before
{Heap before GC invocations=15 (full 0):
 garbage-first heap   total 77824K, used 57195K [0x00000000c0000000, 0x0000000100000000)
  region size 1024K, 21 young (21504K), 4 survivors (4096K)
 Metaspace       used 38857K, committed 39296K, reserved 1114112K
  class space    used 4854K, committed 5056K, reserved 1048576K
}
Event: 1.917 GC heap after
{Heap after GC invocations=16 (full 0):
 garbage-first heap   total 77824K, used 44624K [0x00000000c0000000, 0x0000000100000000)
  region size 1024K, 3 young (3072K), 3 survivors (3072K)
 Metaspace       used 38857K, committed 39296K, reserved 1114112K
  class space    used 4854K, committed 5056K, reserved 1048576K
}
Event: 1.942 GC heap before
{Heap before GC invocations=16 (full 0):
 garbage-first heap   total 97280K, used 57936K [0x00000000c0000000, 0x0000000100000000)
  region size 1024K, 17 young (17408K), 3 survivors (3072K)
 Metaspace       used 39099K, committed 39488K, reserved 1114112K
  class space    used 4883K, committed 5056K, reserved 1048576K
}
Event: 1.946 GC heap after
{Heap after GC invocations=17 (full 0):
 garbage-first heap   total 202752K, used 47165K [0x00000000c0000000, 0x0000000100000000)
  region size 1024K, 3 young (3072K), 3 survivors (3072K)
 Metaspace       used 39099K, committed 39488K, reserved 1114112K
  class space    used 4883K, committed 5056K, reserved 1048576K
}
Event: 2.104 GC heap before
{Heap before GC invocations=18 (full 0):
 garbage-first heap   total 202752K, used 126013K [0x00000000c0000000, 0x0000000100000000)
  region size 1024K, 79 young (80896K), 3 survivors (3072K)
 Metaspace       used 41215K, committed 41664K, reserved 1114112K
  class space    used 5051K, committed 5248K, reserved 1048576K
}
Event: 2.130 GC heap after
{Heap after GC invocations=19 (full 0):
 garbage-first heap   total 202752K, used 68427K [0x00000000c0000000, 0x0000000100000000)
  region size 1024K, 10 young (10240K), 10 survivors (10240K)
 Metaspace       used 41215K, committed 41664K, reserved 1114112K
  class space    used 5051K, committed 5248K, reserved 1048576K
}
Event: 2.147 GC heap before
{Heap before GC invocations=19 (full 0):
 garbage-first heap   total 202752K, used 128843K [0x00000000c0000000, 0x0000000100000000)
  region size 1024K, 70 young (71680K), 10 survivors (10240K)
 Metaspace       used 41244K, committed 41664K, reserved 1114112K
  class space    used 5058K, committed 5248K, reserved 1048576K
}
Event: 2.154 GC heap after
{Heap after GC invocations=20 (full 0):
 garbage-first heap   total 202752K, used 72717K [0x00000000c0000000, 0x0000000100000000)
  region size 1024K, 4 young (4096K), 4 survivors (4096K)
 Metaspace       used 41244K, committed 41664K, reserved 1114112K
  class space    used 5058K, committed 5248K, reserved 1048576K
}
Event: 2.168 GC heap before
{Heap before GC invocations=20 (full 0):
 garbage-first heap   total 202752K, used 138253K [0x00000000c0000000, 0x0000000100000000)
  region size 1024K, 69 young (70656K), 4 survivors (4096K)
 Metaspace       used 41254K, committed 41664K, reserved 1114112K
  class space    used 5058K, committed 5248K, reserved 1048576K
}
Event: 2.170 GC heap after
{Heap after GC invocations=21 (full 0):
 garbage-first heap   total 202752K, used 74918K [0x00000000c0000000, 0x0000000100000000)
  region size 1024K, 6 young (6144K), 6 survivors (6144K)
 Metaspace       used 41254K, committed 41664K, reserved 1114112K
  class space    used 5058K, committed 5248K, reserved 1048576K
}
Event: 2.187 GC heap before
{Heap before GC invocations=21 (full 0):
 garbage-first heap   total 202752K, used 147622K [0x00000000c0000000, 0x0000000100000000)
  region size 1024K, 78 young (79872K), 6 survivors (6144K)
 Metaspace       used 41298K, committed 41728K, reserved 1114112K
  class space    used 5060K, committed 5248K, reserved 1048576K
}
Event: 2.191 GC heap after
{Heap after GC invocations=22 (full 0):
 garbage-first heap   total 202752K, used 77920K [0x00000000c0000000, 0x0000000100000000)
  region size 1024K, 6 young (6144K), 6 survivors (6144K)
 Metaspace       used 41298K, committed 41728K, reserved 1114112K
  class space    used 5060K, committed 5248K, reserved 1048576K
}
Event: 2.211 GC heap before
{Heap before GC invocations=22 (full 0):
 garbage-first heap   total 202752K, used 153696K [0x00000000c0000000, 0x0000000100000000)
  region size 1024K, 81 young (82944K), 6 survivors (6144K)
 Metaspace       used 41325K, committed 41728K, reserved 1114112K
  class space    used 5064K, committed 5248K, reserved 1048576K
}

