# JRE version: OpenJDK Runtime Environment Temurin-17.0.7+7 (17.0.7+7) (build 17.0.7+7)
# Java VM: OpenJDK 64-Bit Server VM Temurin-17.0.7+7 (17.0.7+7, mixed mode, emulated-client, tiered, compressed oops, compressed class ptrs, g1 gc, windows-amd64)
GC Precious Log:
 CPUs: 12 total, 12 available
 Memory: 7930M
 Large Page Support: Disabled
 NUMA Support: Disabled
 Compressed Oops: Enabled (32-bit)
 Heap Region Size: 1M
 Heap Min Capacity: 8M
 Heap Initial Capacity: 124M
 Heap Max Capacity: 1G
 Pre-touch: Disabled
 Parallel Workers: 10
 Concurrent Workers: 3
 Concurrent Refinement Workers: 10
 Periodic GC: Disabled
Heap:
 garbage-first heap   total 266240K, used 93544K [0x00000000c0000000, 0x0000000100000000)
  region size 1024K, 13 young (13312K), 13 survivors (13312K)
 Metaspace       used 41531K, committed 41984K, reserved 1114112K
  class space    used 5107K, committed 5312K, reserved 1048576K
GC Heap History (20 events):
Event: 1.658 GC heap after
{Heap after GC invocations=14 (full 0):
 garbage-first heap   total 120832K, used 33501K [0x00000000c0000000, 0x0000000100000000)
  region size 1024K, 3 young (3072K), 3 survivors (3072K)
 Metaspace       used 38495K, committed 38912K, reserved 1114112K
  class space    used 4843K, committed 5056K, reserved 1048576K
}
Event: 1.717 GC heap before
{Heap before GC invocations=15 (full 0):
 garbage-first heap   total 120832K, used 78557K [0x00000000c0000000, 0x0000000100000000)
  region size 1024K, 48 young (49152K), 3 survivors (3072K)
 Metaspace       used 39093K, committed 39552K, reserved 1114112K
  class space    used 4889K, committed 5120K, reserved 1048576K
}
Event: 1.725 GC heap after
{Heap after GC invocations=16 (full 0):
 garbage-first heap   total 120832K, used 44008K [0x00000000c0000000, 0x0000000100000000)
  region size 1024K, 6 young (6144K), 6 survivors (6144K)
 Metaspace       used 39093K, committed 39552K, reserved 1114112K
  class space    used 4889K, committed 5120K, reserved 1048576K
}
Event: 1.770 GC heap before
{Heap before GC invocations=16 (full 0):
 garbage-first heap   total 120832K, used 80872K [0x00000000c0000000, 0x0000000100000000)
  region size 1024K, 43 young (44032K), 6 survivors (6144K)
 Metaspace       used 40042K, committed 40512K, reserved 1114112K
  class space    used 4957K, committed 5184K, reserved 1048576K
}
Event: 1.777 GC heap after
{Heap after GC invocations=17 (full 0):
 garbage-first heap   total 120832K, used 50590K [0x00000000c0000000, 0x0000000100000000)
  region size 1024K, 6 young (6144K), 6 survivors (6144K)
 Metaspace       used 40042K, committed 40512K, reserved 1114112K
  class space    used 4957K, committed 5184K, reserved 1048576K
}
Event: 1.850 GC heap before
{Heap before GC invocations=17 (full 0):
 garbage-first heap   total 120832K, used 86430K [0x00000000c0000000, 0x0000000100000000)
  region size 1024K, 41 young (41984K), 6 survivors (6144K)
 Metaspace       used 41165K, committed 41600K, reserved 1114112K
  class space    used 5050K, committed 5248K, reserved 1048576K
}
Event: 1.861 GC heap after
{Heap after GC invocations=18 (full 0):
 garbage-first heap   total 120832K, used 62878K [0x00000000c0000000, 0x0000000100000000)
  region size 1024K, 6 young (6144K), 6 survivors (6144K)
 Metaspace       used 41165K, committed 41600K, reserved 1114112K
  class space    used 5050K, committed 5248K, reserved 1048576K
}
Event: 1.863 GC heap before
{Heap before GC invocations=18 (full 0):
 garbage-first heap   total 120832K, used 63902K [0x00000000c0000000, 0x0000000100000000)
  region size 1024K, 8 young (8192K), 6 survivors (6144K)
 Metaspace       used 41165K, committed 41600K, reserved 1114112K
  class space    used 5050K, committed 5248K, reserved 1048576K
}
Event: 1.866 GC heap after
{Heap after GC invocations=19 (full 0):
 garbage-first heap   total 120832K, used 65015K [0x00000000c0000000, 0x0000000100000000)
  region size 1024K, 2 young (2048K), 2 survivors (2048K)
 Metaspace       used 41165K, committed 41600K, reserved 1114112K
  class space    used 5050K, committed 5248K, reserved 1048576K
}
Event: 1.899 GC heap before
{Heap before GC invocations=19 (full 0):
 garbage-first heap   total 133120K, used 84471K [0x00000000c0000000, 0x0000000100000000)
  region size 1024K, 22 young (22528K), 2 survivors (2048K)
 Metaspace       used 41404K, committed 41792K, reserved 1114112K
  class space    used 5088K, committed 5248K, reserved 1048576K
}
Event: 1.913 GC heap after
{Heap after GC invocations=20 (full 0):
 garbage-first heap   total 266240K, used 69919K [0x00000000c0000000, 0x0000000100000000)
  region size 1024K, 3 young (3072K), 3 survivors (3072K)
 Metaspace       used 41404K, committed 41792K, reserved 1114112K
  class space    used 5088K, committed 5248K, reserved 1048576K
}
Event: 1.948 GC heap before
{Heap before GC invocations=21 (full 0):
 garbage-first heap   total 266240K, used 162079K [0x00000000c0000000, 0x0000000100000000)
  region size 1024K, 94 young (96256K), 3 survivors (3072K)
 Metaspace       used 41432K, committed 41792K, reserved 1114112K
  class space    used 5096K, committed 5248K, reserved 1048576K
}
Event: 1.953 GC heap after
{Heap after GC invocations=22 (full 0):
 garbage-first heap   total 266240K, used 73915K [0x00000000c0000000, 0x0000000100000000)
  region size 1024K, 7 young (7168K), 7 survivors (7168K)
 Metaspace       used 41432K, committed 41792K, reserved 1114112K
  class space    used 5096K, committed 5248K, reserved 1048576K
}
Event: 1.955 GC heap before
{Heap before GC invocations=22 (full 0):
 garbage-first heap   total 266240K, used 79035K [0x00000000c0000000, 0x0000000100000000)
  region size 1024K, 13 young (13312K), 7 survivors (7168K)
 Metaspace       used 41433K, committed 41792K, reserved 1114112K
  class space    used 5096K, committed 5248K, reserved 1048576K
}
Event: 1.959 GC heap after
{Heap after GC invocations=23 (full 0):
 garbage-first heap   total 266240K, used 73954K [0x00000000c0000000, 0x0000000100000000)
  region size 1024K, 1 young (1024K), 1 survivors (1024K)
 Metaspace       used 41433K, committed 41792K, reserved 1114112K
  class space    used 5096K, committed 5248K, reserved 1048576K
}
Event: 1.990 GC heap before
{Heap before GC invocations=23 (full 0):
 garbage-first heap   total 266240K, used 187618K [0x00000000c0000000, 0x0000000100000000)
  region size 1024K, 113 young (115712K), 1 survivors (1024K)
 Metaspace       used 41513K, committed 41856K, reserved 1114112K
  class space    used 5104K, committed 5248K, reserved 1048576K
}
Event: 1.994 GC heap after
{Heap after GC invocations=24 (full 0):
 garbage-first heap   total 266240K, used 79475K [0x00000000c0000000, 0x0000000100000000)
  region size 1024K, 7 young (7168K), 7 survivors (7168K)
 Metaspace       used 41513K, committed 41856K, reserved 1114112K
  class space    used 5104K, committed 5248K, reserved 1048576K
}
Event: 2.018 GC heap before
{Heap before GC invocations=24 (full 0):
 garbage-first heap   total 266240K, used 195187K [0x00000000c0000000, 0x0000000100000000)
  region size 1024K, 121 young (123904K), 7 survivors (7168K)
 Metaspace       used 41531K, committed 41984K, reserved 1114112K
  class space    used 5107K, committed 5312K, reserved 1048576K
}
Event: 2.025 GC heap after
{Heap after GC invocations=25 (full 0):
 garbage-first heap   total 266240K, used 84215K [0x00000000c0000000, 0x0000000100000000)
  region size 1024K, 11 young (11264K), 11 survivors (11264K)
 Metaspace       used 41531K, committed 41984K, reserved 1114112K
  class space    used 5107K, committed 5312K, reserved 1048576K
}
Event: 2.052 GC heap before
{Heap before GC invocations=25 (full 0):
 garbage-first heap   total 266240K, used 204023K [0x00000000c0000000, 0x0000000100000000)
  region size 1024K, 128 young (131072K), 11 survivors (11264K)
 Metaspace       used 41531K, committed 41984K, reserved 1114112K
  class space    used 5107K, committed 5312K, reserved 1048576K
}

