# JRE version: OpenJDK Runtime Environment Temurin-17.0.7+7 (17.0.7+7) (build 17.0.7+7)
# Java VM: OpenJDK 64-Bit Server VM Temurin-17.0.7+7 (17.0.7+7, mixed mode, emulated-client, tiered, compressed oops, compressed class ptrs, g1 gc, windows-amd64)
GC Precious Log:
 CPUs: 12 total, 12 available
 Memory: 7930M
 Large Page Support: Disabled
 NUMA Support: Disabled
 Compressed Oops: Enabled (32-bit)
 Heap Region Size: 1M
 Heap Min Capacity: 8M
 Heap Initial Capacity: 124M
 Heap Max Capacity: 1G
 Pre-touch: Disabled
 Parallel Workers: 10
 Concurrent Workers: 3
 Concurrent Refinement Workers: 10
 Periodic GC: Disabled
Heap:
 garbage-first heap   total 257024K, used 85278K [0x00000000c0000000, 0x0000000100000000)
  region size 1024K, 10 young (10240K), 10 survivors (10240K)
 Metaspace       used 41544K, committed 41920K, reserved 1114112K
  class space    used 5114K, committed 5312K, reserved 1048576K
GC Heap History (20 events):
Event: 1.609 GC heap after
{Heap after GC invocations=14 (full 0):
 garbage-first heap   total 110592K, used 31216K [0x00000000c0000000, 0x0000000100000000)
  region size 1024K, 2 young (2048K), 2 survivors (2048K)
 Metaspace       used 38267K, committed 38720K, reserved 1114112K
  class space    used 4838K, committed 5056K, reserved 1048576K
}
Event: 1.653 GC heap before
{Heap before GC invocations=15 (full 0):
 garbage-first heap   total 110592K, used 72176K [0x00000000c0000000, 0x0000000100000000)
  region size 1024K, 43 young (44032K), 2 survivors (2048K)
 Metaspace       used 38866K, committed 39296K, reserved 1114112K
  class space    used 4876K, committed 5056K, reserved 1048576K
}
Event: 1.662 GC heap after
{Heap after GC invocations=16 (full 0):
 garbage-first heap   total 110592K, used 41171K [0x00000000c0000000, 0x0000000100000000)
  region size 1024K, 6 young (6144K), 6 survivors (6144K)
 Metaspace       used 38866K, committed 39296K, reserved 1114112K
  class space    used 4876K, committed 5056K, reserved 1048576K
}
Event: 1.694 GC heap before
{Heap before GC invocations=16 (full 0):
 garbage-first heap   total 110592K, used 75987K [0x00000000c0000000, 0x0000000100000000)
  region size 1024K, 40 young (40960K), 6 survivors (6144K)
 Metaspace       used 39436K, committed 39872K, reserved 1114112K
  class space    used 4933K, committed 5120K, reserved 1048576K
}
Event: 1.702 GC heap after
{Heap after GC invocations=17 (full 0):
 garbage-first heap   total 110592K, used 47364K [0x00000000c0000000, 0x0000000100000000)
  region size 1024K, 5 young (5120K), 5 survivors (5120K)
 Metaspace       used 39436K, committed 39872K, reserved 1114112K
  class space    used 4933K, committed 5120K, reserved 1048576K
}
Event: 1.779 GC heap before
{Heap before GC invocations=17 (full 0):
 garbage-first heap   total 110592K, used 79108K [0x00000000c0000000, 0x0000000100000000)
  region size 1024K, 36 young (36864K), 5 survivors (5120K)
 Metaspace       used 40865K, committed 41344K, reserved 1114112K
  class space    used 5027K, committed 5248K, reserved 1048576K
}
Event: 1.786 GC heap after
{Heap after GC invocations=18 (full 0):
 garbage-first heap   total 110592K, used 55246K [0x00000000c0000000, 0x0000000100000000)
  region size 1024K, 5 young (5120K), 5 survivors (5120K)
 Metaspace       used 40865K, committed 41344K, reserved 1114112K
  class space    used 5027K, committed 5248K, reserved 1048576K
}
Event: 1.812 GC heap before
{Heap before GC invocations=18 (full 0):
 garbage-first heap   total 110592K, used 70606K [0x00000000c0000000, 0x0000000100000000)
  region size 1024K, 22 young (22528K), 5 survivors (5120K)
 Metaspace       used 41202K, committed 41600K, reserved 1114112K
  class space    used 5063K, committed 5248K, reserved 1048576K
}
Event: 1.820 GC heap after
{Heap after GC invocations=19 (full 0):
 garbage-first heap   total 110592K, used 62896K [0x00000000c0000000, 0x0000000100000000)
  region size 1024K, 4 young (4096K), 4 survivors (4096K)
 Metaspace       used 41202K, committed 41600K, reserved 1114112K
  class space    used 5063K, committed 5248K, reserved 1048576K
}
Event: 1.845 GC heap before
{Heap before GC invocations=19 (full 0):
 garbage-first heap   total 110592K, used 81328K [0x00000000c0000000, 0x0000000100000000)
  region size 1024K, 22 young (22528K), 4 survivors (4096K)
 Metaspace       used 41318K, committed 41728K, reserved 1114112K
  class space    used 5077K, committed 5248K, reserved 1048576K
}
Event: 1.860 GC heap after
{Heap after GC invocations=20 (full 0):
 garbage-first heap   total 257024K, used 69369K [0x00000000c0000000, 0x0000000100000000)
  region size 1024K, 3 young (3072K), 3 survivors (3072K)
 Metaspace       used 41318K, committed 41728K, reserved 1114112K
  class space    used 5077K, committed 5248K, reserved 1048576K
}
Event: 1.891 GC heap before
{Heap before GC invocations=21 (full 0):
 garbage-first heap   total 245760K, used 154361K [0x00000000c0000000, 0x0000000100000000)
  region size 1024K, 88 young (90112K), 3 survivors (3072K)
 Metaspace       used 41351K, committed 41728K, reserved 1114112K
  class space    used 5084K, committed 5248K, reserved 1048576K
}
Event: 1.896 GC heap after
{Heap after GC invocations=22 (full 0):
 garbage-first heap   total 245760K, used 72189K [0x00000000c0000000, 0x0000000100000000)
  region size 1024K, 7 young (7168K), 7 survivors (7168K)
 Metaspace       used 41351K, committed 41728K, reserved 1114112K
  class space    used 5084K, committed 5248K, reserved 1048576K
}
Event: 1.898 GC heap before
{Heap before GC invocations=22 (full 0):
 garbage-first heap   total 245760K, used 76285K [0x00000000c0000000, 0x0000000100000000)
  region size 1024K, 12 young (12288K), 7 survivors (7168K)
 Metaspace       used 41351K, committed 41728K, reserved 1114112K
  class space    used 5084K, committed 5248K, reserved 1048576K
}
Event: 1.901 GC heap after
{Heap after GC invocations=23 (full 0):
 garbage-first heap   total 245760K, used 72386K [0x00000000c0000000, 0x0000000100000000)
  region size 1024K, 1 young (1024K), 1 survivors (1024K)
 Metaspace       used 41351K, committed 41728K, reserved 1114112K
  class space    used 5084K, committed 5248K, reserved 1048576K
}
Event: 1.926 GC heap before
{Heap before GC invocations=23 (full 0):
 garbage-first heap   total 245760K, used 178882K [0x00000000c0000000, 0x0000000100000000)
  region size 1024K, 106 young (108544K), 1 survivors (1024K)
 Metaspace       used 41435K, committed 41792K, reserved 1114112K
  class space    used 5095K, committed 5248K, reserved 1048576K
}
Event: 1.929 GC heap after
{Heap after GC invocations=24 (full 0):
 garbage-first heap   total 245760K, used 76061K [0x00000000c0000000, 0x0000000100000000)
  region size 1024K, 5 young (5120K), 5 survivors (5120K)
 Metaspace       used 41435K, committed 41792K, reserved 1114112K
  class space    used 5095K, committed 5248K, reserved 1048576K
}
Event: 1.950 GC heap before
{Heap before GC invocations=24 (full 0):
 garbage-first heap   total 245760K, used 183581K [0x00000000c0000000, 0x0000000100000000)
  region size 1024K, 111 young (113664K), 5 survivors (5120K)
 Metaspace       used 41540K, committed 41920K, reserved 1114112K
  class space    used 5114K, committed 5312K, reserved 1048576K
}
Event: 1.955 GC heap after
{Heap after GC invocations=25 (full 0):
 garbage-first heap   total 245760K, used 80280K [0x00000000c0000000, 0x0000000100000000)
  region size 1024K, 9 young (9216K), 9 survivors (9216K)
 Metaspace       used 41540K, committed 41920K, reserved 1114112K
  class space    used 5114K, committed 5312K, reserved 1048576K
}
Event: 1.977 GC heap before
{Heap before GC invocations=25 (full 0):
 garbage-first heap   total 245760K, used 189848K [0x00000000c0000000, 0x0000000100000000)
  region size 1024K, 117 young (119808K), 9 survivors (9216K)
 Metaspace       used 41544K, committed 41920K, reserved 1114112K
  class space    used 5114K, committed 5312K, reserved 1048576K
}

