# JRE version: OpenJDK Runtime Environment Temurin-17.0.7+7 (17.0.7+7) (build 17.0.7+7)
# Java VM: OpenJDK 64-Bit Server VM Temurin-17.0.7+7 (17.0.7+7, mixed mode, emulated-client, tiered, compressed oops, compressed class ptrs, g1 gc, windows-amd64)
GC Precious Log:
 CPUs: 12 total, 12 available
 Memory: 7930M
 Large Page Support: Disabled
 NUMA Support: Disabled
 Compressed Oops: Enabled (32-bit)
 Heap Region Size: 1M
 Heap Min Capacity: 8M
 Heap Initial Capacity: 124M
 Heap Max Capacity: 1G
 Pre-touch: Disabled
 Parallel Workers: 10
 Concurrent Workers: 3
 Concurrent Refinement Workers: 10
 Periodic GC: Disabled
Heap:
 garbage-first heap   total 126976K, used 63044K [0x00000000c0000000, 0x0000000100000000)
  region size 1024K, 4 young (4096K), 4 survivors (4096K)
 Metaspace       used 41220K, committed 41600K, reserved 1114112K
  class space    used 5058K, committed 5248K, reserved 1048576K
GC Heap History (20 events):
Event: 1.109 GC heap after
{Heap after GC invocations=6 (full 0):
 garbage-first heap   total 48128K, used 14151K [0x00000000c0000000, 0x0000000100000000)
  region size 1024K, 2 young (2048K), 2 survivors (2048K)
 Metaspace       used 28284K, committed 28608K, reserved 1114112K
  class space    used 3363K, committed 3520K, reserved 1048576K
}
Event: 1.284 GC heap before
{Heap before GC invocations=6 (full 0):
 garbage-first heap   total 48128K, used 31559K [0x00000000c0000000, 0x0000000100000000)
  region size 1024K, 20 young (20480K), 2 survivors (2048K)
 Metaspace       used 30892K, committed 31232K, reserved 1114112K
  class space    used 3726K, committed 3840K, reserved 1048576K
}
Event: 1.288 GC heap after
{Heap after GC invocations=7 (full 0):
 garbage-first heap   total 48128K, used 16094K [0x00000000c0000000, 0x0000000100000000)
  region size 1024K, 3 young (3072K), 3 survivors (3072K)
 Metaspace       used 30892K, committed 31232K, reserved 1114112K
  class space    used 3726K, committed 3840K, reserved 1048576K
}
Event: 1.468 GC heap before
{Heap before GC invocations=7 (full 0):
 garbage-first heap   total 48128K, used 32478K [0x00000000c0000000, 0x0000000100000000)
  region size 1024K, 20 young (20480K), 3 survivors (3072K)
 Metaspace       used 33976K, committed 34304K, reserved 1114112K
  class space    used 4154K, committed 4288K, reserved 1048576K
}
Event: 1.472 GC heap after
{Heap after GC invocations=8 (full 0):
 garbage-first heap   total 63488K, used 17672K [0x00000000c0000000, 0x0000000100000000)
  region size 1024K, 2 young (2048K), 2 survivors (2048K)
 Metaspace       used 33976K, committed 34304K, reserved 1114112K
  class space    used 4154K, committed 4288K, reserved 1048576K
}
Event: 1.596 GC heap before
{Heap before GC invocations=8 (full 0):
 garbage-first heap   total 63488K, used 27912K [0x00000000c0000000, 0x0000000100000000)
  region size 1024K, 13 young (13312K), 2 survivors (2048K)
 Metaspace       used 35662K, committed 35968K, reserved 1114112K
  class space    used 4411K, committed 4544K, reserved 1048576K
}
Event: 1.599 GC heap after
{Heap after GC invocations=9 (full 0):
 garbage-first heap   total 63488K, used 18604K [0x00000000c0000000, 0x0000000100000000)
  region size 1024K, 3 young (3072K), 3 survivors (3072K)
 Metaspace       used 35662K, committed 35968K, reserved 1114112K
  class space    used 4411K, committed 4544K, reserved 1048576K
}
Event: 1.702 GC heap before
{Heap before GC invocations=10 (full 0):
 garbage-first heap   total 63488K, used 44204K [0x00000000c0000000, 0x0000000100000000)
  region size 1024K, 28 young (28672K), 3 survivors (3072K)
 Metaspace       used 37980K, committed 38464K, reserved 1114112K
  class space    used 4789K, committed 4992K, reserved 1048576K
}
Event: 1.707 GC heap after
{Heap after GC invocations=11 (full 0):
 garbage-first heap   total 63488K, used 22333K [0x00000000c0000000, 0x0000000100000000)
  region size 1024K, 4 young (4096K), 4 survivors (4096K)
 Metaspace       used 37980K, committed 38464K, reserved 1114112K
  class space    used 4789K, committed 4992K, reserved 1048576K
}
Event: 1.740 GC heap before
{Heap before GC invocations=11 (full 0):
 garbage-first heap   total 63488K, used 43837K [0x00000000c0000000, 0x0000000100000000)
  region size 1024K, 26 young (26624K), 4 survivors (4096K)
 Metaspace       used 37980K, committed 38464K, reserved 1114112K
  class space    used 4789K, committed 4992K, reserved 1048576K
}
Event: 1.745 GC heap after
{Heap after GC invocations=12 (full 0):
 garbage-first heap   total 63488K, used 25863K [0x00000000c0000000, 0x0000000100000000)
  region size 1024K, 4 young (4096K), 4 survivors (4096K)
 Metaspace       used 37980K, committed 38464K, reserved 1114112K
  class space    used 4789K, committed 4992K, reserved 1048576K
}
Event: 1.776 GC heap before
{Heap before GC invocations=12 (full 0):
 garbage-first heap   total 63488K, used 45319K [0x00000000c0000000, 0x0000000100000000)
  region size 1024K, 24 young (24576K), 4 survivors (4096K)
 Metaspace       used 38298K, committed 38720K, reserved 1114112K
  class space    used 4836K, committed 5056K, reserved 1048576K
}
Event: 1.781 GC heap after
{Heap after GC invocations=13 (full 0):
 garbage-first heap   total 109568K, used 30679K [0x00000000c0000000, 0x0000000100000000)
  region size 1024K, 3 young (3072K), 3 survivors (3072K)
 Metaspace       used 38298K, committed 38720K, reserved 1114112K
  class space    used 4836K, committed 5056K, reserved 1048576K
}
Event: 1.832 GC heap before
{Heap before GC invocations=13 (full 0):
 garbage-first heap   total 109568K, used 75735K [0x00000000c0000000, 0x0000000100000000)
  region size 1024K, 48 young (49152K), 3 survivors (3072K)
 Metaspace       used 38962K, committed 39360K, reserved 1114112K
  class space    used 4877K, committed 5056K, reserved 1048576K
}
Event: 1.843 GC heap after
{Heap after GC invocations=14 (full 0):
 garbage-first heap   total 109568K, used 41250K [0x00000000c0000000, 0x0000000100000000)
  region size 1024K, 6 young (6144K), 6 survivors (6144K)
 Metaspace       used 38962K, committed 39360K, reserved 1114112K
  class space    used 4877K, committed 5056K, reserved 1048576K
}
Event: 1.888 GC heap before
{Heap before GC invocations=14 (full 0):
 garbage-first heap   total 109568K, used 75042K [0x00000000c0000000, 0x0000000100000000)
  region size 1024K, 40 young (40960K), 6 survivors (6144K)
 Metaspace       used 39560K, committed 40000K, reserved 1114112K
  class space    used 4937K, committed 5120K, reserved 1048576K
}
Event: 1.896 GC heap after
{Heap after GC invocations=15 (full 0):
 garbage-first heap   total 109568K, used 47703K [0x00000000c0000000, 0x0000000100000000)
  region size 1024K, 5 young (5120K), 5 survivors (5120K)
 Metaspace       used 39560K, committed 40000K, reserved 1114112K
  class space    used 4937K, committed 5120K, reserved 1048576K
}
Event: 1.985 GC heap before
{Heap before GC invocations=15 (full 0):
 garbage-first heap   total 109568K, used 79447K [0x00000000c0000000, 0x0000000100000000)
  region size 1024K, 36 young (36864K), 5 survivors (5120K)
 Metaspace       used 40899K, committed 41280K, reserved 1114112K
  class space    used 5024K, committed 5184K, reserved 1048576K
}
Event: 1.991 GC heap after
{Heap after GC invocations=16 (full 0):
 garbage-first heap   total 109568K, used 55485K [0x00000000c0000000, 0x0000000100000000)
  region size 1024K, 5 young (5120K), 5 survivors (5120K)
 Metaspace       used 40899K, committed 41280K, reserved 1114112K
  class space    used 5024K, committed 5184K, reserved 1048576K
}
Event: 2.016 GC heap before
{Heap before GC invocations=16 (full 0):
 garbage-first heap   total 109568K, used 71869K [0x00000000c0000000, 0x0000000100000000)
  region size 1024K, 23 young (23552K), 5 survivors (5120K)
 Metaspace       used 41220K, committed 41600K, reserved 1114112K
  class space    used 5058K, committed 5248K, reserved 1048576K
}

