# JRE version: OpenJDK Runtime Environment Temurin-17.0.7+7 (17.0.7+7) (build 17.0.7+7)
# Java VM: OpenJDK 64-Bit Server VM Temurin-17.0.7+7 (17.0.7+7, mixed mode, emulated-client, tiered, compressed oops, compressed class ptrs, g1 gc, windows-amd64)
GC Precious Log:
 CPUs: 12 total, 12 available
 Memory: 7930M
 Large Page Support: Disabled
 NUMA Support: Disabled
 Compressed Oops: Enabled (32-bit)
 Heap Region Size: 1M
 Heap Min Capacity: 8M
 Heap Initial Capacity: 124M
 Heap Max Capacity: 1G
 Pre-touch: Disabled
 Parallel Workers: 10
 Concurrent Workers: 3
 Concurrent Refinement Workers: 10
 Periodic GC: Disabled
Heap:
 garbage-first heap   total 241664K, used 88730K [0x00000000c0000000, 0x0000000100000000)
  region size 1024K, 9 young (9216K), 9 survivors (9216K)
 Metaspace       used 41548K, committed 42112K, reserved 1114112K
  class space    used 5112K, committed 5376K, reserved 1048576K
GC Heap History (20 events):
Event: 1.791 GC heap after
{Heap after GC invocations=15 (full 0):
 garbage-first heap   total 110592K, used 31347K [0x00000000c0000000, 0x0000000100000000)
  region size 1024K, 2 young (2048K), 2 survivors (2048K)
 Metaspace       used 38182K, committed 38592K, reserved 1114112K
  class space    used 4817K, committed 4992K, reserved 1048576K
}
Event: 1.850 GC heap before
{Heap before GC invocations=16 (full 0):
 garbage-first heap   total 110592K, used 70259K [0x00000000c0000000, 0x0000000100000000)
  region size 1024K, 41 young (41984K), 2 survivors (2048K)
 Metaspace       used 38749K, committed 39168K, reserved 1114112K
  class space    used 4856K, committed 5056K, reserved 1048576K
}
Event: 1.858 GC heap after
{Heap after GC invocations=17 (full 0):
 garbage-first heap   total 110592K, used 40461K [0x00000000c0000000, 0x0000000100000000)
  region size 1024K, 6 young (6144K), 6 survivors (6144K)
 Metaspace       used 38749K, committed 39168K, reserved 1114112K
  class space    used 4856K, committed 5056K, reserved 1048576K
}
Event: 1.915 GC heap before
{Heap before GC invocations=17 (full 0):
 garbage-first heap   total 110592K, used 74253K [0x00000000c0000000, 0x0000000100000000)
  region size 1024K, 39 young (39936K), 6 survivors (6144K)
 Metaspace       used 39222K, committed 39680K, reserved 1114112K
  class space    used 4902K, committed 5120K, reserved 1048576K
}
Event: 1.923 GC heap after
{Heap after GC invocations=18 (full 0):
 garbage-first heap   total 110592K, used 46938K [0x00000000c0000000, 0x0000000100000000)
  region size 1024K, 5 young (5120K), 5 survivors (5120K)
 Metaspace       used 39222K, committed 39680K, reserved 1114112K
  class space    used 4902K, committed 5120K, reserved 1048576K
}
Event: 2.021 GC heap before
{Heap before GC invocations=18 (full 0):
 garbage-first heap   total 110592K, used 77658K [0x00000000c0000000, 0x0000000100000000)
  region size 1024K, 36 young (36864K), 5 survivors (5120K)
 Metaspace       used 40689K, committed 41088K, reserved 1114112K
  class space    used 5000K, committed 5184K, reserved 1048576K
}
Event: 2.027 GC heap after
{Heap after GC invocations=19 (full 0):
 garbage-first heap   total 110592K, used 52728K [0x00000000c0000000, 0x0000000100000000)
  region size 1024K, 5 young (5120K), 5 survivors (5120K)
 Metaspace       used 40689K, committed 41088K, reserved 1114112K
  class space    used 5000K, committed 5184K, reserved 1048576K
}
Event: 2.086 GC heap before
{Heap before GC invocations=19 (full 0):
 garbage-first heap   total 110592K, used 82424K [0x00000000c0000000, 0x0000000100000000)
  region size 1024K, 33 young (33792K), 5 survivors (5120K)
 Metaspace       used 41269K, committed 41664K, reserved 1114112K
  class space    used 5071K, committed 5248K, reserved 1048576K
}
Event: 2.109 GC heap after
{Heap after GC invocations=20 (full 0):
 garbage-first heap   total 110592K, used 67395K [0x00000000c0000000, 0x0000000100000000)
  region size 1024K, 5 young (5120K), 5 survivors (5120K)
 Metaspace       used 41269K, committed 41664K, reserved 1114112K
  class space    used 5071K, committed 5248K, reserved 1048576K
}
Event: 2.120 GC heap before
{Heap before GC invocations=20 (full 0):
 garbage-first heap   total 110592K, used 82755K [0x00000000c0000000, 0x0000000100000000)
  region size 1024K, 21 young (21504K), 5 survivors (5120K)
 Metaspace       used 41365K, committed 41728K, reserved 1114112K
  class space    used 5083K, committed 5248K, reserved 1048576K
}
Event: 2.125 GC heap after
{Heap after GC invocations=21 (full 0):
 garbage-first heap   total 241664K, used 70619K [0x00000000c0000000, 0x0000000100000000)
  region size 1024K, 2 young (2048K), 2 survivors (2048K)
 Metaspace       used 41365K, committed 41728K, reserved 1114112K
  class space    used 5083K, committed 5248K, reserved 1048576K
}
Event: 2.154 GC heap before
{Heap before GC invocations=21 (full 0):
 garbage-first heap   total 241664K, used 146395K [0x00000000c0000000, 0x0000000100000000)
  region size 1024K, 77 young (78848K), 2 survivors (2048K)
 Metaspace       used 41483K, committed 41856K, reserved 1114112K
  class space    used 5098K, committed 5248K, reserved 1048576K
}
Event: 2.157 GC heap after
{Heap after GC invocations=22 (full 0):
 garbage-first heap   total 241664K, used 73077K [0x00000000c0000000, 0x0000000100000000)
  region size 1024K, 5 young (5120K), 5 survivors (5120K)
 Metaspace       used 41483K, committed 41856K, reserved 1114112K
  class space    used 5098K, committed 5248K, reserved 1048576K
}
Event: 2.216 GC heap before
{Heap before GC invocations=23 (full 0):
 garbage-first heap   total 241664K, used 175477K [0x00000000c0000000, 0x0000000100000000)
  region size 1024K, 106 young (108544K), 5 survivors (5120K)
 Metaspace       used 41490K, committed 41856K, reserved 1114112K
  class space    used 5100K, committed 5248K, reserved 1048576K
}
Event: 2.222 GC heap after
{Heap after GC invocations=24 (full 0):
 garbage-first heap   total 241664K, used 80867K [0x00000000c0000000, 0x0000000100000000)
  region size 1024K, 12 young (12288K), 12 survivors (12288K)
 Metaspace       used 41490K, committed 41856K, reserved 1114112K
  class space    used 5100K, committed 5248K, reserved 1048576K
}
Event: 2.225 GC heap before
{Heap before GC invocations=24 (full 0):
 garbage-first heap   total 241664K, used 81891K [0x00000000c0000000, 0x0000000100000000)
  region size 1024K, 14 young (14336K), 12 survivors (12288K)
 Metaspace       used 41490K, committed 41856K, reserved 1114112K
  class space    used 5100K, committed 5248K, reserved 1048576K
}
Event: 2.230 GC heap after
{Heap after GC invocations=25 (full 0):
 garbage-first heap   total 241664K, used 81207K [0x00000000c0000000, 0x0000000100000000)
  region size 1024K, 2 young (2048K), 2 survivors (2048K)
 Metaspace       used 41490K, committed 41856K, reserved 1114112K
  class space    used 5100K, committed 5248K, reserved 1048576K
}
Event: 2.270 GC heap before
{Heap before GC invocations=25 (full 0):
 garbage-first heap   total 241664K, used 177463K [0x00000000c0000000, 0x0000000100000000)
  region size 1024K, 97 young (99328K), 2 survivors (2048K)
 Metaspace       used 41530K, committed 41920K, reserved 1114112K
  class space    used 5106K, committed 5248K, reserved 1048576K
}
Event: 2.273 GC heap after
{Heap after GC invocations=26 (full 0):
 garbage-first heap   total 241664K, used 85094K [0x00000000c0000000, 0x0000000100000000)
  region size 1024K, 6 young (6144K), 6 survivors (6144K)
 Metaspace       used 41530K, committed 41920K, reserved 1114112K
  class space    used 5106K, committed 5248K, reserved 1048576K
}
Event: 2.302 GC heap before
{Heap before GC invocations=26 (full 0):
 garbage-first heap   total 241664K, used 183398K [0x00000000c0000000, 0x0000000100000000)
  region size 1024K, 103 young (105472K), 6 survivors (6144K)
 Metaspace       used 41548K, committed 42112K, reserved 1114112K
  class space    used 5112K, committed 5376K, reserved 1048576K
}

