# JRE version: OpenJDK Runtime Environment Temurin-17.0.7+7 (17.0.7+7) (build 17.0.7+7)
# Java VM: OpenJDK 64-Bit Server VM Temurin-17.0.7+7 (17.0.7+7, mixed mode, emulated-client, tiered, compressed oops, compressed class ptrs, g1 gc, windows-amd64)
GC Precious Log:
 CPUs: 12 total, 12 available
 Memory: 7930M
 Large Page Support: Disabled
 NUMA Support: Disabled
 Compressed Oops: Enabled (32-bit)
 Heap Region Size: 1M
 Heap Min Capacity: 8M
 Heap Initial Capacity: 124M
 Heap Max Capacity: 1G
 Pre-touch: Disabled
 Parallel Workers: 10
 Concurrent Workers: 3
 Concurrent Refinement Workers: 10
 Periodic GC: Disabled
Heap:
 garbage-first heap   total 215040K, used 78903K [0x00000000c0000000, 0x0000000100000000)
  region size 1024K, 6 young (6144K), 6 survivors (6144K)
 Metaspace       used 41503K, committed 41856K, reserved 1114112K
  class space    used 5102K, committed 5248K, reserved 1048576K
GC Heap History (20 events):
Event: 1.560 GC heap after
{Heap after GC invocations=12 (full 0):
 garbage-first heap   total 55296K, used 25012K [0x00000000c0000000, 0x0000000100000000)
  region size 1024K, 3 young (3072K), 3 survivors (3072K)
 Metaspace       used 37941K, committed 38400K, reserved 1114112K
  class space    used 4782K, committed 4992K, reserved 1048576K
}
Event: 1.572 GC heap before
{Heap before GC invocations=12 (full 0):
 garbage-first heap   total 55296K, used 39348K [0x00000000c0000000, 0x0000000100000000)
  region size 1024K, 18 young (18432K), 3 survivors (3072K)
 Metaspace       used 37941K, committed 38400K, reserved 1114112K
  class space    used 4782K, committed 4992K, reserved 1048576K
}
Event: 1.576 GC heap after
{Heap after GC invocations=13 (full 0):
 garbage-first heap   total 90112K, used 28162K [0x00000000c0000000, 0x0000000100000000)
  region size 1024K, 3 young (3072K), 3 survivors (3072K)
 Metaspace       used 37941K, committed 38400K, reserved 1114112K
  class space    used 4782K, committed 4992K, reserved 1048576K
}
Event: 1.626 GC heap before
{Heap before GC invocations=13 (full 0):
 garbage-first heap   total 90112K, used 61954K [0x00000000c0000000, 0x0000000100000000)
  region size 1024K, 37 young (37888K), 3 survivors (3072K)
 Metaspace       used 38620K, committed 39040K, reserved 1114112K
  class space    used 4851K, committed 5056K, reserved 1048576K
}
Event: 1.632 GC heap after
{Heap after GC invocations=14 (full 0):
 garbage-first heap   total 90112K, used 34628K [0x00000000c0000000, 0x0000000100000000)
  region size 1024K, 5 young (5120K), 5 survivors (5120K)
 Metaspace       used 38620K, committed 39040K, reserved 1114112K
  class space    used 4851K, committed 5056K, reserved 1048576K
}
Event: 1.653 GC heap before
{Heap before GC invocations=14 (full 0):
 garbage-first heap   total 90112K, used 62276K [0x00000000c0000000, 0x0000000100000000)
  region size 1024K, 32 young (32768K), 5 survivors (5120K)
 Metaspace       used 38902K, committed 39296K, reserved 1114112K
  class space    used 4866K, committed 5056K, reserved 1048576K
}
Event: 1.661 GC heap after
{Heap after GC invocations=15 (full 0):
 garbage-first heap   total 90112K, used 42917K [0x00000000c0000000, 0x0000000100000000)
  region size 1024K, 4 young (4096K), 4 survivors (4096K)
 Metaspace       used 38902K, committed 39296K, reserved 1114112K
  class space    used 4866K, committed 5056K, reserved 1048576K
}
Event: 1.681 GC heap before
{Heap before GC invocations=15 (full 0):
 garbage-first heap   total 90112K, used 65445K [0x00000000c0000000, 0x0000000100000000)
  region size 1024K, 26 young (26624K), 4 survivors (4096K)
 Metaspace       used 39277K, committed 39680K, reserved 1114112K
  class space    used 4910K, committed 5120K, reserved 1048576K
}
Event: 1.685 GC heap after
{Heap after GC invocations=16 (full 0):
 garbage-first heap   total 90112K, used 47077K [0x00000000c0000000, 0x0000000100000000)
  region size 1024K, 4 young (4096K), 4 survivors (4096K)
 Metaspace       used 39277K, committed 39680K, reserved 1114112K
  class space    used 4910K, committed 5120K, reserved 1048576K
}
Event: 1.733 GC heap before
{Heap before GC invocations=16 (full 0):
 garbage-first heap   total 90112K, used 66533K [0x00000000c0000000, 0x0000000100000000)
  region size 1024K, 24 young (24576K), 4 survivors (4096K)
 Metaspace       used 40004K, committed 40384K, reserved 1114112K
  class space    used 4955K, committed 5120K, reserved 1048576K
}
Event: 1.737 GC heap after
{Heap after GC invocations=17 (full 0):
 garbage-first heap   total 215040K, used 50840K [0x00000000c0000000, 0x0000000100000000)
  region size 1024K, 3 young (3072K), 3 survivors (3072K)
 Metaspace       used 40004K, committed 40384K, reserved 1114112K
  class space    used 4955K, committed 5120K, reserved 1048576K
}
Event: 1.851 GC heap before
{Heap before GC invocations=18 (full 0):
 garbage-first heap   total 188416K, used 145048K [0x00000000c0000000, 0x0000000100000000)
  region size 1024K, 94 young (96256K), 3 survivors (3072K)
 Metaspace       used 41390K, committed 41792K, reserved 1114112K
  class space    used 5084K, committed 5248K, reserved 1048576K
}
Event: 1.875 GC heap after
{Heap after GC invocations=19 (full 0):
 garbage-first heap   total 188416K, used 70534K [0x00000000c0000000, 0x0000000100000000)
  region size 1024K, 12 young (12288K), 12 survivors (12288K)
 Metaspace       used 41390K, committed 41792K, reserved 1114112K
  class space    used 5084K, committed 5248K, reserved 1048576K
}
Event: 1.876 GC heap before
{Heap before GC invocations=19 (full 0):
 garbage-first heap   total 188416K, used 71558K [0x00000000c0000000, 0x0000000100000000)
  region size 1024K, 13 young (13312K), 12 survivors (12288K)
 Metaspace       used 41393K, committed 41792K, reserved 1114112K
  class space    used 5087K, committed 5248K, reserved 1048576K
}
Event: 1.882 GC heap after
{Heap after GC invocations=20 (full 0):
 garbage-first heap   total 188416K, used 72837K [0x00000000c0000000, 0x0000000100000000)
  region size 1024K, 2 young (2048K), 2 survivors (2048K)
 Metaspace       used 41393K, committed 41792K, reserved 1114112K
  class space    used 5087K, committed 5248K, reserved 1048576K
}
Event: 1.895 GC heap before
{Heap before GC invocations=20 (full 0):
 garbage-first heap   total 188416K, used 128133K [0x00000000c0000000, 0x0000000100000000)
  region size 1024K, 57 young (58368K), 2 survivors (2048K)
 Metaspace       used 41417K, committed 41792K, reserved 1114112K
  class space    used 5090K, committed 5248K, reserved 1048576K
}
Event: 1.897 GC heap after
{Heap after GC invocations=21 (full 0):
 garbage-first heap   total 188416K, used 73798K [0x00000000c0000000, 0x0000000100000000)
  region size 1024K, 3 young (3072K), 3 survivors (3072K)
 Metaspace       used 41417K, committed 41792K, reserved 1114112K
  class space    used 5090K, committed 5248K, reserved 1048576K
}
Event: 1.910 GC heap before
{Heap before GC invocations=21 (full 0):
 garbage-first heap   total 188416K, used 132166K [0x00000000c0000000, 0x0000000100000000)
  region size 1024K, 61 young (62464K), 3 survivors (3072K)
 Metaspace       used 41488K, committed 41856K, reserved 1114112K
  class space    used 5100K, committed 5248K, reserved 1048576K
}
Event: 1.913 GC heap after
{Heap after GC invocations=22 (full 0):
 garbage-first heap   total 188416K, used 76049K [0x00000000c0000000, 0x0000000100000000)
  region size 1024K, 5 young (5120K), 5 survivors (5120K)
 Metaspace       used 41488K, committed 41856K, reserved 1114112K
  class space    used 5100K, committed 5248K, reserved 1048576K
}
Event: 1.926 GC heap before
{Heap before GC invocations=22 (full 0):
 garbage-first heap   total 188416K, used 138513K [0x00000000c0000000, 0x0000000100000000)
  region size 1024K, 67 young (68608K), 5 survivors (5120K)
 Metaspace       used 41503K, committed 41856K, reserved 1114112K
  class space    used 5102K, committed 5248K, reserved 1048576K
}

