# JRE version: OpenJDK Runtime Environment Temurin-17.0.7+7 (17.0.7+7) (build 17.0.7+7)
# Java VM: OpenJDK 64-Bit Server VM Temurin-17.0.7+7 (17.0.7+7, mixed mode, emulated-client, tiered, compressed oops, compressed class ptrs, g1 gc, windows-amd64)
GC Precious Log:
 CPUs: 12 total, 12 available
 Memory: 7930M
 Large Page Support: Disabled
 NUMA Support: Disabled
 Compressed Oops: Enabled (32-bit)
 Heap Region Size: 1M
 Heap Min Capacity: 8M
 Heap Initial Capacity: 124M
 Heap Max Capacity: 1G
 Pre-touch: Disabled
 Parallel Workers: 10
 Concurrent Workers: 3
 Concurrent Refinement Workers: 10
 Periodic GC: Disabled
Heap:
 garbage-first heap   total 212992K, used 83766K [0x00000000c0000000, 0x0000000100000000)
  region size 1024K, 7 young (7168K), 7 survivors (7168K)
 Metaspace       used 41482K, committed 41856K, reserved 1114112K
  class space    used 5098K, committed 5248K, reserved 1048576K
GC Heap History (20 events):
Event: 1.602 GC heap after
{Heap after GC invocations=12 (full 0):
 garbage-first heap   total 58368K, used 25017K [0x00000000c0000000, 0x0000000100000000)
  region size 1024K, 3 young (3072K), 3 survivors (3072K)
 Metaspace       used 37912K, committed 38400K, reserved 1114112K
  class space    used 4774K, committed 4992K, reserved 1048576K
}
Event: 1.625 GC heap before
{Heap before GC invocations=12 (full 0):
 garbage-first heap   total 58368K, used 42425K [0x00000000c0000000, 0x0000000100000000)
  region size 1024K, 21 young (21504K), 3 survivors (3072K)
 Metaspace       used 38068K, committed 38528K, reserved 1114112K
  class space    used 4799K, committed 4992K, reserved 1048576K
}
Event: 1.628 GC heap after
{Heap after GC invocations=13 (full 0):
 garbage-first heap   total 94208K, used 29583K [0x00000000c0000000, 0x0000000100000000)
  region size 1024K, 3 young (3072K), 3 survivors (3072K)
 Metaspace       used 38068K, committed 38528K, reserved 1114112K
  class space    used 4799K, committed 4992K, reserved 1048576K
}
Event: 1.673 GC heap before
{Heap before GC invocations=13 (full 0):
 garbage-first heap   total 94208K, used 64399K [0x00000000c0000000, 0x0000000100000000)
  region size 1024K, 38 young (38912K), 3 survivors (3072K)
 Metaspace       used 38800K, committed 39232K, reserved 1114112K
  class space    used 4856K, committed 5056K, reserved 1048576K
}
Event: 1.679 GC heap after
{Heap after GC invocations=14 (full 0):
 garbage-first heap   total 94208K, used 35425K [0x00000000c0000000, 0x0000000100000000)
  region size 1024K, 5 young (5120K), 5 survivors (5120K)
 Metaspace       used 38800K, committed 39232K, reserved 1114112K
  class space    used 4856K, committed 5056K, reserved 1048576K
}
Event: 1.704 GC heap before
{Heap before GC invocations=14 (full 0):
 garbage-first heap   total 94208K, used 66145K [0x00000000c0000000, 0x0000000100000000)
  region size 1024K, 35 young (35840K), 5 survivors (5120K)
 Metaspace       used 39185K, committed 39616K, reserved 1114112K
  class space    used 4895K, committed 5120K, reserved 1048576K
}
Event: 1.711 GC heap after
{Heap after GC invocations=15 (full 0):
 garbage-first heap   total 94208K, used 43902K [0x00000000c0000000, 0x0000000100000000)
  region size 1024K, 5 young (5120K), 5 survivors (5120K)
 Metaspace       used 39185K, committed 39616K, reserved 1114112K
  class space    used 4895K, committed 5120K, reserved 1048576K
}
Event: 1.736 GC heap before
{Heap before GC invocations=15 (full 0):
 garbage-first heap   total 94208K, used 68478K [0x00000000c0000000, 0x0000000100000000)
  region size 1024K, 29 young (29696K), 5 survivors (5120K)
 Metaspace       used 39592K, committed 40000K, reserved 1114112K
  class space    used 4934K, committed 5120K, reserved 1048576K
}
Event: 1.741 GC heap after
{Heap after GC invocations=16 (full 0):
 garbage-first heap   total 94208K, used 48656K [0x00000000c0000000, 0x0000000100000000)
  region size 1024K, 4 young (4096K), 4 survivors (4096K)
 Metaspace       used 39592K, committed 40000K, reserved 1114112K
  class space    used 4934K, committed 5120K, reserved 1048576K
}
Event: 1.798 GC heap before
{Heap before GC invocations=16 (full 0):
 garbage-first heap   total 94208K, used 69136K [0x00000000c0000000, 0x0000000100000000)
  region size 1024K, 25 young (25600K), 4 survivors (4096K)
 Metaspace       used 40701K, committed 41152K, reserved 1114112K
  class space    used 5000K, committed 5184K, reserved 1048576K
}
Event: 1.802 GC heap after
{Heap after GC invocations=17 (full 0):
 garbage-first heap   total 212992K, used 52751K [0x00000000c0000000, 0x0000000100000000)
  region size 1024K, 4 young (4096K), 4 survivors (4096K)
 Metaspace       used 40701K, committed 41152K, reserved 1114112K
  class space    used 5000K, committed 5184K, reserved 1048576K
}
Event: 1.880 GC heap before
{Heap before GC invocations=18 (full 0):
 garbage-first heap   total 201728K, used 134671K [0x00000000c0000000, 0x0000000100000000)
  region size 1024K, 83 young (84992K), 4 survivors (4096K)
 Metaspace       used 41390K, committed 41792K, reserved 1114112K
  class space    used 5087K, committed 5248K, reserved 1048576K
}
Event: 1.904 GC heap after
{Heap after GC invocations=19 (full 0):
 garbage-first heap   total 201728K, used 72149K [0x00000000c0000000, 0x0000000100000000)
  region size 1024K, 11 young (11264K), 11 survivors (11264K)
 Metaspace       used 41390K, committed 41792K, reserved 1114112K
  class space    used 5087K, committed 5248K, reserved 1048576K
}
Event: 1.905 GC heap before
{Heap before GC invocations=19 (full 0):
 garbage-first heap   total 201728K, used 72149K [0x00000000c0000000, 0x0000000100000000)
  region size 1024K, 12 young (12288K), 11 survivors (11264K)
 Metaspace       used 41397K, committed 41792K, reserved 1114112K
  class space    used 5087K, committed 5248K, reserved 1048576K
}
Event: 1.909 GC heap after
{Heap after GC invocations=20 (full 0):
 garbage-first heap   total 201728K, used 74329K [0x00000000c0000000, 0x0000000100000000)
  region size 1024K, 2 young (2048K), 2 survivors (2048K)
 Metaspace       used 41397K, committed 41792K, reserved 1114112K
  class space    used 5087K, committed 5248K, reserved 1048576K
}
Event: 1.922 GC heap before
{Heap before GC invocations=20 (full 0):
 garbage-first heap   total 201728K, used 131673K [0x00000000c0000000, 0x0000000100000000)
  region size 1024K, 59 young (60416K), 2 survivors (2048K)
 Metaspace       used 41403K, committed 41792K, reserved 1114112K
  class space    used 5088K, committed 5248K, reserved 1048576K
}
Event: 1.923 GC heap after
{Heap after GC invocations=21 (full 0):
 garbage-first heap   total 201728K, used 76283K [0x00000000c0000000, 0x0000000100000000)
  region size 1024K, 4 young (4096K), 4 survivors (4096K)
 Metaspace       used 41403K, committed 41792K, reserved 1114112K
  class space    used 5088K, committed 5248K, reserved 1048576K
}
Event: 1.937 GC heap before
{Heap before GC invocations=21 (full 0):
 garbage-first heap   total 201728K, used 136699K [0x00000000c0000000, 0x0000000100000000)
  region size 1024K, 64 young (65536K), 4 survivors (4096K)
 Metaspace       used 41410K, committed 41792K, reserved 1114112K
  class space    used 5092K, committed 5248K, reserved 1048576K
}
Event: 1.939 GC heap after
{Heap after GC invocations=22 (full 0):
 garbage-first heap   total 201728K, used 79829K [0x00000000c0000000, 0x0000000100000000)
  region size 1024K, 7 young (7168K), 7 survivors (7168K)
 Metaspace       used 41410K, committed 41792K, reserved 1114112K
  class space    used 5092K, committed 5248K, reserved 1048576K
}
Event: 1.954 GC heap before
{Heap before GC invocations=22 (full 0):
 garbage-first heap   total 201728K, used 146389K [0x00000000c0000000, 0x0000000100000000)
  region size 1024K, 72 young (73728K), 7 survivors (7168K)
 Metaspace       used 41482K, committed 41856K, reserved 1114112K
  class space    used 5098K, committed 5248K, reserved 1048576K
}

