# JRE version: OpenJDK Runtime Environment Temurin-17.0.7+7 (17.0.7+7) (build 17.0.7+7)
# Java VM: OpenJDK 64-Bit Server VM Temurin-17.0.7+7 (17.0.7+7, mixed mode, emulated-client, tiered, compressed oops, compressed class ptrs, g1 gc, windows-amd64)
GC Precious Log:
 CPUs: 12 total, 12 available
 Memory: 7930M
 Large Page Support: Disabled
 NUMA Support: Disabled
 Compressed Oops: Enabled (32-bit)
 Heap Region Size: 1M
 Heap Min Capacity: 8M
 Heap Initial Capacity: 124M
 Heap Max Capacity: 1G
 Pre-touch: Disabled
 Parallel Workers: 10
 Concurrent Workers: 3
 Concurrent Refinement Workers: 10
 Periodic GC: Disabled
Heap:
 garbage-first heap   total 538624K, used 148780K [0x00000000c0000000, 0x0000000100000000)
  region size 1024K, 33 young (33792K), 33 survivors (33792K)
 Metaspace       used 41627K, committed 42176K, reserved 1114112K
  class space    used 5128K, committed 5376K, reserved 1048576K
GC Heap History (20 events):
Event: 1.810 GC heap after
{Heap after GC invocations=19 (full 0):
 garbage-first heap   total 110592K, used 63624K [0x00000000c0000000, 0x0000000100000000)
  region size 1024K, 4 young (4096K), 4 survivors (4096K)
 Metaspace       used 41091K, committed 41536K, reserved 1114112K
  class space    used 5041K, committed 5248K, reserved 1048576K
}
Event: 1.834 GC heap before
{Heap before GC invocations=19 (full 0):
 garbage-first heap   total 110592K, used 82056K [0x00000000c0000000, 0x0000000100000000)
  region size 1024K, 22 young (22528K), 4 survivors (4096K)
 Metaspace       used 41260K, committed 41664K, reserved 1114112K
  class space    used 5059K, committed 5248K, reserved 1048576K
}
Event: 1.851 GC heap after
{Heap after GC invocations=20 (full 0):
 garbage-first heap   total 250880K, used 69867K [0x00000000c0000000, 0x0000000100000000)
  region size 1024K, 3 young (3072K), 3 survivors (3072K)
 Metaspace       used 41260K, committed 41664K, reserved 1114112K
  class space    used 5059K, committed 5248K, reserved 1048576K
}
Event: 1.888 GC heap before
{Heap before GC invocations=21 (full 0):
 garbage-first heap   total 250880K, used 157931K [0x00000000c0000000, 0x0000000100000000)
  region size 1024K, 91 young (93184K), 3 survivors (3072K)
 Metaspace       used 41357K, committed 41728K, reserved 1114112K
  class space    used 5074K, committed 5248K, reserved 1048576K
}
Event: 1.893 GC heap after
{Heap after GC invocations=22 (full 0):
 garbage-first heap   total 250880K, used 72555K [0x00000000c0000000, 0x0000000100000000)
  region size 1024K, 7 young (7168K), 7 survivors (7168K)
 Metaspace       used 41357K, committed 41728K, reserved 1114112K
  class space    used 5074K, committed 5248K, reserved 1048576K
}
Event: 1.895 GC heap before
{Heap before GC invocations=22 (full 0):
 garbage-first heap   total 250880K, used 76651K [0x00000000c0000000, 0x0000000100000000)
  region size 1024K, 12 young (12288K), 7 survivors (7168K)
 Metaspace       used 41358K, committed 41728K, reserved 1114112K
  class space    used 5074K, committed 5248K, reserved 1048576K
}
Event: 1.899 GC heap after
{Heap after GC invocations=23 (full 0):
 garbage-first heap   total 250880K, used 72582K [0x00000000c0000000, 0x0000000100000000)
  region size 1024K, 2 young (2048K), 2 survivors (2048K)
 Metaspace       used 41358K, committed 41728K, reserved 1114112K
  class space    used 5074K, committed 5248K, reserved 1048576K
}
Event: 1.925 GC heap before
{Heap before GC invocations=23 (full 0):
 garbage-first heap   total 250880K, used 183174K [0x00000000c0000000, 0x0000000100000000)
  region size 1024K, 112 young (114688K), 2 survivors (2048K)
 Metaspace       used 41399K, committed 41792K, reserved 1114112K
  class space    used 5083K, committed 5248K, reserved 1048576K
}
Event: 1.929 GC heap after
{Heap after GC invocations=24 (full 0):
 garbage-first heap   total 250880K, used 76600K [0x00000000c0000000, 0x0000000100000000)
  region size 1024K, 6 young (6144K), 6 survivors (6144K)
 Metaspace       used 41399K, committed 41792K, reserved 1114112K
  class space    used 5083K, committed 5248K, reserved 1048576K
}
Event: 1.953 GC heap before
{Heap before GC invocations=24 (full 0):
 garbage-first heap   total 250880K, used 188216K [0x00000000c0000000, 0x0000000100000000)
  region size 1024K, 116 young (118784K), 6 survivors (6144K)
 Metaspace       used 41496K, committed 41856K, reserved 1114112K
  class space    used 5100K, committed 5248K, reserved 1048576K
}
Event: 1.957 GC heap after
{Heap after GC invocations=25 (full 0):
 garbage-first heap   total 250880K, used 80630K [0x00000000c0000000, 0x0000000100000000)
  region size 1024K, 9 young (9216K), 9 survivors (9216K)
 Metaspace       used 41496K, committed 41856K, reserved 1114112K
  class space    used 5100K, committed 5248K, reserved 1048576K
}
Event: 1.981 GC heap before
{Heap before GC invocations=25 (full 0):
 garbage-first heap   total 250880K, used 194294K [0x00000000c0000000, 0x0000000100000000)
  region size 1024K, 121 young (123904K), 9 survivors (9216K)
 Metaspace       used 41499K, committed 41856K, reserved 1114112K
  class space    used 5101K, committed 5248K, reserved 1048576K
}
Event: 1.989 GC heap after
{Heap after GC invocations=26 (full 0):
 garbage-first heap   total 538624K, used 86195K [0x00000000c0000000, 0x0000000100000000)
  region size 1024K, 10 young (10240K), 10 survivors (10240K)
 Metaspace       used 41499K, committed 41856K, reserved 1114112K
  class space    used 5101K, committed 5248K, reserved 1048576K
}
Event: 2.062 GC heap before
{Heap before GC invocations=26 (full 0):
 garbage-first heap   total 538624K, used 396467K [0x00000000c0000000, 0x0000000100000000)
  region size 1024K, 313 young (320512K), 10 survivors (10240K)
 Metaspace       used 41533K, committed 41920K, reserved 1114112K
  class space    used 5106K, committed 5312K, reserved 1048576K
}
Event: 2.073 GC heap after
{Heap after GC invocations=27 (full 0):
 garbage-first heap   total 538624K, used 103241K [0x00000000c0000000, 0x0000000100000000)
  region size 1024K, 26 young (26624K), 26 survivors (26624K)
 Metaspace       used 41533K, committed 41920K, reserved 1114112K
  class space    used 5106K, committed 5312K, reserved 1048576K
}
Event: 2.136 GC heap before
{Heap before GC invocations=27 (full 0):
 garbage-first heap   total 538624K, used 398153K [0x00000000c0000000, 0x0000000100000000)
  region size 1024K, 315 young (322560K), 26 survivors (26624K)
 Metaspace       used 41554K, committed 42048K, reserved 1114112K
  class space    used 5110K, committed 5312K, reserved 1048576K
}
Event: 2.150 GC heap after
{Heap after GC invocations=28 (full 0):
 garbage-first heap   total 538624K, used 114780K [0x00000000c0000000, 0x0000000100000000)
  region size 1024K, 28 young (28672K), 28 survivors (28672K)
 Metaspace       used 41554K, committed 42048K, reserved 1114112K
  class space    used 5110K, committed 5312K, reserved 1048576K
}
Event: 2.211 GC heap before
{Heap before GC invocations=28 (full 0):
 garbage-first heap   total 538624K, used 407644K [0x00000000c0000000, 0x0000000100000000)
  region size 1024K, 315 young (322560K), 28 survivors (28672K)
 Metaspace       used 41612K, committed 42112K, reserved 1114112K
  class space    used 5124K, committed 5376K, reserved 1048576K
}
Event: 2.225 GC heap after
{Heap after GC invocations=29 (full 0):
 garbage-first heap   total 538624K, used 127848K [0x00000000c0000000, 0x0000000100000000)
  region size 1024K, 24 young (24576K), 24 survivors (24576K)
 Metaspace       used 41612K, committed 42112K, reserved 1114112K
  class space    used 5124K, committed 5376K, reserved 1048576K
}
Event: 2.284 GC heap before
{Heap before GC invocations=29 (full 0):
 garbage-first heap   total 538624K, used 424808K [0x00000000c0000000, 0x0000000100000000)
  region size 1024K, 315 young (322560K), 24 survivors (24576K)
 Metaspace       used 41627K, committed 42176K, reserved 1114112K
  class space    used 5128K, committed 5376K, reserved 1048576K
}

