# JRE version: OpenJDK Runtime Environment Temurin-17.0.7+7 (17.0.7+7) (build 17.0.7+7)
# Java VM: OpenJDK 64-Bit Server VM Temurin-17.0.7+7 (17.0.7+7, mixed mode, emulated-client, tiered, compressed oops, compressed class ptrs, g1 gc, windows-amd64)
GC Precious Log:
 CPUs: 12 total, 12 available
 Memory: 7930M
 Large Page Support: Disabled
 NUMA Support: Disabled
 Compressed Oops: Enabled (32-bit)
 Heap Region Size: 1M
 Heap Min Capacity: 8M
 Heap Initial Capacity: 124M
 Heap Max Capacity: 1G
 Pre-touch: Disabled
 Parallel Workers: 10
 Concurrent Workers: 3
 Concurrent Refinement Workers: 10
 Periodic GC: Disabled
Heap:
 garbage-first heap   total 219136K, used 76488K [0x00000000c0000000, 0x0000000100000000)
  region size 1024K, 7 young (7168K), 7 survivors (7168K)
 Metaspace       used 41441K, committed 41792K, reserved 1114112K
  class space    used 5094K, committed 5248K, reserved 1048576K
GC Heap History (20 events):
Event: 1.623 GC heap after
{Heap after GC invocations=11 (full 0):
 garbage-first heap   total 56320K, used 21002K [0x00000000c0000000, 0x0000000100000000)
  region size 1024K, 3 young (3072K), 3 survivors (3072K)
 Metaspace       used 37901K, committed 38336K, reserved 1114112K
  class space    used 4774K, committed 4992K, reserved 1048576K
}
Event: 1.665 GC heap before
{Heap before GC invocations=11 (full 0):
 garbage-first heap   total 56320K, used 39434K [0x00000000c0000000, 0x0000000100000000)
  region size 1024K, 22 young (22528K), 3 survivors (3072K)
 Metaspace       used 37902K, committed 38336K, reserved 1114112K
  class space    used 4774K, committed 4992K, reserved 1048576K
}
Event: 1.670 GC heap after
{Heap after GC invocations=12 (full 0):
 garbage-first heap   total 56320K, used 24915K [0x00000000c0000000, 0x0000000100000000)
  region size 1024K, 3 young (3072K), 3 survivors (3072K)
 Metaspace       used 37902K, committed 38336K, reserved 1114112K
  class space    used 4774K, committed 4992K, reserved 1048576K
}
Event: 1.687 GC heap before
{Heap before GC invocations=12 (full 0):
 garbage-first heap   total 56320K, used 40275K [0x00000000c0000000, 0x0000000100000000)
  region size 1024K, 19 young (19456K), 3 survivors (3072K)
 Metaspace       used 37902K, committed 38336K, reserved 1114112K
  class space    used 4774K, committed 4992K, reserved 1048576K
}
Event: 1.692 GC heap after
{Heap after GC invocations=13 (full 0):
 garbage-first heap   total 82944K, used 30033K [0x00000000c0000000, 0x0000000100000000)
  region size 1024K, 3 young (3072K), 3 survivors (3072K)
 Metaspace       used 37902K, committed 38336K, reserved 1114112K
  class space    used 4774K, committed 4992K, reserved 1048576K
}
Event: 1.735 GC heap before
{Heap before GC invocations=13 (full 0):
 garbage-first heap   total 82944K, used 57681K [0x00000000c0000000, 0x0000000100000000)
  region size 1024K, 31 young (31744K), 3 survivors (3072K)
 Metaspace       used 38703K, committed 39168K, reserved 1114112K
  class space    used 4845K, committed 5056K, reserved 1048576K
}
Event: 1.740 GC heap after
{Heap after GC invocations=14 (full 0):
 garbage-first heap   total 82944K, used 34542K [0x00000000c0000000, 0x0000000100000000)
  region size 1024K, 4 young (4096K), 4 survivors (4096K)
 Metaspace       used 38703K, committed 39168K, reserved 1114112K
  class space    used 4845K, committed 5056K, reserved 1048576K
}
Event: 1.762 GC heap before
{Heap before GC invocations=14 (full 0):
 garbage-first heap   total 82944K, used 58094K [0x00000000c0000000, 0x0000000100000000)
  region size 1024K, 28 young (28672K), 4 survivors (4096K)
 Metaspace       used 38869K, committed 39296K, reserved 1114112K
  class space    used 4860K, committed 5056K, reserved 1048576K
}
Event: 1.769 GC heap after
{Heap after GC invocations=15 (full 0):
 garbage-first heap   total 82944K, used 41365K [0x00000000c0000000, 0x0000000100000000)
  region size 1024K, 4 young (4096K), 4 survivors (4096K)
 Metaspace       used 38869K, committed 39296K, reserved 1114112K
  class space    used 4860K, committed 5056K, reserved 1048576K
}
Event: 1.787 GC heap before
{Heap before GC invocations=15 (full 0):
 garbage-first heap   total 82944K, used 59797K [0x00000000c0000000, 0x0000000100000000)
  region size 1024K, 22 young (22528K), 4 survivors (4096K)
 Metaspace       used 39189K, committed 39616K, reserved 1114112K
  class space    used 4896K, committed 5120K, reserved 1048576K
}
Event: 1.792 GC heap after
{Heap after GC invocations=16 (full 0):
 garbage-first heap   total 82944K, used 45042K [0x00000000c0000000, 0x0000000100000000)
  region size 1024K, 3 young (3072K), 3 survivors (3072K)
 Metaspace       used 39189K, committed 39616K, reserved 1114112K
  class space    used 4896K, committed 5120K, reserved 1048576K
}
Event: 1.812 GC heap before
{Heap before GC invocations=16 (full 0):
 garbage-first heap   total 101376K, used 61426K [0x00000000c0000000, 0x0000000100000000)
  region size 1024K, 19 young (19456K), 3 survivors (3072K)
 Metaspace       used 39468K, committed 39936K, reserved 1114112K
  class space    used 4922K, committed 5120K, reserved 1048576K
}
Event: 1.816 GC heap after
{Heap after GC invocations=17 (full 0):
 garbage-first heap   total 219136K, used 47965K [0x00000000c0000000, 0x0000000100000000)
  region size 1024K, 3 young (3072K), 3 survivors (3072K)
 Metaspace       used 39468K, committed 39936K, reserved 1114112K
  class space    used 4922K, committed 5120K, reserved 1048576K
}
Event: 1.946 GC heap before
{Heap before GC invocations=18 (full 0):
 garbage-first heap   total 219136K, used 132957K [0x00000000c0000000, 0x0000000100000000)
  region size 1024K, 85 young (87040K), 3 survivors (3072K)
 Metaspace       used 41368K, committed 41728K, reserved 1114112K
  class space    used 5084K, committed 5248K, reserved 1048576K
}
Event: 1.972 GC heap after
{Heap after GC invocations=19 (full 0):
 garbage-first heap   total 219136K, used 69358K [0x00000000c0000000, 0x0000000100000000)
  region size 1024K, 11 young (11264K), 11 survivors (11264K)
 Metaspace       used 41368K, committed 41728K, reserved 1114112K
  class space    used 5084K, committed 5248K, reserved 1048576K
}
Event: 1.973 GC heap before
{Heap before GC invocations=19 (full 0):
 garbage-first heap   total 219136K, used 69358K [0x00000000c0000000, 0x0000000100000000)
  region size 1024K, 12 young (12288K), 11 survivors (11264K)
 Metaspace       used 41368K, committed 41728K, reserved 1114112K
  class space    used 5084K, committed 5248K, reserved 1048576K
}
Event: 1.980 GC heap after
{Heap after GC invocations=20 (full 0):
 garbage-first heap   total 219136K, used 71665K [0x00000000c0000000, 0x0000000100000000)
  region size 1024K, 2 young (2048K), 2 survivors (2048K)
 Metaspace       used 41368K, committed 41728K, reserved 1114112K
  class space    used 5084K, committed 5248K, reserved 1048576K
}
Event: 1.993 GC heap before
{Heap before GC invocations=20 (full 0):
 garbage-first heap   total 219136K, used 133105K [0x00000000c0000000, 0x0000000100000000)
  region size 1024K, 63 young (64512K), 2 survivors (2048K)
 Metaspace       used 41376K, committed 41728K, reserved 1114112K
  class space    used 5084K, committed 5248K, reserved 1048576K
}
Event: 1.995 GC heap after
{Heap after GC invocations=21 (full 0):
 garbage-first heap   total 219136K, used 73738K [0x00000000c0000000, 0x0000000100000000)
  region size 1024K, 4 young (4096K), 4 survivors (4096K)
 Metaspace       used 41376K, committed 41728K, reserved 1114112K
  class space    used 5084K, committed 5248K, reserved 1048576K
}
Event: 2.012 GC heap before
{Heap before GC invocations=21 (full 0):
 garbage-first heap   total 219136K, used 145418K [0x00000000c0000000, 0x0000000100000000)
  region size 1024K, 75 young (76800K), 4 survivors (4096K)
 Metaspace       used 41441K, committed 41792K, reserved 1114112K
  class space    used 5094K, committed 5248K, reserved 1048576K
}

