# JRE version: OpenJDK Runtime Environment Temurin-17.0.7+7 (17.0.7+7) (build 17.0.7+7)
# Java VM: OpenJDK 64-Bit Server VM Temurin-17.0.7+7 (17.0.7+7, mixed mode, emulated-client, tiered, compressed oops, compressed class ptrs, g1 gc, windows-amd64)
GC Precious Log:
 CPUs: 12 total, 12 available
 Memory: 7930M
 Large Page Support: Disabled
 NUMA Support: Disabled
 Compressed Oops: Enabled (32-bit)
 Heap Region Size: 1M
 Heap Min Capacity: 8M
 Heap Initial Capacity: 124M
 Heap Max Capacity: 1G
 Pre-touch: Disabled
 Parallel Workers: 10
 Concurrent Workers: 3
 Concurrent Refinement Workers: 10
 Periodic GC: Disabled
Heap:
 garbage-first heap   total 126976K, used 62974K [0x00000000c0000000, 0x0000000100000000)
  region size 1024K, 3 young (3072K), 3 survivors (3072K)
 Metaspace       used 41064K, committed 41472K, reserved 1114112K
  class space    used 5036K, committed 5184K, reserved 1048576K
GC Heap History (20 events):
Event: 0.828 GC heap after
{Heap after GC invocations=6 (full 0):
 garbage-first heap   total 45056K, used 12851K [0x00000000c0000000, 0x0000000100000000)
  region size 1024K, 1 young (1024K), 1 survivors (1024K)
 Metaspace       used 25747K, committed 25984K, reserved 1114112K
  class space    used 3028K, committed 3136K, reserved 1048576K
}
Event: 0.982 GC heap before
{Heap before GC invocations=6 (full 0):
 garbage-first heap   total 45056K, used 29235K [0x00000000c0000000, 0x0000000100000000)
  region size 1024K, 18 young (18432K), 1 survivors (1024K)
 Metaspace       used 27888K, committed 28224K, reserved 1114112K
  class space    used 3309K, committed 3456K, reserved 1048576K
}
Event: 0.984 GC heap after
{Heap after GC invocations=7 (full 0):
 garbage-first heap   total 45056K, used 13696K [0x00000000c0000000, 0x0000000100000000)
  region size 1024K, 2 young (2048K), 2 survivors (2048K)
 Metaspace       used 27888K, committed 28224K, reserved 1114112K
  class space    used 3309K, committed 3456K, reserved 1048576K
}
Event: 1.137 GC heap before
{Heap before GC invocations=7 (full 0):
 garbage-first heap   total 45056K, used 31104K [0x00000000c0000000, 0x0000000100000000)
  region size 1024K, 19 young (19456K), 2 survivors (2048K)
 Metaspace       used 30454K, committed 30848K, reserved 1114112K
  class space    used 3671K, committed 3840K, reserved 1048576K
}
Event: 1.141 GC heap after
{Heap after GC invocations=8 (full 0):
 garbage-first heap   total 90112K, used 16317K [0x00000000c0000000, 0x0000000100000000)
  region size 1024K, 3 young (3072K), 3 survivors (3072K)
 Metaspace       used 30454K, committed 30848K, reserved 1114112K
  class space    used 3671K, committed 3840K, reserved 1048576K
}
Event: 1.452 GC heap before
{Heap before GC invocations=8 (full 0):
 garbage-first heap   total 90112K, used 48061K [0x00000000c0000000, 0x0000000100000000)
  region size 1024K, 35 young (35840K), 3 survivors (3072K)
 Metaspace       used 35664K, committed 35968K, reserved 1114112K
  class space    used 4413K, committed 4544K, reserved 1048576K
}
Event: 1.456 GC heap after
{Heap after GC invocations=9 (full 0):
 garbage-first heap   total 90112K, used 18266K [0x00000000c0000000, 0x0000000100000000)
  region size 1024K, 5 young (5120K), 5 survivors (5120K)
 Metaspace       used 35664K, committed 35968K, reserved 1114112K
  class space    used 4413K, committed 4544K, reserved 1048576K
}
Event: 1.555 GC heap before
{Heap before GC invocations=10 (full 0):
 garbage-first heap   total 68608K, used 53082K [0x00000000c0000000, 0x0000000100000000)
  region size 1024K, 41 young (41984K), 5 survivors (5120K)
 Metaspace       used 37921K, committed 38400K, reserved 1114112K
  class space    used 4778K, committed 4992K, reserved 1048576K
}
Event: 1.561 GC heap after
{Heap after GC invocations=11 (full 0):
 garbage-first heap   total 68608K, used 22849K [0x00000000c0000000, 0x0000000100000000)
  region size 1024K, 6 young (6144K), 6 survivors (6144K)
 Metaspace       used 37921K, committed 38400K, reserved 1114112K
  class space    used 4778K, committed 4992K, reserved 1048576K
}
Event: 1.599 GC heap before
{Heap before GC invocations=11 (full 0):
 garbage-first heap   total 68608K, used 47425K [0x00000000c0000000, 0x0000000100000000)
  region size 1024K, 31 young (31744K), 6 survivors (6144K)
 Metaspace       used 38048K, committed 38464K, reserved 1114112K
  class space    used 4796K, committed 4992K, reserved 1048576K
}
Event: 1.607 GC heap after
{Heap after GC invocations=12 (full 0):
 garbage-first heap   total 68608K, used 29184K [0x00000000c0000000, 0x0000000100000000)
  region size 1024K, 4 young (4096K), 4 survivors (4096K)
 Metaspace       used 38048K, committed 38464K, reserved 1114112K
  class space    used 4796K, committed 4992K, reserved 1048576K
}
Event: 1.632 GC heap before
{Heap before GC invocations=12 (full 0):
 garbage-first heap   total 68608K, used 48640K [0x00000000c0000000, 0x0000000100000000)
  region size 1024K, 23 young (23552K), 4 survivors (4096K)
 Metaspace       used 38392K, committed 38848K, reserved 1114112K
  class space    used 4831K, committed 5056K, reserved 1048576K
}
Event: 1.638 GC heap after
{Heap after GC invocations=13 (full 0):
 garbage-first heap   total 115712K, used 32157K [0x00000000c0000000, 0x0000000100000000)
  region size 1024K, 3 young (3072K), 3 survivors (3072K)
 Metaspace       used 38392K, committed 38848K, reserved 1114112K
  class space    used 4831K, committed 5056K, reserved 1048576K
}
Event: 1.682 GC heap before
{Heap before GC invocations=13 (full 0):
 garbage-first heap   total 115712K, used 74141K [0x00000000c0000000, 0x0000000100000000)
  region size 1024K, 45 young (46080K), 3 survivors (3072K)
 Metaspace       used 38902K, committed 39296K, reserved 1114112K
  class space    used 4866K, committed 5056K, reserved 1048576K
}
Event: 1.692 GC heap after
{Heap after GC invocations=14 (full 0):
 garbage-first heap   total 115712K, used 42857K [0x00000000c0000000, 0x0000000100000000)
  region size 1024K, 6 young (6144K), 6 survivors (6144K)
 Metaspace       used 38902K, committed 39296K, reserved 1114112K
  class space    used 4866K, committed 5056K, reserved 1048576K
}
Event: 1.736 GC heap before
{Heap before GC invocations=14 (full 0):
 garbage-first heap   total 115712K, used 78697K [0x00000000c0000000, 0x0000000100000000)
  region size 1024K, 42 young (43008K), 6 survivors (6144K)
 Metaspace       used 39770K, committed 40192K, reserved 1114112K
  class space    used 4945K, committed 5120K, reserved 1048576K
}
Event: 1.743 GC heap after
{Heap after GC invocations=15 (full 0):
 garbage-first heap   total 115712K, used 49678K [0x00000000c0000000, 0x0000000100000000)
  region size 1024K, 6 young (6144K), 6 survivors (6144K)
 Metaspace       used 39770K, committed 40192K, reserved 1114112K
  class space    used 4945K, committed 5120K, reserved 1048576K
}
Event: 1.806 GC heap before
{Heap before GC invocations=15 (full 0):
 garbage-first heap   total 115712K, used 82446K [0x00000000c0000000, 0x0000000100000000)
  region size 1024K, 38 young (38912K), 6 survivors (6144K)
 Metaspace       used 40965K, committed 41344K, reserved 1114112K
  class space    used 5023K, committed 5184K, reserved 1048576K
}
Event: 1.814 GC heap after
{Heap after GC invocations=16 (full 0):
 garbage-first heap   total 115712K, used 59916K [0x00000000c0000000, 0x0000000100000000)
  region size 1024K, 5 young (5120K), 5 survivors (5120K)
 Metaspace       used 40965K, committed 41344K, reserved 1114112K
  class space    used 5023K, committed 5184K, reserved 1048576K
}
Event: 1.819 GC heap before
{Heap before GC invocations=16 (full 0):
 garbage-first heap   total 115712K, used 61964K [0x00000000c0000000, 0x0000000100000000)
  region size 1024K, 8 young (8192K), 5 survivors (5120K)
 Metaspace       used 41064K, committed 41472K, reserved 1114112K
  class space    used 5036K, committed 5184K, reserved 1048576K
}

