# JRE version: OpenJDK Runtime Environment Temurin-17.0.7+7 (17.0.7+7) (build 17.0.7+7)
# Java VM: OpenJDK 64-Bit Server VM Temurin-17.0.7+7 (17.0.7+7, mixed mode, emulated-client, tiered, compressed oops, compressed class ptrs, g1 gc, windows-amd64)
GC Precious Log:
 CPUs: 12 total, 12 available
 Memory: 7930M
 Large Page Support: Disabled
 NUMA Support: Disabled
 Compressed Oops: Enabled (32-bit)
 Heap Region Size: 1M
 Heap Min Capacity: 8M
 Heap Initial Capacity: 124M
 Heap Max Capacity: 1G
 Pre-touch: Disabled
 Parallel Workers: 10
 Concurrent Workers: 3
 Concurrent Refinement Workers: 10
 Periodic GC: Disabled
Heap:
 garbage-first heap   total 198656K, used 82224K [0x00000000c0000000, 0x0000000100000000)
  region size 1024K, 5 young (5120K), 5 survivors (5120K)
 Metaspace       used 41476K, committed 41856K, reserved 1114112K
  class space    used 5096K, committed 5248K, reserved 1048576K
GC Heap History (20 events):
Event: 1.771 GC heap after
{Heap after GC invocations=12 (full 0):
 garbage-first heap   total 56320K, used 24764K [0x00000000c0000000, 0x0000000100000000)
  region size 1024K, 3 young (3072K), 3 survivors (3072K)
 Metaspace       used 37881K, committed 38208K, reserved 1114112K
  class space    used 4768K, committed 4928K, reserved 1048576K
}
Event: 1.792 GC heap before
{Heap before GC invocations=12 (full 0):
 garbage-first heap   total 56320K, used 41148K [0x00000000c0000000, 0x0000000100000000)
  region size 1024K, 19 young (19456K), 3 survivors (3072K)
 Metaspace       used 37918K, committed 38400K, reserved 1114112K
  class space    used 4776K, committed 4992K, reserved 1048576K
}
Event: 1.796 GC heap after
{Heap after GC invocations=13 (full 0):
 garbage-first heap   total 88064K, used 28145K [0x00000000c0000000, 0x0000000100000000)
  region size 1024K, 3 young (3072K), 3 survivors (3072K)
 Metaspace       used 37918K, committed 38400K, reserved 1114112K
  class space    used 4776K, committed 4992K, reserved 1048576K
}
Event: 1.866 GC heap before
{Heap before GC invocations=13 (full 0):
 garbage-first heap   total 88064K, used 62961K [0x00000000c0000000, 0x0000000100000000)
  region size 1024K, 37 young (37888K), 3 survivors (3072K)
 Metaspace       used 38688K, committed 39104K, reserved 1114112K
  class space    used 4841K, committed 5056K, reserved 1048576K
}
Event: 1.873 GC heap after
{Heap after GC invocations=14 (full 0):
 garbage-first heap   total 88064K, used 34793K [0x00000000c0000000, 0x0000000100000000)
  region size 1024K, 5 young (5120K), 5 survivors (5120K)
 Metaspace       used 38688K, committed 39104K, reserved 1114112K
  class space    used 4841K, committed 5056K, reserved 1048576K
}
Event: 1.900 GC heap before
{Heap before GC invocations=14 (full 0):
 garbage-first heap   total 88064K, used 62441K [0x00000000c0000000, 0x0000000100000000)
  region size 1024K, 33 young (33792K), 5 survivors (5120K)
 Metaspace       used 38879K, committed 39296K, reserved 1114112K
  class space    used 4858K, committed 5056K, reserved 1048576K
}
Event: 1.908 GC heap after
{Heap after GC invocations=15 (full 0):
 garbage-first heap   total 88064K, used 43136K [0x00000000c0000000, 0x0000000100000000)
  region size 1024K, 5 young (5120K), 5 survivors (5120K)
 Metaspace       used 38879K, committed 39296K, reserved 1114112K
  class space    used 4858K, committed 5056K, reserved 1048576K
}
Event: 1.930 GC heap before
{Heap before GC invocations=15 (full 0):
 garbage-first heap   total 88064K, used 64640K [0x00000000c0000000, 0x0000000100000000)
  region size 1024K, 26 young (26624K), 5 survivors (5120K)
 Metaspace       used 39263K, committed 39680K, reserved 1114112K
  class space    used 4905K, committed 5120K, reserved 1048576K
}
Event: 1.935 GC heap after
{Heap after GC invocations=16 (full 0):
 garbage-first heap   total 88064K, used 47468K [0x00000000c0000000, 0x0000000100000000)
  region size 1024K, 4 young (4096K), 4 survivors (4096K)
 Metaspace       used 39263K, committed 39680K, reserved 1114112K
  class space    used 4905K, committed 5120K, reserved 1048576K
}
Event: 1.976 GC heap before
{Heap before GC invocations=16 (full 0):
 garbage-first heap   total 88064K, used 64876K [0x00000000c0000000, 0x0000000100000000)
  region size 1024K, 22 young (22528K), 4 survivors (4096K)
 Metaspace       used 40020K, committed 40448K, reserved 1114112K
  class space    used 4944K, committed 5120K, reserved 1048576K
}
Event: 1.981 GC heap after
{Heap after GC invocations=17 (full 0):
 garbage-first heap   total 198656K, used 50848K [0x00000000c0000000, 0x0000000100000000)
  region size 1024K, 3 young (3072K), 3 survivors (3072K)
 Metaspace       used 40020K, committed 40448K, reserved 1114112K
  class space    used 4944K, committed 5120K, reserved 1048576K
}
Event: 2.106 GC heap before
{Heap before GC invocations=18 (full 0):
 garbage-first heap   total 188416K, used 132768K [0x00000000c0000000, 0x0000000100000000)
  region size 1024K, 82 young (83968K), 3 survivors (3072K)
 Metaspace       used 41365K, committed 41792K, reserved 1114112K
  class space    used 5082K, committed 5248K, reserved 1048576K
}
Event: 2.131 GC heap after
{Heap after GC invocations=19 (full 0):
 garbage-first heap   total 188416K, used 72007K [0x00000000c0000000, 0x0000000100000000)
  region size 1024K, 11 young (11264K), 11 survivors (11264K)
 Metaspace       used 41365K, committed 41792K, reserved 1114112K
  class space    used 5082K, committed 5248K, reserved 1048576K
}
Event: 2.132 GC heap before
{Heap before GC invocations=19 (full 0):
 garbage-first heap   total 188416K, used 73031K [0x00000000c0000000, 0x0000000100000000)
  region size 1024K, 12 young (12288K), 11 survivors (11264K)
 Metaspace       used 41366K, committed 41792K, reserved 1114112K
  class space    used 5082K, committed 5248K, reserved 1048576K
}
Event: 2.137 GC heap after
{Heap after GC invocations=20 (full 0):
 garbage-first heap   total 188416K, used 74258K [0x00000000c0000000, 0x0000000100000000)
  region size 1024K, 2 young (2048K), 2 survivors (2048K)
 Metaspace       used 41366K, committed 41792K, reserved 1114112K
  class space    used 5082K, committed 5248K, reserved 1048576K
}
Event: 2.151 GC heap before
{Heap before GC invocations=20 (full 0):
 garbage-first heap   total 188416K, used 122386K [0x00000000c0000000, 0x0000000100000000)
  region size 1024K, 49 young (50176K), 2 survivors (2048K)
 Metaspace       used 41449K, committed 41856K, reserved 1114112K
  class space    used 5092K, committed 5248K, reserved 1048576K
}
Event: 2.153 GC heap after
{Heap after GC invocations=21 (full 0):
 garbage-first heap   total 188416K, used 78068K [0x00000000c0000000, 0x0000000100000000)
  region size 1024K, 5 young (5120K), 5 survivors (5120K)
 Metaspace       used 41449K, committed 41856K, reserved 1114112K
  class space    used 5092K, committed 5248K, reserved 1048576K
}
Event: 2.165 GC heap before
{Heap before GC invocations=21 (full 0):
 garbage-first heap   total 188416K, used 127220K [0x00000000c0000000, 0x0000000100000000)
  region size 1024K, 54 young (55296K), 5 survivors (5120K)
 Metaspace       used 41467K, committed 41856K, reserved 1114112K
  class space    used 5094K, committed 5248K, reserved 1048576K
}
Event: 2.168 GC heap after
{Heap after GC invocations=22 (full 0):
 garbage-first heap   total 188416K, used 80401K [0x00000000c0000000, 0x0000000100000000)
  region size 1024K, 3 young (3072K), 3 survivors (3072K)
 Metaspace       used 41467K, committed 41856K, reserved 1114112K
  class space    used 5094K, committed 5248K, reserved 1048576K
}
Event: 2.180 GC heap before
{Heap before GC invocations=22 (full 0):
 garbage-first heap   total 188416K, used 134673K [0x00000000c0000000, 0x0000000100000000)
  region size 1024K, 57 young (58368K), 3 survivors (3072K)
 Metaspace       used 41476K, committed 41856K, reserved 1114112K
  class space    used 5096K, committed 5248K, reserved 1048576K
}

