# JRE version: OpenJDK Runtime Environment Temurin-17.0.7+7 (17.0.7+7) (build 17.0.7+7)
# Java VM: OpenJDK 64-Bit Server VM Temurin-17.0.7+7 (17.0.7+7, mixed mode, emulated-client, tiered, compressed oops, compressed class ptrs, g1 gc, windows-amd64)
GC Precious Log:
 CPUs: 12 total, 12 available
 Memory: 7930M
 Large Page Support: Disabled
 NUMA Support: Disabled
 Compressed Oops: Enabled (32-bit)
 Heap Region Size: 1M
 Heap Min Capacity: 8M
 Heap Initial Capacity: 124M
 Heap Max Capacity: 1G
 Pre-touch: Disabled
 Parallel Workers: 10
 Concurrent Workers: 3
 Concurrent Refinement Workers: 10
 Periodic GC: Disabled
Heap:
 garbage-first heap   total 75776K, used 44733K [0x00000000c0000000, 0x0000000100000000)
  region size 1024K, 3 young (3072K), 3 survivors (3072K)
 Metaspace       used 38857K, committed 39296K, reserved 1114112K
  class space    used 4854K, committed 5056K, reserved 1048576K
GC Heap History (20 events):
Event: 1.119 GC heap after
{Heap after GC invocations=7 (full 0):
 garbage-first heap   total 40960K, used 14890K [0x00000000c0000000, 0x0000000100000000)
  region size 1024K, 3 young (3072K), 3 survivors (3072K)
 Metaspace       used 30449K, committed 30848K, reserved 1114112K
  class space    used 3670K, committed 3840K, reserved 1048576K
}
Event: 1.219 GC heap before
{Heap before GC invocations=7 (full 0):
 garbage-first heap   total 40960K, used 29226K [0x00000000c0000000, 0x0000000100000000)
  region size 1024K, 18 young (18432K), 3 survivors (3072K)
 Metaspace       used 31844K, committed 32128K, reserved 1114112K
  class space    used 3858K, committed 3968K, reserved 1048576K
}
Event: 1.224 GC heap after
{Heap after GC invocations=8 (full 0):
 garbage-first heap   total 50176K, used 16662K [0x00000000c0000000, 0x0000000100000000)
  region size 1024K, 3 young (3072K), 3 survivors (3072K)
 Metaspace       used 31844K, committed 32128K, reserved 1114112K
  class space    used 3858K, committed 3968K, reserved 1048576K
}
Event: 1.427 GC heap before
{Heap before GC invocations=8 (full 0):
 garbage-first heap   total 50176K, used 35094K [0x00000000c0000000, 0x0000000100000000)
  region size 1024K, 22 young (22528K), 3 survivors (3072K)
 Metaspace       used 35481K, committed 35840K, reserved 1114112K
  class space    used 4383K, committed 4544K, reserved 1048576K
}
Event: 1.429 GC heap after
{Heap after GC invocations=9 (full 0):
 garbage-first heap   total 50176K, used 18594K [0x00000000c0000000, 0x0000000100000000)
  region size 1024K, 2 young (2048K), 2 survivors (2048K)
 Metaspace       used 35481K, committed 35840K, reserved 1114112K
  class space    used 4383K, committed 4544K, reserved 1048576K
}
Event: 1.445 GC heap before
{Heap before GC invocations=9 (full 0):
 garbage-first heap   total 50176K, used 19618K [0x00000000c0000000, 0x0000000100000000)
  region size 1024K, 4 young (4096K), 2 survivors (2048K)
 Metaspace       used 35662K, committed 35968K, reserved 1114112K
  class space    used 4410K, committed 4544K, reserved 1048576K
}
Event: 1.447 GC heap after
{Heap after GC invocations=10 (full 0):
 garbage-first heap   total 50176K, used 18796K [0x00000000c0000000, 0x0000000100000000)
  region size 1024K, 1 young (1024K), 1 survivors (1024K)
 Metaspace       used 35662K, committed 35968K, reserved 1114112K
  class space    used 4410K, committed 4544K, reserved 1048576K
}
Event: 1.531 GC heap before
{Heap before GC invocations=11 (full 0):
 garbage-first heap   total 50176K, used 36204K [0x00000000c0000000, 0x0000000100000000)
  region size 1024K, 19 young (19456K), 1 survivors (1024K)
 Metaspace       used 37884K, committed 38272K, reserved 1114112K
  class space    used 4766K, committed 4992K, reserved 1048576K
}
Event: 1.534 GC heap after
{Heap after GC invocations=12 (full 0):
 garbage-first heap   total 50176K, used 20591K [0x00000000c0000000, 0x0000000100000000)
  region size 1024K, 3 young (3072K), 3 survivors (3072K)
 Metaspace       used 37884K, committed 38272K, reserved 1114112K
  class space    used 4766K, committed 4992K, reserved 1048576K
}
Event: 1.554 GC heap before
{Heap before GC invocations=12 (full 0):
 garbage-first heap   total 50176K, used 36975K [0x00000000c0000000, 0x0000000100000000)
  region size 1024K, 20 young (20480K), 3 survivors (3072K)
 Metaspace       used 37884K, committed 38272K, reserved 1114112K
  class space    used 4766K, committed 4992K, reserved 1048576K
}
Event: 1.558 GC heap after
{Heap after GC invocations=13 (full 0):
 garbage-first heap   total 66560K, used 23561K [0x00000000c0000000, 0x0000000100000000)
  region size 1024K, 3 young (3072K), 3 survivors (3072K)
 Metaspace       used 37884K, committed 38272K, reserved 1114112K
  class space    used 4766K, committed 4992K, reserved 1048576K
}
Event: 1.590 GC heap before
{Heap before GC invocations=13 (full 0):
 garbage-first heap   total 66560K, used 47113K [0x00000000c0000000, 0x0000000100000000)
  region size 1024K, 27 young (27648K), 3 survivors (3072K)
 Metaspace       used 38011K, committed 38464K, reserved 1114112K
  class space    used 4784K, committed 4992K, reserved 1048576K
}
Event: 1.595 GC heap after
{Heap after GC invocations=14 (full 0):
 garbage-first heap   total 66560K, used 29096K [0x00000000c0000000, 0x0000000100000000)
  region size 1024K, 4 young (4096K), 4 survivors (4096K)
 Metaspace       used 38011K, committed 38464K, reserved 1114112K
  class space    used 4784K, committed 4992K, reserved 1048576K
}
Event: 1.618 GC heap before
{Heap before GC invocations=14 (full 0):
 garbage-first heap   total 66560K, used 48552K [0x00000000c0000000, 0x0000000100000000)
  region size 1024K, 23 young (23552K), 4 survivors (4096K)
 Metaspace       used 38239K, committed 38656K, reserved 1114112K
  class space    used 4819K, committed 4992K, reserved 1048576K
}
Event: 1.623 GC heap after
{Heap after GC invocations=15 (full 0):
 garbage-first heap   total 66560K, used 32815K [0x00000000c0000000, 0x0000000100000000)
  region size 1024K, 3 young (3072K), 3 survivors (3072K)
 Metaspace       used 38239K, committed 38656K, reserved 1114112K
  class space    used 4819K, committed 4992K, reserved 1048576K
}
Event: 1.641 GC heap before
{Heap before GC invocations=15 (full 0):
 garbage-first heap   total 66560K, used 49199K [0x00000000c0000000, 0x0000000100000000)
  region size 1024K, 19 young (19456K), 3 survivors (3072K)
 Metaspace       used 38555K, committed 38976K, reserved 1114112K
  class space    used 4836K, committed 5056K, reserved 1048576K
}
Event: 1.645 GC heap after
{Heap after GC invocations=16 (full 0):
 garbage-first heap   total 66560K, used 36004K [0x00000000c0000000, 0x0000000100000000)
  region size 1024K, 3 young (3072K), 3 survivors (3072K)
 Metaspace       used 38555K, committed 38976K, reserved 1114112K
  class space    used 4836K, committed 5056K, reserved 1048576K
}
Event: 1.669 GC heap before
{Heap before GC invocations=17 (full 0):
 garbage-first heap   total 75776K, used 49316K [0x00000000c0000000, 0x0000000100000000)
  region size 1024K, 17 young (17408K), 3 survivors (3072K)
 Metaspace       used 38728K, committed 39168K, reserved 1114112K
  class space    used 4848K, committed 5056K, reserved 1048576K
}
Event: 1.672 GC heap after
{Heap after GC invocations=18 (full 0):
 garbage-first heap   total 75776K, used 38961K [0x00000000c0000000, 0x0000000100000000)
  region size 1024K, 3 young (3072K), 3 survivors (3072K)
 Metaspace       used 38728K, committed 39168K, reserved 1114112K
  class space    used 4848K, committed 5056K, reserved 1048576K
}
Event: 1.689 GC heap before
{Heap before GC invocations=18 (full 0):
 garbage-first heap   total 75776K, used 56369K [0x00000000c0000000, 0x0000000100000000)
  region size 1024K, 21 young (21504K), 3 survivors (3072K)
 Metaspace       used 38857K, committed 39296K, reserved 1114112K
  class space    used 4854K, committed 5056K, reserved 1048576K
}

