# JRE version: OpenJDK Runtime Environment Temurin-17.0.7+7 (17.0.7+7) (build 17.0.7+7)
# Java VM: OpenJDK 64-Bit Server VM Temurin-17.0.7+7 (17.0.7+7, mixed mode, emulated-client, tiered, compressed oops, compressed class ptrs, g1 gc, windows-amd64)
GC Precious Log:
 CPUs: 12 total, 12 available
 Memory: 7930M
 Large Page Support: Disabled
 NUMA Support: Disabled
 Compressed Oops: Enabled (32-bit)
 Heap Region Size: 1M
 Heap Min Capacity: 8M
 Heap Initial Capacity: 124M
 Heap Max Capacity: 1G
 Pre-touch: Disabled
 Parallel Workers: 10
 Concurrent Workers: 3
 Concurrent Refinement Workers: 10
 Periodic GC: Disabled
Heap:
 garbage-first heap   total 309248K, used 97234K [0x00000000c0000000, 0x0000000100000000)
  region size 1024K, 12 young (12288K), 12 survivors (12288K)
 Metaspace       used 41736K, committed 42240K, reserved 1114112K
  class space    used 5141K, committed 5376K, reserved 1048576K
GC Heap History (20 events):
Event: 1.668 GC heap after
{Heap after GC invocations=14 (full 0):
 garbage-first heap   total 120832K, used 32623K [0x00000000c0000000, 0x0000000100000000)
  region size 1024K, 3 young (3072K), 3 survivors (3072K)
 Metaspace       used 38485K, committed 38912K, reserved 1114112K
  class space    used 4840K, committed 5056K, reserved 1048576K
}
Event: 1.728 GC heap before
{Heap before GC invocations=15 (full 0):
 garbage-first heap   total 120832K, used 81775K [0x00000000c0000000, 0x0000000100000000)
  region size 1024K, 52 young (53248K), 3 survivors (3072K)
 Metaspace       used 39321K, committed 39744K, reserved 1114112K
  class space    used 4913K, committed 5120K, reserved 1048576K
}
Event: 1.738 GC heap after
{Heap after GC invocations=16 (full 0):
 garbage-first heap   total 120832K, used 43812K [0x00000000c0000000, 0x0000000100000000)
  region size 1024K, 7 young (7168K), 7 survivors (7168K)
 Metaspace       used 39321K, committed 39744K, reserved 1114112K
  class space    used 4913K, committed 5120K, reserved 1048576K
}
Event: 1.800 GC heap before
{Heap before GC invocations=16 (full 0):
 garbage-first heap   total 120832K, used 81700K [0x00000000c0000000, 0x0000000100000000)
  region size 1024K, 44 young (45056K), 7 survivors (7168K)
 Metaspace       used 40486K, committed 40896K, reserved 1114112K
  class space    used 4981K, committed 5184K, reserved 1048576K
}
Event: 1.809 GC heap after
{Heap after GC invocations=17 (full 0):
 garbage-first heap   total 120832K, used 51136K [0x00000000c0000000, 0x0000000100000000)
  region size 1024K, 6 young (6144K), 6 survivors (6144K)
 Metaspace       used 40486K, committed 40896K, reserved 1114112K
  class space    used 4981K, committed 5184K, reserved 1048576K
}
Event: 1.888 GC heap before
{Heap before GC invocations=17 (full 0):
 garbage-first heap   total 120832K, used 85952K [0x00000000c0000000, 0x0000000100000000)
  region size 1024K, 40 young (40960K), 6 survivors (6144K)
 Metaspace       used 41323K, committed 41728K, reserved 1114112K
  class space    used 5080K, committed 5248K, reserved 1048576K
}
Event: 1.897 GC heap after
{Heap after GC invocations=18 (full 0):
 garbage-first heap   total 120832K, used 62290K [0x00000000c0000000, 0x0000000100000000)
  region size 1024K, 5 young (5120K), 5 survivors (5120K)
 Metaspace       used 41323K, committed 41728K, reserved 1114112K
  class space    used 5080K, committed 5248K, reserved 1048576K
}
Event: 1.901 GC heap before
{Heap before GC invocations=18 (full 0):
 garbage-first heap   total 120832K, used 65362K [0x00000000c0000000, 0x0000000100000000)
  region size 1024K, 10 young (10240K), 5 survivors (5120K)
 Metaspace       used 41323K, committed 41728K, reserved 1114112K
  class space    used 5080K, committed 5248K, reserved 1048576K
}
Event: 1.905 GC heap after
{Heap after GC invocations=19 (full 0):
 garbage-first heap   total 120832K, used 67346K [0x00000000c0000000, 0x0000000100000000)
  region size 1024K, 4 young (4096K), 4 survivors (4096K)
 Metaspace       used 41323K, committed 41728K, reserved 1114112K
  class space    used 5080K, committed 5248K, reserved 1048576K
}
Event: 1.930 GC heap before
{Heap before GC invocations=19 (full 0):
 garbage-first heap   total 120832K, used 85778K [0x00000000c0000000, 0x0000000100000000)
  region size 1024K, 21 young (21504K), 4 survivors (4096K)
 Metaspace       used 41569K, committed 42112K, reserved 1114112K
  class space    used 5114K, committed 5376K, reserved 1048576K
}
Event: 1.946 GC heap after
{Heap after GC invocations=20 (full 0):
 garbage-first heap   total 309248K, used 75280K [0x00000000c0000000, 0x0000000100000000)
  region size 1024K, 3 young (3072K), 3 survivors (3072K)
 Metaspace       used 41569K, committed 42112K, reserved 1114112K
  class space    used 5114K, committed 5376K, reserved 1048576K
}
Event: 1.980 GC heap before
{Heap before GC invocations=20 (full 0):
 garbage-first heap   total 309248K, used 169488K [0x00000000c0000000, 0x0000000100000000)
  region size 1024K, 97 young (99328K), 3 survivors (3072K)
 Metaspace       used 41587K, committed 42112K, reserved 1114112K
  class space    used 5117K, committed 5376K, reserved 1048576K
}
Event: 1.984 GC heap after
{Heap after GC invocations=21 (full 0):
 garbage-first heap   total 309248K, used 78289K [0x00000000c0000000, 0x0000000100000000)
  region size 1024K, 7 young (7168K), 7 survivors (7168K)
 Metaspace       used 41587K, committed 42112K, reserved 1114112K
  class space    used 5117K, committed 5376K, reserved 1048576K
}
Event: 2.024 GC heap before
{Heap before GC invocations=22 (full 0):
 garbage-first heap   total 309248K, used 205265K [0x00000000c0000000, 0x0000000100000000)
  region size 1024K, 132 young (135168K), 7 survivors (7168K)
 Metaspace       used 41624K, committed 42112K, reserved 1114112K
  class space    used 5127K, committed 5376K, reserved 1048576K
}
Event: 2.032 GC heap after
{Heap after GC invocations=23 (full 0):
 garbage-first heap   total 309248K, used 86112K [0x00000000c0000000, 0x0000000100000000)
  region size 1024K, 15 young (15360K), 15 survivors (15360K)
 Metaspace       used 41624K, committed 42112K, reserved 1114112K
  class space    used 5127K, committed 5376K, reserved 1048576K
}
Event: 2.033 GC heap before
{Heap before GC invocations=23 (full 0):
 garbage-first heap   total 309248K, used 88160K [0x00000000c0000000, 0x0000000100000000)
  region size 1024K, 18 young (18432K), 15 survivors (15360K)
 Metaspace       used 41624K, committed 42112K, reserved 1114112K
  class space    used 5127K, committed 5376K, reserved 1048576K
}
Event: 2.040 GC heap after
{Heap after GC invocations=24 (full 0):
 garbage-first heap   total 309248K, used 87335K [0x00000000c0000000, 0x0000000100000000)
  region size 1024K, 2 young (2048K), 2 survivors (2048K)
 Metaspace       used 41624K, committed 42112K, reserved 1114112K
  class space    used 5127K, committed 5376K, reserved 1048576K
}
Event: 2.069 GC heap before
{Heap before GC invocations=24 (full 0):
 garbage-first heap   total 309248K, used 215335K [0x00000000c0000000, 0x0000000100000000)
  region size 1024K, 128 young (131072K), 2 survivors (2048K)
 Metaspace       used 41712K, committed 42176K, reserved 1114112K
  class space    used 5137K, committed 5376K, reserved 1048576K
}
Event: 2.072 GC heap after
{Heap after GC invocations=25 (full 0):
 garbage-first heap   total 309248K, used 91472K [0x00000000c0000000, 0x0000000100000000)
  region size 1024K, 6 young (6144K), 6 survivors (6144K)
 Metaspace       used 41712K, committed 42176K, reserved 1114112K
  class space    used 5137K, committed 5376K, reserved 1048576K
}
Event: 2.102 GC heap before
{Heap before GC invocations=25 (full 0):
 garbage-first heap   total 309248K, used 226640K [0x00000000c0000000, 0x0000000100000000)
  region size 1024K, 139 young (142336K), 6 survivors (6144K)
 Metaspace       used 41736K, committed 42240K, reserved 1114112K
  class space    used 5141K, committed 5376K, reserved 1048576K
}

