# JRE version: OpenJDK Runtime Environment Temurin-17.0.7+7 (17.0.7+7) (build 17.0.7+7)
# Java VM: OpenJDK 64-Bit Server VM Temurin-17.0.7+7 (17.0.7+7, mixed mode, emulated-client, tiered, compressed oops, compressed class ptrs, g1 gc, windows-amd64)
GC Precious Log:
 CPUs: 12 total, 12 available
 Memory: 7930M
 Large Page Support: Disabled
 NUMA Support: Disabled
 Compressed Oops: Enabled (32-bit)
 Heap Region Size: 1M
 Heap Min Capacity: 8M
 Heap Initial Capacity: 124M
 Heap Max Capacity: 1G
 Pre-touch: Disabled
 Parallel Workers: 10
 Concurrent Workers: 3
 Concurrent Refinement Workers: 10
 Periodic GC: Disabled
Heap:
 garbage-first heap   total 141312K, used 71581K [0x00000000c0000000, 0x0000000100000000)
  region size 1024K, 3 young (3072K), 3 survivors (3072K)
 Metaspace       used 41355K, committed 41792K, reserved 1114112K
  class space    used 5070K, committed 5248K, reserved 1048576K
GC Heap History (20 events):
Event: 0.958 GC heap after
{Heap after GC invocations=6 (full 0):
 garbage-first heap   total 45056K, used 13897K [0x00000000c0000000, 0x0000000100000000)
  region size 1024K, 3 young (3072K), 3 survivors (3072K)
 Metaspace       used 27646K, committed 27968K, reserved 1114112K
  class space    used 3284K, committed 3456K, reserved 1048576K
}
Event: 1.135 GC heap before
{Heap before GC invocations=6 (full 0):
 garbage-first heap   total 45056K, used 31305K [0x00000000c0000000, 0x0000000100000000)
  region size 1024K, 20 young (20480K), 3 survivors (3072K)
 Metaspace       used 30452K, committed 30848K, reserved 1114112K
  class space    used 3670K, committed 3840K, reserved 1048576K
}
Event: 1.139 GC heap after
{Heap after GC invocations=7 (full 0):
 garbage-first heap   total 45056K, used 15360K [0x00000000c0000000, 0x0000000100000000)
  region size 1024K, 3 young (3072K), 3 survivors (3072K)
 Metaspace       used 30452K, committed 30848K, reserved 1114112K
  class space    used 3670K, committed 3840K, reserved 1048576K
}
Event: 1.285 GC heap before
{Heap before GC invocations=7 (full 0):
 garbage-first heap   total 45056K, used 31744K [0x00000000c0000000, 0x0000000100000000)
  region size 1024K, 20 young (20480K), 3 survivors (3072K)
 Metaspace       used 33121K, committed 33408K, reserved 1114112K
  class space    used 4014K, committed 4160K, reserved 1048576K
}
Event: 1.290 GC heap after
{Heap after GC invocations=8 (full 0):
 garbage-first heap   total 56320K, used 16744K [0x00000000c0000000, 0x0000000100000000)
  region size 1024K, 2 young (2048K), 2 survivors (2048K)
 Metaspace       used 33121K, committed 33408K, reserved 1114112K
  class space    used 4014K, committed 4160K, reserved 1048576K
}
Event: 1.458 GC heap before
{Heap before GC invocations=8 (full 0):
 garbage-first heap   total 56320K, used 32104K [0x00000000c0000000, 0x0000000100000000)
  region size 1024K, 18 young (18432K), 2 survivors (2048K)
 Metaspace       used 35662K, committed 35968K, reserved 1114112K
  class space    used 4411K, committed 4544K, reserved 1048576K
}
Event: 1.461 GC heap after
{Heap after GC invocations=9 (full 0):
 garbage-first heap   total 56320K, used 18212K [0x00000000c0000000, 0x0000000100000000)
  region size 1024K, 3 young (3072K), 3 survivors (3072K)
 Metaspace       used 35662K, committed 35968K, reserved 1114112K
  class space    used 4411K, committed 4544K, reserved 1048576K
}
Event: 1.550 GC heap before
{Heap before GC invocations=10 (full 0):
 garbage-first heap   total 56320K, used 41764K [0x00000000c0000000, 0x0000000100000000)
  region size 1024K, 26 young (26624K), 3 survivors (3072K)
 Metaspace       used 37937K, committed 38400K, reserved 1114112K
  class space    used 4779K, committed 4992K, reserved 1048576K
}
Event: 1.554 GC heap after
{Heap after GC invocations=11 (full 0):
 garbage-first heap   total 56320K, used 20999K [0x00000000c0000000, 0x0000000100000000)
  region size 1024K, 4 young (4096K), 4 survivors (4096K)
 Metaspace       used 37937K, committed 38400K, reserved 1114112K
  class space    used 4779K, committed 4992K, reserved 1048576K
}
Event: 1.555 GC heap before
{Heap before GC invocations=11 (full 0):
 garbage-first heap   total 56320K, used 22023K [0x00000000c0000000, 0x0000000100000000)
  region size 1024K, 5 young (5120K), 4 survivors (4096K)
 Metaspace       used 37937K, committed 38400K, reserved 1114112K
  class space    used 4779K, committed 4992K, reserved 1048576K
}
Event: 1.559 GC heap after
{Heap after GC invocations=12 (full 0):
 garbage-first heap   total 56320K, used 21836K [0x00000000c0000000, 0x0000000100000000)
  region size 1024K, 1 young (1024K), 1 survivors (1024K)
 Metaspace       used 37937K, committed 38400K, reserved 1114112K
  class space    used 4779K, committed 4992K, reserved 1048576K
}
Event: 1.583 GC heap before
{Heap before GC invocations=12 (full 0):
 garbage-first heap   total 56320K, used 40268K [0x00000000c0000000, 0x0000000100000000)
  region size 1024K, 20 young (20480K), 1 survivors (1024K)
 Metaspace       used 37937K, committed 38400K, reserved 1114112K
  class space    used 4779K, committed 4992K, reserved 1048576K
}
Event: 1.586 GC heap after
{Heap after GC invocations=13 (full 0):
 garbage-first heap   total 141312K, used 25503K [0x00000000c0000000, 0x0000000100000000)
  region size 1024K, 3 young (3072K), 3 survivors (3072K)
 Metaspace       used 37937K, committed 38400K, reserved 1114112K
  class space    used 4779K, committed 4992K, reserved 1048576K
}
Event: 1.675 GC heap before
{Heap before GC invocations=13 (full 0):
 garbage-first heap   total 141312K, used 99231K [0x00000000c0000000, 0x0000000100000000)
  region size 1024K, 76 young (77824K), 3 survivors (3072K)
 Metaspace       used 38899K, committed 39296K, reserved 1114112K
  class space    used 4863K, committed 5056K, reserved 1048576K
}
Event: 1.688 GC heap after
{Heap after GC invocations=14 (full 0):
 garbage-first heap   total 141312K, used 42243K [0x00000000c0000000, 0x0000000100000000)
  region size 1024K, 10 young (10240K), 10 survivors (10240K)
 Metaspace       used 38899K, committed 39296K, reserved 1114112K
  class space    used 4863K, committed 5056K, reserved 1048576K
}
Event: 1.769 GC heap before
{Heap before GC invocations=14 (full 0):
 garbage-first heap   total 141312K, used 93443K [0x00000000c0000000, 0x0000000100000000)
  region size 1024K, 61 young (62464K), 10 survivors (10240K)
 Metaspace       used 40504K, committed 40896K, reserved 1114112K
  class space    used 4982K, committed 5184K, reserved 1048576K
}
Event: 1.780 GC heap after
{Heap after GC invocations=15 (full 0):
 garbage-first heap   total 141312K, used 51197K [0x00000000c0000000, 0x0000000100000000)
  region size 1024K, 8 young (8192K), 8 survivors (8192K)
 Metaspace       used 40504K, committed 40896K, reserved 1114112K
  class space    used 4982K, committed 5184K, reserved 1048576K
}
Event: 1.842 GC heap before
{Heap before GC invocations=15 (full 0):
 garbage-first heap   total 141312K, used 100349K [0x00000000c0000000, 0x0000000100000000)
  region size 1024K, 55 young (56320K), 8 survivors (8192K)
 Metaspace       used 41340K, committed 41792K, reserved 1114112K
  class space    used 5067K, committed 5248K, reserved 1048576K
}
Event: 1.865 GC heap after
{Heap after GC invocations=16 (full 0):
 garbage-first heap   total 141312K, used 67965K [0x00000000c0000000, 0x0000000100000000)
  region size 1024K, 7 young (7168K), 7 survivors (7168K)
 Metaspace       used 41340K, committed 41792K, reserved 1114112K
  class space    used 5067K, committed 5248K, reserved 1048576K
}
Event: 1.875 GC heap before
{Heap before GC invocations=16 (full 0):
 garbage-first heap   total 141312K, used 101757K [0x00000000c0000000, 0x0000000100000000)
  region size 1024K, 41 young (41984K), 7 survivors (7168K)
 Metaspace       used 41355K, committed 41792K, reserved 1114112K
  class space    used 5070K, committed 5248K, reserved 1048576K
}

