# JRE version: OpenJDK Runtime Environment Temurin-17.0.7+7 (17.0.7+7) (build 17.0.7+7)
# Java VM: OpenJDK 64-Bit Server VM Temurin-17.0.7+7 (17.0.7+7, mixed mode, emulated-client, tiered, compressed oops, compressed class ptrs, g1 gc, windows-amd64)
GC Precious Log:
 CPUs: 12 total, 12 available
 Memory: 7930M
 Large Page Support: Disabled
 NUMA Support: Disabled
 Compressed Oops: Enabled (32-bit)
 Heap Region Size: 1M
 Heap Min Capacity: 8M
 Heap Initial Capacity: 124M
 Heap Max Capacity: 1G
 Pre-touch: Disabled
 Parallel Workers: 10
 Concurrent Workers: 3
 Concurrent Refinement Workers: 10
 Periodic GC: Disabled
Heap:
 garbage-first heap   total 218112K, used 84553K [0x00000000c0000000, 0x0000000100000000)
  region size 1024K, 8 young (8192K), 8 survivors (8192K)
 Metaspace       used 41466K, committed 41856K, reserved 1114112K
  class space    used 5094K, committed 5248K, reserved 1048576K
GC Heap History (20 events):
Event: 1.609 GC heap after
{Heap after GC invocations=13 (full 0):
 garbage-first heap   total 57344K, used 25217K [0x00000000c0000000, 0x0000000100000000)
  region size 1024K, 3 young (3072K), 3 survivors (3072K)
 Metaspace       used 37880K, committed 38208K, reserved 1114112K
  class space    used 4767K, committed 4928K, reserved 1048576K
}
Event: 1.632 GC heap before
{Heap before GC invocations=13 (full 0):
 garbage-first heap   total 57344K, used 40577K [0x00000000c0000000, 0x0000000100000000)
  region size 1024K, 19 young (19456K), 3 survivors (3072K)
 Metaspace       used 37995K, committed 38464K, reserved 1114112K
  class space    used 4784K, committed 4992K, reserved 1048576K
}
Event: 1.636 GC heap after
{Heap after GC invocations=14 (full 0):
 garbage-first heap   total 93184K, used 29092K [0x00000000c0000000, 0x0000000100000000)
  region size 1024K, 3 young (3072K), 3 survivors (3072K)
 Metaspace       used 37995K, committed 38464K, reserved 1114112K
  class space    used 4784K, committed 4992K, reserved 1048576K
}
Event: 1.681 GC heap before
{Heap before GC invocations=14 (full 0):
 garbage-first heap   total 93184K, used 63908K [0x00000000c0000000, 0x0000000100000000)
  region size 1024K, 38 young (38912K), 3 survivors (3072K)
 Metaspace       used 38686K, committed 39104K, reserved 1114112K
  class space    used 4840K, committed 5056K, reserved 1048576K
}
Event: 1.687 GC heap after
{Heap after GC invocations=15 (full 0):
 garbage-first heap   total 93184K, used 35732K [0x00000000c0000000, 0x0000000100000000)
  region size 1024K, 5 young (5120K), 5 survivors (5120K)
 Metaspace       used 38686K, committed 39104K, reserved 1114112K
  class space    used 4840K, committed 5056K, reserved 1048576K
}
Event: 1.712 GC heap before
{Heap before GC invocations=15 (full 0):
 garbage-first heap   total 93184K, used 64404K [0x00000000c0000000, 0x0000000100000000)
  region size 1024K, 34 young (34816K), 5 survivors (5120K)
 Metaspace       used 38916K, committed 39296K, reserved 1114112K
  class space    used 4865K, committed 5056K, reserved 1048576K
}
Event: 1.719 GC heap after
{Heap after GC invocations=16 (full 0):
 garbage-first heap   total 93184K, used 44018K [0x00000000c0000000, 0x0000000100000000)
  region size 1024K, 5 young (5120K), 5 survivors (5120K)
 Metaspace       used 38916K, committed 39296K, reserved 1114112K
  class space    used 4865K, committed 5056K, reserved 1048576K
}
Event: 1.741 GC heap before
{Heap before GC invocations=16 (full 0):
 garbage-first heap   total 93184K, used 66546K [0x00000000c0000000, 0x0000000100000000)
  region size 1024K, 28 young (28672K), 5 survivors (5120K)
 Metaspace       used 39429K, committed 39872K, reserved 1114112K
  class space    used 4914K, committed 5120K, reserved 1048576K
}
Event: 1.747 GC heap after
{Heap after GC invocations=17 (full 0):
 garbage-first heap   total 93184K, used 48401K [0x00000000c0000000, 0x0000000100000000)
  region size 1024K, 4 young (4096K), 4 survivors (4096K)
 Metaspace       used 39429K, committed 39872K, reserved 1114112K
  class space    used 4914K, committed 5120K, reserved 1048576K
}
Event: 1.799 GC heap before
{Heap before GC invocations=17 (full 0):
 garbage-first heap   total 93184K, used 67857K [0x00000000c0000000, 0x0000000100000000)
  region size 1024K, 24 young (24576K), 4 survivors (4096K)
 Metaspace       used 40452K, committed 40896K, reserved 1114112K
  class space    used 4971K, committed 5184K, reserved 1048576K
}
Event: 1.803 GC heap after
{Heap after GC invocations=18 (full 0):
 garbage-first heap   total 218112K, used 52042K [0x00000000c0000000, 0x0000000100000000)
  region size 1024K, 3 young (3072K), 3 survivors (3072K)
 Metaspace       used 40452K, committed 40896K, reserved 1114112K
  class space    used 4971K, committed 5184K, reserved 1048576K
}
Event: 1.906 GC heap before
{Heap before GC invocations=19 (full 0):
 garbage-first heap   total 208896K, used 145226K [0x00000000c0000000, 0x0000000100000000)
  region size 1024K, 93 young (95232K), 3 survivors (3072K)
 Metaspace       used 41385K, committed 41792K, reserved 1114112K
  class space    used 5089K, committed 5248K, reserved 1048576K
}
Event: 1.930 GC heap after
{Heap after GC invocations=20 (full 0):
 garbage-first heap   total 208896K, used 71305K [0x00000000c0000000, 0x0000000100000000)
  region size 1024K, 12 young (12288K), 12 survivors (12288K)
 Metaspace       used 41385K, committed 41792K, reserved 1114112K
  class space    used 5089K, committed 5248K, reserved 1048576K
}
Event: 1.930 GC heap before
{Heap before GC invocations=20 (full 0):
 garbage-first heap   total 208896K, used 71305K [0x00000000c0000000, 0x0000000100000000)
  region size 1024K, 13 young (13312K), 12 survivors (12288K)
 Metaspace       used 41386K, committed 41792K, reserved 1114112K
  class space    used 5089K, committed 5248K, reserved 1048576K
}
Event: 1.938 GC heap after
{Heap after GC invocations=21 (full 0):
 garbage-first heap   total 208896K, used 72984K [0x00000000c0000000, 0x0000000100000000)
  region size 1024K, 2 young (2048K), 2 survivors (2048K)
 Metaspace       used 41386K, committed 41792K, reserved 1114112K
  class space    used 5089K, committed 5248K, reserved 1048576K
}
Event: 1.951 GC heap before
{Heap before GC invocations=21 (full 0):
 garbage-first heap   total 208896K, used 136472K [0x00000000c0000000, 0x0000000100000000)
  region size 1024K, 65 young (66560K), 2 survivors (2048K)
 Metaspace       used 41449K, committed 41856K, reserved 1114112K
  class space    used 5092K, committed 5248K, reserved 1048576K
}
Event: 1.953 GC heap after
{Heap after GC invocations=22 (full 0):
 garbage-first heap   total 208896K, used 76412K [0x00000000c0000000, 0x0000000100000000)
  region size 1024K, 5 young (5120K), 5 survivors (5120K)
 Metaspace       used 41449K, committed 41856K, reserved 1114112K
  class space    used 5092K, committed 5248K, reserved 1048576K
}
Event: 1.967 GC heap before
{Heap before GC invocations=22 (full 0):
 garbage-first heap   total 208896K, used 142972K [0x00000000c0000000, 0x0000000100000000)
  region size 1024K, 71 young (72704K), 5 survivors (5120K)
 Metaspace       used 41466K, committed 41856K, reserved 1114112K
  class space    used 5094K, committed 5248K, reserved 1048576K
}
Event: 1.970 GC heap after
{Heap after GC invocations=23 (full 0):
 garbage-first heap   total 208896K, used 79942K [0x00000000c0000000, 0x0000000100000000)
  region size 1024K, 9 young (9216K), 9 survivors (9216K)
 Metaspace       used 41466K, committed 41856K, reserved 1114112K
  class space    used 5094K, committed 5248K, reserved 1048576K
}
Event: 1.985 GC heap before
{Heap before GC invocations=23 (full 0):
 garbage-first heap   total 208896K, used 152646K [0x00000000c0000000, 0x0000000100000000)
  region size 1024K, 80 young (81920K), 9 survivors (9216K)
 Metaspace       used 41466K, committed 41856K, reserved 1114112K
  class space    used 5094K, committed 5248K, reserved 1048576K
}

