# JRE version: OpenJDK Runtime Environment Temurin-17.0.7+7 (17.0.7+7) (build 17.0.7+7)
# Java VM: OpenJDK 64-Bit Server VM Temurin-17.0.7+7 (17.0.7+7, mixed mode, emulated-client, tiered, compressed oops, compressed class ptrs, g1 gc, windows-amd64)
GC Precious Log:
 CPUs: 12 total, 12 available
 Memory: 7930M
 Large Page Support: Disabled
 NUMA Support: Disabled
 Compressed Oops: Enabled (32-bit)
 Heap Region Size: 1M
 Heap Min Capacity: 8M
 Heap Initial Capacity: 124M
 Heap Max Capacity: 1G
 Pre-touch: Disabled
 Parallel Workers: 10
 Concurrent Workers: 3
 Concurrent Refinement Workers: 10
 Periodic GC: Disabled
Heap:
 garbage-first heap   total 534528K, used 128522K [0x00000000c0000000, 0x0000000100000000)
  region size 1024K, 24 young (24576K), 24 survivors (24576K)
 Metaspace       used 41672K, committed 42176K, reserved 1114112K
  class space    used 5131K, committed 5376K, reserved 1048576K
GC Heap History (20 events):
Event: 1.768 GC heap after
{Heap after GC invocations=16 (full 0):
 garbage-first heap   total 71680K, used 35207K [0x00000000c0000000, 0x0000000100000000)
  region size 1024K, 2 young (2048K), 2 survivors (2048K)
 Metaspace       used 38562K, committed 38976K, reserved 1114112K
  class space    used 4843K, committed 5056K, reserved 1048576K
}
Event: 1.787 GC heap before
{Heap before GC invocations=16 (full 0):
 garbage-first heap   total 71680K, used 53639K [0x00000000c0000000, 0x0000000100000000)
  region size 1024K, 21 young (21504K), 2 survivors (2048K)
 Metaspace       used 38783K, committed 39232K, reserved 1114112K
  class space    used 4856K, committed 5056K, reserved 1048576K
}
Event: 1.793 GC heap after
{Heap after GC invocations=17 (full 0):
 garbage-first heap   total 204800K, used 40433K [0x00000000c0000000, 0x0000000100000000)
  region size 1024K, 3 young (3072K), 3 survivors (3072K)
 Metaspace       used 38783K, committed 39232K, reserved 1114112K
  class space    used 4856K, committed 5056K, reserved 1048576K
}
Event: 1.979 GC heap before
{Heap before GC invocations=18 (full 0):
 garbage-first heap   total 191488K, used 142833K [0x00000000c0000000, 0x0000000100000000)
  region size 1024K, 102 young (104448K), 3 survivors (3072K)
 Metaspace       used 41354K, committed 41728K, reserved 1114112K
  class space    used 5080K, committed 5248K, reserved 1048576K
}
Event: 2.010 GC heap after
{Heap after GC invocations=19 (full 0):
 garbage-first heap   total 191488K, used 67275K [0x00000000c0000000, 0x0000000100000000)
  region size 1024K, 13 young (13312K), 13 survivors (13312K)
 Metaspace       used 41354K, committed 41728K, reserved 1114112K
  class space    used 5080K, committed 5248K, reserved 1048576K
}
Event: 2.011 GC heap before
{Heap before GC invocations=19 (full 0):
 garbage-first heap   total 191488K, used 68299K [0x00000000c0000000, 0x0000000100000000)
  region size 1024K, 14 young (14336K), 13 survivors (13312K)
 Metaspace       used 41354K, committed 41728K, reserved 1114112K
  class space    used 5080K, committed 5248K, reserved 1048576K
}
Event: 2.018 GC heap after
{Heap after GC invocations=20 (full 0):
 garbage-first heap   total 191488K, used 70057K [0x00000000c0000000, 0x0000000100000000)
  region size 1024K, 2 young (2048K), 2 survivors (2048K)
 Metaspace       used 41354K, committed 41728K, reserved 1114112K
  class space    used 5080K, committed 5248K, reserved 1048576K
}
Event: 2.032 GC heap before
{Heap before GC invocations=20 (full 0):
 garbage-first heap   total 191488K, used 123305K [0x00000000c0000000, 0x0000000100000000)
  region size 1024K, 55 young (56320K), 2 survivors (2048K)
 Metaspace       used 41365K, committed 41728K, reserved 1114112K
  class space    used 5082K, committed 5248K, reserved 1048576K
}
Event: 2.034 GC heap after
{Heap after GC invocations=21 (full 0):
 garbage-first heap   total 191488K, used 71322K [0x00000000c0000000, 0x0000000100000000)
  region size 1024K, 3 young (3072K), 3 survivors (3072K)
 Metaspace       used 41365K, committed 41728K, reserved 1114112K
  class space    used 5082K, committed 5248K, reserved 1048576K
}
Event: 2.046 GC heap before
{Heap before GC invocations=21 (full 0):
 garbage-first heap   total 191488K, used 130714K [0x00000000c0000000, 0x0000000100000000)
  region size 1024K, 62 young (63488K), 3 survivors (3072K)
 Metaspace       used 41376K, committed 41792K, reserved 1114112K
  class space    used 5082K, committed 5248K, reserved 1048576K
}
Event: 2.049 GC heap after
{Heap after GC invocations=22 (full 0):
 garbage-first heap   total 191488K, used 73703K [0x00000000c0000000, 0x0000000100000000)
  region size 1024K, 6 young (6144K), 6 survivors (6144K)
 Metaspace       used 41376K, committed 41792K, reserved 1114112K
  class space    used 5082K, committed 5248K, reserved 1048576K
}
Event: 2.065 GC heap before
{Heap before GC invocations=22 (full 0):
 garbage-first heap   total 191488K, used 138215K [0x00000000c0000000, 0x0000000100000000)
  region size 1024K, 70 young (71680K), 6 survivors (6144K)
 Metaspace       used 41397K, committed 41792K, reserved 1114112K
  class space    used 5091K, committed 5248K, reserved 1048576K
}
Event: 2.071 GC heap after
{Heap after GC invocations=23 (full 0):
 garbage-first heap   total 534528K, used 76341K [0x00000000c0000000, 0x0000000100000000)
  region size 1024K, 6 young (6144K), 6 survivors (6144K)
 Metaspace       used 41397K, committed 41792K, reserved 1114112K
  class space    used 5091K, committed 5248K, reserved 1048576K
}
Event: 2.137 GC heap before
{Heap before GC invocations=23 (full 0):
 garbage-first heap   total 534528K, used 350773K [0x00000000c0000000, 0x0000000100000000)
  region size 1024K, 274 young (280576K), 6 survivors (6144K)
 Metaspace       used 41487K, committed 41856K, reserved 1114112K
  class space    used 5100K, committed 5248K, reserved 1048576K
}
Event: 2.145 GC heap after
{Heap after GC invocations=24 (full 0):
 garbage-first heap   total 534528K, used 91823K [0x00000000c0000000, 0x0000000100000000)
  region size 1024K, 20 young (20480K), 20 survivors (20480K)
 Metaspace       used 41487K, committed 41856K, reserved 1114112K
  class space    used 5100K, committed 5248K, reserved 1048576K
}
Event: 2.208 GC heap before
{Heap before GC invocations=24 (full 0):
 garbage-first heap   total 534528K, used 390831K [0x00000000c0000000, 0x0000000100000000)
  region size 1024K, 313 young (320512K), 20 survivors (20480K)
 Metaspace       used 41536K, committed 41920K, reserved 1114112K
  class space    used 5107K, committed 5312K, reserved 1048576K
}
Event: 2.221 GC heap after
{Heap after GC invocations=25 (full 0):
 garbage-first heap   total 534528K, used 104516K [0x00000000c0000000, 0x0000000100000000)
  region size 1024K, 32 young (32768K), 32 survivors (32768K)
 Metaspace       used 41536K, committed 41920K, reserved 1114112K
  class space    used 5107K, committed 5312K, reserved 1048576K
}
Event: 2.282 GC heap before
{Heap before GC invocations=25 (full 0):
 garbage-first heap   total 534528K, used 391236K [0x00000000c0000000, 0x0000000100000000)
  region size 1024K, 313 young (320512K), 32 survivors (32768K)
 Metaspace       used 41602K, committed 42048K, reserved 1114112K
  class space    used 5124K, committed 5312K, reserved 1048576K
}
Event: 2.298 GC heap after
{Heap after GC invocations=26 (full 0):
 garbage-first heap   total 534528K, used 116328K [0x00000000c0000000, 0x0000000100000000)
  region size 1024K, 25 young (25600K), 25 survivors (25600K)
 Metaspace       used 41602K, committed 42048K, reserved 1114112K
  class space    used 5124K, committed 5312K, reserved 1048576K
}
Event: 2.363 GC heap before
{Heap before GC invocations=26 (full 0):
 garbage-first heap   total 534528K, used 410216K [0x00000000c0000000, 0x0000000100000000)
  region size 1024K, 313 young (320512K), 25 survivors (25600K)
 Metaspace       used 41672K, committed 42176K, reserved 1114112K
  class space    used 5131K, committed 5376K, reserved 1048576K
}

