# JRE version: OpenJDK Runtime Environment Temurin-17.0.7+7 (17.0.7+7) (build 17.0.7+7)
# Java VM: OpenJDK 64-Bit Server VM Temurin-17.0.7+7 (17.0.7+7, mixed mode, emulated-client, tiered, compressed oops, compressed class ptrs, g1 gc, windows-amd64)
GC Precious Log:
 CPUs: 12 total, 12 available
 Memory: 7930M
 Large Page Support: Disabled
 NUMA Support: Disabled
 Compressed Oops: Enabled (32-bit)
 Heap Region Size: 1M
 Heap Min Capacity: 8M
 Heap Initial Capacity: 124M
 Heap Max Capacity: 1G
 Pre-touch: Disabled
 Parallel Workers: 10
 Concurrent Workers: 3
 Concurrent Refinement Workers: 10
 Periodic GC: Disabled
Heap:
 garbage-first heap   total 211968K, used 80430K [0x00000000c0000000, 0x0000000100000000)
  region size 1024K, 7 young (7168K), 7 survivors (7168K)
 Metaspace       used 41390K, committed 41792K, reserved 1114112K
  class space    used 5075K, committed 5248K, reserved 1048576K
GC Heap History (20 events):
Event: 1.560 GC heap after
{Heap after GC invocations=11 (full 0):
 garbage-first heap   total 59392K, used 21587K [0x00000000c0000000, 0x0000000100000000)
  region size 1024K, 4 young (4096K), 4 survivors (4096K)
 Metaspace       used 37896K, committed 38272K, reserved 1114112K
  class space    used 4772K, committed 4928K, reserved 1048576K
}
Event: 1.586 GC heap before
{Heap before GC invocations=11 (full 0):
 garbage-first heap   total 59392K, used 42067K [0x00000000c0000000, 0x0000000100000000)
  region size 1024K, 25 young (25600K), 4 survivors (4096K)
 Metaspace       used 37897K, committed 38272K, reserved 1114112K
  class space    used 4772K, committed 4928K, reserved 1048576K
}
Event: 1.590 GC heap after
{Heap after GC invocations=12 (full 0):
 garbage-first heap   total 59392K, used 25364K [0x00000000c0000000, 0x0000000100000000)
  region size 1024K, 4 young (4096K), 4 survivors (4096K)
 Metaspace       used 37897K, committed 38272K, reserved 1114112K
  class space    used 4772K, committed 4928K, reserved 1048576K
}
Event: 1.614 GC heap before
{Heap before GC invocations=12 (full 0):
 garbage-first heap   total 59392K, used 42772K [0x00000000c0000000, 0x0000000100000000)
  region size 1024K, 22 young (22528K), 4 survivors (4096K)
 Metaspace       used 38045K, committed 38464K, reserved 1114112K
  class space    used 4795K, committed 4992K, reserved 1048576K
}
Event: 1.619 GC heap after
{Heap after GC invocations=13 (full 0):
 garbage-first heap   total 95232K, used 29921K [0x00000000c0000000, 0x0000000100000000)
  region size 1024K, 3 young (3072K), 3 survivors (3072K)
 Metaspace       used 38045K, committed 38464K, reserved 1114112K
  class space    used 4795K, committed 4992K, reserved 1048576K
}
Event: 1.666 GC heap before
{Heap before GC invocations=13 (full 0):
 garbage-first heap   total 95232K, used 65761K [0x00000000c0000000, 0x0000000100000000)
  region size 1024K, 39 young (39936K), 3 survivors (3072K)
 Metaspace       used 38716K, committed 39168K, reserved 1114112K
  class space    used 4846K, committed 5056K, reserved 1048576K
}
Event: 1.672 GC heap after
{Heap after GC invocations=14 (full 0):
 garbage-first heap   total 95232K, used 37054K [0x00000000c0000000, 0x0000000100000000)
  region size 1024K, 5 young (5120K), 5 survivors (5120K)
 Metaspace       used 38716K, committed 39168K, reserved 1114112K
  class space    used 4846K, committed 5056K, reserved 1048576K
}
Event: 1.698 GC heap before
{Heap before GC invocations=14 (full 0):
 garbage-first heap   total 95232K, used 67774K [0x00000000c0000000, 0x0000000100000000)
  region size 1024K, 35 young (35840K), 5 survivors (5120K)
 Metaspace       used 39051K, committed 39424K, reserved 1114112K
  class space    used 4880K, committed 5056K, reserved 1048576K
}
Event: 1.705 GC heap after
{Heap after GC invocations=15 (full 0):
 garbage-first heap   total 95232K, used 44332K [0x00000000c0000000, 0x0000000100000000)
  region size 1024K, 5 young (5120K), 5 survivors (5120K)
 Metaspace       used 39051K, committed 39424K, reserved 1114112K
  class space    used 4880K, committed 5056K, reserved 1048576K
}
Event: 1.728 GC heap before
{Heap before GC invocations=15 (full 0):
 garbage-first heap   total 95232K, used 68908K [0x00000000c0000000, 0x0000000100000000)
  region size 1024K, 30 young (30720K), 5 survivors (5120K)
 Metaspace       used 39491K, committed 39936K, reserved 1114112K
  class space    used 4925K, committed 5120K, reserved 1048576K
}
Event: 1.734 GC heap after
{Heap after GC invocations=16 (full 0):
 garbage-first heap   total 95232K, used 49577K [0x00000000c0000000, 0x0000000100000000)
  region size 1024K, 4 young (4096K), 4 survivors (4096K)
 Metaspace       used 39491K, committed 39936K, reserved 1114112K
  class space    used 4925K, committed 5120K, reserved 1048576K
}
Event: 1.786 GC heap before
{Heap before GC invocations=16 (full 0):
 garbage-first heap   total 95232K, used 68009K [0x00000000c0000000, 0x0000000100000000)
  region size 1024K, 24 young (24576K), 4 survivors (4096K)
 Metaspace       used 40491K, committed 40896K, reserved 1114112K
  class space    used 4980K, committed 5184K, reserved 1048576K
}
Event: 1.790 GC heap after
{Heap after GC invocations=17 (full 0):
 garbage-first heap   total 211968K, used 53981K [0x00000000c0000000, 0x0000000100000000)
  region size 1024K, 4 young (4096K), 4 survivors (4096K)
 Metaspace       used 40491K, committed 40896K, reserved 1114112K
  class space    used 4980K, committed 5184K, reserved 1048576K
}
Event: 1.863 GC heap before
{Heap before GC invocations=17 (full 0):
 garbage-first heap   total 211968K, used 135901K [0x00000000c0000000, 0x0000000100000000)
  region size 1024K, 83 young (84992K), 4 survivors (4096K)
 Metaspace       used 41307K, committed 41728K, reserved 1114112K
  class space    used 5062K, committed 5248K, reserved 1048576K
}
Event: 1.885 GC heap after
{Heap after GC invocations=18 (full 0):
 garbage-first heap   total 211968K, used 70677K [0x00000000c0000000, 0x0000000100000000)
  region size 1024K, 11 young (11264K), 11 survivors (11264K)
 Metaspace       used 41307K, committed 41728K, reserved 1114112K
  class space    used 5062K, committed 5248K, reserved 1048576K
}
Event: 1.901 GC heap before
{Heap before GC invocations=18 (full 0):
 garbage-first heap   total 211968K, used 136213K [0x00000000c0000000, 0x0000000100000000)
  region size 1024K, 76 young (77824K), 11 survivors (11264K)
 Metaspace       used 41317K, committed 41728K, reserved 1114112K
  class space    used 5064K, committed 5248K, reserved 1048576K
}
Event: 1.908 GC heap after
{Heap after GC invocations=19 (full 0):
 garbage-first heap   total 211968K, used 74740K [0x00000000c0000000, 0x0000000100000000)
  region size 1024K, 4 young (4096K), 4 survivors (4096K)
 Metaspace       used 41317K, committed 41728K, reserved 1114112K
  class space    used 5064K, committed 5248K, reserved 1048576K
}
Event: 1.923 GC heap before
{Heap before GC invocations=19 (full 0):
 garbage-first heap   total 211968K, used 145396K [0x00000000c0000000, 0x0000000100000000)
  region size 1024K, 74 young (75776K), 4 survivors (4096K)
 Metaspace       used 41336K, committed 41728K, reserved 1114112K
  class space    used 5069K, committed 5248K, reserved 1048576K
}
Event: 1.926 GC heap after
{Heap after GC invocations=20 (full 0):
 garbage-first heap   total 211968K, used 77017K [0x00000000c0000000, 0x0000000100000000)
  region size 1024K, 6 young (6144K), 6 survivors (6144K)
 Metaspace       used 41336K, committed 41728K, reserved 1114112K
  class space    used 5069K, committed 5248K, reserved 1048576K
}
Event: 1.943 GC heap before
{Heap before GC invocations=20 (full 0):
 garbage-first heap   total 211968K, used 152793K [0x00000000c0000000, 0x0000000100000000)
  region size 1024K, 81 young (82944K), 6 survivors (6144K)
 Metaspace       used 41390K, committed 41792K, reserved 1114112K
  class space    used 5075K, committed 5248K, reserved 1048576K
}

