# JRE version: OpenJDK Runtime Environment Temurin-17.0.7+7 (17.0.7+7) (build 17.0.7+7)
# Java VM: OpenJDK 64-Bit Server VM Temurin-17.0.7+7 (17.0.7+7, mixed mode, emulated-client, tiered, compressed oops, compressed class ptrs, g1 gc, windows-amd64)
GC Precious Log:
 CPUs: 12 total, 12 available
 Memory: 7930M
 Large Page Support: Disabled
 NUMA Support: Disabled
 Compressed Oops: Enabled (32-bit)
 Heap Region Size: 1M
 Heap Min Capacity: 8M
 Heap Initial Capacity: 124M
 Heap Max Capacity: 1G
 Pre-touch: Disabled
 Parallel Workers: 10
 Concurrent Workers: 3
 Concurrent Refinement Workers: 10
 Periodic GC: Disabled
Heap:
 garbage-first heap   total 224256K, used 80947K [0x00000000c0000000, 0x0000000100000000)
  region size 1024K, 7 young (7168K), 7 survivors (7168K)
 Metaspace       used 41405K, committed 41792K, reserved 1114112K
  class space    used 5079K, committed 5248K, reserved 1048576K
GC Heap History (20 events):
Event: 1.558 GC heap after
{Heap after GC invocations=12 (full 0):
 garbage-first heap   total 55296K, used 25278K [0x00000000c0000000, 0x0000000100000000)
  region size 1024K, 3 young (3072K), 3 survivors (3072K)
 Metaspace       used 37913K, committed 38400K, reserved 1114112K
  class space    used 4776K, committed 4992K, reserved 1048576K
}
Event: 1.571 GC heap before
{Heap before GC invocations=12 (full 0):
 garbage-first heap   total 55296K, used 39613K [0x00000000c0000000, 0x0000000100000000)
  region size 1024K, 18 young (18432K), 3 survivors (3072K)
 Metaspace       used 37913K, committed 38400K, reserved 1114112K
  class space    used 4776K, committed 4992K, reserved 1048576K
}
Event: 1.576 GC heap after
{Heap after GC invocations=13 (full 0):
 garbage-first heap   total 93184K, used 28617K [0x00000000c0000000, 0x0000000100000000)
  region size 1024K, 3 young (3072K), 3 survivors (3072K)
 Metaspace       used 37913K, committed 38400K, reserved 1114112K
  class space    used 4776K, committed 4992K, reserved 1048576K
}
Event: 1.636 GC heap before
{Heap before GC invocations=13 (full 0):
 garbage-first heap   total 93184K, used 64457K [0x00000000c0000000, 0x0000000100000000)
  region size 1024K, 39 young (39936K), 3 survivors (3072K)
 Metaspace       used 38714K, committed 39168K, reserved 1114112K
  class space    used 4847K, committed 5056K, reserved 1048576K
}
Event: 1.643 GC heap after
{Heap after GC invocations=14 (full 0):
 garbage-first heap   total 93184K, used 35518K [0x00000000c0000000, 0x0000000100000000)
  region size 1024K, 5 young (5120K), 5 survivors (5120K)
 Metaspace       used 38714K, committed 39168K, reserved 1114112K
  class space    used 4847K, committed 5056K, reserved 1048576K
}
Event: 1.671 GC heap before
{Heap before GC invocations=14 (full 0):
 garbage-first heap   total 93184K, used 65214K [0x00000000c0000000, 0x0000000100000000)
  region size 1024K, 35 young (35840K), 5 survivors (5120K)
 Metaspace       used 38889K, committed 39296K, reserved 1114112K
  class space    used 4863K, committed 5056K, reserved 1048576K
}
Event: 1.679 GC heap after
{Heap after GC invocations=15 (full 0):
 garbage-first heap   total 93184K, used 44011K [0x00000000c0000000, 0x0000000100000000)
  region size 1024K, 5 young (5120K), 5 survivors (5120K)
 Metaspace       used 38889K, committed 39296K, reserved 1114112K
  class space    used 4863K, committed 5056K, reserved 1048576K
}
Event: 1.702 GC heap before
{Heap before GC invocations=15 (full 0):
 garbage-first heap   total 93184K, used 67563K [0x00000000c0000000, 0x0000000100000000)
  region size 1024K, 28 young (28672K), 5 survivors (5120K)
 Metaspace       used 39382K, committed 39808K, reserved 1114112K
  class space    used 4914K, committed 5120K, reserved 1048576K
}
Event: 1.708 GC heap after
{Heap after GC invocations=16 (full 0):
 garbage-first heap   total 93184K, used 48448K [0x00000000c0000000, 0x0000000100000000)
  region size 1024K, 4 young (4096K), 4 survivors (4096K)
 Metaspace       used 39382K, committed 39808K, reserved 1114112K
  class space    used 4914K, committed 5120K, reserved 1048576K
}
Event: 1.761 GC heap before
{Heap before GC invocations=16 (full 0):
 garbage-first heap   total 93184K, used 68928K [0x00000000c0000000, 0x0000000100000000)
  region size 1024K, 25 young (25600K), 4 survivors (4096K)
 Metaspace       used 40452K, committed 40896K, reserved 1114112K
  class space    used 4973K, committed 5184K, reserved 1048576K
}
Event: 1.766 GC heap after
{Heap after GC invocations=17 (full 0):
 garbage-first heap   total 224256K, used 52153K [0x00000000c0000000, 0x0000000100000000)
  region size 1024K, 4 young (4096K), 4 survivors (4096K)
 Metaspace       used 40452K, committed 40896K, reserved 1114112K
  class space    used 4973K, committed 5184K, reserved 1048576K
}
Event: 1.855 GC heap before
{Heap before GC invocations=18 (full 0):
 garbage-first heap   total 208896K, used 152505K [0x00000000c0000000, 0x0000000100000000)
  region size 1024K, 101 young (103424K), 4 survivors (4096K)
 Metaspace       used 41236K, committed 41664K, reserved 1114112K
  class space    used 5056K, committed 5248K, reserved 1048576K
}
Event: 1.879 GC heap after
{Heap after GC invocations=19 (full 0):
 garbage-first heap   total 208896K, used 70545K [0x00000000c0000000, 0x0000000100000000)
  region size 1024K, 13 young (13312K), 13 survivors (13312K)
 Metaspace       used 41236K, committed 41664K, reserved 1114112K
  class space    used 5056K, committed 5248K, reserved 1048576K
}
Event: 1.880 GC heap before
{Heap before GC invocations=19 (full 0):
 garbage-first heap   total 208896K, used 71569K [0x00000000c0000000, 0x0000000100000000)
  region size 1024K, 14 young (14336K), 13 survivors (13312K)
 Metaspace       used 41238K, committed 41664K, reserved 1114112K
  class space    used 5058K, committed 5248K, reserved 1048576K
}
Event: 1.887 GC heap after
{Heap after GC invocations=20 (full 0):
 garbage-first heap   total 208896K, used 72958K [0x00000000c0000000, 0x0000000100000000)
  region size 1024K, 2 young (2048K), 2 survivors (2048K)
 Metaspace       used 41238K, committed 41664K, reserved 1114112K
  class space    used 5058K, committed 5248K, reserved 1048576K
}
Event: 1.904 GC heap before
{Heap before GC invocations=20 (full 0):
 garbage-first heap   total 208896K, used 145662K [0x00000000c0000000, 0x0000000100000000)
  region size 1024K, 74 young (75776K), 2 survivors (2048K)
 Metaspace       used 41241K, committed 41664K, reserved 1114112K
  class space    used 5058K, committed 5248K, reserved 1048576K
}
Event: 1.906 GC heap after
{Heap after GC invocations=21 (full 0):
 garbage-first heap   total 208896K, used 74530K [0x00000000c0000000, 0x0000000100000000)
  region size 1024K, 4 young (4096K), 4 survivors (4096K)
 Metaspace       used 41241K, committed 41664K, reserved 1114112K
  class space    used 5058K, committed 5248K, reserved 1048576K
}
Event: 1.921 GC heap before
{Heap before GC invocations=21 (full 0):
 garbage-first heap   total 208896K, used 149282K [0x00000000c0000000, 0x0000000100000000)
  region size 1024K, 78 young (79872K), 4 survivors (4096K)
 Metaspace       used 41265K, committed 41664K, reserved 1114112K
  class space    used 5064K, committed 5248K, reserved 1048576K
}
Event: 1.925 GC heap after
{Heap after GC invocations=22 (full 0):
 garbage-first heap   total 208896K, used 77566K [0x00000000c0000000, 0x0000000100000000)
  region size 1024K, 7 young (7168K), 7 survivors (7168K)
 Metaspace       used 41265K, committed 41664K, reserved 1114112K
  class space    used 5064K, committed 5248K, reserved 1048576K
}
Event: 1.943 GC heap before
{Heap before GC invocations=22 (full 0):
 garbage-first heap   total 208896K, used 155390K [0x00000000c0000000, 0x0000000100000000)
  region size 1024K, 84 young (86016K), 7 survivors (7168K)
 Metaspace       used 41405K, committed 41792K, reserved 1114112K
  class space    used 5079K, committed 5248K, reserved 1048576K
}

