# JRE version: OpenJDK Runtime Environment Temurin-17.0.7+7 (17.0.7+7) (build 17.0.7+7)
# Java VM: OpenJDK 64-Bit Server VM Temurin-17.0.7+7 (17.0.7+7, mixed mode, emulated-client, tiered, compressed oops, compressed class ptrs, g1 gc, windows-amd64)
GC Precious Log:
 CPUs: 12 total, 12 available
 Memory: 7930M
 Large Page Support: Disabled
 NUMA Support: Disabled
 Compressed Oops: Enabled (32-bit)
 Heap Region Size: 1M
 Heap Min Capacity: 8M
 Heap Initial Capacity: 124M
 Heap Max Capacity: 1G
 Pre-touch: Disabled
 Parallel Workers: 10
 Concurrent Workers: 3
 Concurrent Refinement Workers: 10
 Periodic GC: Disabled
Heap:
 garbage-first heap   total 484352K, used 129575K [0x00000000c0000000, 0x0000000100000000)
  region size 1024K, 22 young (22528K), 22 survivors (22528K)
 Metaspace       used 41811K, committed 42240K, reserved 1114112K
  class space    used 5159K, committed 5376K, reserved 1048576K
GC Heap History (20 events):
Event: 1.830 GC heap after
{Heap after GC invocations=14 (full 0):
 garbage-first heap   total 108544K, used 48799K [0x00000000c0000000, 0x0000000100000000)
  region size 1024K, 5 young (5120K), 5 survivors (5120K)
 Metaspace       used 40093K, committed 40576K, reserved 1114112K
  class space    used 4965K, committed 5184K, reserved 1048576K
}
Event: 1.915 GC heap before
{Heap before GC invocations=14 (full 0):
 garbage-first heap   total 108544K, used 79519K [0x00000000c0000000, 0x0000000100000000)
  region size 1024K, 35 young (35840K), 5 survivors (5120K)
 Metaspace       used 41206K, committed 41600K, reserved 1114112K
  class space    used 5061K, committed 5248K, reserved 1048576K
}
Event: 1.922 GC heap after
{Heap after GC invocations=15 (full 0):
 garbage-first heap   total 108544K, used 57364K [0x00000000c0000000, 0x0000000100000000)
  region size 1024K, 5 young (5120K), 5 survivors (5120K)
 Metaspace       used 41206K, committed 41600K, reserved 1114112K
  class space    used 5061K, committed 5248K, reserved 1048576K
}
Event: 1.938 GC heap before
{Heap before GC invocations=15 (full 0):
 garbage-first heap   total 108544K, used 69652K [0x00000000c0000000, 0x0000000100000000)
  region size 1024K, 19 young (19456K), 5 survivors (5120K)
 Metaspace       used 41344K, committed 41792K, reserved 1114112K
  class space    used 5087K, committed 5248K, reserved 1048576K
}
Event: 1.944 GC heap after
{Heap after GC invocations=16 (full 0):
 garbage-first heap   total 217088K, used 62870K [0x00000000c0000000, 0x0000000100000000)
  region size 1024K, 4 young (4096K), 4 survivors (4096K)
 Metaspace       used 41344K, committed 41792K, reserved 1114112K
  class space    used 5087K, committed 5248K, reserved 1048576K
}
Event: 1.982 GC heap before
{Heap before GC invocations=16 (full 0):
 garbage-first heap   total 217088K, used 144790K [0x00000000c0000000, 0x0000000100000000)
  region size 1024K, 83 young (84992K), 4 survivors (4096K)
 Metaspace       used 41528K, committed 42048K, reserved 1114112K
  class space    used 5114K, committed 5376K, reserved 1048576K
}
Event: 1.999 GC heap after
{Heap after GC invocations=17 (full 0):
 garbage-first heap   total 217088K, used 76039K [0x00000000c0000000, 0x0000000100000000)
  region size 1024K, 11 young (11264K), 11 survivors (11264K)
 Metaspace       used 41528K, committed 42048K, reserved 1114112K
  class space    used 5114K, committed 5376K, reserved 1048576K
}
Event: 2.017 GC heap before
{Heap before GC invocations=17 (full 0):
 garbage-first heap   total 217088K, used 150791K [0x00000000c0000000, 0x0000000100000000)
  region size 1024K, 85 young (87040K), 11 survivors (11264K)
 Metaspace       used 41540K, committed 42048K, reserved 1114112K
  class space    used 5116K, committed 5376K, reserved 1048576K
}
Event: 2.023 GC heap after
{Heap after GC invocations=18 (full 0):
 garbage-first heap   total 217088K, used 79815K [0x00000000c0000000, 0x0000000100000000)
  region size 1024K, 4 young (4096K), 4 survivors (4096K)
 Metaspace       used 41540K, committed 42048K, reserved 1114112K
  class space    used 5116K, committed 5376K, reserved 1048576K
}
Event: 2.042 GC heap before
{Heap before GC invocations=18 (full 0):
 garbage-first heap   total 217088K, used 154567K [0x00000000c0000000, 0x0000000100000000)
  region size 1024K, 78 young (79872K), 4 survivors (4096K)
 Metaspace       used 41566K, committed 42048K, reserved 1114112K
  class space    used 5125K, committed 5376K, reserved 1048576K
}
Event: 2.045 GC heap after
{Heap after GC invocations=19 (full 0):
 garbage-first heap   total 217088K, used 82515K [0x00000000c0000000, 0x0000000100000000)
  region size 1024K, 7 young (7168K), 7 survivors (7168K)
 Metaspace       used 41566K, committed 42048K, reserved 1114112K
  class space    used 5125K, committed 5376K, reserved 1048576K
}
Event: 2.062 GC heap before
{Heap before GC invocations=19 (full 0):
 garbage-first heap   total 217088K, used 159315K [0x00000000c0000000, 0x0000000100000000)
  region size 1024K, 83 young (84992K), 7 survivors (7168K)
 Metaspace       used 41570K, committed 42048K, reserved 1114112K
  class space    used 5126K, committed 5376K, reserved 1048576K
}
Event: 2.068 GC heap after
{Heap after GC invocations=20 (full 0):
 garbage-first heap   total 484352K, used 86180K [0x00000000c0000000, 0x0000000100000000)
  region size 1024K, 7 young (7168K), 7 survivors (7168K)
 Metaspace       used 41570K, committed 42048K, reserved 1114112K
  class space    used 5126K, committed 5376K, reserved 1048576K
}
Event: 2.122 GC heap before
{Heap before GC invocations=20 (full 0):
 garbage-first heap   total 484352K, used 298148K [0x00000000c0000000, 0x0000000100000000)
  region size 1024K, 215 young (220160K), 7 survivors (7168K)
 Metaspace       used 41703K, committed 42176K, reserved 1114112K
  class space    used 5138K, committed 5376K, reserved 1048576K
}
Event: 2.129 GC heap after
{Heap after GC invocations=21 (full 0):
 garbage-first heap   total 484352K, used 93946K [0x00000000c0000000, 0x0000000100000000)
  region size 1024K, 15 young (15360K), 15 survivors (15360K)
 Metaspace       used 41703K, committed 42176K, reserved 1114112K
  class space    used 5138K, committed 5376K, reserved 1048576K
}
Event: 2.193 GC heap before
{Heap before GC invocations=21 (full 0):
 garbage-first heap   total 484352K, used 365306K [0x00000000c0000000, 0x0000000100000000)
  region size 1024K, 281 young (287744K), 15 survivors (15360K)
 Metaspace       used 41746K, committed 42240K, reserved 1114112K
  class space    used 5145K, committed 5376K, reserved 1048576K
}
Event: 2.205 GC heap after
{Heap after GC invocations=22 (full 0):
 garbage-first heap   total 484352K, used 108194K [0x00000000c0000000, 0x0000000100000000)
  region size 1024K, 29 young (29696K), 29 survivors (29696K)
 Metaspace       used 41746K, committed 42240K, reserved 1114112K
  class space    used 5145K, committed 5376K, reserved 1048576K
}
Event: 2.263 GC heap before
{Heap before GC invocations=22 (full 0):
 garbage-first heap   total 484352K, used 367266K [0x00000000c0000000, 0x0000000100000000)
  region size 1024K, 283 young (289792K), 29 survivors (29696K)
 Metaspace       used 41795K, committed 42240K, reserved 1114112K
  class space    used 5153K, committed 5376K, reserved 1048576K
}
Event: 2.278 GC heap after
{Heap after GC invocations=23 (full 0):
 garbage-first heap   total 484352K, used 119693K [0x00000000c0000000, 0x0000000100000000)
  region size 1024K, 26 young (26624K), 26 survivors (26624K)
 Metaspace       used 41795K, committed 42240K, reserved 1114112K
  class space    used 5153K, committed 5376K, reserved 1048576K
}
Event: 2.334 GC heap before
{Heap before GC invocations=23 (full 0):
 garbage-first heap   total 484352K, used 381837K [0x00000000c0000000, 0x0000000100000000)
  region size 1024K, 283 young (289792K), 26 survivors (26624K)
 Metaspace       used 41811K, committed 42240K, reserved 1114112K
  class space    used 5159K, committed 5376K, reserved 1048576K
}

