# JRE version: OpenJDK Runtime Environment Temurin-17.0.7+7 (17.0.7+7) (build 17.0.7+7)
# Java VM: OpenJDK 64-Bit Server VM Temurin-17.0.7+7 (17.0.7+7, mixed mode, emulated-client, tiered, compressed oops, compressed class ptrs, g1 gc, windows-amd64)
GC Precious Log:
 CPUs: 12 total, 12 available
 Memory: 7930M
 Large Page Support: Disabled
 NUMA Support: Disabled
 Compressed Oops: Enabled (32-bit)
 Heap Region Size: 1M
 Heap Min Capacity: 8M
 Heap Initial Capacity: 124M
 Heap Max Capacity: 1G
 Pre-touch: Disabled
 Parallel Workers: 10
 Concurrent Workers: 3
 Concurrent Refinement Workers: 10
 Periodic GC: Disabled
Heap:
 garbage-first heap   total 207872K, used 81644K [0x00000000c0000000, 0x0000000100000000)
  region size 1024K, 7 young (7168K), 7 survivors (7168K)
 Metaspace       used 41497K, committed 41920K, reserved 1114112K
  class space    used 5102K, committed 5248K, reserved 1048576K
GC Heap History (20 events):
Event: 1.569 GC heap after
{Heap after GC invocations=11 (full 0):
 garbage-first heap   total 60416K, used 22067K [0x00000000c0000000, 0x0000000100000000)
  region size 1024K, 4 young (4096K), 4 survivors (4096K)
 Metaspace       used 37940K, committed 38400K, reserved 1114112K
  class space    used 4782K, committed 4992K, reserved 1048576K
}
Event: 1.597 GC heap before
{Heap before GC invocations=11 (full 0):
 garbage-first heap   total 60416K, used 42547K [0x00000000c0000000, 0x0000000100000000)
  region size 1024K, 25 young (25600K), 4 survivors (4096K)
 Metaspace       used 37940K, committed 38400K, reserved 1114112K
  class space    used 4782K, committed 4992K, reserved 1048576K
}
Event: 1.602 GC heap after
{Heap after GC invocations=12 (full 0):
 garbage-first heap   total 60416K, used 25861K [0x00000000c0000000, 0x0000000100000000)
  region size 1024K, 4 young (4096K), 4 survivors (4096K)
 Metaspace       used 37940K, committed 38400K, reserved 1114112K
  class space    used 4782K, committed 4992K, reserved 1048576K
}
Event: 1.628 GC heap before
{Heap before GC invocations=12 (full 0):
 garbage-first heap   total 60416K, used 43269K [0x00000000c0000000, 0x0000000100000000)
  region size 1024K, 22 young (22528K), 4 survivors (4096K)
 Metaspace       used 38096K, committed 38528K, reserved 1114112K
  class space    used 4806K, committed 4992K, reserved 1048576K
}
Event: 1.632 GC heap after
{Heap after GC invocations=13 (full 0):
 garbage-first heap   total 98304K, used 30172K [0x00000000c0000000, 0x0000000100000000)
  region size 1024K, 3 young (3072K), 3 survivors (3072K)
 Metaspace       used 38096K, committed 38528K, reserved 1114112K
  class space    used 4806K, committed 4992K, reserved 1048576K
}
Event: 1.677 GC heap before
{Heap before GC invocations=13 (full 0):
 garbage-first heap   total 98304K, used 68060K [0x00000000c0000000, 0x0000000100000000)
  region size 1024K, 40 young (40960K), 3 survivors (3072K)
 Metaspace       used 38798K, committed 39232K, reserved 1114112K
  class space    used 4863K, committed 5056K, reserved 1048576K
}
Event: 1.684 GC heap after
{Heap after GC invocations=14 (full 0):
 garbage-first heap   total 98304K, used 36709K [0x00000000c0000000, 0x0000000100000000)
  region size 1024K, 5 young (5120K), 5 survivors (5120K)
 Metaspace       used 38798K, committed 39232K, reserved 1114112K
  class space    used 4863K, committed 5056K, reserved 1048576K
}
Event: 1.713 GC heap before
{Heap before GC invocations=14 (full 0):
 garbage-first heap   total 98304K, used 69477K [0x00000000c0000000, 0x0000000100000000)
  region size 1024K, 37 young (37888K), 5 survivors (5120K)
 Metaspace       used 39132K, committed 39552K, reserved 1114112K
  class space    used 4891K, committed 5120K, reserved 1048576K
}
Event: 1.721 GC heap after
{Heap after GC invocations=15 (full 0):
 garbage-first heap   total 98304K, used 45193K [0x00000000c0000000, 0x0000000100000000)
  region size 1024K, 5 young (5120K), 5 survivors (5120K)
 Metaspace       used 39132K, committed 39552K, reserved 1114112K
  class space    used 4891K, committed 5120K, reserved 1048576K
}
Event: 1.767 GC heap before
{Heap before GC invocations=15 (full 0):
 garbage-first heap   total 98304K, used 70793K [0x00000000c0000000, 0x0000000100000000)
  region size 1024K, 31 young (31744K), 5 survivors (5120K)
 Metaspace       used 40075K, committed 40512K, reserved 1114112K
  class space    used 4958K, committed 5184K, reserved 1048576K
}
Event: 1.773 GC heap after
{Heap after GC invocations=16 (full 0):
 garbage-first heap   total 98304K, used 50272K [0x00000000c0000000, 0x0000000100000000)
  region size 1024K, 4 young (4096K), 4 survivors (4096K)
 Metaspace       used 40075K, committed 40512K, reserved 1114112K
  class space    used 4958K, committed 5184K, reserved 1048576K
}
Event: 1.816 GC heap before
{Heap before GC invocations=16 (full 0):
 garbage-first heap   total 98304K, used 64608K [0x00000000c0000000, 0x0000000100000000)
  region size 1024K, 20 young (20480K), 4 survivors (4096K)
 Metaspace       used 40825K, committed 41216K, reserved 1114112K
  class space    used 5011K, committed 5184K, reserved 1048576K
}
Event: 1.819 GC heap after
{Heap after GC invocations=17 (full 0):
 garbage-first heap   total 207872K, used 54212K [0x00000000c0000000, 0x0000000100000000)
  region size 1024K, 4 young (4096K), 4 survivors (4096K)
 Metaspace       used 40825K, committed 41216K, reserved 1114112K
  class space    used 5011K, committed 5184K, reserved 1048576K
}
Event: 1.886 GC heap before
{Heap before GC invocations=17 (full 0):
 garbage-first heap   total 207872K, used 145348K [0x00000000c0000000, 0x0000000100000000)
  region size 1024K, 92 young (94208K), 4 survivors (4096K)
 Metaspace       used 41432K, committed 41856K, reserved 1114112K
  class space    used 5091K, committed 5248K, reserved 1048576K
}
Event: 1.906 GC heap after
{Heap after GC invocations=18 (full 0):
 garbage-first heap   total 207872K, used 71015K [0x00000000c0000000, 0x0000000100000000)
  region size 1024K, 12 young (12288K), 12 survivors (12288K)
 Metaspace       used 41432K, committed 41856K, reserved 1114112K
  class space    used 5091K, committed 5248K, reserved 1048576K
}
Event: 1.921 GC heap before
{Heap before GC invocations=18 (full 0):
 garbage-first heap   total 207872K, used 141671K [0x00000000c0000000, 0x0000000100000000)
  region size 1024K, 82 young (83968K), 12 survivors (12288K)
 Metaspace       used 41441K, committed 41856K, reserved 1114112K
  class space    used 5091K, committed 5248K, reserved 1048576K
}
Event: 1.929 GC heap after
{Heap after GC invocations=19 (full 0):
 garbage-first heap   total 207872K, used 74906K [0x00000000c0000000, 0x0000000100000000)
  region size 1024K, 4 young (4096K), 4 survivors (4096K)
 Metaspace       used 41441K, committed 41856K, reserved 1114112K
  class space    used 5091K, committed 5248K, reserved 1048576K
}
Event: 1.944 GC heap before
{Heap before GC invocations=19 (full 0):
 garbage-first heap   total 207872K, used 147610K [0x00000000c0000000, 0x0000000100000000)
  region size 1024K, 76 young (77824K), 4 survivors (4096K)
 Metaspace       used 41448K, committed 41856K, reserved 1114112K
  class space    used 5092K, committed 5248K, reserved 1048576K
}
Event: 1.947 GC heap after
{Heap after GC invocations=20 (full 0):
 garbage-first heap   total 207872K, used 77574K [0x00000000c0000000, 0x0000000100000000)
  region size 1024K, 6 young (6144K), 6 survivors (6144K)
 Metaspace       used 41448K, committed 41856K, reserved 1114112K
  class space    used 5092K, committed 5248K, reserved 1048576K
}
Event: 1.965 GC heap before
{Heap before GC invocations=20 (full 0):
 garbage-first heap   total 207872K, used 154374K [0x00000000c0000000, 0x0000000100000000)
  region size 1024K, 82 young (83968K), 6 survivors (6144K)
 Metaspace       used 41497K, committed 41920K, reserved 1114112K
  class space    used 5102K, committed 5248K, reserved 1048576K
}

