# JRE version: OpenJDK Runtime Environment Temurin-17.0.7+7 (17.0.7+7) (build 17.0.7+7)
# Java VM: OpenJDK 64-Bit Server VM Temurin-17.0.7+7 (17.0.7+7, mixed mode, emulated-client, tiered, compressed oops, compressed class ptrs, g1 gc, windows-amd64)
GC Precious Log:
 CPUs: 12 total, 12 available
 Memory: 7930M
 Large Page Support: Disabled
 NUMA Support: Disabled
 Compressed Oops: Enabled (32-bit)
 Heap Region Size: 1M
 Heap Min Capacity: 8M
 Heap Initial Capacity: 124M
 Heap Max Capacity: 1G
 Pre-touch: Disabled
 Parallel Workers: 10
 Concurrent Workers: 3
 Concurrent Refinement Workers: 10
 Periodic GC: Disabled
Heap:
 garbage-first heap   total 193536K, used 79344K [0x00000000c0000000, 0x0000000100000000)
  region size 1024K, 6 young (6144K), 6 survivors (6144K)
 Metaspace       used 41512K, committed 41920K, reserved 1114112K
  class space    used 5106K, committed 5312K, reserved 1048576K
GC Heap History (20 events):
Event: 1.836 GC heap after
{Heap after GC invocations=12 (full 0):
 garbage-first heap   total 60416K, used 26415K [0x00000000c0000000, 0x0000000100000000)
  region size 1024K, 4 young (4096K), 4 survivors (4096K)
 Metaspace       used 37978K, committed 38400K, reserved 1114112K
  class space    used 4786K, committed 4992K, reserved 1048576K
}
Event: 1.877 GC heap before
{Heap before GC invocations=12 (full 0):
 garbage-first heap   total 60416K, used 43823K [0x00000000c0000000, 0x0000000100000000)
  region size 1024K, 21 young (21504K), 4 survivors (4096K)
 Metaspace       used 38286K, committed 38720K, reserved 1114112K
  class space    used 4832K, committed 5056K, reserved 1048576K
}
Event: 1.882 GC heap after
{Heap after GC invocations=13 (full 0):
 garbage-first heap   total 95232K, used 30183K [0x00000000c0000000, 0x0000000100000000)
  region size 1024K, 3 young (3072K), 3 survivors (3072K)
 Metaspace       used 38286K, committed 38720K, reserved 1114112K
  class space    used 4832K, committed 5056K, reserved 1048576K
}
Event: 1.945 GC heap before
{Heap before GC invocations=13 (full 0):
 garbage-first heap   total 95232K, used 63975K [0x00000000c0000000, 0x0000000100000000)
  region size 1024K, 37 young (37888K), 3 survivors (3072K)
 Metaspace       used 38872K, committed 39296K, reserved 1114112K
  class space    used 4869K, committed 5056K, reserved 1048576K
}
Event: 1.953 GC heap after
{Heap after GC invocations=14 (full 0):
 garbage-first heap   total 95232K, used 35924K [0x00000000c0000000, 0x0000000100000000)
  region size 1024K, 5 young (5120K), 5 survivors (5120K)
 Metaspace       used 38872K, committed 39296K, reserved 1114112K
  class space    used 4869K, committed 5056K, reserved 1048576K
}
Event: 2.007 GC heap before
{Heap before GC invocations=14 (full 0):
 garbage-first heap   total 95232K, used 65620K [0x00000000c0000000, 0x0000000100000000)
  region size 1024K, 35 young (35840K), 5 survivors (5120K)
 Metaspace       used 39213K, committed 39616K, reserved 1114112K
  class space    used 4901K, committed 5120K, reserved 1048576K
}
Event: 2.018 GC heap after
{Heap after GC invocations=15 (full 0):
 garbage-first heap   total 95232K, used 44177K [0x00000000c0000000, 0x0000000100000000)
  region size 1024K, 5 young (5120K), 5 survivors (5120K)
 Metaspace       used 39213K, committed 39616K, reserved 1114112K
  class space    used 4901K, committed 5120K, reserved 1048576K
}
Event: 2.063 GC heap before
{Heap before GC invocations=15 (full 0):
 garbage-first heap   total 95232K, used 67729K [0x00000000c0000000, 0x0000000100000000)
  region size 1024K, 29 young (29696K), 5 survivors (5120K)
 Metaspace       used 39563K, committed 40000K, reserved 1114112K
  class space    used 4938K, committed 5120K, reserved 1048576K
}
Event: 2.069 GC heap after
{Heap after GC invocations=16 (full 0):
 garbage-first heap   total 95232K, used 49278K [0x00000000c0000000, 0x0000000100000000)
  region size 1024K, 4 young (4096K), 4 survivors (4096K)
 Metaspace       used 39563K, committed 40000K, reserved 1114112K
  class space    used 4938K, committed 5120K, reserved 1048576K
}
Event: 2.232 GC heap before
{Heap before GC invocations=16 (full 0):
 garbage-first heap   total 95232K, used 69758K [0x00000000c0000000, 0x0000000100000000)
  region size 1024K, 25 young (25600K), 4 survivors (4096K)
 Metaspace       used 40716K, committed 41152K, reserved 1114112K
  class space    used 5004K, committed 5184K, reserved 1048576K
}
Event: 2.243 GC heap after
{Heap after GC invocations=17 (full 0):
 garbage-first heap   total 193536K, used 52694K [0x00000000c0000000, 0x0000000100000000)
  region size 1024K, 3 young (3072K), 3 survivors (3072K)
 Metaspace       used 40716K, committed 41152K, reserved 1114112K
  class space    used 5004K, committed 5184K, reserved 1048576K
}
Event: 2.421 GC heap before
{Heap before GC invocations=18 (full 0):
 garbage-first heap   total 193536K, used 140758K [0x00000000c0000000, 0x0000000100000000)
  region size 1024K, 88 young (90112K), 3 survivors (3072K)
 Metaspace       used 41409K, committed 41792K, reserved 1114112K
  class space    used 5087K, committed 5248K, reserved 1048576K
}
Event: 2.443 GC heap after
{Heap after GC invocations=19 (full 0):
 garbage-first heap   total 193536K, used 70223K [0x00000000c0000000, 0x0000000100000000)
  region size 1024K, 11 young (11264K), 11 survivors (11264K)
 Metaspace       used 41409K, committed 41792K, reserved 1114112K
  class space    used 5087K, committed 5248K, reserved 1048576K
}
Event: 2.444 GC heap before
{Heap before GC invocations=19 (full 0):
 garbage-first heap   total 193536K, used 70223K [0x00000000c0000000, 0x0000000100000000)
  region size 1024K, 12 young (12288K), 11 survivors (11264K)
 Metaspace       used 41409K, committed 41792K, reserved 1114112K
  class space    used 5087K, committed 5248K, reserved 1048576K
}
Event: 2.450 GC heap after
{Heap after GC invocations=20 (full 0):
 garbage-first heap   total 193536K, used 72404K [0x00000000c0000000, 0x0000000100000000)
  region size 1024K, 2 young (2048K), 2 survivors (2048K)
 Metaspace       used 41409K, committed 41792K, reserved 1114112K
  class space    used 5087K, committed 5248K, reserved 1048576K
}
Event: 2.465 GC heap before
{Heap before GC invocations=20 (full 0):
 garbage-first heap   total 193536K, used 135892K [0x00000000c0000000, 0x0000000100000000)
  region size 1024K, 65 young (66560K), 2 survivors (2048K)
 Metaspace       used 41426K, committed 41792K, reserved 1114112K
  class space    used 5088K, committed 5248K, reserved 1048576K
}
Event: 2.466 GC heap after
{Heap after GC invocations=21 (full 0):
 garbage-first heap   total 193536K, used 73915K [0x00000000c0000000, 0x0000000100000000)
  region size 1024K, 4 young (4096K), 4 survivors (4096K)
 Metaspace       used 41426K, committed 41792K, reserved 1114112K
  class space    used 5088K, committed 5248K, reserved 1048576K
}
Event: 2.482 GC heap before
{Heap before GC invocations=21 (full 0):
 garbage-first heap   total 193536K, used 140475K [0x00000000c0000000, 0x0000000100000000)
  region size 1024K, 70 young (71680K), 4 survivors (4096K)
 Metaspace       used 41451K, committed 41792K, reserved 1114112K
  class space    used 5099K, committed 5248K, reserved 1048576K
}
Event: 2.484 GC heap after
{Heap after GC invocations=22 (full 0):
 garbage-first heap   total 193536K, used 76409K [0x00000000c0000000, 0x0000000100000000)
  region size 1024K, 6 young (6144K), 6 survivors (6144K)
 Metaspace       used 41451K, committed 41792K, reserved 1114112K
  class space    used 5099K, committed 5248K, reserved 1048576K
}
Event: 2.500 GC heap before
{Heap before GC invocations=22 (full 0):
 garbage-first heap   total 193536K, used 146041K [0x00000000c0000000, 0x0000000100000000)
  region size 1024K, 75 young (76800K), 6 survivors (6144K)
 Metaspace       used 41512K, committed 41920K, reserved 1114112K
  class space    used 5106K, committed 5312K, reserved 1048576K
}

