# JRE version: OpenJDK Runtime Environment Temurin-17.0.7+7 (17.0.7+7) (build 17.0.7+7)
# Java VM: OpenJDK 64-Bit Server VM Temurin-17.0.7+7 (17.0.7+7, mixed mode, emulated-client, tiered, compressed oops, compressed class ptrs, g1 gc, windows-amd64)
GC Precious Log:
 CPUs: 12 total, 12 available
 Memory: 7930M
 Large Page Support: Disabled
 NUMA Support: Disabled
 Compressed Oops: Enabled (32-bit)
 Heap Region Size: 1M
 Heap Min Capacity: 8M
 Heap Initial Capacity: 124M
 Heap Max Capacity: 1G
 Pre-touch: Disabled
 Parallel Workers: 10
 Concurrent Workers: 3
 Concurrent Refinement Workers: 10
 Periodic GC: Disabled
Heap:
 garbage-first heap   total 181248K, used 78938K [0x00000000c0000000, 0x0000000100000000)
  region size 1024K, 8 young (8192K), 8 survivors (8192K)
 Metaspace       used 41474K, committed 41856K, reserved 1114112K
  class space    used 5097K, committed 5248K, reserved 1048576K
GC Heap History (20 events):
Event: 1.577 GC heap after
{Heap after GC invocations=11 (full 0):
 garbage-first heap   total 59392K, used 22241K [0x00000000c0000000, 0x0000000100000000)
  region size 1024K, 4 young (4096K), 4 survivors (4096K)
 Metaspace       used 37880K, committed 38208K, reserved 1114112K
  class space    used 4769K, committed 4928K, reserved 1048576K
}
Event: 1.601 GC heap before
{Heap before GC invocations=11 (full 0):
 garbage-first heap   total 59392K, used 42721K [0x00000000c0000000, 0x0000000100000000)
  region size 1024K, 25 young (25600K), 4 survivors (4096K)
 Metaspace       used 37881K, committed 38208K, reserved 1114112K
  class space    used 4769K, committed 4928K, reserved 1048576K
}
Event: 1.605 GC heap after
{Heap after GC invocations=12 (full 0):
 garbage-first heap   total 76800K, used 25767K [0x00000000c0000000, 0x0000000100000000)
  region size 1024K, 4 young (4096K), 4 survivors (4096K)
 Metaspace       used 37881K, committed 38208K, reserved 1114112K
  class space    used 4769K, committed 4928K, reserved 1048576K
}
Event: 1.645 GC heap before
{Heap before GC invocations=12 (full 0):
 garbage-first heap   total 76800K, used 53415K [0x00000000c0000000, 0x0000000100000000)
  region size 1024K, 32 young (32768K), 4 survivors (4096K)
 Metaspace       used 38244K, committed 38720K, reserved 1114112K
  class space    used 4824K, committed 5056K, reserved 1048576K
}
Event: 1.651 GC heap after
{Heap after GC invocations=13 (full 0):
 garbage-first heap   total 76800K, used 31629K [0x00000000c0000000, 0x0000000100000000)
  region size 1024K, 4 young (4096K), 4 survivors (4096K)
 Metaspace       used 38244K, committed 38720K, reserved 1114112K
  class space    used 4824K, committed 5056K, reserved 1048576K
}
Event: 1.675 GC heap before
{Heap before GC invocations=13 (full 0):
 garbage-first heap   total 76800K, used 54157K [0x00000000c0000000, 0x0000000100000000)
  region size 1024K, 27 young (27648K), 4 survivors (4096K)
 Metaspace       used 38688K, committed 39104K, reserved 1114112K
  class space    used 4842K, committed 5056K, reserved 1048576K
}
Event: 1.680 GC heap after
{Heap after GC invocations=14 (full 0):
 garbage-first heap   total 76800K, used 35957K [0x00000000c0000000, 0x0000000100000000)
  region size 1024K, 4 young (4096K), 4 survivors (4096K)
 Metaspace       used 38688K, committed 39104K, reserved 1114112K
  class space    used 4842K, committed 5056K, reserved 1048576K
}
Event: 1.696 GC heap before
{Heap before GC invocations=14 (full 0):
 garbage-first heap   total 76800K, used 55413K [0x00000000c0000000, 0x0000000100000000)
  region size 1024K, 24 young (24576K), 4 survivors (4096K)
 Metaspace       used 38849K, committed 39296K, reserved 1114112K
  class space    used 4855K, committed 5056K, reserved 1048576K
}
Event: 1.702 GC heap after
{Heap after GC invocations=15 (full 0):
 garbage-first heap   total 76800K, used 42897K [0x00000000c0000000, 0x0000000100000000)
  region size 1024K, 3 young (3072K), 3 survivors (3072K)
 Metaspace       used 38849K, committed 39296K, reserved 1114112K
  class space    used 4855K, committed 5056K, reserved 1048576K
}
Event: 1.716 GC heap before
{Heap before GC invocations=15 (full 0):
 garbage-first heap   total 76800K, used 57233K [0x00000000c0000000, 0x0000000100000000)
  region size 1024K, 17 young (17408K), 3 survivors (3072K)
 Metaspace       used 39074K, committed 39488K, reserved 1114112K
  class space    used 4878K, committed 5056K, reserved 1048576K
}
Event: 1.721 GC heap after
{Heap after GC invocations=16 (full 0):
 garbage-first heap   total 181248K, used 45351K [0x00000000c0000000, 0x0000000100000000)
  region size 1024K, 2 young (2048K), 2 survivors (2048K)
 Metaspace       used 39074K, committed 39488K, reserved 1114112K
  class space    used 4878K, committed 5056K, reserved 1048576K
}
Event: 1.871 GC heap before
{Heap before GC invocations=17 (full 0):
 garbage-first heap   total 181248K, used 124199K [0x00000000c0000000, 0x0000000100000000)
  region size 1024K, 78 young (79872K), 2 survivors (2048K)
 Metaspace       used 41341K, committed 41728K, reserved 1114112K
  class space    used 5077K, committed 5248K, reserved 1048576K
}
Event: 1.898 GC heap after
{Heap after GC invocations=18 (full 0):
 garbage-first heap   total 181248K, used 67882K [0x00000000c0000000, 0x0000000100000000)
  region size 1024K, 10 young (10240K), 10 survivors (10240K)
 Metaspace       used 41341K, committed 41728K, reserved 1114112K
  class space    used 5077K, committed 5248K, reserved 1048576K
}
Event: 1.913 GC heap before
{Heap before GC invocations=18 (full 0):
 garbage-first heap   total 181248K, used 119082K [0x00000000c0000000, 0x0000000100000000)
  region size 1024K, 61 young (62464K), 10 survivors (10240K)
 Metaspace       used 41384K, committed 41792K, reserved 1114112K
  class space    used 5086K, committed 5248K, reserved 1048576K
}
Event: 1.919 GC heap after
{Heap after GC invocations=19 (full 0):
 garbage-first heap   total 181248K, used 72032K [0x00000000c0000000, 0x0000000100000000)
  region size 1024K, 4 young (4096K), 4 survivors (4096K)
 Metaspace       used 41384K, committed 41792K, reserved 1114112K
  class space    used 5086K, committed 5248K, reserved 1048576K
}
Event: 1.932 GC heap before
{Heap before GC invocations=19 (full 0):
 garbage-first heap   total 181248K, used 126304K [0x00000000c0000000, 0x0000000100000000)
  region size 1024K, 58 young (59392K), 4 survivors (4096K)
 Metaspace       used 41438K, committed 41792K, reserved 1114112K
  class space    used 5090K, committed 5248K, reserved 1048576K
}
Event: 1.935 GC heap after
{Heap after GC invocations=20 (full 0):
 garbage-first heap   total 181248K, used 73402K [0x00000000c0000000, 0x0000000100000000)
  region size 1024K, 5 young (5120K), 5 survivors (5120K)
 Metaspace       used 41438K, committed 41792K, reserved 1114112K
  class space    used 5090K, committed 5248K, reserved 1048576K
}
Event: 1.948 GC heap before
{Heap before GC invocations=20 (full 0):
 garbage-first heap   total 181248K, used 132794K [0x00000000c0000000, 0x0000000100000000)
  region size 1024K, 64 young (65536K), 5 survivors (5120K)
 Metaspace       used 41474K, committed 41856K, reserved 1114112K
  class space    used 5097K, committed 5248K, reserved 1048576K
}
Event: 1.951 GC heap after
{Heap after GC invocations=21 (full 0):
 garbage-first heap   total 181248K, used 75906K [0x00000000c0000000, 0x0000000100000000)
  region size 1024K, 5 young (5120K), 5 survivors (5120K)
 Metaspace       used 41474K, committed 41856K, reserved 1114112K
  class space    used 5097K, committed 5248K, reserved 1048576K
}
Event: 1.964 GC heap before
{Heap before GC invocations=21 (full 0):
 garbage-first heap   total 181248K, used 138370K [0x00000000c0000000, 0x0000000100000000)
  region size 1024K, 67 young (68608K), 5 survivors (5120K)
 Metaspace       used 41474K, committed 41856K, reserved 1114112K
  class space    used 5097K, committed 5248K, reserved 1048576K
}

