# JRE version: OpenJDK Runtime Environment Temurin-17.0.7+7 (17.0.7+7) (build 17.0.7+7)
# Java VM: OpenJDK 64-Bit Server VM Temurin-17.0.7+7 (17.0.7+7, mixed mode, emulated-client, tiered, compressed oops, compressed class ptrs, g1 gc, windows-amd64)
GC Precious Log:
 CPUs: 12 total, 12 available
 Memory: 7930M
 Large Page Support: Disabled
 NUMA Support: Disabled
 Compressed Oops: Enabled (32-bit)
 Heap Region Size: 1M
 Heap Min Capacity: 8M
 Heap Initial Capacity: 124M
 Heap Max Capacity: 1G
 Pre-touch: Disabled
 Parallel Workers: 10
 Concurrent Workers: 3
 Concurrent Refinement Workers: 10
 Periodic GC: Disabled
Heap:
 garbage-first heap   total 126976K, used 43118K [0x00000000c0000000, 0x0000000100000000)
  region size 1024K, 3 young (3072K), 3 survivors (3072K)
 Metaspace       used 39083K, committed 39488K, reserved 1114112K
  class space    used 4881K, committed 5056K, reserved 1048576K
GC Heap History (20 events):
Event: 0.827 GC heap after
{Heap after GC invocations=5 (full 0):
 garbage-first heap   total 48128K, used 12935K [0x00000000c0000000, 0x0000000100000000)
  region size 1024K, 6 young (6144K), 6 survivors (6144K)
 Metaspace       used 25696K, committed 25984K, reserved 1114112K
  class space    used 3028K, committed 3136K, reserved 1048576K
}
Event: 0.984 GC heap before
{Heap before GC invocations=5 (full 0):
 garbage-first heap   total 48128K, used 31367K [0x00000000c0000000, 0x0000000100000000)
  region size 1024K, 24 young (24576K), 6 survivors (6144K)
 Metaspace       used 28068K, committed 28352K, reserved 1114112K
  class space    used 3327K, committed 3456K, reserved 1048576K
}
Event: 0.988 GC heap after
{Heap after GC invocations=6 (full 0):
 garbage-first heap   total 48128K, used 14094K [0x00000000c0000000, 0x0000000100000000)
  region size 1024K, 3 young (3072K), 3 survivors (3072K)
 Metaspace       used 28068K, committed 28352K, reserved 1114112K
  class space    used 3327K, committed 3456K, reserved 1048576K
}
Event: 1.159 GC heap before
{Heap before GC invocations=6 (full 0):
 garbage-first heap   total 48128K, used 32526K [0x00000000c0000000, 0x0000000100000000)
  region size 1024K, 21 young (21504K), 3 survivors (3072K)
 Metaspace       used 30553K, committed 30912K, reserved 1114112K
  class space    used 3684K, committed 3840K, reserved 1048576K
}
Event: 1.163 GC heap after
{Heap after GC invocations=7 (full 0):
 garbage-first heap   total 58368K, used 15656K [0x00000000c0000000, 0x0000000100000000)
  region size 1024K, 3 young (3072K), 3 survivors (3072K)
 Metaspace       used 30553K, committed 30912K, reserved 1114112K
  class space    used 3684K, committed 3840K, reserved 1048576K
}
Event: 1.405 GC heap before
{Heap before GC invocations=7 (full 0):
 garbage-first heap   total 58368K, used 39208K [0x00000000c0000000, 0x0000000100000000)
  region size 1024K, 27 young (27648K), 3 survivors (3072K)
 Metaspace       used 34901K, committed 35328K, reserved 1114112K
  class space    used 4302K, committed 4480K, reserved 1048576K
}
Event: 1.407 GC heap after
{Heap after GC invocations=8 (full 0):
 garbage-first heap   total 58368K, used 17770K [0x00000000c0000000, 0x0000000100000000)
  region size 1024K, 4 young (4096K), 4 survivors (4096K)
 Metaspace       used 34901K, committed 35328K, reserved 1114112K
  class space    used 4302K, committed 4480K, reserved 1048576K
}
Event: 1.463 GC heap before
{Heap before GC invocations=8 (full 0):
 garbage-first heap   total 58368K, used 22890K [0x00000000c0000000, 0x0000000100000000)
  region size 1024K, 10 young (10240K), 4 survivors (4096K)
 Metaspace       used 35661K, committed 35968K, reserved 1114112K
  class space    used 4410K, committed 4544K, reserved 1048576K
}
Event: 1.465 GC heap after
{Heap after GC invocations=9 (full 0):
 garbage-first heap   total 58368K, used 18400K [0x00000000c0000000, 0x0000000100000000)
  region size 1024K, 3 young (3072K), 3 survivors (3072K)
 Metaspace       used 35661K, committed 35968K, reserved 1114112K
  class space    used 4410K, committed 4544K, reserved 1048576K
}
Event: 1.565 GC heap before
{Heap before GC invocations=10 (full 0):
 garbage-first heap   total 58368K, used 41952K [0x00000000c0000000, 0x0000000100000000)
  region size 1024K, 27 young (27648K), 3 survivors (3072K)
 Metaspace       used 37912K, committed 38400K, reserved 1114112K
  class space    used 4775K, committed 4992K, reserved 1048576K
}
Event: 1.569 GC heap after
{Heap after GC invocations=11 (full 0):
 garbage-first heap   total 58368K, used 21723K [0x00000000c0000000, 0x0000000100000000)
  region size 1024K, 4 young (4096K), 4 survivors (4096K)
 Metaspace       used 37912K, committed 38400K, reserved 1114112K
  class space    used 4775K, committed 4992K, reserved 1048576K
}
Event: 1.592 GC heap before
{Heap before GC invocations=11 (full 0):
 garbage-first heap   total 58368K, used 42203K [0x00000000c0000000, 0x0000000100000000)
  region size 1024K, 25 young (25600K), 4 survivors (4096K)
 Metaspace       used 37913K, committed 38400K, reserved 1114112K
  class space    used 4775K, committed 4992K, reserved 1048576K
}
Event: 1.598 GC heap after
{Heap after GC invocations=12 (full 0):
 garbage-first heap   total 70656K, used 26955K [0x00000000c0000000, 0x0000000100000000)
  region size 1024K, 4 young (4096K), 4 survivors (4096K)
 Metaspace       used 37913K, committed 38400K, reserved 1114112K
  class space    used 4775K, committed 4992K, reserved 1048576K
}
Event: 1.628 GC heap before
{Heap before GC invocations=12 (full 0):
 garbage-first heap   total 70656K, used 48459K [0x00000000c0000000, 0x0000000100000000)
  region size 1024K, 26 young (26624K), 4 survivors (4096K)
 Metaspace       used 38387K, committed 38848K, reserved 1114112K
  class space    used 4829K, committed 5056K, reserved 1048576K
}
Event: 1.632 GC heap after
{Heap after GC invocations=13 (full 0):
 garbage-first heap   total 70656K, used 30246K [0x00000000c0000000, 0x0000000100000000)
  region size 1024K, 4 young (4096K), 4 survivors (4096K)
 Metaspace       used 38387K, committed 38848K, reserved 1114112K
  class space    used 4829K, committed 5056K, reserved 1048576K
}
Event: 1.653 GC heap before
{Heap before GC invocations=13 (full 0):
 garbage-first heap   total 70656K, used 49702K [0x00000000c0000000, 0x0000000100000000)
  region size 1024K, 24 young (24576K), 4 survivors (4096K)
 Metaspace       used 38714K, committed 39168K, reserved 1114112K
  class space    used 4846K, committed 5056K, reserved 1048576K
}
Event: 1.657 GC heap after
{Heap after GC invocations=14 (full 0):
 garbage-first heap   total 70656K, used 33852K [0x00000000c0000000, 0x0000000100000000)
  region size 1024K, 3 young (3072K), 3 survivors (3072K)
 Metaspace       used 38714K, committed 39168K, reserved 1114112K
  class space    used 4846K, committed 5056K, reserved 1048576K
}
Event: 1.674 GC heap before
{Heap before GC invocations=14 (full 0):
 garbage-first heap   total 70656K, used 52284K [0x00000000c0000000, 0x0000000100000000)
  region size 1024K, 21 young (21504K), 3 survivors (3072K)
 Metaspace       used 38905K, committed 39296K, reserved 1114112K
  class space    used 4863K, committed 5056K, reserved 1048576K
}
Event: 1.677 GC heap after
{Heap after GC invocations=15 (full 0):
 garbage-first heap   total 70656K, used 38045K [0x00000000c0000000, 0x0000000100000000)
  region size 1024K, 3 young (3072K), 3 survivors (3072K)
 Metaspace       used 38905K, committed 39296K, reserved 1114112K
  class space    used 4863K, committed 5056K, reserved 1048576K
}
Event: 1.689 GC heap before
{Heap before GC invocations=15 (full 0):
 garbage-first heap   total 70656K, used 53405K [0x00000000c0000000, 0x0000000100000000)
  region size 1024K, 18 young (18432K), 3 survivors (3072K)
 Metaspace       used 39083K, committed 39488K, reserved 1114112K
  class space    used 4881K, committed 5056K, reserved 1048576K
}

