# JRE version: OpenJDK Runtime Environment Temurin-17.0.7+7 (17.0.7+7) (build 17.0.7+7)
# Java VM: OpenJDK 64-Bit Server VM Temurin-17.0.7+7 (17.0.7+7, mixed mode, emulated-client, tiered, compressed oops, compressed class ptrs, g1 gc, windows-amd64)
GC Precious Log:
 CPUs: 12 total, 12 available
 Memory: 7930M
 Large Page Support: Disabled
 NUMA Support: Disabled
 Compressed Oops: Enabled (32-bit)
 Heap Region Size: 1M
 Heap Min Capacity: 8M
 Heap Initial Capacity: 124M
 Heap Max Capacity: 1G
 Pre-touch: Disabled
 Parallel Workers: 10
 Concurrent Workers: 3
 Concurrent Refinement Workers: 10
 Periodic GC: Disabled
Heap:
 garbage-first heap   total 150528K, used 74040K [0x00000000c0000000, 0x0000000100000000)
  region size 1024K, 4 young (4096K), 4 survivors (4096K)
 Metaspace       used 41372K, committed 41728K, reserved 1114112K
  class space    used 5083K, committed 5248K, reserved 1048576K
GC Heap History (20 events):
Event: 1.584 GC heap after
{Heap after GC invocations=11 (full 0):
 garbage-first heap   total 57344K, used 21213K [0x00000000c0000000, 0x0000000100000000)
  region size 1024K, 4 young (4096K), 4 survivors (4096K)
 Metaspace       used 37896K, committed 38336K, reserved 1114112K
  class space    used 4772K, committed 4992K, reserved 1048576K
}
Event: 1.634 GC heap before
{Heap before GC invocations=11 (full 0):
 garbage-first heap   total 57344K, used 41693K [0x00000000c0000000, 0x0000000100000000)
  region size 1024K, 25 young (25600K), 4 survivors (4096K)
 Metaspace       used 37896K, committed 38336K, reserved 1114112K
  class space    used 4772K, committed 4992K, reserved 1048576K
}
Event: 1.641 GC heap after
{Heap after GC invocations=12 (full 0):
 garbage-first heap   total 69632K, used 25253K [0x00000000c0000000, 0x0000000100000000)
  region size 1024K, 4 young (4096K), 4 survivors (4096K)
 Metaspace       used 37896K, committed 38336K, reserved 1114112K
  class space    used 4772K, committed 4992K, reserved 1048576K
}
Event: 1.688 GC heap before
{Heap before GC invocations=12 (full 0):
 garbage-first heap   total 69632K, used 49829K [0x00000000c0000000, 0x0000000100000000)
  region size 1024K, 29 young (29696K), 4 survivors (4096K)
 Metaspace       used 38253K, committed 38720K, reserved 1114112K
  class space    used 4833K, committed 5056K, reserved 1048576K
}
Event: 1.693 GC heap after
{Heap after GC invocations=13 (full 0):
 garbage-first heap   total 69632K, used 31010K [0x00000000c0000000, 0x0000000100000000)
  region size 1024K, 4 young (4096K), 4 survivors (4096K)
 Metaspace       used 38253K, committed 38720K, reserved 1114112K
  class space    used 4833K, committed 5056K, reserved 1048576K
}
Event: 1.718 GC heap before
{Heap before GC invocations=13 (full 0):
 garbage-first heap   total 69632K, used 50466K [0x00000000c0000000, 0x0000000100000000)
  region size 1024K, 24 young (24576K), 4 survivors (4096K)
 Metaspace       used 38667K, committed 39104K, reserved 1114112K
  class space    used 4857K, committed 5056K, reserved 1048576K
}
Event: 1.723 GC heap after
{Heap after GC invocations=14 (full 0):
 garbage-first heap   total 69632K, used 34680K [0x00000000c0000000, 0x0000000100000000)
  region size 1024K, 3 young (3072K), 3 survivors (3072K)
 Metaspace       used 38667K, committed 39104K, reserved 1114112K
  class space    used 4857K, committed 5056K, reserved 1048576K
}
Event: 1.740 GC heap before
{Heap before GC invocations=14 (full 0):
 garbage-first heap   total 69632K, used 51064K [0x00000000c0000000, 0x0000000100000000)
  region size 1024K, 20 young (20480K), 3 survivors (3072K)
 Metaspace       used 38835K, committed 39232K, reserved 1114112K
  class space    used 4869K, committed 5056K, reserved 1048576K
}
Event: 1.744 GC heap after
{Heap after GC invocations=15 (full 0):
 garbage-first heap   total 69632K, used 39493K [0x00000000c0000000, 0x0000000100000000)
  region size 1024K, 3 young (3072K), 3 survivors (3072K)
 Metaspace       used 38835K, committed 39232K, reserved 1114112K
  class space    used 4869K, committed 5056K, reserved 1048576K
}
Event: 1.756 GC heap before
{Heap before GC invocations=15 (full 0):
 garbage-first heap   total 69632K, used 51781K [0x00000000c0000000, 0x0000000100000000)
  region size 1024K, 16 young (16384K), 3 survivors (3072K)
 Metaspace       used 38908K, committed 39296K, reserved 1114112K
  class space    used 4872K, committed 5056K, reserved 1048576K
}
Event: 1.760 GC heap after
{Heap after GC invocations=16 (full 0):
 garbage-first heap   total 150528K, used 43753K [0x00000000c0000000, 0x0000000100000000)
  region size 1024K, 2 young (2048K), 2 survivors (2048K)
 Metaspace       used 38908K, committed 39296K, reserved 1114112K
  class space    used 4872K, committed 5056K, reserved 1048576K
}
Event: 1.871 GC heap before
{Heap before GC invocations=17 (full 0):
 garbage-first heap   total 150528K, used 106217K [0x00000000c0000000, 0x0000000100000000)
  region size 1024K, 63 young (64512K), 2 survivors (2048K)
 Metaspace       used 40873K, committed 41280K, reserved 1114112K
  class space    used 5024K, committed 5184K, reserved 1048576K
}
Event: 1.882 GC heap after
{Heap after GC invocations=18 (full 0):
 garbage-first heap   total 150528K, used 57011K [0x00000000c0000000, 0x0000000100000000)
  region size 1024K, 8 young (8192K), 8 survivors (8192K)
 Metaspace       used 40873K, committed 41280K, reserved 1114112K
  class space    used 5024K, committed 5184K, reserved 1048576K
}
Event: 1.884 GC heap before
{Heap before GC invocations=18 (full 0):
 garbage-first heap   total 150528K, used 57011K [0x00000000c0000000, 0x0000000100000000)
  region size 1024K, 9 young (9216K), 8 survivors (8192K)
 Metaspace       used 40883K, committed 41280K, reserved 1114112K
  class space    used 5026K, committed 5184K, reserved 1048576K
}
Event: 1.890 GC heap after
{Heap after GC invocations=19 (full 0):
 garbage-first heap   total 150528K, used 58860K [0x00000000c0000000, 0x0000000100000000)
  region size 1024K, 2 young (2048K), 2 survivors (2048K)
 Metaspace       used 40883K, committed 41280K, reserved 1114112K
  class space    used 5026K, committed 5184K, reserved 1048576K
}
Event: 1.930 GC heap before
{Heap before GC invocations=19 (full 0):
 garbage-first heap   total 150528K, used 102892K [0x00000000c0000000, 0x0000000100000000)
  region size 1024K, 45 young (46080K), 2 survivors (2048K)
 Metaspace       used 41333K, committed 41728K, reserved 1114112K
  class space    used 5076K, committed 5248K, reserved 1048576K
}
Event: 1.946 GC heap after
{Heap after GC invocations=20 (full 0):
 garbage-first heap   total 150528K, used 70222K [0x00000000c0000000, 0x0000000100000000)
  region size 1024K, 6 young (6144K), 6 survivors (6144K)
 Metaspace       used 41333K, committed 41728K, reserved 1114112K
  class space    used 5076K, committed 5248K, reserved 1048576K
}
Event: 1.957 GC heap before
{Heap before GC invocations=20 (full 0):
 garbage-first heap   total 150528K, used 105038K [0x00000000c0000000, 0x0000000100000000)
  region size 1024K, 41 young (41984K), 6 survivors (6144K)
 Metaspace       used 41363K, committed 41728K, reserved 1114112K
  class space    used 5081K, committed 5248K, reserved 1048576K
}
Event: 1.962 GC heap after
{Heap after GC invocations=21 (full 0):
 garbage-first heap   total 150528K, used 72767K [0x00000000c0000000, 0x0000000100000000)
  region size 1024K, 3 young (3072K), 3 survivors (3072K)
 Metaspace       used 41363K, committed 41728K, reserved 1114112K
  class space    used 5081K, committed 5248K, reserved 1048576K
}
Event: 1.970 GC heap before
{Heap before GC invocations=21 (full 0):
 garbage-first heap   total 150528K, used 110655K [0x00000000c0000000, 0x0000000100000000)
  region size 1024K, 41 young (41984K), 3 survivors (3072K)
 Metaspace       used 41372K, committed 41728K, reserved 1114112K
  class space    used 5083K, committed 5248K, reserved 1048576K
}

