# JRE version: OpenJDK Runtime Environment Temurin-17.0.7+7 (17.0.7+7) (build 17.0.7+7)
# Java VM: OpenJDK 64-Bit Server VM Temurin-17.0.7+7 (17.0.7+7, mixed mode, emulated-client, tiered, compressed oops, compressed class ptrs, g1 gc, windows-amd64)
GC Precious Log:
 CPUs: 12 total, 12 available
 Memory: 7930M
 Large Page Support: Disabled
 NUMA Support: Disabled
 Compressed Oops: Enabled (32-bit)
 Heap Region Size: 1M
 Heap Min Capacity: 8M
 Heap Initial Capacity: 124M
 Heap Max Capacity: 1G
 Pre-touch: Disabled
 Parallel Workers: 10
 Concurrent Workers: 3
 Concurrent Refinement Workers: 10
 Periodic GC: Disabled
Heap:
 garbage-first heap   total 165888K, used 74169K [0x00000000c0000000, 0x0000000100000000)
  region size 1024K, 4 young (4096K), 4 survivors (4096K)
 Metaspace       used 41295K, committed 41728K, reserved 1114112K
  class space    used 5067K, committed 5248K, reserved 1048576K
GC Heap History (20 events):
Event: 1.571 GC heap after
{Heap after GC invocations=11 (full 0):
 garbage-first heap   total 59392K, used 22432K [0x00000000c0000000, 0x0000000100000000)
  region size 1024K, 4 young (4096K), 4 survivors (4096K)
 Metaspace       used 37913K, committed 38400K, reserved 1114112K
  class space    used 4777K, committed 4992K, reserved 1048576K
}
Event: 1.596 GC heap before
{Heap before GC invocations=11 (full 0):
 garbage-first heap   total 59392K, used 42912K [0x00000000c0000000, 0x0000000100000000)
  region size 1024K, 25 young (25600K), 4 survivors (4096K)
 Metaspace       used 37914K, committed 38400K, reserved 1114112K
  class space    used 4777K, committed 4992K, reserved 1048576K
}
Event: 1.601 GC heap after
{Heap after GC invocations=12 (full 0):
 garbage-first heap   total 73728K, used 25929K [0x00000000c0000000, 0x0000000100000000)
  region size 1024K, 4 young (4096K), 4 survivors (4096K)
 Metaspace       used 37914K, committed 38400K, reserved 1114112K
  class space    used 4777K, committed 4992K, reserved 1048576K
}
Event: 1.651 GC heap before
{Heap before GC invocations=12 (full 0):
 garbage-first heap   total 73728K, used 52553K [0x00000000c0000000, 0x0000000100000000)
  region size 1024K, 30 young (30720K), 4 survivors (4096K)
 Metaspace       used 38234K, committed 38720K, reserved 1114112K
  class space    used 4824K, committed 5056K, reserved 1048576K
}
Event: 1.657 GC heap after
{Heap after GC invocations=13 (full 0):
 garbage-first heap   total 73728K, used 31635K [0x00000000c0000000, 0x0000000100000000)
  region size 1024K, 4 young (4096K), 4 survivors (4096K)
 Metaspace       used 38234K, committed 38720K, reserved 1114112K
  class space    used 4824K, committed 5056K, reserved 1048576K
}
Event: 1.679 GC heap before
{Heap before GC invocations=13 (full 0):
 garbage-first heap   total 73728K, used 53139K [0x00000000c0000000, 0x0000000100000000)
  region size 1024K, 25 young (25600K), 4 survivors (4096K)
 Metaspace       used 38604K, committed 39040K, reserved 1114112K
  class space    used 4846K, committed 5056K, reserved 1048576K
}
Event: 1.684 GC heap after
{Heap after GC invocations=14 (full 0):
 garbage-first heap   total 73728K, used 35946K [0x00000000c0000000, 0x0000000100000000)
  region size 1024K, 4 young (4096K), 4 survivors (4096K)
 Metaspace       used 38604K, committed 39040K, reserved 1114112K
  class space    used 4846K, committed 5056K, reserved 1048576K
}
Event: 1.700 GC heap before
{Heap before GC invocations=14 (full 0):
 garbage-first heap   total 73728K, used 53354K [0x00000000c0000000, 0x0000000100000000)
  region size 1024K, 22 young (22528K), 4 survivors (4096K)
 Metaspace       used 38762K, committed 39168K, reserved 1114112K
  class space    used 4851K, committed 5056K, reserved 1048576K
}
Event: 1.706 GC heap after
{Heap after GC invocations=15 (full 0):
 garbage-first heap   total 73728K, used 41558K [0x00000000c0000000, 0x0000000100000000)
  region size 1024K, 3 young (3072K), 3 survivors (3072K)
 Metaspace       used 38762K, committed 39168K, reserved 1114112K
  class space    used 4851K, committed 5056K, reserved 1048576K
}
Event: 1.718 GC heap before
{Heap before GC invocations=15 (full 0):
 garbage-first heap   total 73728K, used 54870K [0x00000000c0000000, 0x0000000100000000)
  region size 1024K, 16 young (16384K), 3 survivors (3072K)
 Metaspace       used 38839K, committed 39232K, reserved 1114112K
  class space    used 4861K, committed 5056K, reserved 1048576K
}
Event: 1.723 GC heap after
{Heap after GC invocations=16 (full 0):
 garbage-first heap   total 165888K, used 44784K [0x00000000c0000000, 0x0000000100000000)
  region size 1024K, 2 young (2048K), 2 survivors (2048K)
 Metaspace       used 38839K, committed 39232K, reserved 1114112K
  class space    used 4861K, committed 5056K, reserved 1048576K
}
Event: 1.841 GC heap before
{Heap before GC invocations=17 (full 0):
 garbage-first heap   total 165888K, used 104176K [0x00000000c0000000, 0x0000000100000000)
  region size 1024K, 60 young (61440K), 2 survivors (2048K)
 Metaspace       used 40791K, committed 41152K, reserved 1114112K
  class space    used 5007K, committed 5184K, reserved 1048576K
}
Event: 1.852 GC heap after
{Heap after GC invocations=18 (full 0):
 garbage-first heap   total 165888K, used 58114K [0x00000000c0000000, 0x0000000100000000)
  region size 1024K, 8 young (8192K), 8 survivors (8192K)
 Metaspace       used 40791K, committed 41152K, reserved 1114112K
  class space    used 5007K, committed 5184K, reserved 1048576K
}
Event: 1.854 GC heap before
{Heap before GC invocations=18 (full 0):
 garbage-first heap   total 165888K, used 59138K [0x00000000c0000000, 0x0000000100000000)
  region size 1024K, 9 young (9216K), 8 survivors (8192K)
 Metaspace       used 40814K, committed 41216K, reserved 1114112K
  class space    used 5010K, committed 5184K, reserved 1048576K
}
Event: 1.860 GC heap after
{Heap after GC invocations=19 (full 0):
 garbage-first heap   total 165888K, used 59484K [0x00000000c0000000, 0x0000000100000000)
  region size 1024K, 2 young (2048K), 2 survivors (2048K)
 Metaspace       used 40814K, committed 41216K, reserved 1114112K
  class space    used 5010K, committed 5184K, reserved 1048576K
}
Event: 1.905 GC heap before
{Heap before GC invocations=19 (full 0):
 garbage-first heap   total 165888K, used 109660K [0x00000000c0000000, 0x0000000100000000)
  region size 1024K, 51 young (52224K), 2 survivors (2048K)
 Metaspace       used 41270K, committed 41664K, reserved 1114112K
  class space    used 5060K, committed 5248K, reserved 1048576K
}
Event: 1.923 GC heap after
{Heap after GC invocations=20 (full 0):
 garbage-first heap   total 165888K, used 69632K [0x00000000c0000000, 0x0000000100000000)
  region size 1024K, 7 young (7168K), 7 survivors (7168K)
 Metaspace       used 41270K, committed 41664K, reserved 1114112K
  class space    used 5060K, committed 5248K, reserved 1048576K
}
Event: 1.933 GC heap before
{Heap before GC invocations=20 (full 0):
 garbage-first heap   total 165888K, used 112640K [0x00000000c0000000, 0x0000000100000000)
  region size 1024K, 50 young (51200K), 7 survivors (7168K)
 Metaspace       used 41282K, committed 41728K, reserved 1114112K
  class space    used 5060K, committed 5248K, reserved 1048576K
}
Event: 1.939 GC heap after
{Heap after GC invocations=21 (full 0):
 garbage-first heap   total 165888K, used 72459K [0x00000000c0000000, 0x0000000100000000)
  region size 1024K, 3 young (3072K), 3 survivors (3072K)
 Metaspace       used 41282K, committed 41728K, reserved 1114112K
  class space    used 5060K, committed 5248K, reserved 1048576K
}
Event: 1.954 GC heap before
{Heap before GC invocations=21 (full 0):
 garbage-first heap   total 165888K, used 119563K [0x00000000c0000000, 0x0000000100000000)
  region size 1024K, 50 young (51200K), 3 survivors (3072K)
 Metaspace       used 41295K, committed 41728K, reserved 1114112K
  class space    used 5067K, committed 5248K, reserved 1048576K
}

