# JRE version: OpenJDK Runtime Environment Temurin-17.0.7+7 (17.0.7+7) (build 17.0.7+7)
# Java VM: OpenJDK 64-Bit Server VM Temurin-17.0.7+7 (17.0.7+7, mixed mode, emulated-client, tiered, compressed oops, compressed class ptrs, g1 gc, windows-amd64)
GC Precious Log:
 CPUs: 12 total, 12 available
 Memory: 7930M
 Large Page Support: Disabled
 NUMA Support: Disabled
 Compressed Oops: Enabled (32-bit)
 Heap Region Size: 1M
 Heap Min Capacity: 8M
 Heap Initial Capacity: 124M
 Heap Max Capacity: 1G
 Pre-touch: Disabled
 Parallel Workers: 10
 Concurrent Workers: 3
 Concurrent Refinement Workers: 10
 Periodic GC: Disabled
Heap:
 garbage-first heap   total 231424K, used 88909K [0x00000000c0000000, 0x0000000100000000)
  region size 1024K, 11 young (11264K), 11 survivors (11264K)
 Metaspace       used 41588K, committed 41984K, reserved 1114112K
  class space    used 5117K, committed 5312K, reserved 1048576K
GC Heap History (20 events):
Event: 1.576 GC heap after
{Heap after GC invocations=11 (full 0):
 garbage-first heap   total 55296K, used 20785K [0x00000000c0000000, 0x0000000100000000)
  region size 1024K, 3 young (3072K), 3 survivors (3072K)
 Metaspace       used 37983K, committed 38464K, reserved 1114112K
  class space    used 4791K, committed 4992K, reserved 1048576K
}
Event: 1.596 GC heap before
{Heap before GC invocations=11 (full 0):
 garbage-first heap   total 55296K, used 39217K [0x00000000c0000000, 0x0000000100000000)
  region size 1024K, 22 young (22528K), 3 survivors (3072K)
 Metaspace       used 37983K, committed 38464K, reserved 1114112K
  class space    used 4791K, committed 4992K, reserved 1048576K
}
Event: 1.601 GC heap after
{Heap after GC invocations=12 (full 0):
 garbage-first heap   total 55296K, used 25069K [0x00000000c0000000, 0x0000000100000000)
  region size 1024K, 3 young (3072K), 3 survivors (3072K)
 Metaspace       used 37983K, committed 38464K, reserved 1114112K
  class space    used 4791K, committed 4992K, reserved 1048576K
}
Event: 1.614 GC heap before
{Heap before GC invocations=12 (full 0):
 garbage-first heap   total 55296K, used 39405K [0x00000000c0000000, 0x0000000100000000)
  region size 1024K, 18 young (18432K), 3 survivors (3072K)
 Metaspace       used 37998K, committed 38464K, reserved 1114112K
  class space    used 4794K, committed 4992K, reserved 1048576K
}
Event: 1.618 GC heap after
{Heap after GC invocations=13 (full 0):
 garbage-first heap   total 100352K, used 28817K [0x00000000c0000000, 0x0000000100000000)
  region size 1024K, 3 young (3072K), 3 survivors (3072K)
 Metaspace       used 37998K, committed 38464K, reserved 1114112K
  class space    used 4794K, committed 4992K, reserved 1048576K
}
Event: 1.685 GC heap before
{Heap before GC invocations=13 (full 0):
 garbage-first heap   total 100352K, used 70801K [0x00000000c0000000, 0x0000000100000000)
  region size 1024K, 45 young (46080K), 3 survivors (3072K)
 Metaspace       used 38944K, committed 39360K, reserved 1114112K
  class space    used 4876K, committed 5056K, reserved 1048576K
}
Event: 1.692 GC heap after
{Heap after GC invocations=14 (full 0):
 garbage-first heap   total 100352K, used 35779K [0x00000000c0000000, 0x0000000100000000)
  region size 1024K, 6 young (6144K), 6 survivors (6144K)
 Metaspace       used 38944K, committed 39360K, reserved 1114112K
  class space    used 4876K, committed 5056K, reserved 1048576K
}
Event: 1.720 GC heap before
{Heap before GC invocations=14 (full 0):
 garbage-first heap   total 100352K, used 70595K [0x00000000c0000000, 0x0000000100000000)
  region size 1024K, 40 young (40960K), 6 survivors (6144K)
 Metaspace       used 39492K, committed 39872K, reserved 1114112K
  class space    used 4935K, committed 5120K, reserved 1048576K
}
Event: 1.729 GC heap after
{Heap after GC invocations=15 (full 0):
 garbage-first heap   total 100352K, used 44722K [0x00000000c0000000, 0x0000000100000000)
  region size 1024K, 5 young (5120K), 5 survivors (5120K)
 Metaspace       used 39492K, committed 39872K, reserved 1114112K
  class space    used 4935K, committed 5120K, reserved 1048576K
}
Event: 1.764 GC heap before
{Heap before GC invocations=15 (full 0):
 garbage-first heap   total 100352K, used 72370K [0x00000000c0000000, 0x0000000100000000)
  region size 1024K, 32 young (32768K), 5 survivors (5120K)
 Metaspace       used 40268K, committed 40704K, reserved 1114112K
  class space    used 4966K, committed 5184K, reserved 1048576K
}
Event: 1.770 GC heap after
{Heap after GC invocations=16 (full 0):
 garbage-first heap   total 100352K, used 50457K [0x00000000c0000000, 0x0000000100000000)
  region size 1024K, 4 young (4096K), 4 survivors (4096K)
 Metaspace       used 40268K, committed 40704K, reserved 1114112K
  class space    used 4966K, committed 5184K, reserved 1048576K
}
Event: 1.812 GC heap before
{Heap before GC invocations=16 (full 0):
 garbage-first heap   total 100352K, used 65817K [0x00000000c0000000, 0x0000000100000000)
  region size 1024K, 21 young (21504K), 4 survivors (4096K)
 Metaspace       used 40913K, committed 41344K, reserved 1114112K
  class space    used 5027K, committed 5248K, reserved 1048576K
}
Event: 1.817 GC heap after
{Heap after GC invocations=17 (full 0):
 garbage-first heap   total 231424K, used 54693K [0x00000000c0000000, 0x0000000100000000)
  region size 1024K, 4 young (4096K), 4 survivors (4096K)
 Metaspace       used 40913K, committed 41344K, reserved 1114112K
  class space    used 5027K, committed 5248K, reserved 1048576K
}
Event: 1.893 GC heap before
{Heap before GC invocations=17 (full 0):
 garbage-first heap   total 231424K, used 163237K [0x00000000c0000000, 0x0000000100000000)
  region size 1024K, 109 young (111616K), 4 survivors (4096K)
 Metaspace       used 41515K, committed 41920K, reserved 1114112K
  class space    used 5112K, committed 5312K, reserved 1048576K
}
Event: 1.916 GC heap after
{Heap after GC invocations=18 (full 0):
 garbage-first heap   total 231424K, used 72560K [0x00000000c0000000, 0x0000000100000000)
  region size 1024K, 14 young (14336K), 14 survivors (14336K)
 Metaspace       used 41515K, committed 41920K, reserved 1114112K
  class space    used 5112K, committed 5312K, reserved 1048576K
}
Event: 1.936 GC heap before
{Heap before GC invocations=18 (full 0):
 garbage-first heap   total 231424K, used 159600K [0x00000000c0000000, 0x0000000100000000)
  region size 1024K, 100 young (102400K), 14 survivors (14336K)
 Metaspace       used 41566K, committed 41984K, reserved 1114112K
  class space    used 5114K, committed 5312K, reserved 1048576K
}
Event: 1.945 GC heap after
{Heap after GC invocations=19 (full 0):
 garbage-first heap   total 231424K, used 78801K [0x00000000c0000000, 0x0000000100000000)
  region size 1024K, 6 young (6144K), 6 survivors (6144K)
 Metaspace       used 41566K, committed 41984K, reserved 1114112K
  class space    used 5114K, committed 5312K, reserved 1048576K
}
Event: 1.964 GC heap before
{Heap before GC invocations=19 (full 0):
 garbage-first heap   total 231424K, used 166865K [0x00000000c0000000, 0x0000000100000000)
  region size 1024K, 93 young (95232K), 6 survivors (6144K)
 Metaspace       used 41588K, committed 41984K, reserved 1114112K
  class space    used 5117K, committed 5312K, reserved 1048576K
}
Event: 1.967 GC heap after
{Heap after GC invocations=20 (full 0):
 garbage-first heap   total 231424K, used 83258K [0x00000000c0000000, 0x0000000100000000)
  region size 1024K, 11 young (11264K), 11 survivors (11264K)
 Metaspace       used 41588K, committed 41984K, reserved 1114112K
  class space    used 5117K, committed 5312K, reserved 1048576K
}
Event: 1.986 GC heap before
{Heap before GC invocations=20 (full 0):
 garbage-first heap   total 231424K, used 173370K [0x00000000c0000000, 0x0000000100000000)
  region size 1024K, 99 young (101376K), 11 survivors (11264K)
 Metaspace       used 41588K, committed 41984K, reserved 1114112K
  class space    used 5117K, committed 5312K, reserved 1048576K
}

