# JRE version: OpenJDK Runtime Environment Temurin-17.0.7+7 (17.0.7+7) (build 17.0.7+7)
# Java VM: OpenJDK 64-Bit Server VM Temurin-17.0.7+7 (17.0.7+7, mixed mode, emulated-client, tiered, compressed oops, compressed class ptrs, g1 gc, windows-amd64)
GC Precious Log:
 CPUs: 12 total, 12 available
 Memory: 7930M
 Large Page Support: Disabled
 NUMA Support: Disabled
 Compressed Oops: Enabled (32-bit)
 Heap Region Size: 1M
 Heap Min Capacity: 8M
 Heap Initial Capacity: 124M
 Heap Max Capacity: 1G
 Pre-touch: Disabled
 Parallel Workers: 10
 Concurrent Workers: 3
 Concurrent Refinement Workers: 10
 Periodic GC: Disabled
Heap:
 garbage-first heap   total 172032K, used 74122K [0x00000000c0000000, 0x0000000100000000)
  region size 1024K, 5 young (5120K), 5 survivors (5120K)
 Metaspace       used 41469K, committed 41920K, reserved 1114112K
  class space    used 5094K, committed 5312K, reserved 1048576K
GC Heap History (20 events):
Event: 0.936 GC heap after
{Heap after GC invocations=6 (full 0):
 garbage-first heap   total 48128K, used 13244K [0x00000000c0000000, 0x0000000100000000)
  region size 1024K, 1 young (1024K), 1 survivors (1024K)
 Metaspace       used 25832K, committed 26048K, reserved 1114112K
  class space    used 3039K, committed 3136K, reserved 1048576K
}
Event: 1.155 GC heap before
{Heap before GC invocations=6 (full 0):
 garbage-first heap   total 48128K, used 32700K [0x00000000c0000000, 0x0000000100000000)
  region size 1024K, 20 young (20480K), 1 survivors (1024K)
 Metaspace       used 28592K, committed 28928K, reserved 1114112K
  class space    used 3403K, committed 3584K, reserved 1048576K
}
Event: 1.158 GC heap after
{Heap after GC invocations=7 (full 0):
 garbage-first heap   total 102400K, used 14148K [0x00000000c0000000, 0x0000000100000000)
  region size 1024K, 2 young (2048K), 2 survivors (2048K)
 Metaspace       used 28592K, committed 28928K, reserved 1114112K
  class space    used 3403K, committed 3584K, reserved 1048576K
}
Event: 1.611 GC heap before
{Heap before GC invocations=7 (full 0):
 garbage-first heap   total 102400K, used 59204K [0x00000000c0000000, 0x0000000100000000)
  region size 1024K, 47 young (48128K), 2 survivors (2048K)
 Metaspace       used 35664K, committed 35968K, reserved 1114112K
  class space    used 4413K, committed 4544K, reserved 1048576K
}
Event: 1.616 GC heap after
{Heap after GC invocations=8 (full 0):
 garbage-first heap   total 102400K, used 18113K [0x00000000c0000000, 0x0000000100000000)
  region size 1024K, 6 young (6144K), 6 survivors (6144K)
 Metaspace       used 35664K, committed 35968K, reserved 1114112K
  class space    used 4413K, committed 4544K, reserved 1048576K
}
Event: 1.757 GC heap before
{Heap before GC invocations=9 (full 0):
 garbage-first heap   total 65536K, used 49857K [0x00000000c0000000, 0x0000000100000000)
  region size 1024K, 39 young (39936K), 6 survivors (6144K)
 Metaspace       used 37899K, committed 38336K, reserved 1114112K
  class space    used 4774K, committed 4992K, reserved 1048576K
}
Event: 1.764 GC heap after
{Heap after GC invocations=10 (full 0):
 garbage-first heap   total 65536K, used 22691K [0x00000000c0000000, 0x0000000100000000)
  region size 1024K, 5 young (5120K), 5 survivors (5120K)
 Metaspace       used 37899K, committed 38336K, reserved 1114112K
  class space    used 4774K, committed 4992K, reserved 1048576K
}
Event: 1.766 GC heap before
{Heap before GC invocations=10 (full 0):
 garbage-first heap   total 65536K, used 23715K [0x00000000c0000000, 0x0000000100000000)
  region size 1024K, 6 young (6144K), 5 survivors (5120K)
 Metaspace       used 37899K, committed 38336K, reserved 1114112K
  class space    used 4774K, committed 4992K, reserved 1048576K
}
Event: 1.769 GC heap after
{Heap after GC invocations=11 (full 0):
 garbage-first heap   total 65536K, used 23209K [0x00000000c0000000, 0x0000000100000000)
  region size 1024K, 1 young (1024K), 1 survivors (1024K)
 Metaspace       used 37899K, committed 38336K, reserved 1114112K
  class space    used 4774K, committed 4992K, reserved 1048576K
}
Event: 1.792 GC heap before
{Heap before GC invocations=11 (full 0):
 garbage-first heap   total 65536K, used 46761K [0x00000000c0000000, 0x0000000100000000)
  region size 1024K, 25 young (25600K), 1 survivors (1024K)
 Metaspace       used 37921K, committed 38400K, reserved 1114112K
  class space    used 4778K, committed 4992K, reserved 1048576K
}
Event: 1.796 GC heap after
{Heap after GC invocations=12 (full 0):
 garbage-first heap   total 65536K, used 28604K [0x00000000c0000000, 0x0000000100000000)
  region size 1024K, 4 young (4096K), 4 survivors (4096K)
 Metaspace       used 37921K, committed 38400K, reserved 1114112K
  class space    used 4778K, committed 4992K, reserved 1048576K
}
Event: 1.829 GC heap before
{Heap before GC invocations=12 (full 0):
 garbage-first heap   total 65536K, used 47036K [0x00000000c0000000, 0x0000000100000000)
  region size 1024K, 23 young (23552K), 4 survivors (4096K)
 Metaspace       used 38447K, committed 38912K, reserved 1114112K
  class space    used 4836K, committed 5056K, reserved 1048576K
}
Event: 1.834 GC heap after
{Heap after GC invocations=13 (full 0):
 garbage-first heap   total 172032K, used 32210K [0x00000000c0000000, 0x0000000100000000)
  region size 1024K, 3 young (3072K), 3 survivors (3072K)
 Metaspace       used 38447K, committed 38912K, reserved 1114112K
  class space    used 4836K, committed 5056K, reserved 1048576K
}
Event: 1.973 GC heap before
{Heap before GC invocations=13 (full 0):
 garbage-first heap   total 172032K, used 120274K [0x00000000c0000000, 0x0000000100000000)
  region size 1024K, 90 young (92160K), 3 survivors (3072K)
 Metaspace       used 40509K, committed 40960K, reserved 1114112K
  class space    used 4981K, committed 5184K, reserved 1048576K
}
Event: 1.988 GC heap after
{Heap after GC invocations=14 (full 0):
 garbage-first heap   total 172032K, used 49472K [0x00000000c0000000, 0x0000000100000000)
  region size 1024K, 12 young (12288K), 12 survivors (12288K)
 Metaspace       used 40509K, committed 40960K, reserved 1114112K
  class space    used 4981K, committed 5184K, reserved 1048576K
}
Event: 2.076 GC heap before
{Heap before GC invocations=14 (full 0):
 garbage-first heap   total 172032K, used 110912K [0x00000000c0000000, 0x0000000100000000)
  region size 1024K, 71 young (72704K), 12 survivors (12288K)
 Metaspace       used 41448K, committed 41920K, reserved 1114112K
  class space    used 5092K, committed 5312K, reserved 1048576K
}
Event: 2.105 GC heap after
{Heap after GC invocations=15 (full 0):
 garbage-first heap   total 172032K, used 67784K [0x00000000c0000000, 0x0000000100000000)
  region size 1024K, 9 young (9216K), 9 survivors (9216K)
 Metaspace       used 41448K, committed 41920K, reserved 1114112K
  class space    used 5092K, committed 5312K, reserved 1048576K
}
Event: 2.117 GC heap before
{Heap before GC invocations=15 (full 0):
 garbage-first heap   total 172032K, used 117960K [0x00000000c0000000, 0x0000000100000000)
  region size 1024K, 59 young (60416K), 9 survivors (9216K)
 Metaspace       used 41461K, committed 41920K, reserved 1114112K
  class space    used 5093K, committed 5312K, reserved 1048576K
}
Event: 2.123 GC heap after
{Heap after GC invocations=16 (full 0):
 garbage-first heap   total 172032K, used 71937K [0x00000000c0000000, 0x0000000100000000)
  region size 1024K, 3 young (3072K), 3 survivors (3072K)
 Metaspace       used 41461K, committed 41920K, reserved 1114112K
  class space    used 5093K, committed 5312K, reserved 1048576K
}
Event: 2.136 GC heap before
{Heap before GC invocations=16 (full 0):
 garbage-first heap   total 172032K, used 124161K [0x00000000c0000000, 0x0000000100000000)
  region size 1024K, 55 young (56320K), 3 survivors (3072K)
 Metaspace       used 41469K, committed 41920K, reserved 1114112K
  class space    used 5094K, committed 5312K, reserved 1048576K
}

