# JRE version: OpenJDK Runtime Environment Temurin-17.0.7+7 (17.0.7+7) (build 17.0.7+7)
# Java VM: OpenJDK 64-Bit Server VM Temurin-17.0.7+7 (17.0.7+7, mixed mode, emulated-client, tiered, compressed oops, compressed class ptrs, g1 gc, windows-amd64)
GC Precious Log:
 CPUs: 12 total, 12 available
 Memory: 7930M
 Large Page Support: Disabled
 NUMA Support: Disabled
 Compressed Oops: Enabled (32-bit)
 Heap Region Size: 1M
 Heap Min Capacity: 8M
 Heap Initial Capacity: 124M
 Heap Max Capacity: 1G
 Pre-touch: Disabled
 Parallel Workers: 10
 Concurrent Workers: 3
 Concurrent Refinement Workers: 10
 Periodic GC: Disabled
Heap:
 garbage-first heap   total 221184K, used 81762K [0x00000000c0000000, 0x0000000100000000)
  region size 1024K, 7 young (7168K), 7 survivors (7168K)
 Metaspace       used 41408K, committed 41792K, reserved 1114112K
  class space    used 5076K, committed 5248K, reserved 1048576K
GC Heap History (20 events):
Event: 1.653 GC heap after
{Heap after GC invocations=11 (full 0):
 garbage-first heap   total 55296K, used 20369K [0x00000000c0000000, 0x0000000100000000)
  region size 1024K, 3 young (3072K), 3 survivors (3072K)
 Metaspace       used 37898K, committed 38336K, reserved 1114112K
  class space    used 4774K, committed 4992K, reserved 1048576K
}
Event: 1.678 GC heap before
{Heap before GC invocations=11 (full 0):
 garbage-first heap   total 55296K, used 40849K [0x00000000c0000000, 0x0000000100000000)
  region size 1024K, 24 young (24576K), 3 survivors (3072K)
 Metaspace       used 37898K, committed 38336K, reserved 1114112K
  class space    used 4774K, committed 4992K, reserved 1048576K
}
Event: 1.683 GC heap after
{Heap after GC invocations=12 (full 0):
 garbage-first heap   total 55296K, used 24951K [0x00000000c0000000, 0x0000000100000000)
  region size 1024K, 3 young (3072K), 3 survivors (3072K)
 Metaspace       used 37898K, committed 38336K, reserved 1114112K
  class space    used 4774K, committed 4992K, reserved 1048576K
}
Event: 1.706 GC heap before
{Heap before GC invocations=12 (full 0):
 garbage-first heap   total 55296K, used 40311K [0x00000000c0000000, 0x0000000100000000)
  region size 1024K, 19 young (19456K), 3 survivors (3072K)
 Metaspace       used 38009K, committed 38464K, reserved 1114112K
  class space    used 4790K, committed 4992K, reserved 1048576K
}
Event: 1.710 GC heap after
{Heap after GC invocations=13 (full 0):
 garbage-first heap   total 95232K, used 29130K [0x00000000c0000000, 0x0000000100000000)
  region size 1024K, 3 young (3072K), 3 survivors (3072K)
 Metaspace       used 38009K, committed 38464K, reserved 1114112K
  class space    used 4790K, committed 4992K, reserved 1048576K
}
Event: 1.756 GC heap before
{Heap before GC invocations=13 (full 0):
 garbage-first heap   total 95232K, used 68042K [0x00000000c0000000, 0x0000000100000000)
  region size 1024K, 41 young (41984K), 3 survivors (3072K)
 Metaspace       used 38703K, committed 39168K, reserved 1114112K
  class space    used 4845K, committed 5056K, reserved 1048576K
}
Event: 1.763 GC heap after
{Heap after GC invocations=14 (full 0):
 garbage-first heap   total 95232K, used 36581K [0x00000000c0000000, 0x0000000100000000)
  region size 1024K, 6 young (6144K), 6 survivors (6144K)
 Metaspace       used 38703K, committed 39168K, reserved 1114112K
  class space    used 4845K, committed 5056K, reserved 1048576K
}
Event: 1.788 GC heap before
{Heap before GC invocations=14 (full 0):
 garbage-first heap   total 95232K, used 68325K [0x00000000c0000000, 0x0000000100000000)
  region size 1024K, 37 young (37888K), 6 survivors (6144K)
 Metaspace       used 39021K, committed 39424K, reserved 1114112K
  class space    used 4876K, committed 5056K, reserved 1048576K
}
Event: 1.797 GC heap after
{Heap after GC invocations=15 (full 0):
 garbage-first heap   total 95232K, used 44624K [0x00000000c0000000, 0x0000000100000000)
  region size 1024K, 5 young (5120K), 5 survivors (5120K)
 Metaspace       used 39021K, committed 39424K, reserved 1114112K
  class space    used 4876K, committed 5056K, reserved 1048576K
}
Event: 1.820 GC heap before
{Heap before GC invocations=15 (full 0):
 garbage-first heap   total 95232K, used 70224K [0x00000000c0000000, 0x0000000100000000)
  region size 1024K, 30 young (30720K), 5 survivors (5120K)
 Metaspace       used 39478K, committed 39936K, reserved 1114112K
  class space    used 4923K, committed 5120K, reserved 1048576K
}
Event: 1.826 GC heap after
{Heap after GC invocations=16 (full 0):
 garbage-first heap   total 95232K, used 50307K [0x00000000c0000000, 0x0000000100000000)
  region size 1024K, 4 young (4096K), 4 survivors (4096K)
 Metaspace       used 39478K, committed 39936K, reserved 1114112K
  class space    used 4923K, committed 5120K, reserved 1048576K
}
Event: 1.883 GC heap before
{Heap before GC invocations=16 (full 0):
 garbage-first heap   total 95232K, used 69763K [0x00000000c0000000, 0x0000000100000000)
  region size 1024K, 25 young (25600K), 4 survivors (4096K)
 Metaspace       used 40486K, committed 40896K, reserved 1114112K
  class space    used 4979K, committed 5184K, reserved 1048576K
}
Event: 1.888 GC heap after
{Heap after GC invocations=17 (full 0):
 garbage-first heap   total 221184K, used 54728K [0x00000000c0000000, 0x0000000100000000)
  region size 1024K, 4 young (4096K), 4 survivors (4096K)
 Metaspace       used 40486K, committed 40896K, reserved 1114112K
  class space    used 4979K, committed 5184K, reserved 1048576K
}
Event: 1.960 GC heap before
{Heap before GC invocations=17 (full 0):
 garbage-first heap   total 221184K, used 136648K [0x00000000c0000000, 0x0000000100000000)
  region size 1024K, 83 young (84992K), 4 survivors (4096K)
 Metaspace       used 41250K, committed 41664K, reserved 1114112K
  class space    used 5055K, committed 5248K, reserved 1048576K
}
Event: 1.983 GC heap after
{Heap after GC invocations=18 (full 0):
 garbage-first heap   total 221184K, used 71149K [0x00000000c0000000, 0x0000000100000000)
  region size 1024K, 11 young (11264K), 11 survivors (11264K)
 Metaspace       used 41250K, committed 41664K, reserved 1114112K
  class space    used 5055K, committed 5248K, reserved 1048576K
}
Event: 1.998 GC heap before
{Heap before GC invocations=18 (full 0):
 garbage-first heap   total 221184K, used 141805K [0x00000000c0000000, 0x0000000100000000)
  region size 1024K, 81 young (82944K), 11 survivors (11264K)
 Metaspace       used 41256K, committed 41664K, reserved 1114112K
  class space    used 5056K, committed 5248K, reserved 1048576K
}
Event: 2.006 GC heap after
{Heap after GC invocations=19 (full 0):
 garbage-first heap   total 221184K, used 75465K [0x00000000c0000000, 0x0000000100000000)
  region size 1024K, 4 young (4096K), 4 survivors (4096K)
 Metaspace       used 41256K, committed 41664K, reserved 1114112K
  class space    used 5056K, committed 5248K, reserved 1048576K
}
Event: 2.023 GC heap before
{Heap before GC invocations=19 (full 0):
 garbage-first heap   total 221184K, used 149193K [0x00000000c0000000, 0x0000000100000000)
  region size 1024K, 77 young (78848K), 4 survivors (4096K)
 Metaspace       used 41272K, committed 41664K, reserved 1114112K
  class space    used 5062K, committed 5248K, reserved 1048576K
}
Event: 2.026 GC heap after
{Heap after GC invocations=20 (full 0):
 garbage-first heap   total 221184K, used 77894K [0x00000000c0000000, 0x0000000100000000)
  region size 1024K, 7 young (7168K), 7 survivors (7168K)
 Metaspace       used 41272K, committed 41664K, reserved 1114112K
  class space    used 5062K, committed 5248K, reserved 1048576K
}
Event: 2.044 GC heap before
{Heap before GC invocations=20 (full 0):
 garbage-first heap   total 221184K, used 157766K [0x00000000c0000000, 0x0000000100000000)
  region size 1024K, 86 young (88064K), 7 survivors (7168K)
 Metaspace       used 41408K, committed 41792K, reserved 1114112K
  class space    used 5076K, committed 5248K, reserved 1048576K
}

