# JRE version: OpenJDK Runtime Environment Temurin-17.0.7+7 (17.0.7+7) (build 17.0.7+7)
# Java VM: OpenJDK 64-Bit Server VM Temurin-17.0.7+7 (17.0.7+7, mixed mode, emulated-client, tiered, compressed oops, compressed class ptrs, g1 gc, windows-amd64)
GC Precious Log:
 CPUs: 12 total, 12 available
 Memory: 7930M
 Large Page Support: Disabled
 NUMA Support: Disabled
 Compressed Oops: Enabled (32-bit)
 Heap Region Size: 1M
 Heap Min Capacity: 8M
 Heap Initial Capacity: 124M
 Heap Max Capacity: 1G
 Pre-touch: Disabled
 Parallel Workers: 10
 Concurrent Workers: 3
 Concurrent Refinement Workers: 10
 Periodic GC: Disabled
Heap:
 garbage-first heap   total 200704K, used 77265K [0x00000000c0000000, 0x0000000100000000)
  region size 1024K, 5 young (5120K), 5 survivors (5120K)
 Metaspace       used 41419K, committed 41792K, reserved 1114112K
  class space    used 5083K, committed 5248K, reserved 1048576K
GC Heap History (20 events):
Event: 1.559 GC heap after
{Heap after GC invocations=13 (full 0):
 garbage-first heap   total 50176K, used 23393K [0x00000000c0000000, 0x0000000100000000)
  region size 1024K, 3 young (3072K), 3 survivors (3072K)
 Metaspace       used 37937K, committed 38400K, reserved 1114112K
  class space    used 4778K, committed 4992K, reserved 1048576K
}
Event: 1.577 GC heap before
{Heap before GC invocations=13 (full 0):
 garbage-first heap   total 50176K, used 37729K [0x00000000c0000000, 0x0000000100000000)
  region size 1024K, 17 young (17408K), 3 survivors (3072K)
 Metaspace       used 37937K, committed 38400K, reserved 1114112K
  class space    used 4778K, committed 4992K, reserved 1048576K
}
Event: 1.582 GC heap after
{Heap after GC invocations=14 (full 0):
 garbage-first heap   total 88064K, used 26819K [0x00000000c0000000, 0x0000000100000000)
  region size 1024K, 3 young (3072K), 3 survivors (3072K)
 Metaspace       used 37937K, committed 38400K, reserved 1114112K
  class space    used 4778K, committed 4992K, reserved 1048576K
}
Event: 1.632 GC heap before
{Heap before GC invocations=14 (full 0):
 garbage-first heap   total 88064K, used 62659K [0x00000000c0000000, 0x0000000100000000)
  region size 1024K, 38 young (38912K), 3 survivors (3072K)
 Metaspace       used 38483K, committed 38912K, reserved 1114112K
  class space    used 4840K, committed 5056K, reserved 1048576K
}
Event: 1.638 GC heap after
{Heap after GC invocations=15 (full 0):
 garbage-first heap   total 88064K, used 33945K [0x00000000c0000000, 0x0000000100000000)
  region size 1024K, 5 young (5120K), 5 survivors (5120K)
 Metaspace       used 38483K, committed 38912K, reserved 1114112K
  class space    used 4840K, committed 5056K, reserved 1048576K
}
Event: 1.663 GC heap before
{Heap before GC invocations=15 (full 0):
 garbage-first heap   total 88064K, used 62617K [0x00000000c0000000, 0x0000000100000000)
  region size 1024K, 33 young (33792K), 5 survivors (5120K)
 Metaspace       used 38794K, committed 39232K, reserved 1114112K
  class space    used 4860K, committed 5056K, reserved 1048576K
}
Event: 1.671 GC heap after
{Heap after GC invocations=16 (full 0):
 garbage-first heap   total 88064K, used 40959K [0x00000000c0000000, 0x0000000100000000)
  region size 1024K, 5 young (5120K), 5 survivors (5120K)
 Metaspace       used 38794K, committed 39232K, reserved 1114112K
  class space    used 4860K, committed 5056K, reserved 1048576K
}
Event: 1.692 GC heap before
{Heap before GC invocations=16 (full 0):
 garbage-first heap   total 88064K, used 63487K [0x00000000c0000000, 0x0000000100000000)
  region size 1024K, 28 young (28672K), 5 survivors (5120K)
 Metaspace       used 39098K, committed 39488K, reserved 1114112K
  class space    used 4885K, committed 5056K, reserved 1048576K
}
Event: 1.696 GC heap after
{Heap after GC invocations=17 (full 0):
 garbage-first heap   total 88064K, used 46009K [0x00000000c0000000, 0x0000000100000000)
  region size 1024K, 4 young (4096K), 4 survivors (4096K)
 Metaspace       used 39098K, committed 39488K, reserved 1114112K
  class space    used 4885K, committed 5056K, reserved 1048576K
}
Event: 1.722 GC heap before
{Heap before GC invocations=17 (full 0):
 garbage-first heap   total 88064K, used 65465K [0x00000000c0000000, 0x0000000100000000)
  region size 1024K, 24 young (24576K), 4 survivors (4096K)
 Metaspace       used 39522K, committed 39936K, reserved 1114112K
  class space    used 4929K, committed 5120K, reserved 1048576K
}
Event: 1.728 GC heap after
{Heap after GC invocations=18 (full 0):
 garbage-first heap   total 200704K, used 50499K [0x00000000c0000000, 0x0000000100000000)
  region size 1024K, 3 young (3072K), 3 survivors (3072K)
 Metaspace       used 39522K, committed 39936K, reserved 1114112K
  class space    used 4929K, committed 5120K, reserved 1048576K
}
Event: 1.851 GC heap before
{Heap before GC invocations=19 (full 0):
 garbage-first heap   total 184320K, used 135491K [0x00000000c0000000, 0x0000000100000000)
  region size 1024K, 85 young (87040K), 3 survivors (3072K)
 Metaspace       used 41293K, committed 41664K, reserved 1114112K
  class space    used 5065K, committed 5248K, reserved 1048576K
}
Event: 1.874 GC heap after
{Heap after GC invocations=20 (full 0):
 garbage-first heap   total 184320K, used 69641K [0x00000000c0000000, 0x0000000100000000)
  region size 1024K, 11 young (11264K), 11 survivors (11264K)
 Metaspace       used 41293K, committed 41664K, reserved 1114112K
  class space    used 5065K, committed 5248K, reserved 1048576K
}
Event: 1.875 GC heap before
{Heap before GC invocations=20 (full 0):
 garbage-first heap   total 184320K, used 69641K [0x00000000c0000000, 0x0000000100000000)
  region size 1024K, 12 young (12288K), 11 survivors (11264K)
 Metaspace       used 41299K, committed 41664K, reserved 1114112K
  class space    used 5066K, committed 5248K, reserved 1048576K
}
Event: 1.881 GC heap after
{Heap after GC invocations=21 (full 0):
 garbage-first heap   total 184320K, used 71656K [0x00000000c0000000, 0x0000000100000000)
  region size 1024K, 2 young (2048K), 2 survivors (2048K)
 Metaspace       used 41299K, committed 41664K, reserved 1114112K
  class space    used 5066K, committed 5248K, reserved 1048576K
}
Event: 1.893 GC heap before
{Heap before GC invocations=21 (full 0):
 garbage-first heap   total 184320K, used 119784K [0x00000000c0000000, 0x0000000100000000)
  region size 1024K, 50 young (51200K), 2 survivors (2048K)
 Metaspace       used 41356K, committed 41728K, reserved 1114112K
  class space    used 5077K, committed 5248K, reserved 1048576K
}
Event: 1.894 GC heap after
{Heap after GC invocations=22 (full 0):
 garbage-first heap   total 184320K, used 72521K [0x00000000c0000000, 0x0000000100000000)
  region size 1024K, 3 young (3072K), 3 survivors (3072K)
 Metaspace       used 41356K, committed 41728K, reserved 1114112K
  class space    used 5077K, committed 5248K, reserved 1048576K
}
Event: 1.905 GC heap before
{Heap before GC invocations=22 (full 0):
 garbage-first heap   total 184320K, used 124745K [0x00000000c0000000, 0x0000000100000000)
  region size 1024K, 55 young (56320K), 3 survivors (3072K)
 Metaspace       used 41394K, committed 41792K, reserved 1114112K
  class space    used 5079K, committed 5248K, reserved 1048576K
}
Event: 1.907 GC heap after
{Heap after GC invocations=23 (full 0):
 garbage-first heap   total 184320K, used 74632K [0x00000000c0000000, 0x0000000100000000)
  region size 1024K, 5 young (5120K), 5 survivors (5120K)
 Metaspace       used 41394K, committed 41792K, reserved 1114112K
  class space    used 5079K, committed 5248K, reserved 1048576K
}
Event: 1.920 GC heap before
{Heap before GC invocations=23 (full 0):
 garbage-first heap   total 184320K, used 131976K [0x00000000c0000000, 0x0000000100000000)
  region size 1024K, 62 young (63488K), 5 survivors (5120K)
 Metaspace       used 41419K, committed 41792K, reserved 1114112K
  class space    used 5083K, committed 5248K, reserved 1048576K
}

