# JRE version: OpenJDK Runtime Environment Temurin-17.0.7+7 (17.0.7+7) (build 17.0.7+7)
# Java VM: OpenJDK 64-Bit Server VM Temurin-17.0.7+7 (17.0.7+7, mixed mode, emulated-client, tiered, compressed oops, compressed class ptrs, g1 gc, windows-amd64)
GC Precious Log:
 CPUs: 12 total, 12 available
 Memory: 7930M
 Large Page Support: Disabled
 NUMA Support: Disabled
 Compressed Oops: Enabled (32-bit)
 Heap Region Size: 1M
 Heap Min Capacity: 8M
 Heap Initial Capacity: 124M
 Heap Max Capacity: 1G
 Pre-touch: Disabled
 Parallel Workers: 10
 Concurrent Workers: 3
 Concurrent Refinement Workers: 10
 Periodic GC: Disabled
Heap:
 garbage-first heap   total 259072K, used 84154K [0x00000000c0000000, 0x0000000100000000)
  region size 1024K, 9 young (9216K), 9 survivors (9216K)
 Metaspace       used 41464K, committed 41856K, reserved 1114112K
  class space    used 5092K, committed 5248K, reserved 1048576K
GC Heap History (20 events):
Event: 1.619 GC heap after
{Heap after GC invocations=14 (full 0):
 garbage-first heap   total 110592K, used 31378K [0x00000000c0000000, 0x0000000100000000)
  region size 1024K, 2 young (2048K), 2 survivors (2048K)
 Metaspace       used 38210K, committed 38656K, reserved 1114112K
  class space    used 4824K, committed 5056K, reserved 1048576K
}
Event: 1.673 GC heap before
{Heap before GC invocations=15 (full 0):
 garbage-first heap   total 110592K, used 73362K [0x00000000c0000000, 0x0000000100000000)
  region size 1024K, 44 young (45056K), 2 survivors (2048K)
 Metaspace       used 38894K, committed 39296K, reserved 1114112K
  class space    used 4866K, committed 5056K, reserved 1048576K
}
Event: 1.681 GC heap after
{Heap after GC invocations=16 (full 0):
 garbage-first heap   total 110592K, used 40002K [0x00000000c0000000, 0x0000000100000000)
  region size 1024K, 6 young (6144K), 6 survivors (6144K)
 Metaspace       used 38894K, committed 39296K, reserved 1114112K
  class space    used 4866K, committed 5056K, reserved 1048576K
}
Event: 1.714 GC heap before
{Heap before GC invocations=16 (full 0):
 garbage-first heap   total 110592K, used 74818K [0x00000000c0000000, 0x0000000100000000)
  region size 1024K, 41 young (41984K), 6 survivors (6144K)
 Metaspace       used 39437K, committed 39872K, reserved 1114112K
  class space    used 4925K, committed 5120K, reserved 1048576K
}
Event: 1.724 GC heap after
{Heap after GC invocations=17 (full 0):
 garbage-first heap   total 110592K, used 47401K [0x00000000c0000000, 0x0000000100000000)
  region size 1024K, 6 young (6144K), 6 survivors (6144K)
 Metaspace       used 39437K, committed 39872K, reserved 1114112K
  class space    used 4925K, committed 5120K, reserved 1048576K
}
Event: 1.804 GC heap before
{Heap before GC invocations=17 (full 0):
 garbage-first heap   total 110592K, used 79145K [0x00000000c0000000, 0x0000000100000000)
  region size 1024K, 37 young (37888K), 6 survivors (6144K)
 Metaspace       used 40857K, committed 41216K, reserved 1114112K
  class space    used 5017K, committed 5184K, reserved 1048576K
}
Event: 1.811 GC heap after
{Heap after GC invocations=18 (full 0):
 garbage-first heap   total 110592K, used 55384K [0x00000000c0000000, 0x0000000100000000)
  region size 1024K, 5 young (5120K), 5 survivors (5120K)
 Metaspace       used 40857K, committed 41216K, reserved 1114112K
  class space    used 5017K, committed 5184K, reserved 1048576K
}
Event: 1.833 GC heap before
{Heap before GC invocations=18 (full 0):
 garbage-first heap   total 110592K, used 70744K [0x00000000c0000000, 0x0000000100000000)
  region size 1024K, 22 young (22528K), 5 survivors (5120K)
 Metaspace       used 41161K, committed 41600K, reserved 1114112K
  class space    used 5050K, committed 5248K, reserved 1048576K
}
Event: 1.840 GC heap after
{Heap after GC invocations=19 (full 0):
 garbage-first heap   total 110592K, used 62819K [0x00000000c0000000, 0x0000000100000000)
  region size 1024K, 4 young (4096K), 4 survivors (4096K)
 Metaspace       used 41161K, committed 41600K, reserved 1114112K
  class space    used 5050K, committed 5248K, reserved 1048576K
}
Event: 1.863 GC heap before
{Heap before GC invocations=19 (full 0):
 garbage-first heap   total 110592K, used 82275K [0x00000000c0000000, 0x0000000100000000)
  region size 1024K, 23 young (23552K), 4 survivors (4096K)
 Metaspace       used 41328K, committed 41728K, reserved 1114112K
  class space    used 5069K, committed 5248K, reserved 1048576K
}
Event: 1.880 GC heap after
{Heap after GC invocations=20 (full 0):
 garbage-first heap   total 259072K, used 69112K [0x00000000c0000000, 0x0000000100000000)
  region size 1024K, 3 young (3072K), 3 survivors (3072K)
 Metaspace       used 41328K, committed 41728K, reserved 1114112K
  class space    used 5069K, committed 5248K, reserved 1048576K
}
Event: 1.911 GC heap before
{Heap before GC invocations=21 (full 0):
 garbage-first heap   total 239616K, used 154104K [0x00000000c0000000, 0x0000000100000000)
  region size 1024K, 88 young (90112K), 3 survivors (3072K)
 Metaspace       used 41349K, committed 41728K, reserved 1114112K
  class space    used 5073K, committed 5248K, reserved 1048576K
}
Event: 1.916 GC heap after
{Heap after GC invocations=22 (full 0):
 garbage-first heap   total 239616K, used 71611K [0x00000000c0000000, 0x0000000100000000)
  region size 1024K, 7 young (7168K), 7 survivors (7168K)
 Metaspace       used 41349K, committed 41728K, reserved 1114112K
  class space    used 5073K, committed 5248K, reserved 1048576K
}
Event: 1.919 GC heap before
{Heap before GC invocations=22 (full 0):
 garbage-first heap   total 239616K, used 74683K [0x00000000c0000000, 0x0000000100000000)
  region size 1024K, 11 young (11264K), 7 survivors (7168K)
 Metaspace       used 41357K, committed 41728K, reserved 1114112K
  class space    used 5080K, committed 5248K, reserved 1048576K
}
Event: 1.923 GC heap after
{Heap after GC invocations=23 (full 0):
 garbage-first heap   total 239616K, used 72277K [0x00000000c0000000, 0x0000000100000000)
  region size 1024K, 2 young (2048K), 2 survivors (2048K)
 Metaspace       used 41357K, committed 41728K, reserved 1114112K
  class space    used 5080K, committed 5248K, reserved 1048576K
}
Event: 1.981 GC heap before
{Heap before GC invocations=23 (full 0):
 garbage-first heap   total 239616K, used 171605K [0x00000000c0000000, 0x0000000100000000)
  region size 1024K, 100 young (102400K), 2 survivors (2048K)
 Metaspace       used 41447K, committed 41792K, reserved 1114112K
  class space    used 5089K, committed 5248K, reserved 1048576K
}
Event: 1.984 GC heap after
{Heap after GC invocations=24 (full 0):
 garbage-first heap   total 239616K, used 75511K [0x00000000c0000000, 0x0000000100000000)
  region size 1024K, 5 young (5120K), 5 survivors (5120K)
 Metaspace       used 41447K, committed 41792K, reserved 1114112K
  class space    used 5089K, committed 5248K, reserved 1048576K
}
Event: 2.006 GC heap before
{Heap before GC invocations=24 (full 0):
 garbage-first heap   total 239616K, used 177911K [0x00000000c0000000, 0x0000000100000000)
  region size 1024K, 106 young (108544K), 5 survivors (5120K)
 Metaspace       used 41460K, committed 41856K, reserved 1114112K
  class space    used 5089K, committed 5248K, reserved 1048576K
}
Event: 2.011 GC heap after
{Heap after GC invocations=25 (full 0):
 garbage-first heap   total 239616K, used 80215K [0x00000000c0000000, 0x0000000100000000)
  region size 1024K, 9 young (9216K), 9 survivors (9216K)
 Metaspace       used 41460K, committed 41856K, reserved 1114112K
  class space    used 5089K, committed 5248K, reserved 1048576K
}
Event: 2.034 GC heap before
{Heap before GC invocations=25 (full 0):
 garbage-first heap   total 239616K, used 183639K [0x00000000c0000000, 0x0000000100000000)
  region size 1024K, 111 young (113664K), 9 survivors (9216K)
 Metaspace       used 41464K, committed 41856K, reserved 1114112K
  class space    used 5092K, committed 5248K, reserved 1048576K
}

