# JRE version: OpenJDK Runtime Environment Temurin-17.0.7+7 (17.0.7+7) (build 17.0.7+7)
# Java VM: OpenJDK 64-Bit Server VM Temurin-17.0.7+7 (17.0.7+7, mixed mode, emulated-client, tiered, compressed oops, compressed class ptrs, g1 gc, windows-amd64)
GC Precious Log:
 CPUs: 12 total, 12 available
 Memory: 7930M
 Large Page Support: Disabled
 NUMA Support: Disabled
 Compressed Oops: Enabled (32-bit)
 Heap Region Size: 1M
 Heap Min Capacity: 8M
 Heap Initial Capacity: 124M
 Heap Max Capacity: 1G
 Pre-touch: Disabled
 Parallel Workers: 10
 Concurrent Workers: 3
 Concurrent Refinement Workers: 10
 Periodic GC: Disabled
Heap:
 garbage-first heap   total 157696K, used 51895K [0x00000000c0000000, 0x0000000100000000)
  region size 1024K, 1 young (1024K), 0 survivors (0K)
 Metaspace       used 65524K, committed 65984K, reserved 1114112K
  class space    used 8619K, committed 8832K, reserved 1048576K
GC Heap History (20 events):
Event: 2705.949 GC heap before
{Heap before GC invocations=255 (full 203):
 garbage-first heap   total 157696K, used 51895K [0x00000000c0000000, 0x0000000100000000)
  region size 1024K, 1 young (1024K), 0 survivors (0K)
 Metaspace       used 65524K, committed 65984K, reserved 1114112K
  class space    used 8619K, committed 8832K, reserved 1048576K
}
Event: 2706.021 GC heap after
{Heap after GC invocations=256 (full 204):
 garbage-first heap   total 157696K, used 51895K [0x00000000c0000000, 0x0000000100000000)
  region size 1024K, 0 young (0K), 0 survivors (0K)
 Metaspace       used 65524K, committed 65984K, reserved 1114112K
  class space    used 8619K, committed 8832K, reserved 1048576K
}
Event: 2716.267 GC heap before
{Heap before GC invocations=256 (full 204):
 garbage-first heap   total 157696K, used 51895K [0x00000000c0000000, 0x0000000100000000)
  region size 1024K, 1 young (1024K), 0 survivors (0K)
 Metaspace       used 65524K, committed 65984K, reserved 1114112K
  class space    used 8619K, committed 8832K, reserved 1048576K
}
Event: 2716.346 GC heap after
{Heap after GC invocations=257 (full 205):
 garbage-first heap   total 157696K, used 51895K [0x00000000c0000000, 0x0000000100000000)
  region size 1024K, 0 young (0K), 0 survivors (0K)
 Metaspace       used 65524K, committed 65984K, reserved 1114112K
  class space    used 8619K, committed 8832K, reserved 1048576K
}
Event: 2726.715 GC heap before
{Heap before GC invocations=257 (full 205):
 garbage-first heap   total 157696K, used 51895K [0x00000000c0000000, 0x0000000100000000)
  region size 1024K, 1 young (1024K), 0 survivors (0K)
 Metaspace       used 65524K, committed 65984K, reserved 1114112K
  class space    used 8619K, committed 8832K, reserved 1048576K
}
Event: 2726.789 GC heap after
{Heap after GC invocations=258 (full 206):
 garbage-first heap   total 157696K, used 51895K [0x00000000c0000000, 0x0000000100000000)
  region size 1024K, 0 young (0K), 0 survivors (0K)
 Metaspace       used 65524K, committed 65984K, reserved 1114112K
  class space    used 8619K, committed 8832K, reserved 1048576K
}
Event: 2737.313 GC heap before
{Heap before GC invocations=258 (full 206):
 garbage-first heap   total 157696K, used 51895K [0x00000000c0000000, 0x0000000100000000)
  region size 1024K, 1 young (1024K), 0 survivors (0K)
 Metaspace       used 65524K, committed 65984K, reserved 1114112K
  class space    used 8619K, committed 8832K, reserved 1048576K
}
Event: 2737.399 GC heap after
{Heap after GC invocations=259 (full 207):
 garbage-first heap   total 157696K, used 51895K [0x00000000c0000000, 0x0000000100000000)
  region size 1024K, 0 young (0K), 0 survivors (0K)
 Metaspace       used 65524K, committed 65984K, reserved 1114112K
  class space    used 8619K, committed 8832K, reserved 1048576K
}
Event: 2747.627 GC heap before
{Heap before GC invocations=259 (full 207):
 garbage-first heap   total 157696K, used 51895K [0x00000000c0000000, 0x0000000100000000)
  region size 1024K, 1 young (1024K), 0 survivors (0K)
 Metaspace       used 65524K, committed 65984K, reserved 1114112K
  class space    used 8619K, committed 8832K, reserved 1048576K
}
Event: 2747.701 GC heap after
{Heap after GC invocations=260 (full 208):
 garbage-first heap   total 157696K, used 51895K [0x00000000c0000000, 0x0000000100000000)
  region size 1024K, 0 young (0K), 0 survivors (0K)
 Metaspace       used 65524K, committed 65984K, reserved 1114112K
  class space    used 8619K, committed 8832K, reserved 1048576K
}
Event: 2757.798 GC heap before
{Heap before GC invocations=260 (full 208):
 garbage-first heap   total 157696K, used 51895K [0x00000000c0000000, 0x0000000100000000)
  region size 1024K, 1 young (1024K), 0 survivors (0K)
 Metaspace       used 65524K, committed 65984K, reserved 1114112K
  class space    used 8619K, committed 8832K, reserved 1048576K
}
Event: 2757.834 GC heap after
{Heap after GC invocations=261 (full 209):
 garbage-first heap   total 157696K, used 51895K [0x00000000c0000000, 0x0000000100000000)
  region size 1024K, 0 young (0K), 0 survivors (0K)
 Metaspace       used 65524K, committed 65984K, reserved 1114112K
  class space    used 8619K, committed 8832K, reserved 1048576K
}
Event: 2767.912 GC heap before
{Heap before GC invocations=261 (full 209):
 garbage-first heap   total 157696K, used 51895K [0x00000000c0000000, 0x0000000100000000)
  region size 1024K, 1 young (1024K), 0 survivors (0K)
 Metaspace       used 65524K, committed 65984K, reserved 1114112K
  class space    used 8619K, committed 8832K, reserved 1048576K
}
Event: 2767.942 GC heap after
{Heap after GC invocations=262 (full 210):
 garbage-first heap   total 157696K, used 51895K [0x00000000c0000000, 0x0000000100000000)
  region size 1024K, 0 young (0K), 0 survivors (0K)
 Metaspace       used 65524K, committed 65984K, reserved 1114112K
  class space    used 8619K, committed 8832K, reserved 1048576K
}
Event: 2778.029 GC heap before
{Heap before GC invocations=262 (full 210):
 garbage-first heap   total 157696K, used 51895K [0x00000000c0000000, 0x0000000100000000)
  region size 1024K, 1 young (1024K), 0 survivors (0K)
 Metaspace       used 65524K, committed 65984K, reserved 1114112K
  class space    used 8619K, committed 8832K, reserved 1048576K
}
Event: 2778.057 GC heap after
{Heap after GC invocations=263 (full 211):
 garbage-first heap   total 157696K, used 51895K [0x00000000c0000000, 0x0000000100000000)
  region size 1024K, 0 young (0K), 0 survivors (0K)
 Metaspace       used 65524K, committed 65984K, reserved 1114112K
  class space    used 8619K, committed 8832K, reserved 1048576K
}
Event: 2788.150 GC heap before
{Heap before GC invocations=263 (full 211):
 garbage-first heap   total 157696K, used 51895K [0x00000000c0000000, 0x0000000100000000)
  region size 1024K, 1 young (1024K), 0 survivors (0K)
 Metaspace       used 65524K, committed 65984K, reserved 1114112K
  class space    used 8619K, committed 8832K, reserved 1048576K
}
Event: 2788.182 GC heap after
{Heap after GC invocations=264 (full 212):
 garbage-first heap   total 157696K, used 51895K [0x00000000c0000000, 0x0000000100000000)
  region size 1024K, 0 young (0K), 0 survivors (0K)
 Metaspace       used 65524K, committed 65984K, reserved 1114112K
  class space    used 8619K, committed 8832K, reserved 1048576K
}
Event: 2798.287 GC heap before
{Heap before GC invocations=264 (full 212):
 garbage-first heap   total 157696K, used 51895K [0x00000000c0000000, 0x0000000100000000)
  region size 1024K, 1 young (1024K), 0 survivors (0K)
 Metaspace       used 65524K, committed 65984K, reserved 1114112K
  class space    used 8619K, committed 8832K, reserved 1048576K
}
Event: 2798.315 GC heap after
{Heap after GC invocations=265 (full 213):
 garbage-first heap   total 157696K, used 51895K [0x00000000c0000000, 0x0000000100000000)
  region size 1024K, 0 young (0K), 0 survivors (0K)
 Metaspace       used 65524K, committed 65984K, reserved 1114112K
  class space    used 8619K, committed 8832K, reserved 1048576K
}

