# JRE version: OpenJDK Runtime Environment Temurin-17.0.7+7 (17.0.7+7) (build 17.0.7+7)
# Java VM: OpenJDK 64-Bit Server VM Temurin-17.0.7+7 (17.0.7+7, mixed mode, emulated-client, tiered, compressed oops, compressed class ptrs, g1 gc, windows-amd64)
GC Precious Log:
 CPUs: 12 total, 12 available
 Memory: 7930M
 Large Page Support: Disabled
 NUMA Support: Disabled
 Compressed Oops: Enabled (32-bit)
 Heap Region Size: 1M
 Heap Min Capacity: 8M
 Heap Initial Capacity: 124M
 Heap Max Capacity: 1G
 Pre-touch: Disabled
 Parallel Workers: 10
 Concurrent Workers: 3
 Concurrent Refinement Workers: 10
 Periodic GC: Disabled
Heap:
 garbage-first heap   total 202752K, used 77312K [0x00000000c0000000, 0x0000000100000000)
  region size 1024K, 8 young (8192K), 8 survivors (8192K)
 Metaspace       used 41328K, committed 41728K, reserved 1114112K
  class space    used 5076K, committed 5248K, reserved 1048576K
GC Heap History (20 events):
Event: 1.610 GC heap after
{Heap after GC invocations=13 (full 0):
 garbage-first heap   total 55296K, used 25128K [0x00000000c0000000, 0x0000000100000000)
  region size 1024K, 3 young (3072K), 3 survivors (3072K)
 Metaspace       used 37933K, committed 38400K, reserved 1114112K
  class space    used 4785K, committed 4992K, reserved 1048576K
}
Event: 1.631 GC heap before
{Heap before GC invocations=13 (full 0):
 garbage-first heap   total 55296K, used 40488K [0x00000000c0000000, 0x0000000100000000)
  region size 1024K, 19 young (19456K), 3 survivors (3072K)
 Metaspace       used 37934K, committed 38400K, reserved 1114112K
  class space    used 4785K, committed 4992K, reserved 1048576K
}
Event: 1.636 GC heap after
{Heap after GC invocations=14 (full 0):
 garbage-first heap   total 81920K, used 30649K [0x00000000c0000000, 0x0000000100000000)
  region size 1024K, 3 young (3072K), 3 survivors (3072K)
 Metaspace       used 37934K, committed 38400K, reserved 1114112K
  class space    used 4785K, committed 4992K, reserved 1048576K
}
Event: 1.721 GC heap before
{Heap before GC invocations=14 (full 0):
 garbage-first heap   total 81920K, used 59321K [0x00000000c0000000, 0x0000000100000000)
  region size 1024K, 31 young (31744K), 3 survivors (3072K)
 Metaspace       used 38587K, committed 39040K, reserved 1114112K
  class space    used 4851K, committed 5056K, reserved 1048576K
}
Event: 1.728 GC heap after
{Heap after GC invocations=15 (full 0):
 garbage-first heap   total 81920K, used 34589K [0x00000000c0000000, 0x0000000100000000)
  region size 1024K, 4 young (4096K), 4 survivors (4096K)
 Metaspace       used 38587K, committed 39040K, reserved 1114112K
  class space    used 4851K, committed 5056K, reserved 1048576K
}
Event: 1.760 GC heap before
{Heap before GC invocations=15 (full 0):
 garbage-first heap   total 81920K, used 59165K [0x00000000c0000000, 0x0000000100000000)
  region size 1024K, 29 young (29696K), 4 survivors (4096K)
 Metaspace       used 38799K, committed 39232K, reserved 1114112K
  class space    used 4866K, committed 5056K, reserved 1048576K
}
Event: 1.768 GC heap after
{Heap after GC invocations=16 (full 0):
 garbage-first heap   total 81920K, used 41992K [0x00000000c0000000, 0x0000000100000000)
  region size 1024K, 4 young (4096K), 4 survivors (4096K)
 Metaspace       used 38799K, committed 39232K, reserved 1114112K
  class space    used 4866K, committed 5056K, reserved 1048576K
}
Event: 1.789 GC heap before
{Heap before GC invocations=16 (full 0):
 garbage-first heap   total 81920K, used 60424K [0x00000000c0000000, 0x0000000100000000)
  region size 1024K, 22 young (22528K), 4 survivors (4096K)
 Metaspace       used 38949K, committed 39360K, reserved 1114112K
  class space    used 4874K, committed 5056K, reserved 1048576K
}
Event: 1.794 GC heap after
{Heap after GC invocations=17 (full 0):
 garbage-first heap   total 81920K, used 45730K [0x00000000c0000000, 0x0000000100000000)
  region size 1024K, 3 young (3072K), 3 survivors (3072K)
 Metaspace       used 38949K, committed 39360K, reserved 1114112K
  class space    used 4874K, committed 5056K, reserved 1048576K
}
Event: 1.822 GC heap before
{Heap before GC invocations=17 (full 0):
 garbage-first heap   total 99328K, used 62114K [0x00000000c0000000, 0x0000000100000000)
  region size 1024K, 19 young (19456K), 3 survivors (3072K)
 Metaspace       used 39283K, committed 39680K, reserved 1114112K
  class space    used 4914K, committed 5120K, reserved 1048576K
}
Event: 1.826 GC heap after
{Heap after GC invocations=18 (full 0):
 garbage-first heap   total 202752K, used 48649K [0x00000000c0000000, 0x0000000100000000)
  region size 1024K, 3 young (3072K), 3 survivors (3072K)
 Metaspace       used 39283K, committed 39680K, reserved 1114112K
  class space    used 4914K, committed 5120K, reserved 1048576K
}
Event: 1.986 GC heap before
{Heap before GC invocations=19 (full 0):
 garbage-first heap   total 202752K, used 134665K [0x00000000c0000000, 0x0000000100000000)
  region size 1024K, 86 young (88064K), 3 survivors (3072K)
 Metaspace       used 41259K, committed 41664K, reserved 1114112K
  class space    used 5066K, committed 5248K, reserved 1048576K
}
Event: 2.009 GC heap after
{Heap after GC invocations=20 (full 0):
 garbage-first heap   total 202752K, used 69258K [0x00000000c0000000, 0x0000000100000000)
  region size 1024K, 11 young (11264K), 11 survivors (11264K)
 Metaspace       used 41259K, committed 41664K, reserved 1114112K
  class space    used 5066K, committed 5248K, reserved 1048576K
}
Event: 2.010 GC heap before
{Heap before GC invocations=20 (full 0):
 garbage-first heap   total 202752K, used 70282K [0x00000000c0000000, 0x0000000100000000)
  region size 1024K, 12 young (12288K), 11 survivors (11264K)
 Metaspace       used 41259K, committed 41664K, reserved 1114112K
  class space    used 5066K, committed 5248K, reserved 1048576K
}
Event: 2.016 GC heap after
{Heap after GC invocations=21 (full 0):
 garbage-first heap   total 202752K, used 71054K [0x00000000c0000000, 0x0000000100000000)
  region size 1024K, 2 young (2048K), 2 survivors (2048K)
 Metaspace       used 41259K, committed 41664K, reserved 1114112K
  class space    used 5066K, committed 5248K, reserved 1048576K
}
Event: 2.028 GC heap before
{Heap before GC invocations=21 (full 0):
 garbage-first heap   total 202752K, used 123278K [0x00000000c0000000, 0x0000000100000000)
  region size 1024K, 54 young (55296K), 2 survivors (2048K)
 Metaspace       used 41288K, committed 41664K, reserved 1114112K
  class space    used 5074K, committed 5248K, reserved 1048576K
}
Event: 2.030 GC heap after
{Heap after GC invocations=22 (full 0):
 garbage-first heap   total 202752K, used 72020K [0x00000000c0000000, 0x0000000100000000)
  region size 1024K, 3 young (3072K), 3 survivors (3072K)
 Metaspace       used 41288K, committed 41664K, reserved 1114112K
  class space    used 5074K, committed 5248K, reserved 1048576K
}
Event: 2.041 GC heap before
{Heap before GC invocations=22 (full 0):
 garbage-first heap   total 202752K, used 132436K [0x00000000c0000000, 0x0000000100000000)
  region size 1024K, 63 young (64512K), 3 survivors (3072K)
 Metaspace       used 41290K, committed 41664K, reserved 1114112K
  class space    used 5074K, committed 5248K, reserved 1048576K
}
Event: 2.044 GC heap after
{Heap after GC invocations=23 (full 0):
 garbage-first heap   total 202752K, used 74434K [0x00000000c0000000, 0x0000000100000000)
  region size 1024K, 5 young (5120K), 5 survivors (5120K)
 Metaspace       used 41290K, committed 41664K, reserved 1114112K
  class space    used 5074K, committed 5248K, reserved 1048576K
}
Event: 2.059 GC heap before
{Heap before GC invocations=23 (full 0):
 garbage-first heap   total 202752K, used 145090K [0x00000000c0000000, 0x0000000100000000)
  region size 1024K, 75 young (76800K), 5 survivors (5120K)
 Metaspace       used 41328K, committed 41728K, reserved 1114112K
  class space    used 5076K, committed 5248K, reserved 1048576K
}

