# JRE version: OpenJDK Runtime Environment Temurin-17.0.7+7 (17.0.7+7) (build 17.0.7+7)
# Java VM: OpenJDK 64-Bit Server VM Temurin-17.0.7+7 (17.0.7+7, mixed mode, emulated-client, tiered, compressed oops, compressed class ptrs, g1 gc, windows-amd64)
GC Precious Log:
 CPUs: 12 total, 12 available
 Memory: 7930M
 Large Page Support: Disabled
 NUMA Support: Disabled
 Compressed Oops: Enabled (32-bit)
 Heap Region Size: 1M
 Heap Min Capacity: 8M
 Heap Initial Capacity: 124M
 Heap Max Capacity: 1G
 Pre-touch: Disabled
 Parallel Workers: 10
 Concurrent Workers: 3
 Concurrent Refinement Workers: 10
 Periodic GC: Disabled
Heap:
 garbage-first heap   total 563200K, used 152111K [0x00000000c0000000, 0x0000000100000000)
  region size 1024K, 36 young (36864K), 36 survivors (36864K)
 Metaspace       used 41795K, committed 42240K, reserved 1114112K
  class space    used 5155K, committed 5376K, reserved 1048576K
GC Heap History (20 events):
Event: 1.885 GC heap after
{Heap after GC invocations=16 (full 0):
 garbage-first heap   total 115712K, used 49964K [0x00000000c0000000, 0x0000000100000000)
  region size 1024K, 5 young (5120K), 5 survivors (5120K)
 Metaspace       used 40032K, committed 40448K, reserved 1114112K
  class space    used 4948K, committed 5120K, reserved 1048576K
}
Event: 1.944 GC heap before
{Heap before GC invocations=16 (full 0):
 garbage-first heap   total 115712K, used 82732K [0x00000000c0000000, 0x0000000100000000)
  region size 1024K, 37 young (37888K), 5 survivors (5120K)
 Metaspace       used 41116K, committed 41472K, reserved 1114112K
  class space    used 5039K, committed 5184K, reserved 1048576K
}
Event: 1.952 GC heap after
{Heap after GC invocations=17 (full 0):
 garbage-first heap   total 115712K, used 62097K [0x00000000c0000000, 0x0000000100000000)
  region size 1024K, 5 young (5120K), 5 survivors (5120K)
 Metaspace       used 41116K, committed 41472K, reserved 1114112K
  class space    used 5039K, committed 5184K, reserved 1048576K
}
Event: 1.952 GC heap before
{Heap before GC invocations=17 (full 0):
 garbage-first heap   total 115712K, used 62097K [0x00000000c0000000, 0x0000000100000000)
  region size 1024K, 6 young (6144K), 5 survivors (5120K)
 Metaspace       used 41119K, committed 41472K, reserved 1114112K
  class space    used 5039K, committed 5184K, reserved 1048576K
}
Event: 1.956 GC heap after
{Heap after GC invocations=18 (full 0):
 garbage-first heap   total 238592K, used 63498K [0x00000000c0000000, 0x0000000100000000)
  region size 1024K, 1 young (1024K), 1 survivors (1024K)
 Metaspace       used 41119K, committed 41472K, reserved 1114112K
  class space    used 5039K, committed 5184K, reserved 1048576K
}
Event: 2.001 GC heap before
{Heap before GC invocations=18 (full 0):
 garbage-first heap   total 238592K, used 162826K [0x00000000c0000000, 0x0000000100000000)
  region size 1024K, 98 young (100352K), 1 survivors (1024K)
 Metaspace       used 41346K, committed 41728K, reserved 1114112K
  class space    used 5067K, committed 5248K, reserved 1048576K
}
Event: 2.014 GC heap after
{Heap after GC invocations=19 (full 0):
 garbage-first heap   total 238592K, used 71938K [0x00000000c0000000, 0x0000000100000000)
  region size 1024K, 9 young (9216K), 9 survivors (9216K)
 Metaspace       used 41346K, committed 41728K, reserved 1114112K
  class space    used 5067K, committed 5248K, reserved 1048576K
}
Event: 2.036 GC heap before
{Heap before GC invocations=19 (full 0):
 garbage-first heap   total 238592K, used 168194K [0x00000000c0000000, 0x0000000100000000)
  region size 1024K, 104 young (106496K), 9 survivors (9216K)
 Metaspace       used 41413K, committed 41792K, reserved 1114112K
  class space    used 5075K, committed 5248K, reserved 1048576K
}
Event: 2.049 GC heap after
{Heap after GC invocations=20 (full 0):
 garbage-first heap   total 238592K, used 76209K [0x00000000c0000000, 0x0000000100000000)
  region size 1024K, 5 young (5120K), 5 survivors (5120K)
 Metaspace       used 41413K, committed 41792K, reserved 1114112K
  class space    used 5075K, committed 5248K, reserved 1048576K
}
Event: 2.070 GC heap before
{Heap before GC invocations=20 (full 0):
 garbage-first heap   total 238592K, used 173489K [0x00000000c0000000, 0x0000000100000000)
  region size 1024K, 101 young (103424K), 5 survivors (5120K)
 Metaspace       used 41467K, committed 41856K, reserved 1114112K
  class space    used 5088K, committed 5248K, reserved 1048576K
}
Event: 2.075 GC heap after
{Heap after GC invocations=21 (full 0):
 garbage-first heap   total 238592K, used 80470K [0x00000000c0000000, 0x0000000100000000)
  region size 1024K, 9 young (9216K), 9 survivors (9216K)
 Metaspace       used 41467K, committed 41856K, reserved 1114112K
  class space    used 5088K, committed 5248K, reserved 1048576K
}
Event: 2.096 GC heap before
{Heap before GC invocations=21 (full 0):
 garbage-first heap   total 238592K, used 180822K [0x00000000c0000000, 0x0000000100000000)
  region size 1024K, 108 young (110592K), 9 survivors (9216K)
 Metaspace       used 41482K, committed 41856K, reserved 1114112K
  class space    used 5094K, committed 5248K, reserved 1048576K
}
Event: 2.104 GC heap after
{Heap after GC invocations=22 (full 0):
 garbage-first heap   total 563200K, used 84571K [0x00000000c0000000, 0x0000000100000000)
  region size 1024K, 9 young (9216K), 9 survivors (9216K)
 Metaspace       used 41482K, committed 41856K, reserved 1114112K
  class space    used 5094K, committed 5248K, reserved 1048576K
}
Event: 2.208 GC heap before
{Heap before GC invocations=22 (full 0):
 garbage-first heap   total 563200K, used 411227K [0x00000000c0000000, 0x0000000100000000)
  region size 1024K, 328 young (335872K), 9 survivors (9216K)
 Metaspace       used 41522K, committed 41856K, reserved 1114112K
  class space    used 5100K, committed 5248K, reserved 1048576K
}
Event: 2.219 GC heap after
{Heap after GC invocations=23 (full 0):
 garbage-first heap   total 563200K, used 101925K [0x00000000c0000000, 0x0000000100000000)
  region size 1024K, 25 young (25600K), 25 survivors (25600K)
 Metaspace       used 41522K, committed 41856K, reserved 1114112K
  class space    used 5100K, committed 5248K, reserved 1048576K
}
Event: 2.295 GC heap before
{Heap before GC invocations=23 (full 0):
 garbage-first heap   total 563200K, used 413221K [0x00000000c0000000, 0x0000000100000000)
  region size 1024K, 330 young (337920K), 25 survivors (25600K)
 Metaspace       used 41644K, committed 42112K, reserved 1114112K
  class space    used 5122K, committed 5312K, reserved 1048576K
}
Event: 2.313 GC heap after
{Heap after GC invocations=24 (full 0):
 garbage-first heap   total 563200K, used 115547K [0x00000000c0000000, 0x0000000100000000)
  region size 1024K, 35 young (35840K), 35 survivors (35840K)
 Metaspace       used 41644K, committed 42112K, reserved 1114112K
  class space    used 5122K, committed 5312K, reserved 1048576K
}
Event: 2.434 GC heap before
{Heap before GC invocations=24 (full 0):
 garbage-first heap   total 563200K, used 416603K [0x00000000c0000000, 0x0000000100000000)
  region size 1024K, 330 young (337920K), 35 survivors (35840K)
 Metaspace       used 41794K, committed 42240K, reserved 1114112K
  class space    used 5155K, committed 5376K, reserved 1048576K
}
Event: 2.452 GC heap after
{Heap after GC invocations=25 (full 0):
 garbage-first heap   total 563200K, used 130790K [0x00000000c0000000, 0x0000000100000000)
  region size 1024K, 29 young (29696K), 29 survivors (29696K)
 Metaspace       used 41794K, committed 42240K, reserved 1114112K
  class space    used 5155K, committed 5376K, reserved 1048576K
}
Event: 2.562 GC heap before
{Heap before GC invocations=25 (full 0):
 garbage-first heap   total 563200K, used 439014K [0x00000000c0000000, 0x0000000100000000)
  region size 1024K, 330 young (337920K), 29 survivors (29696K)
 Metaspace       used 41795K, committed 42240K, reserved 1114112K
  class space    used 5155K, committed 5376K, reserved 1048576K
}

