# JRE version: OpenJDK Runtime Environment Temurin-17.0.7+7 (17.0.7+7) (build 17.0.7+7)
# Java VM: OpenJDK 64-Bit Server VM Temurin-17.0.7+7 (17.0.7+7, mixed mode, emulated-client, tiered, compressed oops, compressed class ptrs, g1 gc, windows-amd64)
GC Precious Log:
 CPUs: 12 total, 12 available
 Memory: 7930M
 Large Page Support: Disabled
 NUMA Support: Disabled
 Compressed Oops: Enabled (32-bit)
 Heap Region Size: 1M
 Heap Min Capacity: 8M
 Heap Initial Capacity: 124M
 Heap Max Capacity: 1G
 Pre-touch: Disabled
 Parallel Workers: 10
 Concurrent Workers: 3
 Concurrent Refinement Workers: 10
 Periodic GC: Disabled
Heap:
 garbage-first heap   total 153600K, used 73489K [0x00000000c0000000, 0x0000000100000000)
  region size 1024K, 4 young (4096K), 4 survivors (4096K)
 Metaspace       used 41243K, committed 41664K, reserved 1114112K
  class space    used 5058K, committed 5248K, reserved 1048576K
GC Heap History (20 events):
Event: 1.537 GC heap after
{Heap after GC invocations=11 (full 0):
 garbage-first heap   total 58368K, used 21520K [0x00000000c0000000, 0x0000000100000000)
  region size 1024K, 4 young (4096K), 4 survivors (4096K)
 Metaspace       used 37900K, committed 38336K, reserved 1114112K
  class space    used 4775K, committed 4992K, reserved 1048576K
}
Event: 1.560 GC heap before
{Heap before GC invocations=11 (full 0):
 garbage-first heap   total 58368K, used 42000K [0x00000000c0000000, 0x0000000100000000)
  region size 1024K, 25 young (25600K), 4 survivors (4096K)
 Metaspace       used 37901K, committed 38336K, reserved 1114112K
  class space    used 4775K, committed 4992K, reserved 1048576K
}
Event: 1.564 GC heap after
{Heap after GC invocations=12 (full 0):
 garbage-first heap   total 70656K, used 26714K [0x00000000c0000000, 0x0000000100000000)
  region size 1024K, 4 young (4096K), 4 survivors (4096K)
 Metaspace       used 37901K, committed 38336K, reserved 1114112K
  class space    used 4775K, committed 4992K, reserved 1048576K
}
Event: 1.597 GC heap before
{Heap before GC invocations=12 (full 0):
 garbage-first heap   total 70656K, used 50266K [0x00000000c0000000, 0x0000000100000000)
  region size 1024K, 28 young (28672K), 4 survivors (4096K)
 Metaspace       used 38371K, committed 38848K, reserved 1114112K
  class space    used 4829K, committed 5056K, reserved 1048576K
}
Event: 1.602 GC heap after
{Heap after GC invocations=13 (full 0):
 garbage-first heap   total 70656K, used 31079K [0x00000000c0000000, 0x0000000100000000)
  region size 1024K, 4 young (4096K), 4 survivors (4096K)
 Metaspace       used 38371K, committed 38848K, reserved 1114112K
  class space    used 4829K, committed 5056K, reserved 1048576K
}
Event: 1.649 GC heap before
{Heap before GC invocations=13 (full 0):
 garbage-first heap   total 70656K, used 51559K [0x00000000c0000000, 0x0000000100000000)
  region size 1024K, 24 young (24576K), 4 survivors (4096K)
 Metaspace       used 38755K, committed 39168K, reserved 1114112K
  class space    used 4855K, committed 5056K, reserved 1048576K
}
Event: 1.654 GC heap after
{Heap after GC invocations=14 (full 0):
 garbage-first heap   total 70656K, used 34548K [0x00000000c0000000, 0x0000000100000000)
  region size 1024K, 3 young (3072K), 3 survivors (3072K)
 Metaspace       used 38755K, committed 39168K, reserved 1114112K
  class space    used 4855K, committed 5056K, reserved 1048576K
}
Event: 1.675 GC heap before
{Heap before GC invocations=14 (full 0):
 garbage-first heap   total 70656K, used 51956K [0x00000000c0000000, 0x0000000100000000)
  region size 1024K, 21 young (21504K), 3 survivors (3072K)
 Metaspace       used 38801K, committed 39232K, reserved 1114112K
  class space    used 4857K, committed 5056K, reserved 1048576K
}
Event: 1.681 GC heap after
{Heap after GC invocations=15 (full 0):
 garbage-first heap   total 70656K, used 41177K [0x00000000c0000000, 0x0000000100000000)
  region size 1024K, 3 young (3072K), 3 survivors (3072K)
 Metaspace       used 38801K, committed 39232K, reserved 1114112K
  class space    used 4857K, committed 5056K, reserved 1048576K
}
Event: 1.700 GC heap before
{Heap before GC invocations=15 (full 0):
 garbage-first heap   total 70656K, used 53465K [0x00000000c0000000, 0x0000000100000000)
  region size 1024K, 15 young (15360K), 3 survivors (3072K)
 Metaspace       used 38960K, committed 39360K, reserved 1114112K
  class space    used 4871K, committed 5056K, reserved 1048576K
}
Event: 1.704 GC heap after
{Heap after GC invocations=16 (full 0):
 garbage-first heap   total 153600K, used 43675K [0x00000000c0000000, 0x0000000100000000)
  region size 1024K, 2 young (2048K), 2 survivors (2048K)
 Metaspace       used 38960K, committed 39360K, reserved 1114112K
  class space    used 4871K, committed 5056K, reserved 1048576K
}
Event: 1.819 GC heap before
{Heap before GC invocations=17 (full 0):
 garbage-first heap   total 153600K, used 107163K [0x00000000c0000000, 0x0000000100000000)
  region size 1024K, 64 young (65536K), 2 survivors (2048K)
 Metaspace       used 40668K, committed 41024K, reserved 1114112K
  class space    used 5000K, committed 5184K, reserved 1048576K
}
Event: 1.829 GC heap after
{Heap after GC invocations=18 (full 0):
 garbage-first heap   total 153600K, used 57837K [0x00000000c0000000, 0x0000000100000000)
  region size 1024K, 8 young (8192K), 8 survivors (8192K)
 Metaspace       used 40668K, committed 41024K, reserved 1114112K
  class space    used 5000K, committed 5184K, reserved 1048576K
}
Event: 1.831 GC heap before
{Heap before GC invocations=18 (full 0):
 garbage-first heap   total 153600K, used 58861K [0x00000000c0000000, 0x0000000100000000)
  region size 1024K, 9 young (9216K), 8 survivors (8192K)
 Metaspace       used 40690K, committed 41088K, reserved 1114112K
  class space    used 5002K, committed 5184K, reserved 1048576K
}
Event: 1.837 GC heap after
{Heap after GC invocations=19 (full 0):
 garbage-first heap   total 153600K, used 59588K [0x00000000c0000000, 0x0000000100000000)
  region size 1024K, 2 young (2048K), 2 survivors (2048K)
 Metaspace       used 40690K, committed 41088K, reserved 1114112K
  class space    used 5002K, committed 5184K, reserved 1048576K
}
Event: 1.873 GC heap before
{Heap before GC invocations=19 (full 0):
 garbage-first heap   total 153600K, used 102596K [0x00000000c0000000, 0x0000000100000000)
  region size 1024K, 44 young (45056K), 2 survivors (2048K)
 Metaspace       used 41222K, committed 41664K, reserved 1114112K
  class space    used 5057K, committed 5248K, reserved 1048576K
}
Event: 1.889 GC heap after
{Heap after GC invocations=20 (full 0):
 garbage-first heap   total 153600K, used 69809K [0x00000000c0000000, 0x0000000100000000)
  region size 1024K, 6 young (6144K), 6 survivors (6144K)
 Metaspace       used 41222K, committed 41664K, reserved 1114112K
  class space    used 5057K, committed 5248K, reserved 1048576K
}
Event: 1.898 GC heap before
{Heap before GC invocations=20 (full 0):
 garbage-first heap   total 153600K, used 105649K [0x00000000c0000000, 0x0000000100000000)
  region size 1024K, 42 young (43008K), 6 survivors (6144K)
 Metaspace       used 41232K, committed 41664K, reserved 1114112K
  class space    used 5057K, committed 5248K, reserved 1048576K
}
Event: 1.902 GC heap after
{Heap after GC invocations=21 (full 0):
 garbage-first heap   total 153600K, used 72221K [0x00000000c0000000, 0x0000000100000000)
  region size 1024K, 3 young (3072K), 3 survivors (3072K)
 Metaspace       used 41232K, committed 41664K, reserved 1114112K
  class space    used 5057K, committed 5248K, reserved 1048576K
}
Event: 1.912 GC heap before
{Heap before GC invocations=21 (full 0):
 garbage-first heap   total 153600K, used 112157K [0x00000000c0000000, 0x0000000100000000)
  region size 1024K, 43 young (44032K), 3 survivors (3072K)
 Metaspace       used 41243K, committed 41664K, reserved 1114112K
  class space    used 5058K, committed 5248K, reserved 1048576K
}

