# JRE version: OpenJDK Runtime Environment Temurin-17.0.7+7 (17.0.7+7) (build 17.0.7+7)
# Java VM: OpenJDK 64-Bit Server VM Temurin-17.0.7+7 (17.0.7+7, mixed mode, emulated-client, tiered, compressed oops, compressed class ptrs, g1 gc, windows-amd64)
GC Precious Log:
 CPUs: 12 total, 12 available
 Memory: 7930M
 Large Page Support: Disabled
 NUMA Support: Disabled
 Compressed Oops: Enabled (32-bit)
 Heap Region Size: 1M
 Heap Min Capacity: 8M
 Heap Initial Capacity: 124M
 Heap Max Capacity: 1G
 Pre-touch: Disabled
 Parallel Workers: 10
 Concurrent Workers: 3
 Concurrent Refinement Workers: 10
 Periodic GC: Disabled
Heap:
 garbage-first heap   total 126976K, used 71551K [0x00000000c0000000, 0x0000000100000000)
  region size 1024K, 3 young (3072K), 3 survivors (3072K)
 Metaspace       used 41285K, committed 41664K, reserved 1114112K
  class space    used 5064K, committed 5248K, reserved 1048576K
GC Heap History (20 events):
Event: 1.339 GC heap after
{Heap after GC invocations=8 (full 0):
 garbage-first heap   total 48128K, used 17731K [0x00000000c0000000, 0x0000000100000000)
  region size 1024K, 2 young (2048K), 2 survivors (2048K)
 Metaspace       used 33887K, committed 34240K, reserved 1114112K
  class space    used 4138K, committed 4288K, reserved 1048576K
}
Event: 1.460 GC heap before
{Heap before GC invocations=8 (full 0):
 garbage-first heap   total 48128K, used 28995K [0x00000000c0000000, 0x0000000100000000)
  region size 1024K, 14 young (14336K), 2 survivors (2048K)
 Metaspace       used 35661K, committed 35968K, reserved 1114112K
  class space    used 4409K, committed 4544K, reserved 1048576K
}
Event: 1.463 GC heap after
{Heap after GC invocations=9 (full 0):
 garbage-first heap   total 62464K, used 18677K [0x00000000c0000000, 0x0000000100000000)
  region size 1024K, 3 young (3072K), 3 survivors (3072K)
 Metaspace       used 35661K, committed 35968K, reserved 1114112K
  class space    used 4409K, committed 4544K, reserved 1048576K
}
Event: 1.553 GC heap before
{Heap before GC invocations=10 (full 0):
 garbage-first heap   total 62464K, used 43253K [0x00000000c0000000, 0x0000000100000000)
  region size 1024K, 28 young (28672K), 3 survivors (3072K)
 Metaspace       used 37937K, committed 38400K, reserved 1114112K
  class space    used 4778K, committed 4992K, reserved 1048576K
}
Event: 1.557 GC heap after
{Heap after GC invocations=11 (full 0):
 garbage-first heap   total 62464K, used 21598K [0x00000000c0000000, 0x0000000100000000)
  region size 1024K, 4 young (4096K), 4 survivors (4096K)
 Metaspace       used 37937K, committed 38400K, reserved 1114112K
  class space    used 4778K, committed 4992K, reserved 1048576K
}
Event: 1.586 GC heap before
{Heap before GC invocations=11 (full 0):
 garbage-first heap   total 62464K, used 44126K [0x00000000c0000000, 0x0000000100000000)
  region size 1024K, 27 young (27648K), 4 survivors (4096K)
 Metaspace       used 37937K, committed 38400K, reserved 1114112K
  class space    used 4778K, committed 4992K, reserved 1048576K
}
Event: 1.591 GC heap after
{Heap after GC invocations=12 (full 0):
 garbage-first heap   total 62464K, used 25920K [0x00000000c0000000, 0x0000000100000000)
  region size 1024K, 4 young (4096K), 4 survivors (4096K)
 Metaspace       used 37937K, committed 38400K, reserved 1114112K
  class space    used 4778K, committed 4992K, reserved 1048576K
}
Event: 1.617 GC heap before
{Heap before GC invocations=12 (full 0):
 garbage-first heap   total 62464K, used 43328K [0x00000000c0000000, 0x0000000100000000)
  region size 1024K, 22 young (22528K), 4 survivors (4096K)
 Metaspace       used 38115K, committed 38528K, reserved 1114112K
  class space    used 4807K, committed 4992K, reserved 1048576K
}
Event: 1.621 GC heap after
{Heap after GC invocations=13 (full 0):
 garbage-first heap   total 62464K, used 30453K [0x00000000c0000000, 0x0000000100000000)
  region size 1024K, 3 young (3072K), 3 survivors (3072K)
 Metaspace       used 38115K, committed 38528K, reserved 1114112K
  class space    used 4807K, committed 4992K, reserved 1048576K
}
Event: 1.639 GC heap before
{Heap before GC invocations=13 (full 0):
 garbage-first heap   total 62464K, used 44789K [0x00000000c0000000, 0x0000000100000000)
  region size 1024K, 18 young (18432K), 3 survivors (3072K)
 Metaspace       used 38470K, committed 38912K, reserved 1114112K
  class space    used 4838K, committed 5056K, reserved 1048576K
}
Event: 1.643 GC heap after
{Heap after GC invocations=14 (full 0):
 garbage-first heap   total 124928K, used 33527K [0x00000000c0000000, 0x0000000100000000)
  region size 1024K, 3 young (3072K), 3 survivors (3072K)
 Metaspace       used 38470K, committed 38912K, reserved 1114112K
  class space    used 4838K, committed 5056K, reserved 1048576K
}
Event: 1.699 GC heap before
{Heap before GC invocations=15 (full 0):
 garbage-first heap   total 124928K, used 87799K [0x00000000c0000000, 0x0000000100000000)
  region size 1024K, 56 young (57344K), 3 survivors (3072K)
 Metaspace       used 39231K, committed 39680K, reserved 1114112K
  class space    used 4903K, committed 5120K, reserved 1048576K
}
Event: 1.708 GC heap after
{Heap after GC invocations=16 (full 0):
 garbage-first heap   total 124928K, used 45176K [0x00000000c0000000, 0x0000000100000000)
  region size 1024K, 7 young (7168K), 7 survivors (7168K)
 Metaspace       used 39231K, committed 39680K, reserved 1114112K
  class space    used 4903K, committed 5120K, reserved 1048576K
}
Event: 1.772 GC heap before
{Heap before GC invocations=16 (full 0):
 garbage-first heap   total 124928K, used 81016K [0x00000000c0000000, 0x0000000100000000)
  region size 1024K, 43 young (44032K), 7 survivors (7168K)
 Metaspace       used 40487K, committed 40896K, reserved 1114112K
  class space    used 4981K, committed 5184K, reserved 1048576K
}
Event: 1.780 GC heap after
{Heap after GC invocations=17 (full 0):
 garbage-first heap   total 124928K, used 52885K [0x00000000c0000000, 0x0000000100000000)
  region size 1024K, 6 young (6144K), 6 survivors (6144K)
 Metaspace       used 40487K, committed 40896K, reserved 1114112K
  class space    used 4981K, committed 5184K, reserved 1048576K
}
Event: 1.833 GC heap before
{Heap before GC invocations=17 (full 0):
 garbage-first heap   total 124928K, used 87701K [0x00000000c0000000, 0x0000000100000000)
  region size 1024K, 39 young (39936K), 6 survivors (6144K)
 Metaspace       used 41257K, committed 41664K, reserved 1114112K
  class space    used 5058K, committed 5248K, reserved 1048576K
}
Event: 1.856 GC heap after
{Heap after GC invocations=18 (full 0):
 garbage-first heap   total 124928K, used 68089K [0x00000000c0000000, 0x0000000100000000)
  region size 1024K, 5 young (5120K), 5 survivors (5120K)
 Metaspace       used 41257K, committed 41664K, reserved 1114112K
  class space    used 5058K, committed 5248K, reserved 1048576K
}
Event: 1.864 GC heap before
{Heap before GC invocations=18 (full 0):
 garbage-first heap   total 124928K, used 90617K [0x00000000c0000000, 0x0000000100000000)
  region size 1024K, 28 young (28672K), 5 survivors (5120K)
 Metaspace       used 41275K, committed 41664K, reserved 1114112K
  class space    used 5063K, committed 5248K, reserved 1048576K
}
Event: 1.868 GC heap after
{Heap after GC invocations=19 (full 0):
 garbage-first heap   total 124928K, used 71067K [0x00000000c0000000, 0x0000000100000000)
  region size 1024K, 2 young (2048K), 2 survivors (2048K)
 Metaspace       used 41275K, committed 41664K, reserved 1114112K
  class space    used 5063K, committed 5248K, reserved 1048576K
}
Event: 1.875 GC heap before
{Heap before GC invocations=19 (full 0):
 garbage-first heap   total 124928K, used 93595K [0x00000000c0000000, 0x0000000100000000)
  region size 1024K, 25 young (25600K), 2 survivors (2048K)
 Metaspace       used 41285K, committed 41664K, reserved 1114112K
  class space    used 5064K, committed 5248K, reserved 1048576K
}

