# JRE version: OpenJDK Runtime Environment Temurin-17.0.7+7 (17.0.7+7) (build 17.0.7+7)
# Java VM: OpenJDK 64-Bit Server VM Temurin-17.0.7+7 (17.0.7+7, mixed mode, emulated-client, tiered, compressed oops, compressed class ptrs, g1 gc, windows-amd64)
GC Precious Log:
 CPUs: 12 total, 12 available
 Memory: 7930M
 Large Page Support: Disabled
 NUMA Support: Disabled
 Compressed Oops: Enabled (32-bit)
 Heap Region Size: 1M
 Heap Min Capacity: 8M
 Heap Initial Capacity: 124M
 Heap Max Capacity: 1G
 Pre-touch: Disabled
 Parallel Workers: 10
 Concurrent Workers: 3
 Concurrent Refinement Workers: 10
 Periodic GC: Disabled
Heap:
 garbage-first heap   total 205824K, used 84811K [0x00000000c0000000, 0x0000000100000000)
  region size 1024K, 7 young (7168K), 7 survivors (7168K)
 Metaspace       used 41520K, committed 41920K, reserved 1114112K
  class space    used 5104K, committed 5248K, reserved 1048576K
GC Heap History (20 events):
Event: 1.824 GC heap after
{Heap after GC invocations=12 (full 0):
 garbage-first heap   total 63488K, used 26891K [0x00000000c0000000, 0x0000000100000000)
  region size 1024K, 4 young (4096K), 4 survivors (4096K)
 Metaspace       used 37937K, committed 38400K, reserved 1114112K
  class space    used 4779K, committed 4992K, reserved 1048576K
}
Event: 1.854 GC heap before
{Heap before GC invocations=12 (full 0):
 garbage-first heap   total 63488K, used 45323K [0x00000000c0000000, 0x0000000100000000)
  region size 1024K, 23 young (23552K), 4 survivors (4096K)
 Metaspace       used 38266K, committed 38720K, reserved 1114112K
  class space    used 4827K, committed 5056K, reserved 1048576K
}
Event: 1.859 GC heap after
{Heap after GC invocations=13 (full 0):
 garbage-first heap   total 99328K, used 31369K [0x00000000c0000000, 0x0000000100000000)
  region size 1024K, 3 young (3072K), 3 survivors (3072K)
 Metaspace       used 38266K, committed 38720K, reserved 1114112K
  class space    used 4827K, committed 5056K, reserved 1048576K
}
Event: 1.905 GC heap before
{Heap before GC invocations=13 (full 0):
 garbage-first heap   total 99328K, used 68233K [0x00000000c0000000, 0x0000000100000000)
  region size 1024K, 40 young (40960K), 3 survivors (3072K)
 Metaspace       used 38948K, committed 39360K, reserved 1114112K
  class space    used 4868K, committed 5056K, reserved 1048576K
}
Event: 1.911 GC heap after
{Heap after GC invocations=14 (full 0):
 garbage-first heap   total 99328K, used 38174K [0x00000000c0000000, 0x0000000100000000)
  region size 1024K, 5 young (5120K), 5 survivors (5120K)
 Metaspace       used 38948K, committed 39360K, reserved 1114112K
  class space    used 4868K, committed 5056K, reserved 1048576K
}
Event: 1.939 GC heap before
{Heap before GC invocations=14 (full 0):
 garbage-first heap   total 99328K, used 69918K [0x00000000c0000000, 0x0000000100000000)
  region size 1024K, 37 young (37888K), 5 survivors (5120K)
 Metaspace       used 39440K, committed 39872K, reserved 1114112K
  class space    used 4921K, committed 5120K, reserved 1048576K
}
Event: 1.947 GC heap after
{Heap after GC invocations=15 (full 0):
 garbage-first heap   total 99328K, used 46252K [0x00000000c0000000, 0x0000000100000000)
  region size 1024K, 5 young (5120K), 5 survivors (5120K)
 Metaspace       used 39440K, committed 39872K, reserved 1114112K
  class space    used 4921K, committed 5120K, reserved 1048576K
}
Event: 2.005 GC heap before
{Heap before GC invocations=15 (full 0):
 garbage-first heap   total 99328K, used 71852K [0x00000000c0000000, 0x0000000100000000)
  region size 1024K, 31 young (31744K), 5 survivors (5120K)
 Metaspace       used 40502K, committed 40896K, reserved 1114112K
  class space    used 4980K, committed 5184K, reserved 1048576K
}
Event: 2.011 GC heap after
{Heap after GC invocations=16 (full 0):
 garbage-first heap   total 99328K, used 51663K [0x00000000c0000000, 0x0000000100000000)
  region size 1024K, 4 young (4096K), 4 survivors (4096K)
 Metaspace       used 40502K, committed 40896K, reserved 1114112K
  class space    used 4980K, committed 5184K, reserved 1048576K
}
Event: 2.041 GC heap before
{Heap before GC invocations=16 (full 0):
 garbage-first heap   total 99328K, used 61903K [0x00000000c0000000, 0x0000000100000000)
  region size 1024K, 16 young (16384K), 4 survivors (4096K)
 Metaspace       used 41001K, committed 41344K, reserved 1114112K
  class space    used 5025K, committed 5184K, reserved 1048576K
}
Event: 2.044 GC heap after
{Heap after GC invocations=17 (full 0):
 garbage-first heap   total 205824K, used 54445K [0x00000000c0000000, 0x0000000100000000)
  region size 1024K, 3 young (3072K), 3 survivors (3072K)
 Metaspace       used 41001K, committed 41344K, reserved 1114112K
  class space    used 5025K, committed 5184K, reserved 1048576K
}
Event: 2.119 GC heap before
{Heap before GC invocations=18 (full 0):
 garbage-first heap   total 205824K, used 141485K [0x00000000c0000000, 0x0000000100000000)
  region size 1024K, 87 young (89088K), 3 survivors (3072K)
 Metaspace       used 41429K, committed 41856K, reserved 1114112K
  class space    used 5092K, committed 5248K, reserved 1048576K
}
Event: 2.140 GC heap after
{Heap after GC invocations=19 (full 0):
 garbage-first heap   total 205824K, used 73823K [0x00000000c0000000, 0x0000000100000000)
  region size 1024K, 11 young (11264K), 11 survivors (11264K)
 Metaspace       used 41429K, committed 41856K, reserved 1114112K
  class space    used 5092K, committed 5248K, reserved 1048576K
}
Event: 2.142 GC heap before
{Heap before GC invocations=19 (full 0):
 garbage-first heap   total 205824K, used 73823K [0x00000000c0000000, 0x0000000100000000)
  region size 1024K, 13 young (13312K), 11 survivors (11264K)
 Metaspace       used 41437K, committed 41856K, reserved 1114112K
  class space    used 5097K, committed 5248K, reserved 1048576K
}
Event: 2.146 GC heap after
{Heap after GC invocations=20 (full 0):
 garbage-first heap   total 205824K, used 75016K [0x00000000c0000000, 0x0000000100000000)
  region size 1024K, 2 young (2048K), 2 survivors (2048K)
 Metaspace       used 41437K, committed 41856K, reserved 1114112K
  class space    used 5097K, committed 5248K, reserved 1048576K
}
Event: 2.160 GC heap before
{Heap before GC invocations=20 (full 0):
 garbage-first heap   total 205824K, used 137480K [0x00000000c0000000, 0x0000000100000000)
  region size 1024K, 64 young (65536K), 2 survivors (2048K)
 Metaspace       used 41464K, committed 41856K, reserved 1114112K
  class space    used 5098K, committed 5248K, reserved 1048576K
}
Event: 2.162 GC heap after
{Heap after GC invocations=21 (full 0):
 garbage-first heap   total 205824K, used 76997K [0x00000000c0000000, 0x0000000100000000)
  region size 1024K, 4 young (4096K), 4 survivors (4096K)
 Metaspace       used 41464K, committed 41856K, reserved 1114112K
  class space    used 5098K, committed 5248K, reserved 1048576K
}
Event: 2.176 GC heap before
{Heap before GC invocations=21 (full 0):
 garbage-first heap   total 205824K, used 143557K [0x00000000c0000000, 0x0000000100000000)
  region size 1024K, 69 young (70656K), 4 survivors (4096K)
 Metaspace       used 41514K, committed 41920K, reserved 1114112K
  class space    used 5103K, committed 5248K, reserved 1048576K
}
Event: 2.178 GC heap after
{Heap after GC invocations=22 (full 0):
 garbage-first heap   total 205824K, used 81480K [0x00000000c0000000, 0x0000000100000000)
  region size 1024K, 7 young (7168K), 7 survivors (7168K)
 Metaspace       used 41514K, committed 41920K, reserved 1114112K
  class space    used 5103K, committed 5248K, reserved 1048576K
}
Event: 2.193 GC heap before
{Heap before GC invocations=22 (full 0):
 garbage-first heap   total 205824K, used 150088K [0x00000000c0000000, 0x0000000100000000)
  region size 1024K, 75 young (76800K), 7 survivors (7168K)
 Metaspace       used 41520K, committed 41920K, reserved 1114112K
  class space    used 5104K, committed 5248K, reserved 1048576K
}

