# JRE version: OpenJDK Runtime Environment Temurin-17.0.7+7 (17.0.7+7) (build 17.0.7+7)
# Java VM: OpenJDK 64-Bit Server VM Temurin-17.0.7+7 (17.0.7+7, mixed mode, emulated-client, tiered, compressed oops, compressed class ptrs, g1 gc, windows-amd64)
GC Precious Log:
 CPUs: 12 total, 12 available
 Memory: 7930M
 Large Page Support: Disabled
 NUMA Support: Disabled
 Compressed Oops: Enabled (32-bit)
 Heap Region Size: 1M
 Heap Min Capacity: 8M
 Heap Initial Capacity: 124M
 Heap Max Capacity: 1G
 Pre-touch: Disabled
 Parallel Workers: 10
 Concurrent Workers: 3
 Concurrent Refinement Workers: 10
 Periodic GC: Disabled
Heap:
 garbage-first heap   total 215040K, used 81762K [0x00000000c0000000, 0x0000000100000000)
  region size 1024K, 5 young (5120K), 5 survivors (5120K)
 Metaspace       used 41515K, committed 41920K, reserved 1114112K
  class space    used 5109K, committed 5312K, reserved 1048576K
GC Heap History (20 events):
Event: 1.604 GC heap after
{Heap after GC invocations=12 (full 0):
 garbage-first heap   total 54272K, used 24554K [0x00000000c0000000, 0x0000000100000000)
  region size 1024K, 3 young (3072K), 3 survivors (3072K)
 Metaspace       used 37979K, committed 38464K, reserved 1114112K
  class space    used 4788K, committed 4992K, reserved 1048576K
}
Event: 1.622 GC heap before
{Heap before GC invocations=12 (full 0):
 garbage-first heap   total 54272K, used 38890K [0x00000000c0000000, 0x0000000100000000)
  region size 1024K, 18 young (18432K), 3 survivors (3072K)
 Metaspace       used 37980K, committed 38464K, reserved 1114112K
  class space    used 4788K, committed 4992K, reserved 1048576K
}
Event: 1.626 GC heap after
{Heap after GC invocations=13 (full 0):
 garbage-first heap   total 93184K, used 28754K [0x00000000c0000000, 0x0000000100000000)
  region size 1024K, 3 young (3072K), 3 survivors (3072K)
 Metaspace       used 37980K, committed 38464K, reserved 1114112K
  class space    used 4788K, committed 4992K, reserved 1048576K
}
Event: 1.680 GC heap before
{Heap before GC invocations=13 (full 0):
 garbage-first heap   total 93184K, used 59474K [0x00000000c0000000, 0x0000000100000000)
  region size 1024K, 34 young (34816K), 3 survivors (3072K)
 Metaspace       used 38659K, committed 39104K, reserved 1114112K
  class space    used 4856K, committed 5056K, reserved 1048576K
}
Event: 1.686 GC heap after
{Heap after GC invocations=14 (full 0):
 garbage-first heap   total 93184K, used 33788K [0x00000000c0000000, 0x0000000100000000)
  region size 1024K, 5 young (5120K), 5 survivors (5120K)
 Metaspace       used 38659K, committed 39104K, reserved 1114112K
  class space    used 4856K, committed 5056K, reserved 1048576K
}
Event: 1.721 GC heap before
{Heap before GC invocations=14 (full 0):
 garbage-first heap   total 93184K, used 61436K [0x00000000c0000000, 0x0000000100000000)
  region size 1024K, 33 young (33792K), 5 survivors (5120K)
 Metaspace       used 38941K, committed 39360K, reserved 1114112K
  class space    used 4871K, committed 5056K, reserved 1048576K
}
Event: 1.730 GC heap after
{Heap after GC invocations=15 (full 0):
 garbage-first heap   total 93184K, used 41108K [0x00000000c0000000, 0x0000000100000000)
  region size 1024K, 5 young (5120K), 5 survivors (5120K)
 Metaspace       used 38941K, committed 39360K, reserved 1114112K
  class space    used 4871K, committed 5056K, reserved 1048576K
}
Event: 1.754 GC heap before
{Heap before GC invocations=15 (full 0):
 garbage-first heap   total 93184K, used 64659K [0x00000000c0000000, 0x0000000100000000)
  region size 1024K, 29 young (29696K), 5 survivors (5120K)
 Metaspace       used 39316K, committed 39744K, reserved 1114112K
  class space    used 4915K, committed 5120K, reserved 1048576K
}
Event: 1.761 GC heap after
{Heap after GC invocations=16 (full 0):
 garbage-first heap   total 93184K, used 45889K [0x00000000c0000000, 0x0000000100000000)
  region size 1024K, 4 young (4096K), 4 survivors (4096K)
 Metaspace       used 39316K, committed 39744K, reserved 1114112K
  class space    used 4915K, committed 5120K, reserved 1048576K
}
Event: 1.807 GC heap before
{Heap before GC invocations=16 (full 0):
 garbage-first heap   total 93184K, used 66369K [0x00000000c0000000, 0x0000000100000000)
  region size 1024K, 25 young (25600K), 4 survivors (4096K)
 Metaspace       used 40086K, committed 40576K, reserved 1114112K
  class space    used 4962K, committed 5184K, reserved 1048576K
}
Event: 1.813 GC heap after
{Heap after GC invocations=17 (full 0):
 garbage-first heap   total 215040K, used 50408K [0x00000000c0000000, 0x0000000100000000)
  region size 1024K, 4 young (4096K), 4 survivors (4096K)
 Metaspace       used 40086K, committed 40576K, reserved 1114112K
  class space    used 4962K, committed 5184K, reserved 1048576K
}
Event: 1.955 GC heap before
{Heap before GC invocations=18 (full 0):
 garbage-first heap   total 184320K, used 131304K [0x00000000c0000000, 0x0000000100000000)
  region size 1024K, 82 young (83968K), 4 survivors (4096K)
 Metaspace       used 41487K, committed 41920K, reserved 1114112K
  class space    used 5102K, committed 5312K, reserved 1048576K
}
Event: 1.983 GC heap after
{Heap after GC invocations=19 (full 0):
 garbage-first heap   total 184320K, used 71668K [0x00000000c0000000, 0x0000000100000000)
  region size 1024K, 11 young (11264K), 11 survivors (11264K)
 Metaspace       used 41487K, committed 41920K, reserved 1114112K
  class space    used 5102K, committed 5312K, reserved 1048576K
}
Event: 1.985 GC heap before
{Heap before GC invocations=19 (full 0):
 garbage-first heap   total 184320K, used 72692K [0x00000000c0000000, 0x0000000100000000)
  region size 1024K, 12 young (12288K), 11 survivors (11264K)
 Metaspace       used 41490K, committed 41920K, reserved 1114112K
  class space    used 5102K, committed 5312K, reserved 1048576K
}
Event: 1.990 GC heap after
{Heap after GC invocations=20 (full 0):
 garbage-first heap   total 184320K, used 73968K [0x00000000c0000000, 0x0000000100000000)
  region size 1024K, 2 young (2048K), 2 survivors (2048K)
 Metaspace       used 41490K, committed 41920K, reserved 1114112K
  class space    used 5102K, committed 5312K, reserved 1048576K
}
Event: 1.999 GC heap before
{Heap before GC invocations=20 (full 0):
 garbage-first heap   total 184320K, used 118000K [0x00000000c0000000, 0x0000000100000000)
  region size 1024K, 46 young (47104K), 2 survivors (2048K)
 Metaspace       used 41500K, committed 41920K, reserved 1114112K
  class space    used 5102K, committed 5312K, reserved 1048576K
}
Event: 2.001 GC heap after
{Heap after GC invocations=21 (full 0):
 garbage-first heap   total 184320K, used 75768K [0x00000000c0000000, 0x0000000100000000)
  region size 1024K, 4 young (4096K), 4 survivors (4096K)
 Metaspace       used 41500K, committed 41920K, reserved 1114112K
  class space    used 5102K, committed 5312K, reserved 1048576K
}
Event: 2.012 GC heap before
{Heap before GC invocations=21 (full 0):
 garbage-first heap   total 184320K, used 123896K [0x00000000c0000000, 0x0000000100000000)
  region size 1024K, 51 young (52224K), 4 survivors (4096K)
 Metaspace       used 41512K, committed 41920K, reserved 1114112K
  class space    used 5109K, committed 5312K, reserved 1048576K
}
Event: 2.014 GC heap after
{Heap after GC invocations=22 (full 0):
 garbage-first heap   total 184320K, used 79259K [0x00000000c0000000, 0x0000000100000000)
  region size 1024K, 6 young (6144K), 6 survivors (6144K)
 Metaspace       used 41512K, committed 41920K, reserved 1114112K
  class space    used 5109K, committed 5312K, reserved 1048576K
}
Event: 2.025 GC heap before
{Heap before GC invocations=22 (full 0):
 garbage-first heap   total 184320K, used 131483K [0x00000000c0000000, 0x0000000100000000)
  region size 1024K, 58 young (59392K), 6 survivors (6144K)
 Metaspace       used 41515K, committed 41920K, reserved 1114112K
  class space    used 5109K, committed 5312K, reserved 1048576K
}

