# JRE version: OpenJDK Runtime Environment Temurin-17.0.7+7 (17.0.7+7) (build 17.0.7+7)
# Java VM: OpenJDK 64-Bit Server VM Temurin-17.0.7+7 (17.0.7+7, mixed mode, emulated-client, tiered, compressed oops, compressed class ptrs, g1 gc, windows-amd64)
GC Precious Log:
 CPUs: 12 total, 12 available
 Memory: 7930M
 Large Page Support: Disabled
 NUMA Support: Disabled
 Compressed Oops: Enabled (32-bit)
 Heap Region Size: 1M
 Heap Min Capacity: 8M
 Heap Initial Capacity: 124M
 Heap Max Capacity: 1G
 Pre-touch: Disabled
 Parallel Workers: 10
 Concurrent Workers: 3
 Concurrent Refinement Workers: 10
 Periodic GC: Disabled
Heap:
 garbage-first heap   total 126976K, used 70157K [0x00000000c0000000, 0x0000000100000000)
  region size 1024K, 4 young (4096K), 4 survivors (4096K)
 Metaspace       used 41232K, committed 41664K, reserved 1114112K
  class space    used 5053K, committed 5248K, reserved 1048576K
GC Heap History (20 events):
Event: 1.458 GC heap after
{Heap after GC invocations=9 (full 0):
 garbage-first heap   total 59392K, used 18866K [0x00000000c0000000, 0x0000000100000000)
  region size 1024K, 2 young (2048K), 2 survivors (2048K)
 Metaspace       used 35336K, committed 35712K, reserved 1114112K
  class space    used 4362K, committed 4544K, reserved 1048576K
}
Event: 1.485 GC heap before
{Heap before GC invocations=9 (full 0):
 garbage-first heap   total 59392K, used 20914K [0x00000000c0000000, 0x0000000100000000)
  region size 1024K, 5 young (5120K), 2 survivors (2048K)
 Metaspace       used 35661K, committed 35968K, reserved 1114112K
  class space    used 4409K, committed 4544K, reserved 1048576K
}
Event: 1.486 GC heap after
{Heap after GC invocations=10 (full 0):
 garbage-first heap   total 59392K, used 19018K [0x00000000c0000000, 0x0000000100000000)
  region size 1024K, 2 young (2048K), 2 survivors (2048K)
 Metaspace       used 35661K, committed 35968K, reserved 1114112K
  class space    used 4409K, committed 4544K, reserved 1048576K
}
Event: 1.584 GC heap before
{Heap before GC invocations=11 (full 0):
 garbage-first heap   total 59392K, used 41546K [0x00000000c0000000, 0x0000000100000000)
  region size 1024K, 25 young (25600K), 2 survivors (2048K)
 Metaspace       used 37895K, committed 38336K, reserved 1114112K
  class space    used 4770K, committed 4992K, reserved 1048576K
}
Event: 1.587 GC heap after
{Heap after GC invocations=12 (full 0):
 garbage-first heap   total 59392K, used 21763K [0x00000000c0000000, 0x0000000100000000)
  region size 1024K, 4 young (4096K), 4 survivors (4096K)
 Metaspace       used 37895K, committed 38336K, reserved 1114112K
  class space    used 4770K, committed 4992K, reserved 1048576K
}
Event: 1.611 GC heap before
{Heap before GC invocations=12 (full 0):
 garbage-first heap   total 59392K, used 42243K [0x00000000c0000000, 0x0000000100000000)
  region size 1024K, 25 young (25600K), 4 survivors (4096K)
 Metaspace       used 37895K, committed 38336K, reserved 1114112K
  class space    used 4770K, committed 4992K, reserved 1048576K
}
Event: 1.617 GC heap after
{Heap after GC invocations=13 (full 0):
 garbage-first heap   total 59392K, used 25645K [0x00000000c0000000, 0x0000000100000000)
  region size 1024K, 4 young (4096K), 4 survivors (4096K)
 Metaspace       used 37895K, committed 38336K, reserved 1114112K
  class space    used 4770K, committed 4992K, reserved 1048576K
}
Event: 1.641 GC heap before
{Heap before GC invocations=13 (full 0):
 garbage-first heap   total 59392K, used 43053K [0x00000000c0000000, 0x0000000100000000)
  region size 1024K, 22 young (22528K), 4 survivors (4096K)
 Metaspace       used 38163K, committed 38592K, reserved 1114112K
  class space    used 4813K, committed 4992K, reserved 1048576K
}
Event: 1.646 GC heap after
{Heap after GC invocations=14 (full 0):
 garbage-first heap   total 59392K, used 30207K [0x00000000c0000000, 0x0000000100000000)
  region size 1024K, 3 young (3072K), 3 survivors (3072K)
 Metaspace       used 38163K, committed 38592K, reserved 1114112K
  class space    used 4813K, committed 4992K, reserved 1048576K
}
Event: 1.664 GC heap before
{Heap before GC invocations=14 (full 0):
 garbage-first heap   total 59392K, used 43519K [0x00000000c0000000, 0x0000000100000000)
  region size 1024K, 16 young (16384K), 3 survivors (3072K)
 Metaspace       used 38444K, committed 38912K, reserved 1114112K
  class space    used 4833K, committed 5056K, reserved 1048576K
}
Event: 1.667 GC heap after
{Heap after GC invocations=15 (full 0):
 garbage-first heap   total 118784K, used 32860K [0x00000000c0000000, 0x0000000100000000)
  region size 1024K, 2 young (2048K), 2 survivors (2048K)
 Metaspace       used 38444K, committed 38912K, reserved 1114112K
  class space    used 4833K, committed 5056K, reserved 1048576K
}
Event: 1.719 GC heap before
{Heap before GC invocations=16 (full 0):
 garbage-first heap   total 118784K, used 84060K [0x00000000c0000000, 0x0000000100000000)
  region size 1024K, 52 young (53248K), 2 survivors (2048K)
 Metaspace       used 39069K, committed 39488K, reserved 1114112K
  class space    used 4878K, committed 5056K, reserved 1048576K
}
Event: 1.728 GC heap after
{Heap after GC invocations=17 (full 0):
 garbage-first heap   total 118784K, used 44274K [0x00000000c0000000, 0x0000000100000000)
  region size 1024K, 7 young (7168K), 7 survivors (7168K)
 Metaspace       used 39069K, committed 39488K, reserved 1114112K
  class space    used 4878K, committed 5056K, reserved 1048576K
}
Event: 1.731 GC heap before
{Heap before GC invocations=17 (full 0):
 garbage-first heap   total 118784K, used 45298K [0x00000000c0000000, 0x0000000100000000)
  region size 1024K, 8 young (8192K), 7 survivors (7168K)
 Metaspace       used 39082K, committed 39488K, reserved 1114112K
  class space    used 4880K, committed 5056K, reserved 1048576K
}
Event: 1.734 GC heap after
{Heap after GC invocations=18 (full 0):
 garbage-first heap   total 118784K, used 45788K [0x00000000c0000000, 0x0000000100000000)
  region size 1024K, 1 young (1024K), 1 survivors (1024K)
 Metaspace       used 39082K, committed 39488K, reserved 1114112K
  class space    used 4880K, committed 5056K, reserved 1048576K
}
Event: 1.793 GC heap before
{Heap before GC invocations=18 (full 0):
 garbage-first heap   total 118784K, used 81628K [0x00000000c0000000, 0x0000000100000000)
  region size 1024K, 37 young (37888K), 1 survivors (1024K)
 Metaspace       used 40368K, committed 40832K, reserved 1114112K
  class space    used 4965K, committed 5184K, reserved 1048576K
}
Event: 1.796 GC heap after
{Heap after GC invocations=19 (full 0):
 garbage-first heap   total 118784K, used 51332K [0x00000000c0000000, 0x0000000100000000)
  region size 1024K, 5 young (5120K), 5 survivors (5120K)
 Metaspace       used 40368K, committed 40832K, reserved 1114112K
  class space    used 4965K, committed 5184K, reserved 1048576K
}
Event: 1.862 GC heap before
{Heap before GC invocations=19 (full 0):
 garbage-first heap   total 118784K, used 87172K [0x00000000c0000000, 0x0000000100000000)
  region size 1024K, 39 young (39936K), 5 survivors (5120K)
 Metaspace       used 41127K, committed 41472K, reserved 1114112K
  class space    used 5041K, committed 5184K, reserved 1048576K
}
Event: 1.875 GC heap after
{Heap after GC invocations=20 (full 0):
 garbage-first heap   total 118784K, used 65296K [0x00000000c0000000, 0x0000000100000000)
  region size 1024K, 5 young (5120K), 5 survivors (5120K)
 Metaspace       used 41127K, committed 41472K, reserved 1114112K
  class space    used 5041K, committed 5184K, reserved 1048576K
}
Event: 1.892 GC heap before
{Heap before GC invocations=20 (full 0):
 garbage-first heap   total 118784K, used 86800K [0x00000000c0000000, 0x0000000100000000)
  region size 1024K, 27 young (27648K), 5 survivors (5120K)
 Metaspace       used 41232K, committed 41664K, reserved 1114112K
  class space    used 5053K, committed 5248K, reserved 1048576K
}

