# JRE version: OpenJDK Runtime Environment Temurin-17.0.7+7 (17.0.7+7) (build 17.0.7+7)
# Java VM: OpenJDK 64-Bit Server VM Temurin-17.0.7+7 (17.0.7+7, mixed mode, emulated-client, tiered, compressed oops, compressed class ptrs, g1 gc, windows-amd64)
GC Precious Log:
 CPUs: 12 total, 12 available
 Memory: 7930M
 Large Page Support: Disabled
 NUMA Support: Disabled
 Compressed Oops: Enabled (32-bit)
 Heap Region Size: 1M
 Heap Min Capacity: 8M
 Heap Initial Capacity: 124M
 Heap Max Capacity: 1G
 Pre-touch: Disabled
 Parallel Workers: 10
 Concurrent Workers: 3
 Concurrent Refinement Workers: 10
 Periodic GC: Disabled
Heap:
 garbage-first heap   total 126976K, used 72060K [0x00000000c0000000, 0x0000000100000000)
  region size 1024K, 2 young (2048K), 2 survivors (2048K)
 Metaspace       used 41445K, committed 41856K, reserved 1114112K
  class space    used 5099K, committed 5312K, reserved 1048576K
GC Heap History (20 events):
Event: 1.362 GC heap after
{Heap after GC invocations=8 (full 0):
 garbage-first heap   total 48128K, used 18667K [0x00000000c0000000, 0x0000000100000000)
  region size 1024K, 2 young (2048K), 2 survivors (2048K)
 Metaspace       used 34044K, committed 34432K, reserved 1114112K
  class space    used 4171K, committed 4352K, reserved 1048576K
}
Event: 1.467 GC heap before
{Heap before GC invocations=8 (full 0):
 garbage-first heap   total 48128K, used 28907K [0x00000000c0000000, 0x0000000100000000)
  region size 1024K, 13 young (13312K), 2 survivors (2048K)
 Metaspace       used 35664K, committed 35968K, reserved 1114112K
  class space    used 4413K, committed 4544K, reserved 1048576K
}
Event: 1.469 GC heap after
{Heap after GC invocations=9 (full 0):
 garbage-first heap   total 61440K, used 19343K [0x00000000c0000000, 0x0000000100000000)
  region size 1024K, 3 young (3072K), 3 survivors (3072K)
 Metaspace       used 35664K, committed 35968K, reserved 1114112K
  class space    used 4413K, committed 4544K, reserved 1048576K
}
Event: 1.570 GC heap before
{Heap before GC invocations=10 (full 0):
 garbage-first heap   total 61440K, used 42895K [0x00000000c0000000, 0x0000000100000000)
  region size 1024K, 27 young (27648K), 3 survivors (3072K)
 Metaspace       used 37982K, committed 38464K, reserved 1114112K
  class space    used 4791K, committed 4992K, reserved 1048576K
}
Event: 1.574 GC heap after
{Heap after GC invocations=11 (full 0):
 garbage-first heap   total 61440K, used 22263K [0x00000000c0000000, 0x0000000100000000)
  region size 1024K, 4 young (4096K), 4 survivors (4096K)
 Metaspace       used 37982K, committed 38464K, reserved 1114112K
  class space    used 4791K, committed 4992K, reserved 1048576K
}
Event: 1.596 GC heap before
{Heap before GC invocations=11 (full 0):
 garbage-first heap   total 61440K, used 43767K [0x00000000c0000000, 0x0000000100000000)
  region size 1024K, 26 young (26624K), 4 survivors (4096K)
 Metaspace       used 37994K, committed 38464K, reserved 1114112K
  class space    used 4793K, committed 4992K, reserved 1048576K
}
Event: 1.602 GC heap after
{Heap after GC invocations=12 (full 0):
 garbage-first heap   total 61440K, used 27241K [0x00000000c0000000, 0x0000000100000000)
  region size 1024K, 4 young (4096K), 4 survivors (4096K)
 Metaspace       used 37994K, committed 38464K, reserved 1114112K
  class space    used 4793K, committed 4992K, reserved 1048576K
}
Event: 1.627 GC heap before
{Heap before GC invocations=12 (full 0):
 garbage-first heap   total 61440K, used 44649K [0x00000000c0000000, 0x0000000100000000)
  region size 1024K, 22 young (22528K), 4 survivors (4096K)
 Metaspace       used 38329K, committed 38784K, reserved 1114112K
  class space    used 4843K, committed 5056K, reserved 1048576K
}
Event: 1.631 GC heap after
{Heap after GC invocations=13 (full 0):
 garbage-first heap   total 61440K, used 30811K [0x00000000c0000000, 0x0000000100000000)
  region size 1024K, 3 young (3072K), 3 survivors (3072K)
 Metaspace       used 38329K, committed 38784K, reserved 1114112K
  class space    used 4843K, committed 5056K, reserved 1048576K
}
Event: 1.649 GC heap before
{Heap before GC invocations=13 (full 0):
 garbage-first heap   total 61440K, used 46171K [0x00000000c0000000, 0x0000000100000000)
  region size 1024K, 18 young (18432K), 3 survivors (3072K)
 Metaspace       used 38661K, committed 39104K, reserved 1114112K
  class space    used 4860K, committed 5056K, reserved 1048576K
}
Event: 1.652 GC heap after
{Heap after GC invocations=14 (full 0):
 garbage-first heap   total 122880K, used 33834K [0x00000000c0000000, 0x0000000100000000)
  region size 1024K, 3 young (3072K), 3 survivors (3072K)
 Metaspace       used 38661K, committed 39104K, reserved 1114112K
  class space    used 4860K, committed 5056K, reserved 1048576K
}
Event: 1.706 GC heap before
{Heap before GC invocations=15 (full 0):
 garbage-first heap   total 122880K, used 86058K [0x00000000c0000000, 0x0000000100000000)
  region size 1024K, 54 young (55296K), 3 survivors (3072K)
 Metaspace       used 39453K, committed 39872K, reserved 1114112K
  class space    used 4934K, committed 5120K, reserved 1048576K
}
Event: 1.716 GC heap after
{Heap after GC invocations=16 (full 0):
 garbage-first heap   total 122880K, used 44875K [0x00000000c0000000, 0x0000000100000000)
  region size 1024K, 7 young (7168K), 7 survivors (7168K)
 Metaspace       used 39453K, committed 39872K, reserved 1114112K
  class space    used 4934K, committed 5120K, reserved 1048576K
}
Event: 1.767 GC heap before
{Heap before GC invocations=16 (full 0):
 garbage-first heap   total 122880K, used 78667K [0x00000000c0000000, 0x0000000100000000)
  region size 1024K, 41 young (41984K), 7 survivors (7168K)
 Metaspace       used 40530K, committed 40960K, reserved 1114112K
  class space    used 4994K, committed 5184K, reserved 1048576K
}
Event: 1.774 GC heap after
{Heap after GC invocations=17 (full 0):
 garbage-first heap   total 122880K, used 51261K [0x00000000c0000000, 0x0000000100000000)
  region size 1024K, 6 young (6144K), 6 survivors (6144K)
 Metaspace       used 40530K, committed 40960K, reserved 1114112K
  class space    used 4994K, committed 5184K, reserved 1048576K
}
Event: 1.827 GC heap before
{Heap before GC invocations=17 (full 0):
 garbage-first heap   total 122880K, used 87101K [0x00000000c0000000, 0x0000000100000000)
  region size 1024K, 39 young (39936K), 6 survivors (6144K)
 Metaspace       used 41211K, committed 41600K, reserved 1114112K
  class space    used 5061K, committed 5248K, reserved 1048576K
}
Event: 1.838 GC heap after
{Heap after GC invocations=18 (full 0):
 garbage-first heap   total 122880K, used 64662K [0x00000000c0000000, 0x0000000100000000)
  region size 1024K, 5 young (5120K), 5 survivors (5120K)
 Metaspace       used 41211K, committed 41600K, reserved 1114112K
  class space    used 5061K, committed 5248K, reserved 1048576K
}
Event: 1.853 GC heap before
{Heap before GC invocations=18 (full 0):
 garbage-first heap   total 122880K, used 89238K [0x00000000c0000000, 0x0000000100000000)
  region size 1024K, 30 young (30720K), 5 survivors (5120K)
 Metaspace       used 41435K, committed 41856K, reserved 1114112K
  class space    used 5097K, committed 5312K, reserved 1048576K
}
Event: 1.867 GC heap after
{Heap after GC invocations=19 (full 0):
 garbage-first heap   total 122880K, used 70065K [0x00000000c0000000, 0x0000000100000000)
  region size 1024K, 4 young (4096K), 4 survivors (4096K)
 Metaspace       used 41435K, committed 41856K, reserved 1114112K
  class space    used 5097K, committed 5312K, reserved 1048576K
}
Event: 1.875 GC heap before
{Heap before GC invocations=19 (full 0):
 garbage-first heap   total 122880K, used 92593K [0x00000000c0000000, 0x0000000100000000)
  region size 1024K, 27 young (27648K), 4 survivors (4096K)
 Metaspace       used 41445K, committed 41856K, reserved 1114112K
  class space    used 5099K, committed 5312K, reserved 1048576K
}

