# JRE version: OpenJDK Runtime Environment Temurin-17.0.7+7 (17.0.7+7) (build 17.0.7+7)
# Java VM: OpenJDK 64-Bit Server VM Temurin-17.0.7+7 (17.0.7+7, mixed mode, emulated-client, tiered, compressed oops, compressed class ptrs, g1 gc, windows-amd64)
GC Precious Log:
 CPUs: 12 total, 12 available
 Memory: 7930M
 Large Page Support: Disabled
 NUMA Support: Disabled
 Compressed Oops: Enabled (32-bit)
 Heap Region Size: 1M
 Heap Min Capacity: 8M
 Heap Initial Capacity: 124M
 Heap Max Capacity: 1G
 Pre-touch: Disabled
 Parallel Workers: 10
 Concurrent Workers: 3
 Concurrent Refinement Workers: 10
 Periodic GC: Disabled
Heap:
 garbage-first heap   total 322560K, used 97266K [0x00000000c0000000, 0x0000000100000000)
  region size 1024K, 17 young (17408K), 17 survivors (17408K)
 Metaspace       used 41521K, committed 41920K, reserved 1114112K
  class space    used 5107K, committed 5312K, reserved 1048576K
GC Heap History (20 events):
Event: 1.648 GC heap after
{Heap after GC invocations=14 (full 0):
 garbage-first heap   total 120832K, used 33182K [0x00000000c0000000, 0x0000000100000000)
  region size 1024K, 3 young (3072K), 3 survivors (3072K)
 Metaspace       used 38328K, committed 38784K, reserved 1114112K
  class space    used 4833K, committed 5056K, reserved 1048576K
}
Event: 1.699 GC heap before
{Heap before GC invocations=15 (full 0):
 garbage-first heap   total 120832K, used 82334K [0x00000000c0000000, 0x0000000100000000)
  region size 1024K, 52 young (53248K), 3 survivors (3072K)
 Metaspace       used 38969K, committed 39360K, reserved 1114112K
  class space    used 4878K, committed 5056K, reserved 1048576K
}
Event: 1.708 GC heap after
{Heap after GC invocations=16 (full 0):
 garbage-first heap   total 120832K, used 44247K [0x00000000c0000000, 0x0000000100000000)
  region size 1024K, 7 young (7168K), 7 survivors (7168K)
 Metaspace       used 38969K, committed 39360K, reserved 1114112K
  class space    used 4878K, committed 5056K, reserved 1048576K
}
Event: 1.778 GC heap before
{Heap before GC invocations=16 (full 0):
 garbage-first heap   total 120832K, used 82135K [0x00000000c0000000, 0x0000000100000000)
  region size 1024K, 45 young (46080K), 7 survivors (7168K)
 Metaspace       used 40492K, committed 40896K, reserved 1114112K
  class space    used 4983K, committed 5184K, reserved 1048576K
}
Event: 1.788 GC heap after
{Heap after GC invocations=17 (full 0):
 garbage-first heap   total 120832K, used 50908K [0x00000000c0000000, 0x0000000100000000)
  region size 1024K, 6 young (6144K), 6 survivors (6144K)
 Metaspace       used 40492K, committed 40896K, reserved 1114112K
  class space    used 4983K, committed 5184K, reserved 1048576K
}
Event: 1.849 GC heap before
{Heap before GC invocations=17 (full 0):
 garbage-first heap   total 120832K, used 87772K [0x00000000c0000000, 0x0000000100000000)
  region size 1024K, 41 young (41984K), 6 survivors (6144K)
 Metaspace       used 41214K, committed 41600K, reserved 1114112K
  class space    used 5054K, committed 5248K, reserved 1048576K
}
Event: 1.872 GC heap after
{Heap after GC invocations=18 (full 0):
 garbage-first heap   total 120832K, used 67229K [0x00000000c0000000, 0x0000000100000000)
  region size 1024K, 6 young (6144K), 6 survivors (6144K)
 Metaspace       used 41214K, committed 41600K, reserved 1114112K
  class space    used 5054K, committed 5248K, reserved 1048576K
}
Event: 1.881 GC heap before
{Heap before GC invocations=18 (full 0):
 garbage-first heap   total 120832K, used 87709K [0x00000000c0000000, 0x0000000100000000)
  region size 1024K, 27 young (27648K), 6 survivors (6144K)
 Metaspace       used 41272K, committed 41664K, reserved 1114112K
  class space    used 5064K, committed 5248K, reserved 1048576K
}
Event: 1.885 GC heap after
{Heap after GC invocations=19 (full 0):
 garbage-first heap   total 120832K, used 69932K [0x00000000c0000000, 0x0000000100000000)
  region size 1024K, 2 young (2048K), 2 survivors (2048K)
 Metaspace       used 41272K, committed 41664K, reserved 1114112K
  class space    used 5064K, committed 5248K, reserved 1048576K
}
Event: 1.892 GC heap before
{Heap before GC invocations=19 (full 0):
 garbage-first heap   total 120832K, used 90412K [0x00000000c0000000, 0x0000000100000000)
  region size 1024K, 23 young (23552K), 2 survivors (2048K)
 Metaspace       used 41280K, committed 41664K, reserved 1114112K
  class space    used 5064K, committed 5248K, reserved 1048576K
}
Event: 1.895 GC heap after
{Heap after GC invocations=20 (full 0):
 garbage-first heap   total 317440K, used 70615K [0x00000000c0000000, 0x0000000100000000)
  region size 1024K, 3 young (3072K), 3 survivors (3072K)
 Metaspace       used 41280K, committed 41664K, reserved 1114112K
  class space    used 5064K, committed 5248K, reserved 1048576K
}
Event: 1.948 GC heap before
{Heap before GC invocations=20 (full 0):
 garbage-first heap   total 322560K, used 213975K [0x00000000c0000000, 0x0000000100000000)
  region size 1024K, 145 young (148480K), 3 survivors (3072K)
 Metaspace       used 41307K, committed 41664K, reserved 1114112K
  class space    used 5074K, committed 5248K, reserved 1048576K
}
Event: 1.953 GC heap after
{Heap after GC invocations=21 (full 0):
 garbage-first heap   total 322560K, used 75129K [0x00000000c0000000, 0x0000000100000000)
  region size 1024K, 8 young (8192K), 8 survivors (8192K)
 Metaspace       used 41307K, committed 41664K, reserved 1114112K
  class space    used 5074K, committed 5248K, reserved 1048576K
}
Event: 1.994 GC heap before
{Heap before GC invocations=22 (full 0):
 garbage-first heap   total 322560K, used 246137K [0x00000000c0000000, 0x0000000100000000)
  region size 1024K, 176 young (180224K), 8 survivors (8192K)
 Metaspace       used 41466K, committed 41792K, reserved 1114112K
  class space    used 5092K, committed 5248K, reserved 1048576K
}
Event: 2.002 GC heap after
{Heap after GC invocations=23 (full 0):
 garbage-first heap   total 322560K, used 81976K [0x00000000c0000000, 0x0000000100000000)
  region size 1024K, 15 young (15360K), 15 survivors (15360K)
 Metaspace       used 41466K, committed 41792K, reserved 1114112K
  class space    used 5092K, committed 5248K, reserved 1048576K
}
Event: 2.003 GC heap before
{Heap before GC invocations=23 (full 0):
 garbage-first heap   total 322560K, used 85048K [0x00000000c0000000, 0x0000000100000000)
  region size 1024K, 19 young (19456K), 15 survivors (15360K)
 Metaspace       used 41471K, committed 41856K, reserved 1114112K
  class space    used 5094K, committed 5248K, reserved 1048576K
}
Event: 2.009 GC heap after
{Heap after GC invocations=24 (full 0):
 garbage-first heap   total 322560K, used 82808K [0x00000000c0000000, 0x0000000100000000)
  region size 1024K, 2 young (2048K), 2 survivors (2048K)
 Metaspace       used 41471K, committed 41856K, reserved 1114112K
  class space    used 5094K, committed 5248K, reserved 1048576K
}
Event: 2.047 GC heap before
{Heap before GC invocations=24 (full 0):
 garbage-first heap   total 322560K, used 251768K [0x00000000c0000000, 0x0000000100000000)
  region size 1024K, 168 young (172032K), 2 survivors (2048K)
 Metaspace       used 41503K, committed 41856K, reserved 1114112K
  class space    used 5102K, committed 5248K, reserved 1048576K
}
Event: 2.052 GC heap after
{Heap after GC invocations=25 (full 0):
 garbage-first heap   total 322560K, used 89213K [0x00000000c0000000, 0x0000000100000000)
  region size 1024K, 9 young (9216K), 9 survivors (9216K)
 Metaspace       used 41503K, committed 41856K, reserved 1114112K
  class space    used 5102K, committed 5248K, reserved 1048576K
}
Event: 2.088 GC heap before
{Heap before GC invocations=25 (full 0):
 garbage-first heap   total 322560K, used 255101K [0x00000000c0000000, 0x0000000100000000)
  region size 1024K, 172 young (176128K), 9 survivors (9216K)
 Metaspace       used 41521K, committed 41920K, reserved 1114112K
  class space    used 5107K, committed 5312K, reserved 1048576K
}

