# JRE version: OpenJDK Runtime Environment Temurin-17.0.7+7 (17.0.7+7) (build 17.0.7+7)
# Java VM: OpenJDK 64-Bit Server VM Temurin-17.0.7+7 (17.0.7+7, mixed mode, emulated-client, tiered, compressed oops, compressed class ptrs, g1 gc, windows-amd64)
GC Precious Log:
 CPUs: 12 total, 12 available
 Memory: 7930M
 Large Page Support: Disabled
 NUMA Support: Disabled
 Compressed Oops: Enabled (32-bit)
 Heap Region Size: 1M
 Heap Min Capacity: 8M
 Heap Initial Capacity: 124M
 Heap Max Capacity: 1G
 Pre-touch: Disabled
 Parallel Workers: 10
 Concurrent Workers: 3
 Concurrent Refinement Workers: 10
 Periodic GC: Disabled
Heap:
 garbage-first heap   total 142336K, used 73749K [0x00000000c0000000, 0x0000000100000000)
  region size 1024K, 3 young (3072K), 3 survivors (3072K)
 Metaspace       used 41485K, committed 41920K, reserved 1114112K
  class space    used 5103K, committed 5312K, reserved 1048576K
GC Heap History (20 events):
Event: 0.844 GC heap after
{Heap after GC invocations=6 (full 0):
 garbage-first heap   total 48128K, used 13517K [0x00000000c0000000, 0x0000000100000000)
  region size 1024K, 1 young (1024K), 1 survivors (1024K)
 Metaspace       used 25837K, committed 26112K, reserved 1114112K
  class space    used 3039K, committed 3136K, reserved 1048576K
}
Event: 1.044 GC heap before
{Heap before GC invocations=6 (full 0):
 garbage-first heap   total 48128K, used 31949K [0x00000000c0000000, 0x0000000100000000)
  region size 1024K, 19 young (19456K), 1 survivors (1024K)
 Metaspace       used 28583K, committed 28928K, reserved 1114112K
  class space    used 3401K, committed 3584K, reserved 1048576K
}
Event: 1.046 GC heap after
{Heap after GC invocations=7 (full 0):
 garbage-first heap   total 48128K, used 14485K [0x00000000c0000000, 0x0000000100000000)
  region size 1024K, 2 young (2048K), 2 survivors (2048K)
 Metaspace       used 28583K, committed 28928K, reserved 1114112K
  class space    used 3401K, committed 3584K, reserved 1048576K
}
Event: 1.183 GC heap before
{Heap before GC invocations=7 (full 0):
 garbage-first heap   total 48128K, used 31893K [0x00000000c0000000, 0x0000000100000000)
  region size 1024K, 20 young (20480K), 2 survivors (2048K)
 Metaspace       used 31025K, committed 31360K, reserved 1114112K
  class space    used 3750K, committed 3904K, reserved 1048576K
}
Event: 1.188 GC heap after
{Heap after GC invocations=8 (full 0):
 garbage-first heap   total 122880K, used 16567K [0x00000000c0000000, 0x0000000100000000)
  region size 1024K, 3 young (3072K), 3 survivors (3072K)
 Metaspace       used 31025K, committed 31360K, reserved 1114112K
  class space    used 3750K, committed 3904K, reserved 1048576K
}
Event: 1.467 GC heap before
{Heap before GC invocations=8 (full 0):
 garbage-first heap   total 122880K, used 45239K [0x00000000c0000000, 0x0000000100000000)
  region size 1024K, 32 young (32768K), 3 survivors (3072K)
 Metaspace       used 35664K, committed 35968K, reserved 1114112K
  class space    used 4413K, committed 4544K, reserved 1048576K
}
Event: 1.470 GC heap after
{Heap after GC invocations=9 (full 0):
 garbage-first heap   total 122880K, used 19089K [0x00000000c0000000, 0x0000000100000000)
  region size 1024K, 6 young (6144K), 6 survivors (6144K)
 Metaspace       used 35664K, committed 35968K, reserved 1114112K
  class space    used 4413K, committed 4544K, reserved 1048576K
}
Event: 1.594 GC heap before
{Heap before GC invocations=10 (full 0):
 garbage-first heap   total 71680K, used 52881K [0x00000000c0000000, 0x0000000100000000)
  region size 1024K, 41 young (41984K), 6 survivors (6144K)
 Metaspace       used 37983K, committed 38464K, reserved 1114112K
  class space    used 4791K, committed 4992K, reserved 1048576K
}
Event: 1.601 GC heap after
{Heap after GC invocations=11 (full 0):
 garbage-first heap   total 71680K, used 24083K [0x00000000c0000000, 0x0000000100000000)
  region size 1024K, 8 young (8192K), 8 survivors (8192K)
 Metaspace       used 37983K, committed 38464K, reserved 1114112K
  class space    used 4791K, committed 4992K, reserved 1048576K
}
Event: 1.628 GC heap before
{Heap before GC invocations=11 (full 0):
 garbage-first heap   total 71680K, used 49683K [0x00000000c0000000, 0x0000000100000000)
  region size 1024K, 34 young (34816K), 8 survivors (8192K)
 Metaspace       used 38231K, committed 38656K, reserved 1114112K
  class space    used 4830K, committed 5056K, reserved 1048576K
}
Event: 1.635 GC heap after
{Heap after GC invocations=12 (full 0):
 garbage-first heap   total 71680K, used 29141K [0x00000000c0000000, 0x0000000100000000)
  region size 1024K, 5 young (5120K), 5 survivors (5120K)
 Metaspace       used 38231K, committed 38656K, reserved 1114112K
  class space    used 4830K, committed 5056K, reserved 1048576K
}
Event: 1.662 GC heap before
{Heap before GC invocations=12 (full 0):
 garbage-first heap   total 71680K, used 49621K [0x00000000c0000000, 0x0000000100000000)
  region size 1024K, 26 young (26624K), 5 survivors (5120K)
 Metaspace       used 38728K, committed 39168K, reserved 1114112K
  class space    used 4862K, committed 5056K, reserved 1048576K
}
Event: 1.667 GC heap after
{Heap after GC invocations=13 (full 0):
 garbage-first heap   total 142336K, used 33793K [0x00000000c0000000, 0x0000000100000000)
  region size 1024K, 4 young (4096K), 4 survivors (4096K)
 Metaspace       used 38728K, committed 39168K, reserved 1114112K
  class space    used 4862K, committed 5056K, reserved 1048576K
}
Event: 1.733 GC heap before
{Heap before GC invocations=13 (full 0):
 garbage-first heap   total 142336K, used 99329K [0x00000000c0000000, 0x0000000100000000)
  region size 1024K, 68 young (69632K), 4 survivors (4096K)
 Metaspace       used 39761K, committed 40256K, reserved 1114112K
  class space    used 4954K, committed 5184K, reserved 1048576K
}
Event: 1.745 GC heap after
{Heap after GC invocations=14 (full 0):
 garbage-first heap   total 142336K, used 46478K [0x00000000c0000000, 0x0000000100000000)
  region size 1024K, 9 young (9216K), 9 survivors (9216K)
 Metaspace       used 39761K, committed 40256K, reserved 1114112K
  class space    used 4954K, committed 5184K, reserved 1048576K
}
Event: 1.832 GC heap before
{Heap before GC invocations=14 (full 0):
 garbage-first heap   total 142336K, used 92558K [0x00000000c0000000, 0x0000000100000000)
  region size 1024K, 54 young (55296K), 9 survivors (9216K)
 Metaspace       used 41230K, committed 41664K, reserved 1114112K
  class space    used 5061K, committed 5248K, reserved 1048576K
}
Event: 1.845 GC heap after
{Heap after GC invocations=15 (full 0):
 garbage-first heap   total 142336K, used 58813K [0x00000000c0000000, 0x0000000100000000)
  region size 1024K, 7 young (7168K), 7 survivors (7168K)
 Metaspace       used 41230K, committed 41664K, reserved 1114112K
  class space    used 5061K, committed 5248K, reserved 1048576K
}
Event: 1.885 GC heap before
{Heap before GC invocations=15 (full 0):
 garbage-first heap   total 142336K, used 98749K [0x00000000c0000000, 0x0000000100000000)
  region size 1024K, 46 young (47104K), 7 survivors (7168K)
 Metaspace       used 41476K, committed 41920K, reserved 1114112K
  class space    used 5103K, committed 5312K, reserved 1048576K
}
Event: 1.903 GC heap after
{Heap after GC invocations=16 (full 0):
 garbage-first heap   total 142336K, used 69815K [0x00000000c0000000, 0x0000000100000000)
  region size 1024K, 6 young (6144K), 6 survivors (6144K)
 Metaspace       used 41476K, committed 41920K, reserved 1114112K
  class space    used 5103K, committed 5312K, reserved 1048576K
}
Event: 1.911 GC heap before
{Heap before GC invocations=16 (full 0):
 garbage-first heap   total 142336K, used 103607K [0x00000000c0000000, 0x0000000100000000)
  region size 1024K, 40 young (40960K), 6 survivors (6144K)
 Metaspace       used 41485K, committed 41920K, reserved 1114112K
  class space    used 5103K, committed 5312K, reserved 1048576K
}

