# JRE version: OpenJDK Runtime Environment Temurin-17.0.7+7 (17.0.7+7) (build 17.0.7+7)
# Java VM: OpenJDK 64-Bit Server VM Temurin-17.0.7+7 (17.0.7+7, mixed mode, emulated-client, tiered, compressed oops, compressed class ptrs, g1 gc, windows-amd64)
GC Precious Log:
 CPUs: 12 total, 12 available
 Memory: 7930M
 Large Page Support: Disabled
 NUMA Support: Disabled
 Compressed Oops: Enabled (32-bit)
 Heap Region Size: 1M
 Heap Min Capacity: 8M
 Heap Initial Capacity: 124M
 Heap Max Capacity: 1G
 Pre-touch: Disabled
 Parallel Workers: 10
 Concurrent Workers: 3
 Concurrent Refinement Workers: 10
 Periodic GC: Disabled
Heap:
 garbage-first heap   total 210944K, used 85847K [0x00000000c0000000, 0x0000000100000000)
  region size 1024K, 9 young (9216K), 9 survivors (9216K)
 Metaspace       used 41547K, committed 42048K, reserved 1114112K
  class space    used 5105K, committed 5312K, reserved 1048576K
GC Heap History (20 events):
Event: 1.577 GC heap after
{Heap after GC invocations=11 (full 0):
 garbage-first heap   total 61440K, used 22359K [0x00000000c0000000, 0x0000000100000000)
  region size 1024K, 4 young (4096K), 4 survivors (4096K)
 Metaspace       used 37938K, committed 38400K, reserved 1114112K
  class space    used 4780K, committed 4992K, reserved 1048576K
}
Event: 1.606 GC heap before
{Heap before GC invocations=11 (full 0):
 garbage-first heap   total 61440K, used 43863K [0x00000000c0000000, 0x0000000100000000)
  region size 1024K, 26 young (26624K), 4 survivors (4096K)
 Metaspace       used 37938K, committed 38400K, reserved 1114112K
  class space    used 4780K, committed 4992K, reserved 1048576K
}
Event: 1.612 GC heap after
{Heap after GC invocations=12 (full 0):
 garbage-first heap   total 61440K, used 26019K [0x00000000c0000000, 0x0000000100000000)
  region size 1024K, 4 young (4096K), 4 survivors (4096K)
 Metaspace       used 37938K, committed 38400K, reserved 1114112K
  class space    used 4780K, committed 4992K, reserved 1048576K
}
Event: 1.637 GC heap before
{Heap before GC invocations=12 (full 0):
 garbage-first heap   total 61440K, used 43427K [0x00000000c0000000, 0x0000000100000000)
  region size 1024K, 22 young (22528K), 4 survivors (4096K)
 Metaspace       used 38167K, committed 38592K, reserved 1114112K
  class space    used 4816K, committed 4992K, reserved 1048576K
}
Event: 1.641 GC heap after
{Heap after GC invocations=13 (full 0):
 garbage-first heap   total 99328K, used 30564K [0x00000000c0000000, 0x0000000100000000)
  region size 1024K, 3 young (3072K), 3 survivors (3072K)
 Metaspace       used 38167K, committed 38592K, reserved 1114112K
  class space    used 4816K, committed 4992K, reserved 1048576K
}
Event: 1.687 GC heap before
{Heap before GC invocations=13 (full 0):
 garbage-first heap   total 99328K, used 67428K [0x00000000c0000000, 0x0000000100000000)
  region size 1024K, 40 young (40960K), 3 survivors (3072K)
 Metaspace       used 38832K, committed 39232K, reserved 1114112K
  class space    used 4862K, committed 5056K, reserved 1048576K
}
Event: 1.693 GC heap after
{Heap after GC invocations=14 (full 0):
 garbage-first heap   total 99328K, used 37019K [0x00000000c0000000, 0x0000000100000000)
  region size 1024K, 5 young (5120K), 5 survivors (5120K)
 Metaspace       used 38832K, committed 39232K, reserved 1114112K
  class space    used 4862K, committed 5056K, reserved 1048576K
}
Event: 1.720 GC heap before
{Heap before GC invocations=14 (full 0):
 garbage-first heap   total 99328K, used 69787K [0x00000000c0000000, 0x0000000100000000)
  region size 1024K, 37 young (37888K), 5 survivors (5120K)
 Metaspace       used 39315K, committed 39744K, reserved 1114112K
  class space    used 4915K, committed 5120K, reserved 1048576K
}
Event: 1.728 GC heap after
{Heap after GC invocations=15 (full 0):
 garbage-first heap   total 99328K, used 45214K [0x00000000c0000000, 0x0000000100000000)
  region size 1024K, 5 young (5120K), 5 survivors (5120K)
 Metaspace       used 39315K, committed 39744K, reserved 1114112K
  class space    used 4915K, committed 5120K, reserved 1048576K
}
Event: 1.769 GC heap before
{Heap before GC invocations=15 (full 0):
 garbage-first heap   total 99328K, used 70814K [0x00000000c0000000, 0x0000000100000000)
  region size 1024K, 31 young (31744K), 5 survivors (5120K)
 Metaspace       used 40254K, committed 40704K, reserved 1114112K
  class space    used 4963K, committed 5184K, reserved 1048576K
}
Event: 1.774 GC heap after
{Heap after GC invocations=16 (full 0):
 garbage-first heap   total 99328K, used 50304K [0x00000000c0000000, 0x0000000100000000)
  region size 1024K, 4 young (4096K), 4 survivors (4096K)
 Metaspace       used 40254K, committed 40704K, reserved 1114112K
  class space    used 4963K, committed 5184K, reserved 1048576K
}
Event: 1.812 GC heap before
{Heap before GC invocations=16 (full 0):
 garbage-first heap   total 99328K, used 64640K [0x00000000c0000000, 0x0000000100000000)
  region size 1024K, 20 young (20480K), 4 survivors (4096K)
 Metaspace       used 40852K, committed 41216K, reserved 1114112K
  class space    used 5015K, committed 5184K, reserved 1048576K
}
Event: 1.815 GC heap after
{Heap after GC invocations=17 (full 0):
 garbage-first heap   total 210944K, used 54205K [0x00000000c0000000, 0x0000000100000000)
  region size 1024K, 4 young (4096K), 4 survivors (4096K)
 Metaspace       used 40852K, committed 41216K, reserved 1114112K
  class space    used 5015K, committed 5184K, reserved 1048576K
}
Event: 1.884 GC heap before
{Heap before GC invocations=17 (full 0):
 garbage-first heap   total 210944K, used 145341K [0x00000000c0000000, 0x0000000100000000)
  region size 1024K, 92 young (94208K), 4 survivors (4096K)
 Metaspace       used 41446K, committed 41920K, reserved 1114112K
  class space    used 5092K, committed 5312K, reserved 1048576K
}
Event: 1.908 GC heap after
{Heap after GC invocations=18 (full 0):
 garbage-first heap   total 210944K, used 72841K [0x00000000c0000000, 0x0000000100000000)
  region size 1024K, 12 young (12288K), 12 survivors (12288K)
 Metaspace       used 41446K, committed 41920K, reserved 1114112K
  class space    used 5092K, committed 5312K, reserved 1048576K
}
Event: 1.923 GC heap before
{Heap before GC invocations=18 (full 0):
 garbage-first heap   total 210944K, used 142473K [0x00000000c0000000, 0x0000000100000000)
  region size 1024K, 81 young (82944K), 12 survivors (12288K)
 Metaspace       used 41459K, committed 41920K, reserved 1114112K
  class space    used 5099K, committed 5312K, reserved 1048576K
}
Event: 1.930 GC heap after
{Heap after GC invocations=19 (full 0):
 garbage-first heap   total 210944K, used 77235K [0x00000000c0000000, 0x0000000100000000)
  region size 1024K, 4 young (4096K), 4 survivors (4096K)
 Metaspace       used 41459K, committed 41920K, reserved 1114112K
  class space    used 5099K, committed 5312K, reserved 1048576K
}
Event: 1.946 GC heap before
{Heap before GC invocations=19 (full 0):
 garbage-first heap   total 210944K, used 149939K [0x00000000c0000000, 0x0000000100000000)
  region size 1024K, 75 young (76800K), 4 survivors (4096K)
 Metaspace       used 41532K, committed 41984K, reserved 1114112K
  class space    used 5104K, committed 5312K, reserved 1048576K
}
Event: 1.949 GC heap after
{Heap after GC invocations=20 (full 0):
 garbage-first heap   total 210944K, used 82104K [0x00000000c0000000, 0x0000000100000000)
  region size 1024K, 8 young (8192K), 8 survivors (8192K)
 Metaspace       used 41532K, committed 41984K, reserved 1114112K
  class space    used 5104K, committed 5312K, reserved 1048576K
}
Event: 1.965 GC heap before
{Heap before GC invocations=20 (full 0):
 garbage-first heap   total 210944K, used 155832K [0x00000000c0000000, 0x0000000100000000)
  region size 1024K, 81 young (82944K), 8 survivors (8192K)
 Metaspace       used 41547K, committed 42048K, reserved 1114112K
  class space    used 5105K, committed 5312K, reserved 1048576K
}

