# JRE version: OpenJDK Runtime Environment Temurin-17.0.7+7 (17.0.7+7) (build 17.0.7+7)
# Java VM: OpenJDK 64-Bit Server VM Temurin-17.0.7+7 (17.0.7+7, mixed mode, emulated-client, tiered, compressed oops, compressed class ptrs, g1 gc, windows-amd64)
GC Precious Log:
 CPUs: 12 total, 12 available
 Memory: 7930M
 Large Page Support: Disabled
 NUMA Support: Disabled
 Compressed Oops: Enabled (32-bit)
 Heap Region Size: 1M
 Heap Min Capacity: 8M
 Heap Initial Capacity: 124M
 Heap Max Capacity: 1G
 Pre-touch: Disabled
 Parallel Workers: 10
 Concurrent Workers: 3
 Concurrent Refinement Workers: 10
 Periodic GC: Disabled
Heap:
 garbage-first heap   total 568320K, used 372620K [0x00000000c0000000, 0x0000000100000000)
  region size 1024K, 221 young (226304K), 35 survivors (35840K)
 Metaspace       used 48778K, committed 49280K, reserved 1114112K
  class space    used 5915K, committed 6144K, reserved 1048576K
GC Heap History (20 events):
Event: 1.940 GC heap before
{Heap before GC invocations=18 (full 0):
 garbage-first heap   total 214016K, used 147844K [0x00000000c0000000, 0x0000000100000000)
  region size 1024K, 85 young (87040K), 13 survivors (13312K)
 Metaspace       used 41422K, committed 41792K, reserved 1114112K
  class space    used 5095K, committed 5248K, reserved 1048576K
}
Event: 1.947 GC heap after
{Heap after GC invocations=19 (full 0):
 garbage-first heap   total 214016K, used 80345K [0x00000000c0000000, 0x0000000100000000)
  region size 1024K, 5 young (5120K), 5 survivors (5120K)
 Metaspace       used 41422K, committed 41792K, reserved 1114112K
  class space    used 5095K, committed 5248K, reserved 1048576K
}
Event: 1.963 GC heap before
{Heap before GC invocations=19 (full 0):
 garbage-first heap   total 214016K, used 153049K [0x00000000c0000000, 0x0000000100000000)
  region size 1024K, 77 young (78848K), 5 survivors (5120K)
 Metaspace       used 41457K, committed 41792K, reserved 1114112K
  class space    used 5096K, committed 5248K, reserved 1048576K
}
Event: 1.967 GC heap after
{Heap after GC invocations=20 (full 0):
 garbage-first heap   total 214016K, used 82702K [0x00000000c0000000, 0x0000000100000000)
  region size 1024K, 7 young (7168K), 7 survivors (7168K)
 Metaspace       used 41457K, committed 41792K, reserved 1114112K
  class space    used 5096K, committed 5248K, reserved 1048576K
}
Event: 1.985 GC heap before
{Heap before GC invocations=20 (full 0):
 garbage-first heap   total 214016K, used 158478K [0x00000000c0000000, 0x0000000100000000)
  region size 1024K, 82 young (83968K), 7 survivors (7168K)
 Metaspace       used 41504K, committed 41856K, reserved 1114112K
  class space    used 5099K, committed 5248K, reserved 1048576K
}
Event: 1.991 GC heap after
{Heap after GC invocations=21 (full 0):
 garbage-first heap   total 447488K, used 86628K [0x00000000c0000000, 0x0000000100000000)
  region size 1024K, 7 young (7168K), 7 survivors (7168K)
 Metaspace       used 41504K, committed 41856K, reserved 1114112K
  class space    used 5099K, committed 5248K, reserved 1048576K
}
Event: 2.043 GC heap before
{Heap before GC invocations=21 (full 0):
 garbage-first heap   total 447488K, used 298596K [0x00000000c0000000, 0x0000000100000000)
  region size 1024K, 215 young (220160K), 7 survivors (7168K)
 Metaspace       used 41595K, committed 42048K, reserved 1114112K
  class space    used 5120K, committed 5312K, reserved 1048576K
}
Event: 2.050 GC heap after
{Heap after GC invocations=22 (full 0):
 garbage-first heap   total 447488K, used 94809K [0x00000000c0000000, 0x0000000100000000)
  region size 1024K, 15 young (15360K), 15 survivors (15360K)
 Metaspace       used 41595K, committed 42048K, reserved 1114112K
  class space    used 5120K, committed 5312K, reserved 1048576K
}
Event: 2.102 GC heap before
{Heap before GC invocations=22 (full 0):
 garbage-first heap   total 447488K, used 341593K [0x00000000c0000000, 0x0000000100000000)
  region size 1024K, 257 young (263168K), 15 survivors (15360K)
 Metaspace       used 41620K, committed 42112K, reserved 1114112K
  class space    used 5126K, committed 5312K, reserved 1048576K
}
Event: 2.112 GC heap after
{Heap after GC invocations=23 (full 0):
 garbage-first heap   total 447488K, used 105080K [0x00000000c0000000, 0x0000000100000000)
  region size 1024K, 25 young (25600K), 25 survivors (25600K)
 Metaspace       used 41620K, committed 42112K, reserved 1114112K
  class space    used 5126K, committed 5312K, reserved 1048576K
}
Event: 2.164 GC heap before
{Heap before GC invocations=23 (full 0):
 garbage-first heap   total 447488K, used 346744K [0x00000000c0000000, 0x0000000100000000)
  region size 1024K, 262 young (268288K), 25 survivors (25600K)
 Metaspace       used 41667K, committed 42112K, reserved 1114112K
  class space    used 5128K, committed 5312K, reserved 1048576K
}
Event: 2.176 GC heap after
{Heap after GC invocations=24 (full 0):
 garbage-first heap   total 447488K, used 115783K [0x00000000c0000000, 0x0000000100000000)
  region size 1024K, 22 young (22528K), 22 survivors (22528K)
 Metaspace       used 41667K, committed 42112K, reserved 1114112K
  class space    used 5128K, committed 5312K, reserved 1048576K
}
Event: 2.230 GC heap before
{Heap before GC invocations=24 (full 0):
 garbage-first heap   total 447488K, used 356423K [0x00000000c0000000, 0x0000000100000000)
  region size 1024K, 258 young (264192K), 22 survivors (22528K)
 Metaspace       used 41709K, committed 42176K, reserved 1114112K
  class space    used 5136K, committed 5376K, reserved 1048576K
}
Event: 2.243 GC heap after
{Heap after GC invocations=25 (full 0):
 garbage-first heap   total 568320K, used 126892K [0x00000000c0000000, 0x0000000100000000)
  region size 1024K, 22 young (22528K), 22 survivors (22528K)
 Metaspace       used 41709K, committed 42176K, reserved 1114112K
  class space    used 5136K, committed 5376K, reserved 1048576K
}
Event: 2.321 GC heap before
{Heap before GC invocations=25 (full 0):
 garbage-first heap   total 568320K, used 444332K [0x00000000c0000000, 0x0000000100000000)
  region size 1024K, 333 young (340992K), 22 survivors (22528K)
 Metaspace       used 41781K, committed 42240K, reserved 1114112K
  class space    used 5154K, committed 5376K, reserved 1048576K
}
Event: 2.336 GC heap after
{Heap after GC invocations=26 (full 0):
 garbage-first heap   total 568320K, used 146750K [0x00000000c0000000, 0x0000000100000000)
  region size 1024K, 42 young (43008K), 42 survivors (43008K)
 Metaspace       used 41781K, committed 42240K, reserved 1114112K
  class space    used 5154K, committed 5376K, reserved 1048576K
}
Event: 2.468 GC heap before
{Heap before GC invocations=26 (full 0):
 garbage-first heap   total 568320K, used 444734K [0x00000000c0000000, 0x0000000100000000)
  region size 1024K, 333 young (340992K), 42 survivors (43008K)
 Metaspace       used 41940K, committed 42432K, reserved 1114112K
  class space    used 5170K, committed 5440K, reserved 1048576K
}
Event: 2.488 GC heap after
{Heap after GC invocations=27 (full 0):
 garbage-first heap   total 568320K, used 165302K [0x00000000c0000000, 0x0000000100000000)
  region size 1024K, 38 young (38912K), 38 survivors (38912K)
 Metaspace       used 41940K, committed 42432K, reserved 1114112K
  class space    used 5170K, committed 5440K, reserved 1048576K
}
Event: 2.636 GC heap before
{Heap before GC invocations=27 (full 0):
 garbage-first heap   total 568320K, used 461238K [0x00000000c0000000, 0x0000000100000000)
  region size 1024K, 326 young (333824K), 38 survivors (38912K)
 Metaspace       used 45589K, committed 46016K, reserved 1114112K
  class space    used 5512K, committed 5696K, reserved 1048576K
}
Event: 2.655 GC heap after
{Heap after GC invocations=28 (full 0):
 garbage-first heap   total 568320K, used 184204K [0x00000000c0000000, 0x0000000100000000)
  region size 1024K, 35 young (35840K), 35 survivors (35840K)
 Metaspace       used 45589K, committed 46016K, reserved 1114112K
  class space    used 5512K, committed 5696K, reserved 1048576K
}

