# JRE version: OpenJDK Runtime Environment Temurin-17.0.7+7 (17.0.7+7) (build 17.0.7+7)
# Java VM: OpenJDK 64-Bit Server VM Temurin-17.0.7+7 (17.0.7+7, mixed mode, emulated-client, tiered, compressed oops, compressed class ptrs, g1 gc, windows-amd64)
GC Precious Log:
 CPUs: 12 total, 12 available
 Memory: 7930M
 Large Page Support: Disabled
 NUMA Support: Disabled
 Compressed Oops: Enabled (32-bit)
 Heap Region Size: 1M
 Heap Min Capacity: 8M
 Heap Initial Capacity: 124M
 Heap Max Capacity: 1G
 Pre-touch: Disabled
 Parallel Workers: 10
 Concurrent Workers: 3
 Concurrent Refinement Workers: 10
 Periodic GC: Disabled
Heap:
 garbage-first heap   total 337920K, used 99971K [0x00000000c0000000, 0x0000000100000000)
  region size 1024K, 16 young (16384K), 16 survivors (16384K)
 Metaspace       used 41577K, committed 41984K, reserved 1114112K
  class space    used 5118K, committed 5312K, reserved 1048576K
GC Heap History (20 events):
Event: 1.656 GC heap after
{Heap after GC invocations=13 (full 0):
 garbage-first heap   total 56320K, used 29704K [0x00000000c0000000, 0x0000000100000000)
  region size 1024K, 2 young (2048K), 2 survivors (2048K)
 Metaspace       used 38032K, committed 38464K, reserved 1114112K
  class space    used 4801K, committed 4992K, reserved 1048576K
}
Event: 1.675 GC heap before
{Heap before GC invocations=13 (full 0):
 garbage-first heap   total 56320K, used 39944K [0x00000000c0000000, 0x0000000100000000)
  region size 1024K, 13 young (13312K), 2 survivors (2048K)
 Metaspace       used 38456K, committed 38912K, reserved 1114112K
  class space    used 4845K, committed 5056K, reserved 1048576K
}
Event: 1.677 GC heap after
{Heap after GC invocations=14 (full 0):
 garbage-first heap   total 112640K, used 32187K [0x00000000c0000000, 0x0000000100000000)
  region size 1024K, 2 young (2048K), 2 survivors (2048K)
 Metaspace       used 38456K, committed 38912K, reserved 1114112K
  class space    used 4845K, committed 5056K, reserved 1048576K
}
Event: 1.729 GC heap before
{Heap before GC invocations=15 (full 0):
 garbage-first heap   total 112640K, used 77243K [0x00000000c0000000, 0x0000000100000000)
  region size 1024K, 47 young (48128K), 2 survivors (2048K)
 Metaspace       used 39172K, committed 39616K, reserved 1114112K
  class space    used 4901K, committed 5120K, reserved 1048576K
}
Event: 1.737 GC heap after
{Heap after GC invocations=16 (full 0):
 garbage-first heap   total 112640K, used 41895K [0x00000000c0000000, 0x0000000100000000)
  region size 1024K, 6 young (6144K), 6 survivors (6144K)
 Metaspace       used 39172K, committed 39616K, reserved 1114112K
  class space    used 4901K, committed 5120K, reserved 1048576K
}
Event: 1.738 GC heap before
{Heap before GC invocations=16 (full 0):
 garbage-first heap   total 112640K, used 42919K [0x00000000c0000000, 0x0000000100000000)
  region size 1024K, 7 young (7168K), 6 survivors (6144K)
 Metaspace       used 39172K, committed 39616K, reserved 1114112K
  class space    used 4901K, committed 5120K, reserved 1048576K
}
Event: 1.741 GC heap after
{Heap after GC invocations=17 (full 0):
 garbage-first heap   total 112640K, used 42718K [0x00000000c0000000, 0x0000000100000000)
  region size 1024K, 1 young (1024K), 1 survivors (1024K)
 Metaspace       used 39172K, committed 39616K, reserved 1114112K
  class space    used 4901K, committed 5120K, reserved 1048576K
}
Event: 1.773 GC heap before
{Heap before GC invocations=17 (full 0):
 garbage-first heap   total 112640K, used 78558K [0x00000000c0000000, 0x0000000100000000)
  region size 1024K, 37 young (37888K), 1 survivors (1024K)
 Metaspace       used 39704K, committed 40192K, reserved 1114112K
  class space    used 4953K, committed 5184K, reserved 1048576K
}
Event: 1.778 GC heap after
{Heap after GC invocations=18 (full 0):
 garbage-first heap   total 112640K, used 48627K [0x00000000c0000000, 0x0000000100000000)
  region size 1024K, 5 young (5120K), 5 survivors (5120K)
 Metaspace       used 39704K, committed 40192K, reserved 1114112K
  class space    used 4953K, committed 5184K, reserved 1048576K
}
Event: 1.850 GC heap before
{Heap before GC invocations=18 (full 0):
 garbage-first heap   total 112640K, used 82419K [0x00000000c0000000, 0x0000000100000000)
  region size 1024K, 38 young (38912K), 5 survivors (5120K)
 Metaspace       used 41080K, committed 41472K, reserved 1114112K
  class space    used 5047K, committed 5248K, reserved 1048576K
}
Event: 1.857 GC heap after
{Heap after GC invocations=19 (full 0):
 garbage-first heap   total 112640K, used 58279K [0x00000000c0000000, 0x0000000100000000)
  region size 1024K, 5 young (5120K), 5 survivors (5120K)
 Metaspace       used 41080K, committed 41472K, reserved 1114112K
  class space    used 5047K, committed 5248K, reserved 1048576K
}
Event: 1.873 GC heap before
{Heap before GC invocations=19 (full 0):
 garbage-first heap   total 112640K, used 70567K [0x00000000c0000000, 0x0000000100000000)
  region size 1024K, 19 young (19456K), 5 survivors (5120K)
 Metaspace       used 41217K, committed 41600K, reserved 1114112K
  class space    used 5062K, committed 5248K, reserved 1048576K
}
Event: 1.880 GC heap after
{Heap after GC invocations=20 (full 0):
 garbage-first heap   total 337920K, used 63929K [0x00000000c0000000, 0x0000000100000000)
  region size 1024K, 4 young (4096K), 4 survivors (4096K)
 Metaspace       used 41217K, committed 41600K, reserved 1114112K
  class space    used 5062K, committed 5248K, reserved 1048576K
}
Event: 1.930 GC heap before
{Heap before GC invocations=20 (full 0):
 garbage-first heap   total 337920K, used 198073K [0x00000000c0000000, 0x0000000100000000)
  region size 1024K, 135 young (138240K), 4 survivors (4096K)
 Metaspace       used 41557K, committed 41984K, reserved 1114112K
  class space    used 5113K, committed 5312K, reserved 1048576K
}
Event: 1.946 GC heap after
{Heap after GC invocations=21 (full 0):
 garbage-first heap   total 337920K, used 74703K [0x00000000c0000000, 0x0000000100000000)
  region size 1024K, 14 young (14336K), 14 survivors (14336K)
 Metaspace       used 41557K, committed 41984K, reserved 1114112K
  class space    used 5113K, committed 5312K, reserved 1048576K
}
Event: 1.977 GC heap before
{Heap before GC invocations=21 (full 0):
 garbage-first heap   total 337920K, used 221135K [0x00000000c0000000, 0x0000000100000000)
  region size 1024K, 158 young (161792K), 14 survivors (14336K)
 Metaspace       used 41574K, committed 41984K, reserved 1114112K
  class space    used 5117K, committed 5312K, reserved 1048576K
}
Event: 1.992 GC heap after
{Heap after GC invocations=22 (full 0):
 garbage-first heap   total 337920K, used 82290K [0x00000000c0000000, 0x0000000100000000)
  region size 1024K, 17 young (17408K), 17 survivors (17408K)
 Metaspace       used 41574K, committed 41984K, reserved 1114112K
  class space    used 5117K, committed 5312K, reserved 1048576K
}
Event: 2.026 GC heap before
{Heap before GC invocations=22 (full 0):
 garbage-first heap   total 337920K, used 247154K [0x00000000c0000000, 0x0000000100000000)
  region size 1024K, 179 young (183296K), 17 survivors (17408K)
 Metaspace       used 41574K, committed 41984K, reserved 1114112K
  class space    used 5117K, committed 5312K, reserved 1048576K
}
Event: 2.037 GC heap after
{Heap after GC invocations=23 (full 0):
 garbage-first heap   total 337920K, used 89993K [0x00000000c0000000, 0x0000000100000000)
  region size 1024K, 16 young (16384K), 16 survivors (16384K)
 Metaspace       used 41574K, committed 41984K, reserved 1114112K
  class space    used 5117K, committed 5312K, reserved 1048576K
}
Event: 2.072 GC heap before
{Heap before GC invocations=23 (full 0):
 garbage-first heap   total 337920K, used 257929K [0x00000000c0000000, 0x0000000100000000)
  region size 1024K, 180 young (184320K), 16 survivors (16384K)
 Metaspace       used 41577K, committed 41984K, reserved 1114112K
  class space    used 5118K, committed 5312K, reserved 1048576K
}

