# JRE version: OpenJDK Runtime Environment Temurin-17.0.7+7 (17.0.7+7) (build 17.0.7+7)
# Java VM: OpenJDK 64-Bit Server VM Temurin-17.0.7+7 (17.0.7+7, mixed mode, emulated-client, tiered, compressed oops, compressed class ptrs, g1 gc, windows-amd64)
GC Precious Log:
 CPUs: 12 total, 12 available
 Memory: 7930M
 Large Page Support: Disabled
 NUMA Support: Disabled
 Compressed Oops: Enabled (32-bit)
 Heap Region Size: 1M
 Heap Min Capacity: 8M
 Heap Initial Capacity: 124M
 Heap Max Capacity: 1G
 Pre-touch: Disabled
 Parallel Workers: 10
 Concurrent Workers: 3
 Concurrent Refinement Workers: 10
 Periodic GC: Disabled
Heap:
 garbage-first heap   total 186368K, used 79395K [0x00000000c0000000, 0x0000000100000000)
  region size 1024K, 6 young (6144K), 6 survivors (6144K)
 Metaspace       used 41400K, committed 41792K, reserved 1114112K
  class space    used 5080K, committed 5248K, reserved 1048576K
GC Heap History (20 events):
Event: 1.640 GC heap after
{Heap after GC invocations=13 (full 0):
 garbage-first heap   total 51200K, used 24192K [0x00000000c0000000, 0x0000000100000000)
  region size 1024K, 3 young (3072K), 3 survivors (3072K)
 Metaspace       used 37916K, committed 38400K, reserved 1114112K
  class space    used 4773K, committed 4992K, reserved 1048576K
}
Event: 1.660 GC heap before
{Heap before GC invocations=13 (full 0):
 garbage-first heap   total 51200K, used 38528K [0x00000000c0000000, 0x0000000100000000)
  region size 1024K, 17 young (17408K), 3 survivors (3072K)
 Metaspace       used 37916K, committed 38400K, reserved 1114112K
  class space    used 4773K, committed 4992K, reserved 1048576K
}
Event: 1.664 GC heap after
{Heap after GC invocations=14 (full 0):
 garbage-first heap   total 82944K, used 26977K [0x00000000c0000000, 0x0000000100000000)
  region size 1024K, 3 young (3072K), 3 survivors (3072K)
 Metaspace       used 37916K, committed 38400K, reserved 1114112K
  class space    used 4773K, committed 4992K, reserved 1048576K
}
Event: 1.720 GC heap before
{Heap before GC invocations=14 (full 0):
 garbage-first heap   total 82944K, used 56673K [0x00000000c0000000, 0x0000000100000000)
  region size 1024K, 33 young (33792K), 3 survivors (3072K)
 Metaspace       used 38463K, committed 38912K, reserved 1114112K
  class space    used 4835K, committed 5056K, reserved 1048576K
}
Event: 1.726 GC heap after
{Heap after GC invocations=15 (full 0):
 garbage-first heap   total 82944K, used 33119K [0x00000000c0000000, 0x0000000100000000)
  region size 1024K, 5 young (5120K), 5 survivors (5120K)
 Metaspace       used 38463K, committed 38912K, reserved 1114112K
  class space    used 4835K, committed 5056K, reserved 1048576K
}
Event: 1.754 GC heap before
{Heap before GC invocations=15 (full 0):
 garbage-first heap   total 82944K, used 58719K [0x00000000c0000000, 0x0000000100000000)
  region size 1024K, 30 young (30720K), 5 survivors (5120K)
 Metaspace       used 38747K, committed 39168K, reserved 1114112K
  class space    used 4850K, committed 5056K, reserved 1048576K
}
Event: 1.762 GC heap after
{Heap after GC invocations=16 (full 0):
 garbage-first heap   total 82944K, used 38783K [0x00000000c0000000, 0x0000000100000000)
  region size 1024K, 4 young (4096K), 4 survivors (4096K)
 Metaspace       used 38747K, committed 39168K, reserved 1114112K
  class space    used 4850K, committed 5056K, reserved 1048576K
}
Event: 1.784 GC heap before
{Heap before GC invocations=16 (full 0):
 garbage-first heap   total 82944K, used 60287K [0x00000000c0000000, 0x0000000100000000)
  region size 1024K, 26 young (26624K), 4 survivors (4096K)
 Metaspace       used 38980K, committed 39360K, reserved 1114112K
  class space    used 4866K, committed 5056K, reserved 1048576K
}
Event: 1.789 GC heap after
{Heap after GC invocations=17 (full 0):
 garbage-first heap   total 82944K, used 44596K [0x00000000c0000000, 0x0000000100000000)
  region size 1024K, 4 young (4096K), 4 survivors (4096K)
 Metaspace       used 38980K, committed 39360K, reserved 1114112K
  class space    used 4866K, committed 5056K, reserved 1048576K
}
Event: 1.808 GC heap before
{Heap before GC invocations=17 (full 0):
 garbage-first heap   total 82944K, used 62004K [0x00000000c0000000, 0x0000000100000000)
  region size 1024K, 23 young (23552K), 4 survivors (4096K)
 Metaspace       used 39293K, committed 39744K, reserved 1114112K
  class space    used 4907K, committed 5120K, reserved 1048576K
}
Event: 1.813 GC heap after
{Heap after GC invocations=18 (full 0):
 garbage-first heap   total 186368K, used 48231K [0x00000000c0000000, 0x0000000100000000)
  region size 1024K, 3 young (3072K), 3 survivors (3072K)
 Metaspace       used 39293K, committed 39744K, reserved 1114112K
  class space    used 4907K, committed 5120K, reserved 1048576K
}
Event: 1.960 GC heap before
{Heap before GC invocations=19 (full 0):
 garbage-first heap   total 186368K, used 120935K [0x00000000c0000000, 0x0000000100000000)
  region size 1024K, 73 young (74752K), 3 survivors (3072K)
 Metaspace       used 41301K, committed 41728K, reserved 1114112K
  class space    used 5061K, committed 5248K, reserved 1048576K
}
Event: 1.987 GC heap after
{Heap after GC invocations=20 (full 0):
 garbage-first heap   total 186368K, used 68281K [0x00000000c0000000, 0x0000000100000000)
  region size 1024K, 10 young (10240K), 10 survivors (10240K)
 Metaspace       used 41301K, committed 41728K, reserved 1114112K
  class space    used 5061K, committed 5248K, reserved 1048576K
}
Event: 2.001 GC heap before
{Heap before GC invocations=20 (full 0):
 garbage-first heap   total 186368K, used 118457K [0x00000000c0000000, 0x0000000100000000)
  region size 1024K, 60 young (61440K), 10 survivors (10240K)
 Metaspace       used 41329K, committed 41728K, reserved 1114112K
  class space    used 5066K, committed 5248K, reserved 1048576K
}
Event: 2.009 GC heap after
{Heap after GC invocations=21 (full 0):
 garbage-first heap   total 186368K, used 72419K [0x00000000c0000000, 0x0000000100000000)
  region size 1024K, 4 young (4096K), 4 survivors (4096K)
 Metaspace       used 41329K, committed 41728K, reserved 1114112K
  class space    used 5066K, committed 5248K, reserved 1048576K
}
Event: 2.024 GC heap before
{Heap before GC invocations=21 (full 0):
 garbage-first heap   total 186368K, used 127715K [0x00000000c0000000, 0x0000000100000000)
  region size 1024K, 59 young (60416K), 4 survivors (4096K)
 Metaspace       used 41350K, committed 41728K, reserved 1114112K
  class space    used 5069K, committed 5248K, reserved 1048576K
}
Event: 2.026 GC heap after
{Heap after GC invocations=22 (full 0):
 garbage-first heap   total 186368K, used 74037K [0x00000000c0000000, 0x0000000100000000)
  region size 1024K, 5 young (5120K), 5 survivors (5120K)
 Metaspace       used 41350K, committed 41728K, reserved 1114112K
  class space    used 5069K, committed 5248K, reserved 1048576K
}
Event: 2.042 GC heap before
{Heap before GC invocations=22 (full 0):
 garbage-first heap   total 186368K, used 137525K [0x00000000c0000000, 0x0000000100000000)
  region size 1024K, 68 young (69632K), 5 survivors (5120K)
 Metaspace       used 41362K, committed 41728K, reserved 1114112K
  class space    used 5077K, committed 5248K, reserved 1048576K
}
Event: 2.045 GC heap after
{Heap after GC invocations=23 (full 0):
 garbage-first heap   total 186368K, used 76440K [0x00000000c0000000, 0x0000000100000000)
  region size 1024K, 8 young (8192K), 8 survivors (8192K)
 Metaspace       used 41362K, committed 41728K, reserved 1114112K
  class space    used 5077K, committed 5248K, reserved 1048576K
}
Event: 2.061 GC heap before
{Heap before GC invocations=23 (full 0):
 garbage-first heap   total 186368K, used 140952K [0x00000000c0000000, 0x0000000100000000)
  region size 1024K, 72 young (73728K), 8 survivors (8192K)
 Metaspace       used 41400K, committed 41792K, reserved 1114112K
  class space    used 5080K, committed 5248K, reserved 1048576K
}

