# JRE version: OpenJDK Runtime Environment Temurin-17.0.7+7 (17.0.7+7) (build 17.0.7+7)
# Java VM: OpenJDK 64-Bit Server VM Temurin-17.0.7+7 (17.0.7+7, mixed mode, emulated-client, tiered, compressed oops, compressed class ptrs, g1 gc, windows-amd64)
GC Precious Log:
 CPUs: 12 total, 12 available
 Memory: 7930M
 Large Page Support: Disabled
 NUMA Support: Disabled
 Compressed Oops: Enabled (32-bit)
 Heap Region Size: 1M
 Heap Min Capacity: 8M
 Heap Initial Capacity: 124M
 Heap Max Capacity: 1G
 Pre-touch: Disabled
 Parallel Workers: 10
 Concurrent Workers: 3
 Concurrent Refinement Workers: 10
 Periodic GC: Disabled
Heap:
 garbage-first heap   total 212992K, used 79203K [0x00000000c0000000, 0x0000000100000000)
  region size 1024K, 8 young (8192K), 8 survivors (8192K)
 Metaspace       used 41512K, committed 41856K, reserved 1114112K
  class space    used 5092K, committed 5248K, reserved 1048576K
GC Heap History (20 events):
Event: 1.550 GC heap after
{Heap after GC invocations=11 (full 0):
 garbage-first heap   total 59392K, used 21549K [0x00000000c0000000, 0x0000000100000000)
  region size 1024K, 4 young (4096K), 4 survivors (4096K)
 Metaspace       used 37941K, committed 38400K, reserved 1114112K
  class space    used 4776K, committed 4992K, reserved 1048576K
}
Event: 1.574 GC heap before
{Heap before GC invocations=11 (full 0):
 garbage-first heap   total 59392K, used 43053K [0x00000000c0000000, 0x0000000100000000)
  region size 1024K, 26 young (26624K), 4 survivors (4096K)
 Metaspace       used 37942K, committed 38400K, reserved 1114112K
  class space    used 4776K, committed 4992K, reserved 1048576K
}
Event: 1.579 GC heap after
{Heap after GC invocations=12 (full 0):
 garbage-first heap   total 59392K, used 25897K [0x00000000c0000000, 0x0000000100000000)
  region size 1024K, 4 young (4096K), 4 survivors (4096K)
 Metaspace       used 37942K, committed 38400K, reserved 1114112K
  class space    used 4776K, committed 4992K, reserved 1048576K
}
Event: 1.604 GC heap before
{Heap before GC invocations=12 (full 0):
 garbage-first heap   total 59392K, used 43305K [0x00000000c0000000, 0x0000000100000000)
  region size 1024K, 22 young (22528K), 4 survivors (4096K)
 Metaspace       used 38089K, committed 38528K, reserved 1114112K
  class space    used 4799K, committed 4992K, reserved 1048576K
}
Event: 1.608 GC heap after
{Heap after GC invocations=13 (full 0):
 garbage-first heap   total 102400K, used 30194K [0x00000000c0000000, 0x0000000100000000)
  region size 1024K, 3 young (3072K), 3 survivors (3072K)
 Metaspace       used 38089K, committed 38528K, reserved 1114112K
  class space    used 4799K, committed 4992K, reserved 1048576K
}
Event: 1.662 GC heap before
{Heap before GC invocations=13 (full 0):
 garbage-first heap   total 102400K, used 71154K [0x00000000c0000000, 0x0000000100000000)
  region size 1024K, 44 young (45056K), 3 survivors (3072K)
 Metaspace       used 38833K, committed 39232K, reserved 1114112K
  class space    used 4858K, committed 5056K, reserved 1048576K
}
Event: 1.669 GC heap after
{Heap after GC invocations=14 (full 0):
 garbage-first heap   total 102400K, used 37996K [0x00000000c0000000, 0x0000000100000000)
  region size 1024K, 6 young (6144K), 6 survivors (6144K)
 Metaspace       used 38833K, committed 39232K, reserved 1114112K
  class space    used 4858K, committed 5056K, reserved 1048576K
}
Event: 1.698 GC heap before
{Heap before GC invocations=14 (full 0):
 garbage-first heap   total 102400K, used 70764K [0x00000000c0000000, 0x0000000100000000)
  region size 1024K, 39 young (39936K), 6 survivors (6144K)
 Metaspace       used 39318K, committed 39744K, reserved 1114112K
  class space    used 4911K, committed 5120K, reserved 1048576K
}
Event: 1.708 GC heap after
{Heap after GC invocations=15 (full 0):
 garbage-first heap   total 102400K, used 45983K [0x00000000c0000000, 0x0000000100000000)
  region size 1024K, 5 young (5120K), 5 survivors (5120K)
 Metaspace       used 39318K, committed 39744K, reserved 1114112K
  class space    used 4911K, committed 5120K, reserved 1048576K
}
Event: 1.768 GC heap before
{Heap before GC invocations=15 (full 0):
 garbage-first heap   total 102400K, used 73631K [0x00000000c0000000, 0x0000000100000000)
  region size 1024K, 33 young (33792K), 5 survivors (5120K)
 Metaspace       used 40508K, committed 40896K, reserved 1114112K
  class space    used 4979K, committed 5184K, reserved 1048576K
}
Event: 1.774 GC heap after
{Heap after GC invocations=16 (full 0):
 garbage-first heap   total 102400K, used 51603K [0x00000000c0000000, 0x0000000100000000)
  region size 1024K, 5 young (5120K), 5 survivors (5120K)
 Metaspace       used 40508K, committed 40896K, reserved 1114112K
  class space    used 4979K, committed 5184K, reserved 1048576K
}
Event: 1.787 GC heap before
{Heap before GC invocations=16 (full 0):
 garbage-first heap   total 102400K, used 58771K [0x00000000c0000000, 0x0000000100000000)
  region size 1024K, 14 young (14336K), 5 survivors (5120K)
 Metaspace       used 40611K, committed 41024K, reserved 1114112K
  class space    used 4988K, committed 5184K, reserved 1048576K
}
Event: 1.791 GC heap after
{Heap after GC invocations=17 (full 0):
 garbage-first heap   total 212992K, used 54261K [0x00000000c0000000, 0x0000000100000000)
  region size 1024K, 3 young (3072K), 3 survivors (3072K)
 Metaspace       used 40611K, committed 41024K, reserved 1114112K
  class space    used 4988K, committed 5184K, reserved 1048576K
}
Event: 1.856 GC heap before
{Heap before GC invocations=17 (full 0):
 garbage-first heap   total 212992K, used 131061K [0x00000000c0000000, 0x0000000100000000)
  region size 1024K, 77 young (78848K), 3 survivors (3072K)
 Metaspace       used 41352K, committed 41728K, reserved 1114112K
  class space    used 5064K, committed 5248K, reserved 1048576K
}
Event: 1.877 GC heap after
{Heap after GC invocations=18 (full 0):
 garbage-first heap   total 212992K, used 70673K [0x00000000c0000000, 0x0000000100000000)
  region size 1024K, 10 young (10240K), 10 survivors (10240K)
 Metaspace       used 41352K, committed 41728K, reserved 1114112K
  class space    used 5064K, committed 5248K, reserved 1048576K
}
Event: 1.892 GC heap before
{Heap before GC invocations=18 (full 0):
 garbage-first heap   total 212992K, used 130065K [0x00000000c0000000, 0x0000000100000000)
  region size 1024K, 69 young (70656K), 10 survivors (10240K)
 Metaspace       used 41379K, committed 41792K, reserved 1114112K
  class space    used 5073K, committed 5248K, reserved 1048576K
}
Event: 1.899 GC heap after
{Heap after GC invocations=19 (full 0):
 garbage-first heap   total 212992K, used 74573K [0x00000000c0000000, 0x0000000100000000)
  region size 1024K, 4 young (4096K), 4 survivors (4096K)
 Metaspace       used 41379K, committed 41792K, reserved 1114112K
  class space    used 5073K, committed 5248K, reserved 1048576K
}
Event: 1.914 GC heap before
{Heap before GC invocations=19 (full 0):
 garbage-first heap   total 212992K, used 141133K [0x00000000c0000000, 0x0000000100000000)
  region size 1024K, 70 young (71680K), 4 survivors (4096K)
 Metaspace       used 41499K, committed 41856K, reserved 1114112K
  class space    used 5090K, committed 5248K, reserved 1048576K
}
Event: 1.916 GC heap after
{Heap after GC invocations=20 (full 0):
 garbage-first heap   total 212992K, used 76444K [0x00000000c0000000, 0x0000000100000000)
  region size 1024K, 6 young (6144K), 6 survivors (6144K)
 Metaspace       used 41499K, committed 41856K, reserved 1114112K
  class space    used 5090K, committed 5248K, reserved 1048576K
}
Event: 1.931 GC heap before
{Heap before GC invocations=20 (full 0):
 garbage-first heap   total 212992K, used 149148K [0x00000000c0000000, 0x0000000100000000)
  region size 1024K, 78 young (79872K), 6 survivors (6144K)
 Metaspace       used 41512K, committed 41856K, reserved 1114112K
  class space    used 5092K, committed 5248K, reserved 1048576K
}

