# JRE version: OpenJDK Runtime Environment Temurin-17.0.7+7 (17.0.7+7) (build 17.0.7+7)
# Java VM: OpenJDK 64-Bit Server VM Temurin-17.0.7+7 (17.0.7+7, mixed mode, emulated-client, tiered, compressed oops, compressed class ptrs, g1 gc, windows-amd64)
GC Precious Log:
 CPUs: 12 total, 12 available
 Memory: 7930M
 Large Page Support: Disabled
 NUMA Support: Disabled
 Compressed Oops: Enabled (32-bit)
 Heap Region Size: 1M
 Heap Min Capacity: 8M
 Heap Initial Capacity: 124M
 Heap Max Capacity: 1G
 Pre-touch: Disabled
 Parallel Workers: 10
 Concurrent Workers: 3
 Concurrent Refinement Workers: 10
 Periodic GC: Disabled
Heap:
 garbage-first heap   total 212992K, used 82004K [0x00000000c0000000, 0x0000000100000000)
  region size 1024K, 8 young (8192K), 8 survivors (8192K)
 Metaspace       used 41517K, committed 41856K, reserved 1114112K
  class space    used 5100K, committed 5248K, reserved 1048576K
GC Heap History (20 events):
Event: 1.530 GC heap after
{Heap after GC invocations=11 (full 0):
 garbage-first heap   total 61440K, used 21890K [0x00000000c0000000, 0x0000000100000000)
  region size 1024K, 4 young (4096K), 4 survivors (4096K)
 Metaspace       used 37912K, committed 38400K, reserved 1114112K
  class space    used 4775K, committed 4992K, reserved 1048576K
}
Event: 1.554 GC heap before
{Heap before GC invocations=11 (full 0):
 garbage-first heap   total 61440K, used 43394K [0x00000000c0000000, 0x0000000100000000)
  region size 1024K, 26 young (26624K), 4 survivors (4096K)
 Metaspace       used 37913K, committed 38400K, reserved 1114112K
  class space    used 4775K, committed 4992K, reserved 1048576K
}
Event: 1.558 GC heap after
{Heap after GC invocations=12 (full 0):
 garbage-first heap   total 61440K, used 26096K [0x00000000c0000000, 0x0000000100000000)
  region size 1024K, 4 young (4096K), 4 survivors (4096K)
 Metaspace       used 37913K, committed 38400K, reserved 1114112K
  class space    used 4775K, committed 4992K, reserved 1048576K
}
Event: 1.588 GC heap before
{Heap before GC invocations=12 (full 0):
 garbage-first heap   total 61440K, used 43504K [0x00000000c0000000, 0x0000000100000000)
  region size 1024K, 22 young (22528K), 4 survivors (4096K)
 Metaspace       used 38162K, committed 38592K, reserved 1114112K
  class space    used 4814K, committed 4992K, reserved 1048576K
}
Event: 1.593 GC heap after
{Heap after GC invocations=13 (full 0):
 garbage-first heap   total 102400K, used 30086K [0x00000000c0000000, 0x0000000100000000)
  region size 1024K, 3 young (3072K), 3 survivors (3072K)
 Metaspace       used 38162K, committed 38592K, reserved 1114112K
  class space    used 4814K, committed 4992K, reserved 1048576K
}
Event: 1.644 GC heap before
{Heap before GC invocations=13 (full 0):
 garbage-first heap   total 102400K, used 71046K [0x00000000c0000000, 0x0000000100000000)
  region size 1024K, 43 young (44032K), 3 survivors (3072K)
 Metaspace       used 38918K, committed 39360K, reserved 1114112K
  class space    used 4863K, committed 5056K, reserved 1048576K
}
Event: 1.651 GC heap after
{Heap after GC invocations=14 (full 0):
 garbage-first heap   total 102400K, used 36764K [0x00000000c0000000, 0x0000000100000000)
  region size 1024K, 6 young (6144K), 6 survivors (6144K)
 Metaspace       used 38918K, committed 39360K, reserved 1114112K
  class space    used 4863K, committed 5056K, reserved 1048576K
}
Event: 1.679 GC heap before
{Heap before GC invocations=14 (full 0):
 garbage-first heap   total 102400K, used 71580K [0x00000000c0000000, 0x0000000100000000)
  region size 1024K, 40 young (40960K), 6 survivors (6144K)
 Metaspace       used 39455K, committed 39872K, reserved 1114112K
  class space    used 4919K, committed 5120K, reserved 1048576K
}
Event: 1.687 GC heap after
{Heap after GC invocations=15 (full 0):
 garbage-first heap   total 102400K, used 45657K [0x00000000c0000000, 0x0000000100000000)
  region size 1024K, 5 young (5120K), 5 survivors (5120K)
 Metaspace       used 39455K, committed 39872K, reserved 1114112K
  class space    used 4919K, committed 5120K, reserved 1048576K
}
Event: 1.743 GC heap before
{Heap before GC invocations=15 (full 0):
 garbage-first heap   total 102400K, used 73305K [0x00000000c0000000, 0x0000000100000000)
  region size 1024K, 33 young (33792K), 5 survivors (5120K)
 Metaspace       used 40489K, committed 40896K, reserved 1114112K
  class space    used 4979K, committed 5184K, reserved 1048576K
}
Event: 1.748 GC heap after
{Heap after GC invocations=16 (full 0):
 garbage-first heap   total 102400K, used 51391K [0x00000000c0000000, 0x0000000100000000)
  region size 1024K, 5 young (5120K), 5 survivors (5120K)
 Metaspace       used 40489K, committed 40896K, reserved 1114112K
  class space    used 4979K, committed 5184K, reserved 1048576K
}
Event: 1.765 GC heap before
{Heap before GC invocations=16 (full 0):
 garbage-first heap   total 102400K, used 57535K [0x00000000c0000000, 0x0000000100000000)
  region size 1024K, 13 young (13312K), 5 survivors (5120K)
 Metaspace       used 40826K, committed 41216K, reserved 1114112K
  class space    used 5009K, committed 5184K, reserved 1048576K
}
Event: 1.769 GC heap after
{Heap after GC invocations=17 (full 0):
 garbage-first heap   total 212992K, used 54095K [0x00000000c0000000, 0x0000000100000000)
  region size 1024K, 3 young (3072K), 3 survivors (3072K)
 Metaspace       used 40826K, committed 41216K, reserved 1114112K
  class space    used 5009K, committed 5184K, reserved 1048576K
}
Event: 1.836 GC heap before
{Heap before GC invocations=17 (full 0):
 garbage-first heap   total 212992K, used 152399K [0x00000000c0000000, 0x0000000100000000)
  region size 1024K, 98 young (100352K), 3 survivors (3072K)
 Metaspace       used 41401K, committed 41792K, reserved 1114112K
  class space    used 5083K, committed 5248K, reserved 1048576K
}
Event: 1.856 GC heap after
{Heap after GC invocations=18 (full 0):
 garbage-first heap   total 212992K, used 71224K [0x00000000c0000000, 0x0000000100000000)
  region size 1024K, 13 young (13312K), 13 survivors (13312K)
 Metaspace       used 41401K, committed 41792K, reserved 1114112K
  class space    used 5083K, committed 5248K, reserved 1048576K
}
Event: 1.873 GC heap before
{Heap before GC invocations=18 (full 0):
 garbage-first heap   total 212992K, used 148024K [0x00000000c0000000, 0x0000000100000000)
  region size 1024K, 89 young (91136K), 13 survivors (13312K)
 Metaspace       used 41410K, committed 41792K, reserved 1114112K
  class space    used 5084K, committed 5248K, reserved 1048576K
}
Event: 1.881 GC heap after
{Heap after GC invocations=19 (full 0):
 garbage-first heap   total 212992K, used 74886K [0x00000000c0000000, 0x0000000100000000)
  region size 1024K, 4 young (4096K), 4 survivors (4096K)
 Metaspace       used 41410K, committed 41792K, reserved 1114112K
  class space    used 5084K, committed 5248K, reserved 1048576K
}
Event: 1.902 GC heap before
{Heap before GC invocations=19 (full 0):
 garbage-first heap   total 212992K, used 152710K [0x00000000c0000000, 0x0000000100000000)
  region size 1024K, 81 young (82944K), 4 survivors (4096K)
 Metaspace       used 41517K, committed 41856K, reserved 1114112K
  class space    used 5100K, committed 5248K, reserved 1048576K
}
Event: 1.905 GC heap after
{Heap after GC invocations=20 (full 0):
 garbage-first heap   total 212992K, used 78131K [0x00000000c0000000, 0x0000000100000000)
  region size 1024K, 7 young (7168K), 7 survivors (7168K)
 Metaspace       used 41517K, committed 41856K, reserved 1114112K
  class space    used 5100K, committed 5248K, reserved 1048576K
}
Event: 1.922 GC heap before
{Heap before GC invocations=20 (full 0):
 garbage-first heap   total 212992K, used 160051K [0x00000000c0000000, 0x0000000100000000)
  region size 1024K, 88 young (90112K), 7 survivors (7168K)
 Metaspace       used 41517K, committed 41856K, reserved 1114112K
  class space    used 5100K, committed 5248K, reserved 1048576K
}

