# JRE version: OpenJDK Runtime Environment Temurin-17.0.7+7 (17.0.7+7) (build 17.0.7+7)
# Java VM: OpenJDK 64-Bit Server VM Temurin-17.0.7+7 (17.0.7+7, mixed mode, emulated-client, tiered, compressed oops, compressed class ptrs, g1 gc, windows-amd64)
GC Precious Log:
 CPUs: 12 total, 12 available
 Memory: 7930M
 Large Page Support: Disabled
 NUMA Support: Disabled
 Compressed Oops: Enabled (32-bit)
 Heap Region Size: 1M
 Heap Min Capacity: 8M
 Heap Initial Capacity: 124M
 Heap Max Capacity: 1G
 Pre-touch: Disabled
 Parallel Workers: 10
 Concurrent Workers: 3
 Concurrent Refinement Workers: 10
 Periodic GC: Disabled
Heap:
 garbage-first heap   total 569344K, used 154880K [0x00000000c0000000, 0x0000000100000000)
  region size 1024K, 37 young (37888K), 37 survivors (37888K)
 Metaspace       used 42266K, committed 42752K, reserved 1114112K
  class space    used 5177K, committed 5440K, reserved 1048576K
GC Heap History (20 events):
Event: 1.823 GC heap after
{Heap after GC invocations=19 (full 0):
 garbage-first heap   total 114688K, used 63361K [0x00000000c0000000, 0x0000000100000000)
  region size 1024K, 4 young (4096K), 4 survivors (4096K)
 Metaspace       used 41115K, committed 41472K, reserved 1114112K
  class space    used 5038K, committed 5184K, reserved 1048576K
}
Event: 1.854 GC heap before
{Heap before GC invocations=19 (full 0):
 garbage-first heap   total 124928K, used 84865K [0x00000000c0000000, 0x0000000100000000)
  region size 1024K, 26 young (26624K), 4 survivors (4096K)
 Metaspace       used 41280K, committed 41728K, reserved 1114112K
  class space    used 5060K, committed 5248K, reserved 1048576K
}
Event: 1.868 GC heap after
{Heap after GC invocations=20 (full 0):
 garbage-first heap   total 249856K, used 68800K [0x00000000c0000000, 0x0000000100000000)
  region size 1024K, 4 young (4096K), 4 survivors (4096K)
 Metaspace       used 41280K, committed 41728K, reserved 1114112K
  class space    used 5060K, committed 5248K, reserved 1048576K
}
Event: 1.900 GC heap before
{Heap before GC invocations=21 (full 0):
 garbage-first heap   total 249856K, used 169152K [0x00000000c0000000, 0x0000000100000000)
  region size 1024K, 103 young (105472K), 4 survivors (4096K)
 Metaspace       used 41318K, committed 41728K, reserved 1114112K
  class space    used 5065K, committed 5248K, reserved 1048576K
}
Event: 1.907 GC heap after
{Heap after GC invocations=22 (full 0):
 garbage-first heap   total 249856K, used 73135K [0x00000000c0000000, 0x0000000100000000)
  region size 1024K, 9 young (9216K), 9 survivors (9216K)
 Metaspace       used 41318K, committed 41728K, reserved 1114112K
  class space    used 5065K, committed 5248K, reserved 1048576K
}
Event: 1.909 GC heap before
{Heap before GC invocations=22 (full 0):
 garbage-first heap   total 249856K, used 75183K [0x00000000c0000000, 0x0000000100000000)
  region size 1024K, 12 young (12288K), 9 survivors (9216K)
 Metaspace       used 41323K, committed 41728K, reserved 1114112K
  class space    used 5066K, committed 5248K, reserved 1048576K
}
Event: 1.915 GC heap after
{Heap after GC invocations=23 (full 0):
 garbage-first heap   total 249856K, used 73422K [0x00000000c0000000, 0x0000000100000000)
  region size 1024K, 2 young (2048K), 2 survivors (2048K)
 Metaspace       used 41323K, committed 41728K, reserved 1114112K
  class space    used 5066K, committed 5248K, reserved 1048576K
}
Event: 1.942 GC heap before
{Heap before GC invocations=23 (full 0):
 garbage-first heap   total 249856K, used 188110K [0x00000000c0000000, 0x0000000100000000)
  region size 1024K, 115 young (117760K), 2 survivors (2048K)
 Metaspace       used 41384K, committed 41792K, reserved 1114112K
  class space    used 5079K, committed 5248K, reserved 1048576K
}
Event: 1.946 GC heap after
{Heap after GC invocations=24 (full 0):
 garbage-first heap   total 249856K, used 77398K [0x00000000c0000000, 0x0000000100000000)
  region size 1024K, 6 young (6144K), 6 survivors (6144K)
 Metaspace       used 41384K, committed 41792K, reserved 1114112K
  class space    used 5079K, committed 5248K, reserved 1048576K
}
Event: 1.975 GC heap before
{Heap before GC invocations=24 (full 0):
 garbage-first heap   total 249856K, used 192086K [0x00000000c0000000, 0x0000000100000000)
  region size 1024K, 119 young (121856K), 6 survivors (6144K)
 Metaspace       used 41427K, committed 41792K, reserved 1114112K
  class space    used 5087K, committed 5248K, reserved 1048576K
}
Event: 1.980 GC heap after
{Heap after GC invocations=25 (full 0):
 garbage-first heap   total 249856K, used 81491K [0x00000000c0000000, 0x0000000100000000)
  region size 1024K, 10 young (10240K), 10 survivors (10240K)
 Metaspace       used 41427K, committed 41792K, reserved 1114112K
  class space    used 5087K, committed 5248K, reserved 1048576K
}
Event: 2.005 GC heap before
{Heap before GC invocations=25 (full 0):
 garbage-first heap   total 249856K, used 196179K [0x00000000c0000000, 0x0000000100000000)
  region size 1024K, 123 young (125952K), 10 survivors (10240K)
 Metaspace       used 41458K, committed 41856K, reserved 1114112K
  class space    used 5091K, committed 5248K, reserved 1048576K
}
Event: 2.013 GC heap after
{Heap after GC invocations=26 (full 0):
 garbage-first heap   total 569344K, used 87241K [0x00000000c0000000, 0x0000000100000000)
  region size 1024K, 11 young (11264K), 11 survivors (11264K)
 Metaspace       used 41458K, committed 41856K, reserved 1114112K
  class space    used 5091K, committed 5248K, reserved 1048576K
}
Event: 2.096 GC heap before
{Heap before GC invocations=26 (full 0):
 garbage-first heap   total 569344K, used 416969K [0x00000000c0000000, 0x0000000100000000)
  region size 1024K, 333 young (340992K), 11 survivors (11264K)
 Metaspace       used 41555K, committed 42048K, reserved 1114112K
  class space    used 5110K, committed 5312K, reserved 1048576K
}
Event: 2.107 GC heap after
{Heap after GC invocations=27 (full 0):
 garbage-first heap   total 569344K, used 104879K [0x00000000c0000000, 0x0000000100000000)
  region size 1024K, 27 young (27648K), 27 survivors (27648K)
 Metaspace       used 41555K, committed 42048K, reserved 1114112K
  class space    used 5110K, committed 5312K, reserved 1048576K
}
Event: 2.172 GC heap before
{Heap before GC invocations=27 (full 0):
 garbage-first heap   total 569344K, used 417199K [0x00000000c0000000, 0x0000000100000000)
  region size 1024K, 333 young (340992K), 27 survivors (27648K)
 Metaspace       used 41590K, committed 42048K, reserved 1114112K
  class space    used 5119K, committed 5312K, reserved 1048576K
}
Event: 2.186 GC heap after
{Heap after GC invocations=28 (full 0):
 garbage-first heap   total 569344K, used 117585K [0x00000000c0000000, 0x0000000100000000)
  region size 1024K, 30 young (30720K), 30 survivors (30720K)
 Metaspace       used 41590K, committed 42048K, reserved 1114112K
  class space    used 5119K, committed 5312K, reserved 1048576K
}
Event: 2.256 GC heap before
{Heap before GC invocations=28 (full 0):
 garbage-first heap   total 569344K, used 426833K [0x00000000c0000000, 0x0000000100000000)
  region size 1024K, 333 young (340992K), 30 survivors (30720K)
 Metaspace       used 41665K, committed 42112K, reserved 1114112K
  class space    used 5127K, committed 5312K, reserved 1048576K
}
Event: 2.271 GC heap after
{Heap after GC invocations=29 (full 0):
 garbage-first heap   total 569344K, used 130597K [0x00000000c0000000, 0x0000000100000000)
  region size 1024K, 26 young (26624K), 26 survivors (26624K)
 Metaspace       used 41665K, committed 42112K, reserved 1114112K
  class space    used 5127K, committed 5312K, reserved 1048576K
}
Event: 2.361 GC heap before
{Heap before GC invocations=29 (full 0):
 garbage-first heap   total 569344K, used 443941K [0x00000000c0000000, 0x0000000100000000)
  region size 1024K, 333 young (340992K), 26 survivors (26624K)
 Metaspace       used 42266K, committed 42752K, reserved 1114112K
  class space    used 5177K, committed 5440K, reserved 1048576K
}

