# JRE version: OpenJDK Runtime Environment Temurin-17.0.7+7 (17.0.7+7) (build 17.0.7+7)
# Java VM: OpenJDK 64-Bit Server VM Temurin-17.0.7+7 (17.0.7+7, mixed mode, emulated-client, tiered, compressed oops, compressed class ptrs, g1 gc, windows-amd64)
GC Precious Log:
 CPUs: 12 total, 12 available
 Memory: 7930M
 Large Page Support: Disabled
 NUMA Support: Disabled
 Compressed Oops: Enabled (32-bit)
 Heap Region Size: 1M
 Heap Min Capacity: 8M
 Heap Initial Capacity: 124M
 Heap Max Capacity: 1G
 Pre-touch: Disabled
 Parallel Workers: 10
 Concurrent Workers: 3
 Concurrent Refinement Workers: 10
 Periodic GC: Disabled
Heap:
 garbage-first heap   total 110592K, used 54530K [0x00000000c0000000, 0x0000000100000000)
  region size 1024K, 2 young (2048K), 2 survivors (2048K)
 Metaspace       used 40566K, committed 40960K, reserved 1114112K
  class space    used 4982K, committed 5184K, reserved 1048576K
GC Heap History (20 events):
Event: 1.020 GC heap after
{Heap after GC invocations=6 (full 0):
 garbage-first heap   total 48128K, used 14104K [0x00000000c0000000, 0x0000000100000000)
  region size 1024K, 3 young (3072K), 3 survivors (3072K)
 Metaspace       used 28210K, committed 28480K, reserved 1114112K
  class space    used 3353K, committed 3456K, reserved 1048576K
}
Event: 1.180 GC heap before
{Heap before GC invocations=6 (full 0):
 garbage-first heap   total 48128K, used 31512K [0x00000000c0000000, 0x0000000100000000)
  region size 1024K, 21 young (21504K), 3 survivors (3072K)
 Metaspace       used 30685K, committed 31040K, reserved 1114112K
  class space    used 3708K, committed 3840K, reserved 1048576K
}
Event: 1.184 GC heap after
{Heap after GC invocations=7 (full 0):
 garbage-first heap   total 61440K, used 15900K [0x00000000c0000000, 0x0000000100000000)
  region size 1024K, 3 young (3072K), 3 survivors (3072K)
 Metaspace       used 30685K, committed 31040K, reserved 1114112K
  class space    used 3708K, committed 3840K, reserved 1048576K
}
Event: 1.481 GC heap before
{Heap before GC invocations=7 (full 0):
 garbage-first heap   total 61440K, used 41500K [0x00000000c0000000, 0x0000000100000000)
  region size 1024K, 29 young (29696K), 3 survivors (3072K)
 Metaspace       used 35393K, committed 35776K, reserved 1114112K
  class space    used 4373K, committed 4544K, reserved 1048576K
}
Event: 1.484 GC heap after
{Heap after GC invocations=8 (full 0):
 garbage-first heap   total 61440K, used 18328K [0x00000000c0000000, 0x0000000100000000)
  region size 1024K, 4 young (4096K), 4 survivors (4096K)
 Metaspace       used 35393K, committed 35776K, reserved 1114112K
  class space    used 4373K, committed 4544K, reserved 1048576K
}
Event: 1.507 GC heap before
{Heap before GC invocations=8 (full 0):
 garbage-first heap   total 61440K, used 20376K [0x00000000c0000000, 0x0000000100000000)
  region size 1024K, 7 young (7168K), 4 survivors (4096K)
 Metaspace       used 35664K, committed 35968K, reserved 1114112K
  class space    used 4413K, committed 4544K, reserved 1048576K
}
Event: 1.509 GC heap after
{Heap after GC invocations=9 (full 0):
 garbage-first heap   total 61440K, used 19056K [0x00000000c0000000, 0x0000000100000000)
  region size 1024K, 1 young (1024K), 1 survivors (1024K)
 Metaspace       used 35664K, committed 35968K, reserved 1114112K
  class space    used 4413K, committed 4544K, reserved 1048576K
}
Event: 1.618 GC heap before
{Heap before GC invocations=10 (full 0):
 garbage-first heap   total 61440K, used 43632K [0x00000000c0000000, 0x0000000100000000)
  region size 1024K, 26 young (26624K), 1 survivors (1024K)
 Metaspace       used 37616K, committed 37952K, reserved 1114112K
  class space    used 4729K, committed 4864K, reserved 1048576K
}
Event: 1.622 GC heap after
{Heap after GC invocations=11 (full 0):
 garbage-first heap   total 61440K, used 23041K [0x00000000c0000000, 0x0000000100000000)
  region size 1024K, 4 young (4096K), 4 survivors (4096K)
 Metaspace       used 37616K, committed 37952K, reserved 1114112K
  class space    used 4729K, committed 4864K, reserved 1048576K
}
Event: 1.645 GC heap before
{Heap before GC invocations=11 (full 0):
 garbage-first heap   total 61440K, used 43521K [0x00000000c0000000, 0x0000000100000000)
  region size 1024K, 25 young (25600K), 4 survivors (4096K)
 Metaspace       used 37616K, committed 37952K, reserved 1114112K
  class space    used 4729K, committed 4864K, reserved 1048576K
}
Event: 1.651 GC heap after
{Heap after GC invocations=12 (full 0):
 garbage-first heap   total 61440K, used 26414K [0x00000000c0000000, 0x0000000100000000)
  region size 1024K, 4 young (4096K), 4 survivors (4096K)
 Metaspace       used 37616K, committed 37952K, reserved 1114112K
  class space    used 4729K, committed 4864K, reserved 1048576K
}
Event: 1.678 GC heap before
{Heap before GC invocations=12 (full 0):
 garbage-first heap   total 61440K, used 43822K [0x00000000c0000000, 0x0000000100000000)
  region size 1024K, 22 young (22528K), 4 survivors (4096K)
 Metaspace       used 37748K, committed 38144K, reserved 1114112K
  class space    used 4749K, committed 4928K, reserved 1048576K
}
Event: 1.682 GC heap after
{Heap after GC invocations=13 (full 0):
 garbage-first heap   total 103424K, used 31732K [0x00000000c0000000, 0x0000000100000000)
  region size 1024K, 3 young (3072K), 3 survivors (3072K)
 Metaspace       used 37748K, committed 38144K, reserved 1114112K
  class space    used 4749K, committed 4928K, reserved 1048576K
}
Event: 1.731 GC heap before
{Heap before GC invocations=13 (full 0):
 garbage-first heap   total 103424K, used 70644K [0x00000000c0000000, 0x0000000100000000)
  region size 1024K, 42 young (43008K), 3 survivors (3072K)
 Metaspace       used 38480K, committed 38912K, reserved 1114112K
  class space    used 4810K, committed 4992K, reserved 1048576K
}
Event: 1.738 GC heap after
{Heap after GC invocations=14 (full 0):
 garbage-first heap   total 103424K, used 38161K [0x00000000c0000000, 0x0000000100000000)
  region size 1024K, 6 young (6144K), 6 survivors (6144K)
 Metaspace       used 38480K, committed 38912K, reserved 1114112K
  class space    used 4810K, committed 4992K, reserved 1048576K
}
Event: 1.765 GC heap before
{Heap before GC invocations=14 (full 0):
 garbage-first heap   total 103424K, used 71953K [0x00000000c0000000, 0x0000000100000000)
  region size 1024K, 40 young (40960K), 6 survivors (6144K)
 Metaspace       used 39080K, committed 39488K, reserved 1114112K
  class space    used 4878K, committed 5056K, reserved 1048576K
}
Event: 1.775 GC heap after
{Heap after GC invocations=15 (full 0):
 garbage-first heap   total 103424K, used 46353K [0x00000000c0000000, 0x0000000100000000)
  region size 1024K, 5 young (5120K), 5 survivors (5120K)
 Metaspace       used 39080K, committed 39488K, reserved 1114112K
  class space    used 4878K, committed 5056K, reserved 1048576K
}
Event: 1.843 GC heap before
{Heap before GC invocations=15 (full 0):
 garbage-first heap   total 103424K, used 74001K [0x00000000c0000000, 0x0000000100000000)
  region size 1024K, 33 young (33792K), 5 survivors (5120K)
 Metaspace       used 40474K, committed 40896K, reserved 1114112K
  class space    used 4974K, committed 5184K, reserved 1048576K
}
Event: 1.849 GC heap after
{Heap after GC invocations=16 (full 0):
 garbage-first heap   total 103424K, used 52497K [0x00000000c0000000, 0x0000000100000000)
  region size 1024K, 5 young (5120K), 5 survivors (5120K)
 Metaspace       used 40474K, committed 40896K, reserved 1114112K
  class space    used 4974K, committed 5184K, reserved 1048576K
}
Event: 1.861 GC heap before
{Heap before GC invocations=16 (full 0):
 garbage-first heap   total 103424K, used 58641K [0x00000000c0000000, 0x0000000100000000)
  region size 1024K, 13 young (13312K), 5 survivors (5120K)
 Metaspace       used 40566K, committed 40960K, reserved 1114112K
  class space    used 4982K, committed 5184K, reserved 1048576K
}

