# JRE version: OpenJDK Runtime Environment Temurin-17.0.7+7 (17.0.7+7) (build 17.0.7+7)
# Java VM: OpenJDK 64-Bit Server VM Temurin-17.0.7+7 (17.0.7+7, mixed mode, emulated-client, tiered, compressed oops, compressed class ptrs, g1 gc, windows-amd64)
GC Precious Log:
 CPUs: 12 total, 12 available
 Memory: 7930M
 Large Page Support: Disabled
 NUMA Support: Disabled
 Compressed Oops: Enabled (32-bit)
 Heap Region Size: 1M
 Heap Min Capacity: 8M
 Heap Initial Capacity: 124M
 Heap Max Capacity: 1G
 Pre-touch: Disabled
 Parallel Workers: 10
 Concurrent Workers: 3
 Concurrent Refinement Workers: 10
 Periodic GC: Disabled
Heap:
 garbage-first heap   total 126976K, used 69613K [0x00000000c0000000, 0x0000000100000000)
  region size 1024K, 3 young (3072K), 3 survivors (3072K)
 Metaspace       used 41426K, committed 41920K, reserved 1114112K
  class space    used 5093K, committed 5312K, reserved 1048576K
GC Heap History (20 events):
Event: 0.879 GC heap after
{Heap after GC invocations=6 (full 0):
 garbage-first heap   total 45056K, used 13060K [0x00000000c0000000, 0x0000000100000000)
  region size 1024K, 1 young (1024K), 1 survivors (1024K)
 Metaspace       used 25697K, committed 25984K, reserved 1114112K
  class space    used 3028K, committed 3136K, reserved 1048576K
}
Event: 1.046 GC heap before
{Heap before GC invocations=6 (full 0):
 garbage-first heap   total 45056K, used 29444K [0x00000000c0000000, 0x0000000100000000)
  region size 1024K, 18 young (18432K), 1 survivors (1024K)
 Metaspace       used 27873K, committed 28224K, reserved 1114112K
  class space    used 3308K, committed 3456K, reserved 1048576K
}
Event: 1.049 GC heap after
{Heap after GC invocations=7 (full 0):
 garbage-first heap   total 45056K, used 13884K [0x00000000c0000000, 0x0000000100000000)
  region size 1024K, 2 young (2048K), 2 survivors (2048K)
 Metaspace       used 27873K, committed 28224K, reserved 1114112K
  class space    used 3308K, committed 3456K, reserved 1048576K
}
Event: 1.208 GC heap before
{Heap before GC invocations=7 (full 0):
 garbage-first heap   total 45056K, used 30268K [0x00000000c0000000, 0x0000000100000000)
  region size 1024K, 19 young (19456K), 2 survivors (2048K)
 Metaspace       used 30458K, committed 30848K, reserved 1114112K
  class space    used 3675K, committed 3840K, reserved 1048576K
}
Event: 1.212 GC heap after
{Heap after GC invocations=8 (full 0):
 garbage-first heap   total 90112K, used 16221K [0x00000000c0000000, 0x0000000100000000)
  region size 1024K, 3 young (3072K), 3 survivors (3072K)
 Metaspace       used 30458K, committed 30848K, reserved 1114112K
  class space    used 3675K, committed 3840K, reserved 1048576K
}
Event: 1.524 GC heap before
{Heap before GC invocations=8 (full 0):
 garbage-first heap   total 90112K, used 47965K [0x00000000c0000000, 0x0000000100000000)
  region size 1024K, 35 young (35840K), 3 survivors (3072K)
 Metaspace       used 35664K, committed 35968K, reserved 1114112K
  class space    used 4412K, committed 4544K, reserved 1048576K
}
Event: 1.527 GC heap after
{Heap after GC invocations=9 (full 0):
 garbage-first heap   total 90112K, used 18508K [0x00000000c0000000, 0x0000000100000000)
  region size 1024K, 5 young (5120K), 5 survivors (5120K)
 Metaspace       used 35664K, committed 35968K, reserved 1114112K
  class space    used 4412K, committed 4544K, reserved 1048576K
}
Event: 1.651 GC heap before
{Heap before GC invocations=10 (full 0):
 garbage-first heap   total 68608K, used 54348K [0x00000000c0000000, 0x0000000100000000)
  region size 1024K, 42 young (43008K), 5 survivors (5120K)
 Metaspace       used 37946K, committed 38400K, reserved 1114112K
  class space    used 4784K, committed 4992K, reserved 1048576K
}
Event: 1.657 GC heap after
{Heap after GC invocations=11 (full 0):
 garbage-first heap   total 68608K, used 23168K [0x00000000c0000000, 0x0000000100000000)
  region size 1024K, 7 young (7168K), 7 survivors (7168K)
 Metaspace       used 37946K, committed 38400K, reserved 1114112K
  class space    used 4784K, committed 4992K, reserved 1048576K
}
Event: 1.696 GC heap before
{Heap before GC invocations=11 (full 0):
 garbage-first heap   total 68608K, used 47744K [0x00000000c0000000, 0x0000000100000000)
  region size 1024K, 32 young (32768K), 7 survivors (7168K)
 Metaspace       used 38175K, committed 38592K, reserved 1114112K
  class space    used 4820K, committed 4992K, reserved 1048576K
}
Event: 1.704 GC heap after
{Heap after GC invocations=12 (full 0):
 garbage-first heap   total 68608K, used 29111K [0x00000000c0000000, 0x0000000100000000)
  region size 1024K, 4 young (4096K), 4 survivors (4096K)
 Metaspace       used 38175K, committed 38592K, reserved 1114112K
  class space    used 4820K, committed 4992K, reserved 1048576K
}
Event: 1.734 GC heap before
{Heap before GC invocations=12 (full 0):
 garbage-first heap   total 68608K, used 48567K [0x00000000c0000000, 0x0000000100000000)
  region size 1024K, 24 young (24576K), 4 survivors (4096K)
 Metaspace       used 38626K, committed 39040K, reserved 1114112K
  class space    used 4854K, committed 5056K, reserved 1048576K
}
Event: 1.739 GC heap after
{Heap after GC invocations=13 (full 0):
 garbage-first heap   total 116736K, used 32828K [0x00000000c0000000, 0x0000000100000000)
  region size 1024K, 3 young (3072K), 3 survivors (3072K)
 Metaspace       used 38626K, committed 39040K, reserved 1114112K
  class space    used 4854K, committed 5056K, reserved 1048576K
}
Event: 1.795 GC heap before
{Heap before GC invocations=13 (full 0):
 garbage-first heap   total 116736K, used 80956K [0x00000000c0000000, 0x0000000100000000)
  region size 1024K, 51 young (52224K), 3 survivors (3072K)
 Metaspace       used 39324K, committed 39744K, reserved 1114112K
  class space    used 4920K, committed 5120K, reserved 1048576K
}
Event: 1.805 GC heap after
{Heap after GC invocations=14 (full 0):
 garbage-first heap   total 116736K, used 43724K [0x00000000c0000000, 0x0000000100000000)
  region size 1024K, 7 young (7168K), 7 survivors (7168K)
 Metaspace       used 39324K, committed 39744K, reserved 1114112K
  class space    used 4920K, committed 5120K, reserved 1048576K
}
Event: 1.887 GC heap before
{Heap before GC invocations=14 (full 0):
 garbage-first heap   total 116736K, used 81612K [0x00000000c0000000, 0x0000000100000000)
  region size 1024K, 45 young (46080K), 7 survivors (7168K)
 Metaspace       used 40517K, committed 40896K, reserved 1114112K
  class space    used 4988K, committed 5184K, reserved 1048576K
}
Event: 1.897 GC heap after
{Heap after GC invocations=15 (full 0):
 garbage-first heap   total 116736K, used 51176K [0x00000000c0000000, 0x0000000100000000)
  region size 1024K, 6 young (6144K), 6 survivors (6144K)
 Metaspace       used 40517K, committed 40896K, reserved 1114112K
  class space    used 4988K, committed 5184K, reserved 1048576K
}
Event: 1.962 GC heap before
{Heap before GC invocations=15 (full 0):
 garbage-first heap   total 116736K, used 87016K [0x00000000c0000000, 0x0000000100000000)
  region size 1024K, 40 young (40960K), 6 survivors (6144K)
 Metaspace       used 41273K, committed 41728K, reserved 1114112K
  class space    used 5067K, committed 5248K, reserved 1048576K
}
Event: 1.976 GC heap after
{Heap after GC invocations=16 (full 0):
 garbage-first heap   total 116736K, used 66060K [0x00000000c0000000, 0x0000000100000000)
  region size 1024K, 5 young (5120K), 5 survivors (5120K)
 Metaspace       used 41273K, committed 41728K, reserved 1114112K
  class space    used 5067K, committed 5248K, reserved 1048576K
}
Event: 1.986 GC heap before
{Heap before GC invocations=16 (full 0):
 garbage-first heap   total 116736K, used 86540K [0x00000000c0000000, 0x0000000100000000)
  region size 1024K, 26 young (26624K), 5 survivors (5120K)
 Metaspace       used 41426K, committed 41920K, reserved 1114112K
  class space    used 5093K, committed 5312K, reserved 1048576K
}

