# JRE version: OpenJDK Runtime Environment Temurin-17.0.7+7 (17.0.7+7) (build 17.0.7+7)
# Java VM: OpenJDK 64-Bit Server VM Temurin-17.0.7+7 (17.0.7+7, mixed mode, emulated-client, tiered, compressed oops, compressed class ptrs, g1 gc, windows-amd64)
GC Precious Log:
 CPUs: 12 total, 12 available
 Memory: 7930M
 Large Page Support: Disabled
 NUMA Support: Disabled
 Compressed Oops: Enabled (32-bit)
 Heap Region Size: 1M
 Heap Min Capacity: 8M
 Heap Initial Capacity: 124M
 Heap Max Capacity: 1G
 Pre-touch: Disabled
 Parallel Workers: 10
 Concurrent Workers: 3
 Concurrent Refinement Workers: 10
 Periodic GC: Disabled
Heap:
 garbage-first heap   total 156672K, used 80053K [0x00000000c0000000, 0x0000000100000000)
  region size 1024K, 6 young (6144K), 6 survivors (6144K)
 Metaspace       used 41457K, committed 41856K, reserved 1114112K
  class space    used 5108K, committed 5312K, reserved 1048576K
GC Heap History (20 events):
Event: 1.721 GC heap after
{Heap after GC invocations=11 (full 0):
 garbage-first heap   total 61440K, used 22102K [0x00000000c0000000, 0x0000000100000000)
  region size 1024K, 4 young (4096K), 4 survivors (4096K)
 Metaspace       used 37907K, committed 38400K, reserved 1114112K
  class space    used 4776K, committed 4992K, reserved 1048576K
}
Event: 1.754 GC heap before
{Heap before GC invocations=11 (full 0):
 garbage-first heap   total 61440K, used 43606K [0x00000000c0000000, 0x0000000100000000)
  region size 1024K, 26 young (26624K), 4 survivors (4096K)
 Metaspace       used 37956K, committed 38400K, reserved 1114112K
  class space    used 4792K, committed 4992K, reserved 1048576K
}
Event: 1.760 GC heap after
{Heap after GC invocations=12 (full 0):
 garbage-first heap   total 61440K, used 25857K [0x00000000c0000000, 0x0000000100000000)
  region size 1024K, 4 young (4096K), 4 survivors (4096K)
 Metaspace       used 37956K, committed 38400K, reserved 1114112K
  class space    used 4792K, committed 4992K, reserved 1048576K
}
Event: 1.802 GC heap before
{Heap before GC invocations=12 (full 0):
 garbage-first heap   total 61440K, used 45313K [0x00000000c0000000, 0x0000000100000000)
  region size 1024K, 23 young (23552K), 4 survivors (4096K)
 Metaspace       used 38225K, committed 38656K, reserved 1114112K
  class space    used 4834K, committed 5056K, reserved 1048576K
}
Event: 1.808 GC heap after
{Heap after GC invocations=13 (full 0):
 garbage-first heap   total 61440K, used 30648K [0x00000000c0000000, 0x0000000100000000)
  region size 1024K, 3 young (3072K), 3 survivors (3072K)
 Metaspace       used 38225K, committed 38656K, reserved 1114112K
  class space    used 4834K, committed 5056K, reserved 1048576K
}
Event: 1.829 GC heap before
{Heap before GC invocations=13 (full 0):
 garbage-first heap   total 61440K, used 44984K [0x00000000c0000000, 0x0000000100000000)
  region size 1024K, 18 young (18432K), 3 survivors (3072K)
 Metaspace       used 38503K, committed 38912K, reserved 1114112K
  class space    used 4853K, committed 5056K, reserved 1048576K
}
Event: 1.833 GC heap after
{Heap after GC invocations=14 (full 0):
 garbage-first heap   total 61440K, used 33855K [0x00000000c0000000, 0x0000000100000000)
  region size 1024K, 3 young (3072K), 3 survivors (3072K)
 Metaspace       used 38503K, committed 38912K, reserved 1114112K
  class space    used 4853K, committed 5056K, reserved 1048576K
}
Event: 1.859 GC heap before
{Heap before GC invocations=15 (full 0):
 garbage-first heap   total 71680K, used 46143K [0x00000000c0000000, 0x0000000100000000)
  region size 1024K, 15 young (15360K), 3 survivors (3072K)
 Metaspace       used 38746K, committed 39168K, reserved 1114112K
  class space    used 4862K, committed 5056K, reserved 1048576K
}
Event: 1.862 GC heap after
{Heap after GC invocations=16 (full 0):
 garbage-first heap   total 71680K, used 35492K [0x00000000c0000000, 0x0000000100000000)
  region size 1024K, 2 young (2048K), 2 survivors (2048K)
 Metaspace       used 38746K, committed 39168K, reserved 1114112K
  class space    used 4862K, committed 5056K, reserved 1048576K
}
Event: 1.887 GC heap before
{Heap before GC invocations=16 (full 0):
 garbage-first heap   total 71680K, used 52900K [0x00000000c0000000, 0x0000000100000000)
  region size 1024K, 20 young (20480K), 2 survivors (2048K)
 Metaspace       used 38909K, committed 39296K, reserved 1114112K
  class space    used 4876K, committed 5056K, reserved 1048576K
}
Event: 1.892 GC heap after
{Heap after GC invocations=17 (full 0):
 garbage-first heap   total 156672K, used 40008K [0x00000000c0000000, 0x0000000100000000)
  region size 1024K, 3 young (3072K), 3 survivors (3072K)
 Metaspace       used 38909K, committed 39296K, reserved 1114112K
  class space    used 4876K, committed 5056K, reserved 1048576K
}
Event: 2.078 GC heap before
{Heap before GC invocations=18 (full 0):
 garbage-first heap   total 156672K, used 110664K [0x00000000c0000000, 0x0000000100000000)
  region size 1024K, 72 young (73728K), 3 survivors (3072K)
 Metaspace       used 41146K, committed 41536K, reserved 1114112K
  class space    used 5056K, committed 5248K, reserved 1048576K
}
Event: 2.091 GC heap after
{Heap after GC invocations=19 (full 0):
 garbage-first heap   total 156672K, used 55826K [0x00000000c0000000, 0x0000000100000000)
  region size 1024K, 9 young (9216K), 9 survivors (9216K)
 Metaspace       used 41146K, committed 41536K, reserved 1114112K
  class space    used 5056K, committed 5248K, reserved 1048576K
}
Event: 2.134 GC heap before
{Heap before GC invocations=19 (full 0):
 garbage-first heap   total 156672K, used 104978K [0x00000000c0000000, 0x0000000100000000)
  region size 1024K, 57 young (58368K), 9 survivors (9216K)
 Metaspace       used 41431K, committed 41856K, reserved 1114112K
  class space    used 5103K, committed 5312K, reserved 1048576K
}
Event: 2.156 GC heap after
{Heap after GC invocations=20 (full 0):
 garbage-first heap   total 156672K, used 69421K [0x00000000c0000000, 0x0000000100000000)
  region size 1024K, 8 young (8192K), 8 survivors (8192K)
 Metaspace       used 41431K, committed 41856K, reserved 1114112K
  class space    used 5103K, committed 5312K, reserved 1048576K
}
Event: 2.165 GC heap before
{Heap before GC invocations=20 (full 0):
 garbage-first heap   total 156672K, used 108333K [0x00000000c0000000, 0x0000000100000000)
  region size 1024K, 47 young (48128K), 8 survivors (8192K)
 Metaspace       used 41438K, committed 41856K, reserved 1114112K
  class space    used 5103K, committed 5312K, reserved 1048576K
}
Event: 2.170 GC heap after
{Heap after GC invocations=21 (full 0):
 garbage-first heap   total 156672K, used 73422K [0x00000000c0000000, 0x0000000100000000)
  region size 1024K, 4 young (4096K), 4 survivors (4096K)
 Metaspace       used 41438K, committed 41856K, reserved 1114112K
  class space    used 5103K, committed 5312K, reserved 1048576K
}
Event: 2.179 GC heap before
{Heap before GC invocations=21 (full 0):
 garbage-first heap   total 156672K, used 114382K [0x00000000c0000000, 0x0000000100000000)
  region size 1024K, 45 young (46080K), 4 survivors (4096K)
 Metaspace       used 41445K, committed 41856K, reserved 1114112K
  class space    used 5103K, committed 5312K, reserved 1048576K
}
Event: 2.181 GC heap after
{Heap after GC invocations=22 (full 0):
 garbage-first heap   total 156672K, used 75959K [0x00000000c0000000, 0x0000000100000000)
  region size 1024K, 6 young (6144K), 6 survivors (6144K)
 Metaspace       used 41445K, committed 41856K, reserved 1114112K
  class space    used 5103K, committed 5312K, reserved 1048576K
}
Event: 2.193 GC heap before
{Heap before GC invocations=22 (full 0):
 garbage-first heap   total 156672K, used 119991K [0x00000000c0000000, 0x0000000100000000)
  region size 1024K, 49 young (50176K), 6 survivors (6144K)
 Metaspace       used 41457K, committed 41856K, reserved 1114112K
  class space    used 5108K, committed 5312K, reserved 1048576K
}

