# JRE version: OpenJDK Runtime Environment Temurin-17.0.7+7 (17.0.7+7) (build 17.0.7+7)
# Java VM: OpenJDK 64-Bit Server VM Temurin-17.0.7+7 (17.0.7+7, mixed mode, emulated-client, tiered, compressed oops, compressed class ptrs, g1 gc, windows-amd64)
GC Precious Log:
 CPUs: 12 total, 12 available
 Memory: 7930M
 Large Page Support: Disabled
 NUMA Support: Disabled
 Compressed Oops: Enabled (32-bit)
 Heap Region Size: 1M
 Heap Min Capacity: 8M
 Heap Initial Capacity: 124M
 Heap Max Capacity: 1G
 Pre-touch: Disabled
 Parallel Workers: 10
 Concurrent Workers: 3
 Concurrent Refinement Workers: 10
 Periodic GC: Disabled
Heap:
 garbage-first heap   total 212992K, used 79146K [0x00000000c0000000, 0x0000000100000000)
  region size 1024K, 7 young (7168K), 7 survivors (7168K)
 Metaspace       used 41497K, committed 41856K, reserved 1114112K
  class space    used 5099K, committed 5248K, reserved 1048576K
GC Heap History (20 events):
Event: 1.537 GC heap after
{Heap after GC invocations=13 (full 0):
 garbage-first heap   total 57344K, used 25398K [0x00000000c0000000, 0x0000000100000000)
  region size 1024K, 3 young (3072K), 3 survivors (3072K)
 Metaspace       used 37938K, committed 38400K, reserved 1114112K
  class space    used 4779K, committed 4992K, reserved 1048576K
}
Event: 1.559 GC heap before
{Heap before GC invocations=13 (full 0):
 garbage-first heap   total 57344K, used 40758K [0x00000000c0000000, 0x0000000100000000)
  region size 1024K, 19 young (19456K), 3 survivors (3072K)
 Metaspace       used 38047K, committed 38464K, reserved 1114112K
  class space    used 4794K, committed 4992K, reserved 1048576K
}
Event: 1.562 GC heap after
{Heap after GC invocations=14 (full 0):
 garbage-first heap   total 95232K, used 29038K [0x00000000c0000000, 0x0000000100000000)
  region size 1024K, 3 young (3072K), 3 survivors (3072K)
 Metaspace       used 38047K, committed 38464K, reserved 1114112K
  class space    used 4794K, committed 4992K, reserved 1048576K
}
Event: 1.608 GC heap before
{Heap before GC invocations=14 (full 0):
 garbage-first heap   total 95232K, used 65902K [0x00000000c0000000, 0x0000000100000000)
  region size 1024K, 39 young (39936K), 3 survivors (3072K)
 Metaspace       used 38738K, committed 39168K, reserved 1114112K
  class space    used 4849K, committed 5056K, reserved 1048576K
}
Event: 1.614 GC heap after
{Heap after GC invocations=15 (full 0):
 garbage-first heap   total 95232K, used 35794K [0x00000000c0000000, 0x0000000100000000)
  region size 1024K, 5 young (5120K), 5 survivors (5120K)
 Metaspace       used 38738K, committed 39168K, reserved 1114112K
  class space    used 4849K, committed 5056K, reserved 1048576K
}
Event: 1.641 GC heap before
{Heap before GC invocations=15 (full 0):
 garbage-first heap   total 95232K, used 67538K [0x00000000c0000000, 0x0000000100000000)
  region size 1024K, 36 young (36864K), 5 survivors (5120K)
 Metaspace       used 38994K, committed 39360K, reserved 1114112K
  class space    used 4878K, committed 5056K, reserved 1048576K
}
Event: 1.648 GC heap after
{Heap after GC invocations=16 (full 0):
 garbage-first heap   total 95232K, used 44301K [0x00000000c0000000, 0x0000000100000000)
  region size 1024K, 5 young (5120K), 5 survivors (5120K)
 Metaspace       used 38994K, committed 39360K, reserved 1114112K
  class space    used 4878K, committed 5056K, reserved 1048576K
}
Event: 1.670 GC heap before
{Heap before GC invocations=16 (full 0):
 garbage-first heap   total 95232K, used 68877K [0x00000000c0000000, 0x0000000100000000)
  region size 1024K, 29 young (29696K), 5 survivors (5120K)
 Metaspace       used 39486K, committed 39872K, reserved 1114112K
  class space    used 4924K, committed 5120K, reserved 1048576K
}
Event: 1.676 GC heap after
{Heap after GC invocations=17 (full 0):
 garbage-first heap   total 95232K, used 49092K [0x00000000c0000000, 0x0000000100000000)
  region size 1024K, 4 young (4096K), 4 survivors (4096K)
 Metaspace       used 39486K, committed 39872K, reserved 1114112K
  class space    used 4924K, committed 5120K, reserved 1048576K
}
Event: 1.731 GC heap before
{Heap before GC invocations=17 (full 0):
 garbage-first heap   total 95232K, used 69572K [0x00000000c0000000, 0x0000000100000000)
  region size 1024K, 25 young (25600K), 4 survivors (4096K)
 Metaspace       used 40505K, committed 40896K, reserved 1114112K
  class space    used 4981K, committed 5184K, reserved 1048576K
}
Event: 1.735 GC heap after
{Heap after GC invocations=18 (full 0):
 garbage-first heap   total 212992K, used 53509K [0x00000000c0000000, 0x0000000100000000)
  region size 1024K, 4 young (4096K), 4 survivors (4096K)
 Metaspace       used 40505K, committed 40896K, reserved 1114112K
  class space    used 4981K, committed 5184K, reserved 1048576K
}
Event: 1.816 GC heap before
{Heap before GC invocations=19 (full 0):
 garbage-first heap   total 204800K, used 142597K [0x00000000c0000000, 0x0000000100000000)
  region size 1024K, 90 young (92160K), 4 survivors (4096K)
 Metaspace       used 41353K, committed 41728K, reserved 1114112K
  class space    used 5072K, committed 5248K, reserved 1048576K
}
Event: 1.838 GC heap after
{Heap after GC invocations=20 (full 0):
 garbage-first heap   total 204800K, used 70306K [0x00000000c0000000, 0x0000000100000000)
  region size 1024K, 12 young (12288K), 12 survivors (12288K)
 Metaspace       used 41353K, committed 41728K, reserved 1114112K
  class space    used 5072K, committed 5248K, reserved 1048576K
}
Event: 1.839 GC heap before
{Heap before GC invocations=20 (full 0):
 garbage-first heap   total 204800K, used 70306K [0x00000000c0000000, 0x0000000100000000)
  region size 1024K, 13 young (13312K), 12 survivors (12288K)
 Metaspace       used 41361K, committed 41728K, reserved 1114112K
  class space    used 5074K, committed 5248K, reserved 1048576K
}
Event: 1.845 GC heap after
{Heap after GC invocations=21 (full 0):
 garbage-first heap   total 204800K, used 72125K [0x00000000c0000000, 0x0000000100000000)
  region size 1024K, 2 young (2048K), 2 survivors (2048K)
 Metaspace       used 41361K, committed 41728K, reserved 1114112K
  class space    used 5074K, committed 5248K, reserved 1048576K
}
Event: 1.859 GC heap before
{Heap before GC invocations=21 (full 0):
 garbage-first heap   total 204800K, used 137661K [0x00000000c0000000, 0x0000000100000000)
  region size 1024K, 67 young (68608K), 2 survivors (2048K)
 Metaspace       used 41366K, committed 41728K, reserved 1114112K
  class space    used 5075K, committed 5248K, reserved 1048576K
}
Event: 1.861 GC heap after
{Heap after GC invocations=22 (full 0):
 garbage-first heap   total 204800K, used 73445K [0x00000000c0000000, 0x0000000100000000)
  region size 1024K, 4 young (4096K), 4 survivors (4096K)
 Metaspace       used 41366K, committed 41728K, reserved 1114112K
  class space    used 5075K, committed 5248K, reserved 1048576K
}
Event: 1.878 GC heap before
{Heap before GC invocations=22 (full 0):
 garbage-first heap   total 204800K, used 142053K [0x00000000c0000000, 0x0000000100000000)
  region size 1024K, 72 young (73728K), 4 survivors (4096K)
 Metaspace       used 41455K, committed 41792K, reserved 1114112K
  class space    used 5095K, committed 5248K, reserved 1048576K
}
Event: 1.880 GC heap after
{Heap after GC invocations=23 (full 0):
 garbage-first heap   total 204800K, used 75947K [0x00000000c0000000, 0x0000000100000000)
  region size 1024K, 6 young (6144K), 6 survivors (6144K)
 Metaspace       used 41455K, committed 41792K, reserved 1114112K
  class space    used 5095K, committed 5248K, reserved 1048576K
}
Event: 1.897 GC heap before
{Heap before GC invocations=23 (full 0):
 garbage-first heap   total 204800K, used 150699K [0x00000000c0000000, 0x0000000100000000)
  region size 1024K, 80 young (81920K), 6 survivors (6144K)
 Metaspace       used 41497K, committed 41856K, reserved 1114112K
  class space    used 5099K, committed 5248K, reserved 1048576K
}

