# JRE version: OpenJDK Runtime Environment Temurin-17.0.7+7 (17.0.7+7) (build 17.0.7+7)
# Java VM: OpenJDK 64-Bit Server VM Temurin-17.0.7+7 (17.0.7+7, mixed mode, emulated-client, tiered, compressed oops, compressed class ptrs, g1 gc, windows-amd64)
GC Precious Log:
 CPUs: 12 total, 12 available
 Memory: 7930M
 Large Page Support: Disabled
 NUMA Support: Disabled
 Compressed Oops: Enabled (32-bit)
 Heap Region Size: 1M
 Heap Min Capacity: 8M
 Heap Initial Capacity: 124M
 Heap Max Capacity: 1G
 Pre-touch: Disabled
 Parallel Workers: 10
 Concurrent Workers: 3
 Concurrent Refinement Workers: 10
 Periodic GC: Disabled
Heap:
 garbage-first heap   total 209920K, used 80294K [0x00000000c0000000, 0x0000000100000000)
  region size 1024K, 7 young (7168K), 7 survivors (7168K)
 Metaspace       used 41525K, committed 41920K, reserved 1114112K
  class space    used 5104K, committed 5248K, reserved 1048576K
GC Heap History (20 events):
Event: 1.585 GC heap after
{Heap after GC invocations=11 (full 0):
 garbage-first heap   total 60416K, used 22092K [0x00000000c0000000, 0x0000000100000000)
  region size 1024K, 4 young (4096K), 4 survivors (4096K)
 Metaspace       used 37943K, committed 38400K, reserved 1114112K
  class space    used 4783K, committed 4992K, reserved 1048576K
}
Event: 1.613 GC heap before
{Heap before GC invocations=11 (full 0):
 garbage-first heap   total 60416K, used 42572K [0x00000000c0000000, 0x0000000100000000)
  region size 1024K, 25 young (25600K), 4 survivors (4096K)
 Metaspace       used 37943K, committed 38400K, reserved 1114112K
  class space    used 4783K, committed 4992K, reserved 1048576K
}
Event: 1.618 GC heap after
{Heap after GC invocations=12 (full 0):
 garbage-first heap   total 60416K, used 25502K [0x00000000c0000000, 0x0000000100000000)
  region size 1024K, 4 young (4096K), 4 survivors (4096K)
 Metaspace       used 37943K, committed 38400K, reserved 1114112K
  class space    used 4783K, committed 4992K, reserved 1048576K
}
Event: 1.643 GC heap before
{Heap before GC invocations=12 (full 0):
 garbage-first heap   total 60416K, used 42910K [0x00000000c0000000, 0x0000000100000000)
  region size 1024K, 22 young (22528K), 4 survivors (4096K)
 Metaspace       used 38214K, committed 38656K, reserved 1114112K
  class space    used 4826K, committed 5056K, reserved 1048576K
}
Event: 1.647 GC heap after
{Heap after GC invocations=13 (full 0):
 garbage-first heap   total 97280K, used 29853K [0x00000000c0000000, 0x0000000100000000)
  region size 1024K, 3 young (3072K), 3 survivors (3072K)
 Metaspace       used 38214K, committed 38656K, reserved 1114112K
  class space    used 4826K, committed 5056K, reserved 1048576K
}
Event: 1.692 GC heap before
{Heap before GC invocations=13 (full 0):
 garbage-first heap   total 97280K, used 66717K [0x00000000c0000000, 0x0000000100000000)
  region size 1024K, 40 young (40960K), 3 survivors (3072K)
 Metaspace       used 38904K, committed 39296K, reserved 1114112K
  class space    used 4868K, committed 5056K, reserved 1048576K
}
Event: 1.697 GC heap after
{Heap after GC invocations=14 (full 0):
 garbage-first heap   total 97280K, used 36035K [0x00000000c0000000, 0x0000000100000000)
  region size 1024K, 5 young (5120K), 5 survivors (5120K)
 Metaspace       used 38904K, committed 39296K, reserved 1114112K
  class space    used 4868K, committed 5056K, reserved 1048576K
}
Event: 1.723 GC heap before
{Heap before GC invocations=14 (full 0):
 garbage-first heap   total 97280K, used 68803K [0x00000000c0000000, 0x0000000100000000)
  region size 1024K, 37 young (37888K), 5 survivors (5120K)
 Metaspace       used 39323K, committed 39744K, reserved 1114112K
  class space    used 4919K, committed 5120K, reserved 1048576K
}
Event: 1.731 GC heap after
{Heap after GC invocations=15 (full 0):
 garbage-first heap   total 97280K, used 44548K [0x00000000c0000000, 0x0000000100000000)
  region size 1024K, 5 young (5120K), 5 survivors (5120K)
 Metaspace       used 39323K, committed 39744K, reserved 1114112K
  class space    used 4919K, committed 5120K, reserved 1048576K
}
Event: 1.765 GC heap before
{Heap before GC invocations=15 (full 0):
 garbage-first heap   total 97280K, used 69124K [0x00000000c0000000, 0x0000000100000000)
  region size 1024K, 30 young (30720K), 5 survivors (5120K)
 Metaspace       used 40079K, committed 40512K, reserved 1114112K
  class space    used 4959K, committed 5184K, reserved 1048576K
}
Event: 1.770 GC heap after
{Heap after GC invocations=16 (full 0):
 garbage-first heap   total 97280K, used 49626K [0x00000000c0000000, 0x0000000100000000)
  region size 1024K, 4 young (4096K), 4 survivors (4096K)
 Metaspace       used 40079K, committed 40512K, reserved 1114112K
  class space    used 4959K, committed 5184K, reserved 1048576K
}
Event: 1.814 GC heap before
{Heap before GC invocations=16 (full 0):
 garbage-first heap   total 97280K, used 64986K [0x00000000c0000000, 0x0000000100000000)
  region size 1024K, 21 young (21504K), 4 survivors (4096K)
 Metaspace       used 40838K, committed 41216K, reserved 1114112K
  class space    used 5015K, committed 5184K, reserved 1048576K
}
Event: 1.819 GC heap after
{Heap after GC invocations=17 (full 0):
 garbage-first heap   total 209920K, used 53563K [0x00000000c0000000, 0x0000000100000000)
  region size 1024K, 4 young (4096K), 4 survivors (4096K)
 Metaspace       used 40838K, committed 41216K, reserved 1114112K
  class space    used 5015K, committed 5184K, reserved 1048576K
}
Event: 1.891 GC heap before
{Heap before GC invocations=17 (full 0):
 garbage-first heap   total 209920K, used 151867K [0x00000000c0000000, 0x0000000100000000)
  region size 1024K, 99 young (101376K), 4 survivors (4096K)
 Metaspace       used 41435K, committed 41856K, reserved 1114112K
  class space    used 5093K, committed 5248K, reserved 1048576K
}
Event: 1.915 GC heap after
{Heap after GC invocations=18 (full 0):
 garbage-first heap   total 209920K, used 70725K [0x00000000c0000000, 0x0000000100000000)
  region size 1024K, 13 young (13312K), 13 survivors (13312K)
 Metaspace       used 41435K, committed 41856K, reserved 1114112K
  class space    used 5093K, committed 5248K, reserved 1048576K
}
Event: 1.931 GC heap before
{Heap before GC invocations=18 (full 0):
 garbage-first heap   total 209920K, used 146501K [0x00000000c0000000, 0x0000000100000000)
  region size 1024K, 88 young (90112K), 13 survivors (13312K)
 Metaspace       used 41446K, committed 41856K, reserved 1114112K
  class space    used 5093K, committed 5248K, reserved 1048576K
}
Event: 1.939 GC heap after
{Heap after GC invocations=19 (full 0):
 garbage-first heap   total 209920K, used 75068K [0x00000000c0000000, 0x0000000100000000)
  region size 1024K, 5 young (5120K), 5 survivors (5120K)
 Metaspace       used 41446K, committed 41856K, reserved 1114112K
  class space    used 5093K, committed 5248K, reserved 1048576K
}
Event: 1.955 GC heap before
{Heap before GC invocations=19 (full 0):
 garbage-first heap   total 209920K, used 151868K [0x00000000c0000000, 0x0000000100000000)
  region size 1024K, 81 young (82944K), 5 survivors (5120K)
 Metaspace       used 41453K, committed 41856K, reserved 1114112K
  class space    used 5095K, committed 5248K, reserved 1048576K
}
Event: 1.958 GC heap after
{Heap after GC invocations=20 (full 0):
 garbage-first heap   total 209920K, used 77203K [0x00000000c0000000, 0x0000000100000000)
  region size 1024K, 7 young (7168K), 7 survivors (7168K)
 Metaspace       used 41453K, committed 41856K, reserved 1114112K
  class space    used 5095K, committed 5248K, reserved 1048576K
}
Event: 1.976 GC heap before
{Heap before GC invocations=20 (full 0):
 garbage-first heap   total 209920K, used 158099K [0x00000000c0000000, 0x0000000100000000)
  region size 1024K, 87 young (89088K), 7 survivors (7168K)
 Metaspace       used 41525K, committed 41920K, reserved 1114112K
  class space    used 5104K, committed 5248K, reserved 1048576K
}

