# JRE version: OpenJDK Runtime Environment Temurin-17.0.7+7 (17.0.7+7) (build 17.0.7+7)
# Java VM: OpenJDK 64-Bit Server VM Temurin-17.0.7+7 (17.0.7+7, mixed mode, emulated-client, tiered, compressed oops, compressed class ptrs, g1 gc, windows-amd64)
GC Precious Log:
 CPUs: 12 total, 12 available
 Memory: 7930M
 Large Page Support: Disabled
 NUMA Support: Disabled
 Compressed Oops: Enabled (32-bit)
 Heap Region Size: 1M
 Heap Min Capacity: 8M
 Heap Initial Capacity: 124M
 Heap Max Capacity: 1G
 Pre-touch: Disabled
 Parallel Workers: 10
 Concurrent Workers: 3
 Concurrent Refinement Workers: 10
 Periodic GC: Disabled
Heap:
 garbage-first heap   total 128000K, used 71971K [0x00000000c0000000, 0x0000000100000000)
  region size 1024K, 2 young (2048K), 2 survivors (2048K)
 Metaspace       used 41352K, committed 41728K, reserved 1114112K
  class space    used 5075K, committed 5248K, reserved 1048576K
GC Heap History (20 events):
Event: 1.000 GC heap after
{Heap after GC invocations=7 (full 0):
 garbage-first heap   total 45056K, used 13783K [0x00000000c0000000, 0x0000000100000000)
  region size 1024K, 2 young (2048K), 2 survivors (2048K)
 Metaspace       used 28051K, committed 28352K, reserved 1114112K
  class space    used 3327K, committed 3456K, reserved 1048576K
}
Event: 1.150 GC heap before
{Heap before GC invocations=7 (full 0):
 garbage-first heap   total 45056K, used 31191K [0x00000000c0000000, 0x0000000100000000)
  region size 1024K, 19 young (19456K), 2 survivors (2048K)
 Metaspace       used 30456K, committed 30848K, reserved 1114112K
  class space    used 3673K, committed 3840K, reserved 1048576K
}
Event: 1.154 GC heap after
{Heap after GC invocations=8 (full 0):
 garbage-first heap   total 45056K, used 16650K [0x00000000c0000000, 0x0000000100000000)
  region size 1024K, 3 young (3072K), 3 survivors (3072K)
 Metaspace       used 30456K, committed 30848K, reserved 1114112K
  class space    used 3673K, committed 3840K, reserved 1048576K
}
Event: 1.298 GC heap before
{Heap before GC invocations=8 (full 0):
 garbage-first heap   total 45056K, used 32010K [0x00000000c0000000, 0x0000000100000000)
  region size 1024K, 18 young (18432K), 3 survivors (3072K)
 Metaspace       used 33134K, committed 33408K, reserved 1114112K
  class space    used 4018K, committed 4160K, reserved 1048576K
}
Event: 1.303 GC heap after
{Heap after GC invocations=9 (full 0):
 garbage-first heap   total 91136K, used 18531K [0x00000000c0000000, 0x0000000100000000)
  region size 1024K, 2 young (2048K), 2 survivors (2048K)
 Metaspace       used 33134K, committed 33408K, reserved 1114112K
  class space    used 4018K, committed 4160K, reserved 1048576K
}
Event: 1.471 GC heap before
{Heap before GC invocations=9 (full 0):
 garbage-first heap   total 91136K, used 33891K [0x00000000c0000000, 0x0000000100000000)
  region size 1024K, 18 young (18432K), 2 survivors (2048K)
 Metaspace       used 35664K, committed 35968K, reserved 1114112K
  class space    used 4413K, committed 4544K, reserved 1048576K
}
Event: 1.473 GC heap after
{Heap after GC invocations=10 (full 0):
 garbage-first heap   total 91136K, used 19733K [0x00000000c0000000, 0x0000000100000000)
  region size 1024K, 3 young (3072K), 3 survivors (3072K)
 Metaspace       used 35664K, committed 35968K, reserved 1114112K
  class space    used 4413K, committed 4544K, reserved 1048576K
}
Event: 1.577 GC heap before
{Heap before GC invocations=11 (full 0):
 garbage-first heap   total 71680K, used 57621K [0x00000000c0000000, 0x0000000100000000)
  region size 1024K, 41 young (41984K), 3 survivors (3072K)
 Metaspace       used 37884K, committed 38272K, reserved 1114112K
  class space    used 4771K, committed 4992K, reserved 1048576K
}
Event: 1.583 GC heap after
{Heap after GC invocations=12 (full 0):
 garbage-first heap   total 71680K, used 25258K [0x00000000c0000000, 0x0000000100000000)
  region size 1024K, 6 young (6144K), 6 survivors (6144K)
 Metaspace       used 37884K, committed 38272K, reserved 1114112K
  class space    used 4771K, committed 4992K, reserved 1048576K
}
Event: 1.613 GC heap before
{Heap before GC invocations=12 (full 0):
 garbage-first heap   total 71680K, used 48810K [0x00000000c0000000, 0x0000000100000000)
  region size 1024K, 30 young (30720K), 6 survivors (6144K)
 Metaspace       used 38029K, committed 38464K, reserved 1114112K
  class space    used 4794K, committed 4992K, reserved 1048576K
}
Event: 1.620 GC heap after
{Heap after GC invocations=13 (full 0):
 garbage-first heap   total 71680K, used 30439K [0x00000000c0000000, 0x0000000100000000)
  region size 1024K, 4 young (4096K), 4 survivors (4096K)
 Metaspace       used 38029K, committed 38464K, reserved 1114112K
  class space    used 4794K, committed 4992K, reserved 1048576K
}
Event: 1.644 GC heap before
{Heap before GC invocations=13 (full 0):
 garbage-first heap   total 71680K, used 50919K [0x00000000c0000000, 0x0000000100000000)
  region size 1024K, 24 young (24576K), 4 survivors (4096K)
 Metaspace       used 38436K, committed 38912K, reserved 1114112K
  class space    used 4834K, committed 5056K, reserved 1048576K
}
Event: 1.648 GC heap after
{Heap after GC invocations=14 (full 0):
 garbage-first heap   total 128000K, used 34230K [0x00000000c0000000, 0x0000000100000000)
  region size 1024K, 3 young (3072K), 3 survivors (3072K)
 Metaspace       used 38436K, committed 38912K, reserved 1114112K
  class space    used 4834K, committed 5056K, reserved 1048576K
}
Event: 1.701 GC heap before
{Heap before GC invocations=14 (full 0):
 garbage-first heap   total 128000K, used 85430K [0x00000000c0000000, 0x0000000100000000)
  region size 1024K, 54 young (55296K), 3 survivors (3072K)
 Metaspace       used 39266K, committed 39680K, reserved 1114112K
  class space    used 4907K, committed 5120K, reserved 1048576K
}
Event: 1.710 GC heap after
{Heap after GC invocations=15 (full 0):
 garbage-first heap   total 128000K, used 45573K [0x00000000c0000000, 0x0000000100000000)
  region size 1024K, 7 young (7168K), 7 survivors (7168K)
 Metaspace       used 39266K, committed 39680K, reserved 1114112K
  class space    used 4907K, committed 5120K, reserved 1048576K
}
Event: 1.793 GC heap before
{Heap before GC invocations=15 (full 0):
 garbage-first heap   total 128000K, used 88581K [0x00000000c0000000, 0x0000000100000000)
  region size 1024K, 49 young (50176K), 7 survivors (7168K)
 Metaspace       used 40783K, committed 41216K, reserved 1114112K
  class space    used 5004K, committed 5184K, reserved 1048576K
}
Event: 1.803 GC heap after
{Heap after GC invocations=16 (full 0):
 garbage-first heap   total 128000K, used 54560K [0x00000000c0000000, 0x0000000100000000)
  region size 1024K, 7 young (7168K), 7 survivors (7168K)
 Metaspace       used 40783K, committed 41216K, reserved 1114112K
  class space    used 5004K, committed 5184K, reserved 1048576K
}
Event: 1.852 GC heap before
{Heap before GC invocations=16 (full 0):
 garbage-first heap   total 128000K, used 92448K [0x00000000c0000000, 0x0000000100000000)
  region size 1024K, 44 young (45056K), 7 survivors (7168K)
 Metaspace       used 41344K, committed 41728K, reserved 1114112K
  class space    used 5073K, committed 5248K, reserved 1048576K
}
Event: 1.876 GC heap after
{Heap after GC invocations=17 (full 0):
 garbage-first heap   total 128000K, used 68931K [0x00000000c0000000, 0x0000000100000000)
  region size 1024K, 6 young (6144K), 6 survivors (6144K)
 Metaspace       used 41344K, committed 41728K, reserved 1114112K
  class space    used 5073K, committed 5248K, reserved 1048576K
}
Event: 1.883 GC heap before
{Heap before GC invocations=17 (full 0):
 garbage-first heap   total 128000K, used 93507K [0x00000000c0000000, 0x0000000100000000)
  region size 1024K, 31 young (31744K), 6 survivors (6144K)
 Metaspace       used 41352K, committed 41728K, reserved 1114112K
  class space    used 5075K, committed 5248K, reserved 1048576K
}

