# JRE version: OpenJDK Runtime Environment Temurin-17.0.7+7 (17.0.7+7) (build 17.0.7+7)
# Java VM: OpenJDK 64-Bit Server VM Temurin-17.0.7+7 (17.0.7+7, mixed mode, emulated-client, tiered, compressed oops, compressed class ptrs, g1 gc, windows-amd64)
GC Precious Log:
 CPUs: 12 total, 12 available
 Memory: 7930M
 Large Page Support: Disabled
 NUMA Support: Disabled
 Compressed Oops: Enabled (32-bit)
 Heap Region Size: 1M
 Heap Min Capacity: 8M
 Heap Initial Capacity: 124M
 Heap Max Capacity: 1G
 Pre-touch: Disabled
 Parallel Workers: 10
 Concurrent Workers: 3
 Concurrent Refinement Workers: 10
 Periodic GC: Disabled
Heap:
 garbage-first heap   total 126976K, used 62678K [0x00000000c0000000, 0x0000000100000000)
  region size 1024K, 4 young (4096K), 4 survivors (4096K)
 Metaspace       used 41110K, committed 41472K, reserved 1114112K
  class space    used 5041K, committed 5184K, reserved 1048576K
GC Heap History (20 events):
Event: 1.177 GC heap after
{Heap after GC invocations=7 (full 0):
 garbage-first heap   total 45056K, used 15830K [0x00000000c0000000, 0x0000000100000000)
  region size 1024K, 3 young (3072K), 3 survivors (3072K)
 Metaspace       used 30456K, committed 30848K, reserved 1114112K
  class space    used 3674K, committed 3840K, reserved 1048576K
}
Event: 1.309 GC heap before
{Heap before GC invocations=7 (full 0):
 garbage-first heap   total 45056K, used 31190K [0x00000000c0000000, 0x0000000100000000)
  region size 1024K, 18 young (18432K), 3 survivors (3072K)
 Metaspace       used 32770K, committed 33024K, reserved 1114112K
  class space    used 3975K, committed 4096K, reserved 1048576K
}
Event: 1.313 GC heap after
{Heap after GC invocations=8 (full 0):
 garbage-first heap   total 54272K, used 17182K [0x00000000c0000000, 0x0000000100000000)
  region size 1024K, 2 young (2048K), 2 survivors (2048K)
 Metaspace       used 32770K, committed 33024K, reserved 1114112K
  class space    used 3975K, committed 4096K, reserved 1048576K
}
Event: 1.501 GC heap before
{Heap before GC invocations=8 (full 0):
 garbage-first heap   total 54272K, used 33566K [0x00000000c0000000, 0x0000000100000000)
  region size 1024K, 19 young (19456K), 2 survivors (2048K)
 Metaspace       used 35665K, committed 35968K, reserved 1114112K
  class space    used 4413K, committed 4544K, reserved 1048576K
}
Event: 1.503 GC heap after
{Heap after GC invocations=9 (full 0):
 garbage-first heap   total 54272K, used 18432K [0x00000000c0000000, 0x0000000100000000)
  region size 1024K, 3 young (3072K), 3 survivors (3072K)
 Metaspace       used 35665K, committed 35968K, reserved 1114112K
  class space    used 4413K, committed 4544K, reserved 1048576K
}
Event: 1.590 GC heap before
{Heap before GC invocations=10 (full 0):
 garbage-first heap   total 54272K, used 39936K [0x00000000c0000000, 0x0000000100000000)
  region size 1024K, 24 young (24576K), 3 survivors (3072K)
 Metaspace       used 37882K, committed 38272K, reserved 1114112K
  class space    used 4770K, committed 4992K, reserved 1048576K
}
Event: 1.593 GC heap after
{Heap after GC invocations=11 (full 0):
 garbage-first heap   total 54272K, used 20731K [0x00000000c0000000, 0x0000000100000000)
  region size 1024K, 3 young (3072K), 3 survivors (3072K)
 Metaspace       used 37882K, committed 38272K, reserved 1114112K
  class space    used 4770K, committed 4992K, reserved 1048576K
}
Event: 1.612 GC heap before
{Heap before GC invocations=11 (full 0):
 garbage-first heap   total 54272K, used 38138K [0x00000000c0000000, 0x0000000100000000)
  region size 1024K, 21 young (21504K), 3 survivors (3072K)
 Metaspace       used 37883K, committed 38272K, reserved 1114112K
  class space    used 4770K, committed 4992K, reserved 1048576K
}
Event: 1.617 GC heap after
{Heap after GC invocations=12 (full 0):
 garbage-first heap   total 54272K, used 24154K [0x00000000c0000000, 0x0000000100000000)
  region size 1024K, 3 young (3072K), 3 survivors (3072K)
 Metaspace       used 37883K, committed 38272K, reserved 1114112K
  class space    used 4770K, committed 4992K, reserved 1048576K
}
Event: 1.631 GC heap before
{Heap before GC invocations=12 (full 0):
 garbage-first heap   total 54272K, used 38490K [0x00000000c0000000, 0x0000000100000000)
  region size 1024K, 18 young (18432K), 3 survivors (3072K)
 Metaspace       used 37883K, committed 38272K, reserved 1114112K
  class space    used 4770K, committed 4992K, reserved 1048576K
}
Event: 1.634 GC heap after
{Heap after GC invocations=13 (full 0):
 garbage-first heap   total 54272K, used 27665K [0x00000000c0000000, 0x0000000100000000)
  region size 1024K, 3 young (3072K), 3 survivors (3072K)
 Metaspace       used 37883K, committed 38272K, reserved 1114112K
  class space    used 4770K, committed 4992K, reserved 1048576K
}
Event: 1.658 GC heap before
{Heap before GC invocations=13 (full 0):
 garbage-first heap   total 54272K, used 38929K [0x00000000c0000000, 0x0000000100000000)
  region size 1024K, 15 young (15360K), 3 survivors (3072K)
 Metaspace       used 38058K, committed 38464K, reserved 1114112K
  class space    used 4799K, committed 4992K, reserved 1048576K
}
Event: 1.661 GC heap after
{Heap after GC invocations=14 (full 0):
 garbage-first heap   total 108544K, used 30663K [0x00000000c0000000, 0x0000000100000000)
  region size 1024K, 2 young (2048K), 2 survivors (2048K)
 Metaspace       used 38058K, committed 38464K, reserved 1114112K
  class space    used 4799K, committed 4992K, reserved 1048576K
}
Event: 1.728 GC heap before
{Heap before GC invocations=15 (full 0):
 garbage-first heap   total 108544K, used 74695K [0x00000000c0000000, 0x0000000100000000)
  region size 1024K, 46 young (47104K), 2 survivors (2048K)
 Metaspace       used 38778K, committed 39232K, reserved 1114112K
  class space    used 4853K, committed 5056K, reserved 1048576K
}
Event: 1.736 GC heap after
{Heap after GC invocations=16 (full 0):
 garbage-first heap   total 108544K, used 40511K [0x00000000c0000000, 0x0000000100000000)
  region size 1024K, 6 young (6144K), 6 survivors (6144K)
 Metaspace       used 38778K, committed 39232K, reserved 1114112K
  class space    used 4853K, committed 5056K, reserved 1048576K
}
Event: 1.769 GC heap before
{Heap before GC invocations=16 (full 0):
 garbage-first heap   total 108544K, used 74303K [0x00000000c0000000, 0x0000000100000000)
  region size 1024K, 40 young (40960K), 6 survivors (6144K)
 Metaspace       used 39379K, committed 39808K, reserved 1114112K
  class space    used 4915K, committed 5120K, reserved 1048576K
}
Event: 1.777 GC heap after
{Heap after GC invocations=17 (full 0):
 garbage-first heap   total 108544K, used 47070K [0x00000000c0000000, 0x0000000100000000)
  region size 1024K, 5 young (5120K), 5 survivors (5120K)
 Metaspace       used 39379K, committed 39808K, reserved 1114112K
  class space    used 4915K, committed 5120K, reserved 1048576K
}
Event: 1.853 GC heap before
{Heap before GC invocations=17 (full 0):
 garbage-first heap   total 108544K, used 78814K [0x00000000c0000000, 0x0000000100000000)
  region size 1024K, 36 young (36864K), 5 survivors (5120K)
 Metaspace       used 40739K, committed 41088K, reserved 1114112K
  class space    used 5000K, committed 5184K, reserved 1048576K
}
Event: 1.859 GC heap after
{Heap after GC invocations=18 (full 0):
 garbage-first heap   total 108544K, used 54875K [0x00000000c0000000, 0x0000000100000000)
  region size 1024K, 5 young (5120K), 5 survivors (5120K)
 Metaspace       used 40739K, committed 41088K, reserved 1114112K
  class space    used 5000K, committed 5184K, reserved 1048576K
}
Event: 1.883 GC heap before
{Heap before GC invocations=18 (full 0):
 garbage-first heap   total 108544K, used 71259K [0x00000000c0000000, 0x0000000100000000)
  region size 1024K, 22 young (22528K), 5 survivors (5120K)
 Metaspace       used 41110K, committed 41472K, reserved 1114112K
  class space    used 5041K, committed 5184K, reserved 1048576K
}

