# JRE version: OpenJDK Runtime Environment Temurin-17.0.7+7 (17.0.7+7) (build 17.0.7+7)
# Java VM: OpenJDK 64-Bit Server VM Temurin-17.0.7+7 (17.0.7+7, mixed mode, emulated-client, tiered, compressed oops, compressed class ptrs, g1 gc, windows-amd64)
GC Precious Log:
 CPUs: 12 total, 12 available
 Memory: 7930M
 Large Page Support: Disabled
 NUMA Support: Disabled
 Compressed Oops: Enabled (32-bit)
 Heap Region Size: 1M
 Heap Min Capacity: 8M
 Heap Initial Capacity: 124M
 Heap Max Capacity: 1G
 Pre-touch: Disabled
 Parallel Workers: 10
 Concurrent Workers: 3
 Concurrent Refinement Workers: 10
 Periodic GC: Disabled
Heap:
 garbage-first heap   total 534528K, used 133343K [0x00000000c0000000, 0x0000000100000000)
  region size 1024K, 25 young (25600K), 25 survivors (25600K)
 Metaspace       used 41874K, committed 42368K, reserved 1114112K
  class space    used 5177K, committed 5440K, reserved 1048576K
GC Heap History (20 events):
Event: 1.691 GC heap after
{Heap after GC invocations=15 (full 0):
 garbage-first heap   total 70656K, used 37947K [0x00000000c0000000, 0x0000000100000000)
  region size 1024K, 3 young (3072K), 3 survivors (3072K)
 Metaspace       used 39110K, committed 39552K, reserved 1114112K
  class space    used 4895K, committed 5120K, reserved 1048576K
}
Event: 1.710 GC heap before
{Heap before GC invocations=15 (full 0):
 garbage-first heap   total 92160K, used 53307K [0x00000000c0000000, 0x0000000100000000)
  region size 1024K, 19 young (19456K), 3 survivors (3072K)
 Metaspace       used 39329K, committed 39744K, reserved 1114112K
  class space    used 4919K, committed 5120K, reserved 1048576K
}
Event: 1.715 GC heap after
{Heap after GC invocations=16 (full 0):
 garbage-first heap   total 190464K, used 44000K [0x00000000c0000000, 0x0000000100000000)
  region size 1024K, 3 young (3072K), 3 survivors (3072K)
 Metaspace       used 39329K, committed 39744K, reserved 1114112K
  class space    used 4919K, committed 5120K, reserved 1048576K
}
Event: 1.859 GC heap before
{Heap before GC invocations=17 (full 0):
 garbage-first heap   total 190464K, used 134112K [0x00000000c0000000, 0x0000000100000000)
  region size 1024K, 90 young (92160K), 3 survivors (3072K)
 Metaspace       used 41454K, committed 41920K, reserved 1114112K
  class space    used 5100K, committed 5312K, reserved 1048576K
}
Event: 1.887 GC heap after
{Heap after GC invocations=18 (full 0):
 garbage-first heap   total 190464K, used 71506K [0x00000000c0000000, 0x0000000100000000)
  region size 1024K, 12 young (12288K), 12 survivors (12288K)
 Metaspace       used 41454K, committed 41920K, reserved 1114112K
  class space    used 5100K, committed 5312K, reserved 1048576K
}
Event: 1.889 GC heap before
{Heap before GC invocations=18 (full 0):
 garbage-first heap   total 190464K, used 72530K [0x00000000c0000000, 0x0000000100000000)
  region size 1024K, 13 young (13312K), 12 survivors (12288K)
 Metaspace       used 41454K, committed 41920K, reserved 1114112K
  class space    used 5100K, committed 5312K, reserved 1048576K
}
Event: 1.895 GC heap after
{Heap after GC invocations=19 (full 0):
 garbage-first heap   total 190464K, used 74135K [0x00000000c0000000, 0x0000000100000000)
  region size 1024K, 2 young (2048K), 2 survivors (2048K)
 Metaspace       used 41454K, committed 41920K, reserved 1114112K
  class space    used 5100K, committed 5312K, reserved 1048576K
}
Event: 1.908 GC heap before
{Heap before GC invocations=19 (full 0):
 garbage-first heap   total 190464K, used 122263K [0x00000000c0000000, 0x0000000100000000)
  region size 1024K, 49 young (50176K), 2 survivors (2048K)
 Metaspace       used 41480K, committed 41920K, reserved 1114112K
  class space    used 5104K, committed 5312K, reserved 1048576K
}
Event: 1.910 GC heap after
{Heap after GC invocations=20 (full 0):
 garbage-first heap   total 190464K, used 77338K [0x00000000c0000000, 0x0000000100000000)
  region size 1024K, 4 young (4096K), 4 survivors (4096K)
 Metaspace       used 41480K, committed 41920K, reserved 1114112K
  class space    used 5104K, committed 5312K, reserved 1048576K
}
Event: 1.921 GC heap before
{Heap before GC invocations=20 (full 0):
 garbage-first heap   total 190464K, used 129562K [0x00000000c0000000, 0x0000000100000000)
  region size 1024K, 56 young (57344K), 4 survivors (4096K)
 Metaspace       used 41496K, committed 41920K, reserved 1114112K
  class space    used 5108K, committed 5312K, reserved 1048576K
}
Event: 1.924 GC heap after
{Heap after GC invocations=21 (full 0):
 garbage-first heap   total 190464K, used 79335K [0x00000000c0000000, 0x0000000100000000)
  region size 1024K, 6 young (6144K), 6 survivors (6144K)
 Metaspace       used 41496K, committed 41920K, reserved 1114112K
  class space    used 5108K, committed 5312K, reserved 1048576K
}
Event: 1.936 GC heap before
{Heap before GC invocations=21 (full 0):
 garbage-first heap   total 190464K, used 136679K [0x00000000c0000000, 0x0000000100000000)
  region size 1024K, 63 young (64512K), 6 survivors (6144K)
 Metaspace       used 41499K, committed 41920K, reserved 1114112K
  class space    used 5109K, committed 5312K, reserved 1048576K
}
Event: 1.941 GC heap after
{Heap after GC invocations=22 (full 0):
 garbage-first heap   total 534528K, used 81800K [0x00000000c0000000, 0x0000000100000000)
  region size 1024K, 5 young (5120K), 5 survivors (5120K)
 Metaspace       used 41499K, committed 41920K, reserved 1114112K
  class space    used 5109K, committed 5312K, reserved 1048576K
}
Event: 2.017 GC heap before
{Heap before GC invocations=22 (full 0):
 garbage-first heap   total 534528K, used 376712K [0x00000000c0000000, 0x0000000100000000)
  region size 1024K, 294 young (301056K), 5 survivors (5120K)
 Metaspace       used 41755K, committed 42240K, reserved 1114112K
  class space    used 5145K, committed 5376K, reserved 1048576K
}
Event: 2.024 GC heap after
{Heap after GC invocations=23 (full 0):
 garbage-first heap   total 534528K, used 93592K [0x00000000c0000000, 0x0000000100000000)
  region size 1024K, 17 young (17408K), 17 survivors (17408K)
 Metaspace       used 41755K, committed 42240K, reserved 1114112K
  class space    used 5145K, committed 5376K, reserved 1048576K
}
Event: 2.093 GC heap before
{Heap before GC invocations=23 (full 0):
 garbage-first heap   total 534528K, used 395672K [0x00000000c0000000, 0x0000000100000000)
  region size 1024K, 313 young (320512K), 17 survivors (17408K)
 Metaspace       used 41803K, committed 42240K, reserved 1114112K
  class space    used 5155K, committed 5376K, reserved 1048576K
}
Event: 2.107 GC heap after
{Heap after GC invocations=24 (full 0):
 garbage-first heap   total 534528K, used 108956K [0x00000000c0000000, 0x0000000100000000)
  region size 1024K, 32 young (32768K), 32 survivors (32768K)
 Metaspace       used 41803K, committed 42240K, reserved 1114112K
  class space    used 5155K, committed 5376K, reserved 1048576K
}
Event: 2.172 GC heap before
{Heap before GC invocations=24 (full 0):
 garbage-first heap   total 534528K, used 395676K [0x00000000c0000000, 0x0000000100000000)
  region size 1024K, 313 young (320512K), 32 survivors (32768K)
 Metaspace       used 41851K, committed 42304K, reserved 1114112K
  class space    used 5171K, committed 5376K, reserved 1048576K
}
Event: 2.190 GC heap after
{Heap after GC invocations=25 (full 0):
 garbage-first heap   total 534528K, used 120966K [0x00000000c0000000, 0x0000000100000000)
  region size 1024K, 28 young (28672K), 28 survivors (28672K)
 Metaspace       used 41851K, committed 42304K, reserved 1114112K
  class space    used 5171K, committed 5376K, reserved 1048576K
}
Event: 2.254 GC heap before
{Heap before GC invocations=25 (full 0):
 garbage-first heap   total 534528K, used 411782K [0x00000000c0000000, 0x0000000100000000)
  region size 1024K, 313 young (320512K), 28 survivors (28672K)
 Metaspace       used 41874K, committed 42368K, reserved 1114112K
  class space    used 5177K, committed 5440K, reserved 1048576K
}

