# JRE version: OpenJDK Runtime Environment Temurin-17.0.7+7 (17.0.7+7) (build 17.0.7+7)
# Java VM: OpenJDK 64-Bit Server VM Temurin-17.0.7+7 (17.0.7+7, mixed mode, emulated-client, tiered, compressed oops, compressed class ptrs, g1 gc, windows-amd64)
GC Precious Log:
 CPUs: 12 total, 12 available
 Memory: 7930M
 Large Page Support: Disabled
 NUMA Support: Disabled
 Compressed Oops: Enabled (32-bit)
 Heap Region Size: 1M
 Heap Min Capacity: 8M
 Heap Initial Capacity: 124M
 Heap Max Capacity: 1G
 Pre-touch: Disabled
 Parallel Workers: 10
 Concurrent Workers: 3
 Concurrent Refinement Workers: 10
 Periodic GC: Disabled
Heap:
 garbage-first heap   total 126976K, used 68951K [0x00000000c0000000, 0x0000000100000000)
  region size 1024K, 4 young (4096K), 4 survivors (4096K)
 Metaspace       used 41337K, committed 41728K, reserved 1114112K
  class space    used 5076K, committed 5248K, reserved 1048576K
GC Heap History (20 events):
Event: 1.393 GC heap after
{Heap after GC invocations=8 (full 0):
 garbage-first heap   total 60416K, used 17701K [0x00000000c0000000, 0x0000000100000000)
  region size 1024K, 2 young (2048K), 2 survivors (2048K)
 Metaspace       used 33917K, committed 34240K, reserved 1114112K
  class space    used 4147K, committed 4288K, reserved 1048576K
}
Event: 1.522 GC heap before
{Heap before GC invocations=8 (full 0):
 garbage-first heap   total 60416K, used 28965K [0x00000000c0000000, 0x0000000100000000)
  region size 1024K, 14 young (14336K), 2 survivors (2048K)
 Metaspace       used 35664K, committed 35968K, reserved 1114112K
  class space    used 4413K, committed 4544K, reserved 1048576K
}
Event: 1.524 GC heap after
{Heap after GC invocations=9 (full 0):
 garbage-first heap   total 60416K, used 18598K [0x00000000c0000000, 0x0000000100000000)
  region size 1024K, 3 young (3072K), 3 survivors (3072K)
 Metaspace       used 35664K, committed 35968K, reserved 1114112K
  class space    used 4413K, committed 4544K, reserved 1048576K
}
Event: 1.644 GC heap before
{Heap before GC invocations=10 (full 0):
 garbage-first heap   total 60416K, used 41126K [0x00000000c0000000, 0x0000000100000000)
  region size 1024K, 26 young (26624K), 3 survivors (3072K)
 Metaspace       used 37904K, committed 38400K, reserved 1114112K
  class space    used 4775K, committed 4992K, reserved 1048576K
}
Event: 1.648 GC heap after
{Heap after GC invocations=11 (full 0):
 garbage-first heap   total 60416K, used 21551K [0x00000000c0000000, 0x0000000100000000)
  region size 1024K, 4 young (4096K), 4 survivors (4096K)
 Metaspace       used 37904K, committed 38400K, reserved 1114112K
  class space    used 4775K, committed 4992K, reserved 1048576K
}
Event: 1.678 GC heap before
{Heap before GC invocations=11 (full 0):
 garbage-first heap   total 60416K, used 43055K [0x00000000c0000000, 0x0000000100000000)
  region size 1024K, 26 young (26624K), 4 survivors (4096K)
 Metaspace       used 37907K, committed 38400K, reserved 1114112K
  class space    used 4776K, committed 4992K, reserved 1048576K
}
Event: 1.684 GC heap after
{Heap after GC invocations=12 (full 0):
 garbage-first heap   total 60416K, used 26917K [0x00000000c0000000, 0x0000000100000000)
  region size 1024K, 4 young (4096K), 4 survivors (4096K)
 Metaspace       used 37907K, committed 38400K, reserved 1114112K
  class space    used 4776K, committed 4992K, reserved 1048576K
}
Event: 1.710 GC heap before
{Heap before GC invocations=12 (full 0):
 garbage-first heap   total 60416K, used 43301K [0x00000000c0000000, 0x0000000100000000)
  region size 1024K, 21 young (21504K), 4 survivors (4096K)
 Metaspace       used 38195K, committed 38656K, reserved 1114112K
  class space    used 4820K, committed 5056K, reserved 1048576K
}
Event: 1.714 GC heap after
{Heap after GC invocations=13 (full 0):
 garbage-first heap   total 60416K, used 30021K [0x00000000c0000000, 0x0000000100000000)
  region size 1024K, 3 young (3072K), 3 survivors (3072K)
 Metaspace       used 38195K, committed 38656K, reserved 1114112K
  class space    used 4820K, committed 5056K, reserved 1048576K
}
Event: 1.737 GC heap before
{Heap before GC invocations=13 (full 0):
 garbage-first heap   total 60416K, used 44357K [0x00000000c0000000, 0x0000000100000000)
  region size 1024K, 17 young (17408K), 3 survivors (3072K)
 Metaspace       used 38456K, committed 38912K, reserved 1114112K
  class space    used 4837K, committed 5056K, reserved 1048576K
}
Event: 1.742 GC heap after
{Heap after GC invocations=14 (full 0):
 garbage-first heap   total 118784K, used 32916K [0x00000000c0000000, 0x0000000100000000)
  region size 1024K, 3 young (3072K), 3 survivors (3072K)
 Metaspace       used 38456K, committed 38912K, reserved 1114112K
  class space    used 4837K, committed 5056K, reserved 1048576K
}
Event: 1.811 GC heap before
{Heap before GC invocations=15 (full 0):
 garbage-first heap   total 118784K, used 81044K [0x00000000c0000000, 0x0000000100000000)
  region size 1024K, 51 young (52224K), 3 survivors (3072K)
 Metaspace       used 39126K, committed 39552K, reserved 1114112K
  class space    used 4890K, committed 5120K, reserved 1048576K
}
Event: 1.822 GC heap after
{Heap after GC invocations=16 (full 0):
 garbage-first heap   total 118784K, used 43929K [0x00000000c0000000, 0x0000000100000000)
  region size 1024K, 7 young (7168K), 7 survivors (7168K)
 Metaspace       used 39126K, committed 39552K, reserved 1114112K
  class space    used 4890K, committed 5120K, reserved 1048576K
}
Event: 1.941 GC heap before
{Heap before GC invocations=16 (full 0):
 garbage-first heap   total 118784K, used 78745K [0x00000000c0000000, 0x0000000100000000)
  region size 1024K, 42 young (43008K), 7 survivors (7168K)
 Metaspace       used 40023K, committed 40448K, reserved 1114112K
  class space    used 4950K, committed 5120K, reserved 1048576K
}
Event: 1.950 GC heap after
{Heap after GC invocations=17 (full 0):
 garbage-first heap   total 118784K, used 50416K [0x00000000c0000000, 0x0000000100000000)
  region size 1024K, 6 young (6144K), 6 survivors (6144K)
 Metaspace       used 40023K, committed 40448K, reserved 1114112K
  class space    used 4950K, committed 5120K, reserved 1048576K
}
Event: 2.136 GC heap before
{Heap before GC invocations=17 (full 0):
 garbage-first heap   total 118784K, used 84208K [0x00000000c0000000, 0x0000000100000000)
  region size 1024K, 39 young (39936K), 6 survivors (6144K)
 Metaspace       used 41124K, committed 41472K, reserved 1114112K
  class space    used 5044K, committed 5184K, reserved 1048576K
}
Event: 2.152 GC heap after
{Heap after GC invocations=18 (full 0):
 garbage-first heap   total 118784K, used 62178K [0x00000000c0000000, 0x0000000100000000)
  region size 1024K, 5 young (5120K), 5 survivors (5120K)
 Metaspace       used 41124K, committed 41472K, reserved 1114112K
  class space    used 5044K, committed 5184K, reserved 1048576K
}
Event: 2.155 GC heap before
{Heap before GC invocations=18 (full 0):
 garbage-first heap   total 118784K, used 62178K [0x00000000c0000000, 0x0000000100000000)
  region size 1024K, 6 young (6144K), 5 survivors (5120K)
 Metaspace       used 41124K, committed 41472K, reserved 1114112K
  class space    used 5044K, committed 5184K, reserved 1048576K
}
Event: 2.162 GC heap after
{Heap after GC invocations=19 (full 0):
 garbage-first heap   total 118784K, used 63961K [0x00000000c0000000, 0x0000000100000000)
  region size 1024K, 1 young (1024K), 1 survivors (1024K)
 Metaspace       used 41124K, committed 41472K, reserved 1114112K
  class space    used 5044K, committed 5184K, reserved 1048576K
}
Event: 2.218 GC heap before
{Heap before GC invocations=19 (full 0):
 garbage-first heap   total 126976K, used 87513K [0x00000000c0000000, 0x0000000100000000)
  region size 1024K, 25 young (25600K), 1 survivors (1024K)
 Metaspace       used 41337K, committed 41728K, reserved 1114112K
  class space    used 5076K, committed 5248K, reserved 1048576K
}

