# JRE version: OpenJDK Runtime Environment Temurin-17.0.7+7 (17.0.7+7) (build 17.0.7+7)
# Java VM: OpenJDK 64-Bit Server VM Temurin-17.0.7+7 (17.0.7+7, mixed mode, emulated-client, tiered, compressed oops, compressed class ptrs, g1 gc, windows-amd64)
GC Precious Log:
 CPUs: 12 total, 12 available
 Memory: 7930M
 Large Page Support: Disabled
 NUMA Support: Disabled
 Compressed Oops: Enabled (32-bit)
 Heap Region Size: 1M
 Heap Min Capacity: 8M
 Heap Initial Capacity: 124M
 Heap Max Capacity: 1G
 Pre-touch: Disabled
 Parallel Workers: 10
 Concurrent Workers: 3
 Concurrent Refinement Workers: 10
 Periodic GC: Disabled
Heap:
 garbage-first heap   total 126976K, used 50852K [0x00000000c0000000, 0x0000000100000000)
  region size 1024K, 1 young (1024K), 1 survivors (1024K)
 Metaspace       used 39567K, committed 40000K, reserved 1114112K
  class space    used 4932K, committed 5120K, reserved 1048576K
GC Heap History (20 events):
Event: 1.302 GC heap after
{Heap after GC invocations=7 (full 0):
 garbage-first heap   total 45056K, used 16143K [0x00000000c0000000, 0x0000000100000000)
  region size 1024K, 3 young (3072K), 3 survivors (3072K)
 Metaspace       used 30451K, committed 30848K, reserved 1114112K
  class space    used 3668K, committed 3840K, reserved 1048576K
}
Event: 1.464 GC heap before
{Heap before GC invocations=7 (full 0):
 garbage-first heap   total 45056K, used 31503K [0x00000000c0000000, 0x0000000100000000)
  region size 1024K, 18 young (18432K), 3 survivors (3072K)
 Metaspace       used 32765K, committed 33024K, reserved 1114112K
  class space    used 3971K, committed 4096K, reserved 1048576K
}
Event: 1.469 GC heap after
{Heap after GC invocations=8 (full 0):
 garbage-first heap   total 55296K, used 17875K [0x00000000c0000000, 0x0000000100000000)
  region size 1024K, 2 young (2048K), 2 survivors (2048K)
 Metaspace       used 32765K, committed 33024K, reserved 1114112K
  class space    used 3971K, committed 4096K, reserved 1048576K
}
Event: 1.702 GC heap before
{Heap before GC invocations=8 (full 0):
 garbage-first heap   total 55296K, used 34259K [0x00000000c0000000, 0x0000000100000000)
  region size 1024K, 19 young (19456K), 2 survivors (2048K)
 Metaspace       used 35739K, committed 36096K, reserved 1114112K
  class space    used 4422K, committed 4608K, reserved 1048576K
}
Event: 1.706 GC heap after
{Heap after GC invocations=9 (full 0):
 garbage-first heap   total 55296K, used 19172K [0x00000000c0000000, 0x0000000100000000)
  region size 1024K, 3 young (3072K), 3 survivors (3072K)
 Metaspace       used 35739K, committed 36096K, reserved 1114112K
  class space    used 4422K, committed 4608K, reserved 1048576K
}
Event: 1.819 GC heap before
{Heap before GC invocations=10 (full 0):
 garbage-first heap   total 55296K, used 38628K [0x00000000c0000000, 0x0000000100000000)
  region size 1024K, 23 young (23552K), 3 survivors (3072K)
 Metaspace       used 37893K, committed 38336K, reserved 1114112K
  class space    used 4770K, committed 4992K, reserved 1048576K
}
Event: 1.822 GC heap after
{Heap after GC invocations=11 (full 0):
 garbage-first heap   total 55296K, used 21007K [0x00000000c0000000, 0x0000000100000000)
  region size 1024K, 3 young (3072K), 3 survivors (3072K)
 Metaspace       used 37893K, committed 38336K, reserved 1114112K
  class space    used 4770K, committed 4992K, reserved 1048576K
}
Event: 1.845 GC heap before
{Heap before GC invocations=11 (full 0):
 garbage-first heap   total 55296K, used 39439K [0x00000000c0000000, 0x0000000100000000)
  region size 1024K, 22 young (22528K), 3 survivors (3072K)
 Metaspace       used 37894K, committed 38336K, reserved 1114112K
  class space    used 4770K, committed 4992K, reserved 1048576K
}
Event: 1.849 GC heap after
{Heap after GC invocations=12 (full 0):
 garbage-first heap   total 55296K, used 24642K [0x00000000c0000000, 0x0000000100000000)
  region size 1024K, 3 young (3072K), 3 survivors (3072K)
 Metaspace       used 37894K, committed 38336K, reserved 1114112K
  class space    used 4770K, committed 4992K, reserved 1048576K
}
Event: 1.864 GC heap before
{Heap before GC invocations=12 (full 0):
 garbage-first heap   total 55296K, used 40002K [0x00000000c0000000, 0x0000000100000000)
  region size 1024K, 19 young (19456K), 3 survivors (3072K)
 Metaspace       used 37894K, committed 38336K, reserved 1114112K
  class space    used 4770K, committed 4992K, reserved 1048576K
}
Event: 1.868 GC heap after
{Heap after GC invocations=13 (full 0):
 garbage-first heap   total 86016K, used 28881K [0x00000000c0000000, 0x0000000100000000)
  region size 1024K, 3 young (3072K), 3 survivors (3072K)
 Metaspace       used 37894K, committed 38336K, reserved 1114112K
  class space    used 4770K, committed 4992K, reserved 1048576K
}
Event: 1.921 GC heap before
{Heap before GC invocations=13 (full 0):
 garbage-first heap   total 86016K, used 60625K [0x00000000c0000000, 0x0000000100000000)
  region size 1024K, 35 young (35840K), 3 survivors (3072K)
 Metaspace       used 38697K, committed 39168K, reserved 1114112K
  class space    used 4842K, committed 5056K, reserved 1048576K
}
Event: 1.928 GC heap after
{Heap after GC invocations=14 (full 0):
 garbage-first heap   total 86016K, used 34370K [0x00000000c0000000, 0x0000000100000000)
  region size 1024K, 5 young (5120K), 5 survivors (5120K)
 Metaspace       used 38697K, committed 39168K, reserved 1114112K
  class space    used 4842K, committed 5056K, reserved 1048576K
}
Event: 1.951 GC heap before
{Heap before GC invocations=14 (full 0):
 garbage-first heap   total 86016K, used 62018K [0x00000000c0000000, 0x0000000100000000)
  region size 1024K, 32 young (32768K), 5 survivors (5120K)
 Metaspace       used 38862K, committed 39296K, reserved 1114112K
  class space    used 4856K, committed 5056K, reserved 1048576K
}
Event: 1.959 GC heap after
{Heap after GC invocations=15 (full 0):
 garbage-first heap   total 86016K, used 42491K [0x00000000c0000000, 0x0000000100000000)
  region size 1024K, 4 young (4096K), 4 survivors (4096K)
 Metaspace       used 38862K, committed 39296K, reserved 1114112K
  class space    used 4856K, committed 5056K, reserved 1048576K
}
Event: 1.978 GC heap before
{Heap before GC invocations=15 (full 0):
 garbage-first heap   total 86016K, used 62971K [0x00000000c0000000, 0x0000000100000000)
  region size 1024K, 24 young (24576K), 4 survivors (4096K)
 Metaspace       used 39273K, committed 39680K, reserved 1114112K
  class space    used 4906K, committed 5120K, reserved 1048576K
}
Event: 1.983 GC heap after
{Heap after GC invocations=16 (full 0):
 garbage-first heap   total 86016K, used 46303K [0x00000000c0000000, 0x0000000100000000)
  region size 1024K, 3 young (3072K), 3 survivors (3072K)
 Metaspace       used 39273K, committed 39680K, reserved 1114112K
  class space    used 4906K, committed 5120K, reserved 1048576K
}
Event: 2.010 GC heap before
{Heap before GC invocations=17 (full 0):
 garbage-first heap   total 101376K, used 63711K [0x00000000c0000000, 0x0000000100000000)
  region size 1024K, 21 young (21504K), 3 survivors (3072K)
 Metaspace       used 39556K, committed 40000K, reserved 1114112K
  class space    used 4930K, committed 5120K, reserved 1048576K
}
Event: 2.014 GC heap after
{Heap after GC invocations=18 (full 0):
 garbage-first heap   total 101376K, used 49954K [0x00000000c0000000, 0x0000000100000000)
  region size 1024K, 3 young (3072K), 3 survivors (3072K)
 Metaspace       used 39556K, committed 40000K, reserved 1114112K
  class space    used 4930K, committed 5120K, reserved 1048576K
}
Event: 2.017 GC heap before
{Heap before GC invocations=18 (full 0):
 garbage-first heap   total 101376K, used 50978K [0x00000000c0000000, 0x0000000100000000)
  region size 1024K, 4 young (4096K), 3 survivors (3072K)
 Metaspace       used 39567K, committed 40000K, reserved 1114112K
  class space    used 4932K, committed 5120K, reserved 1048576K
}

