# JRE version: OpenJDK Runtime Environment Temurin-17.0.7+7 (17.0.7+7) (build 17.0.7+7)
# Java VM: OpenJDK 64-Bit Server VM Temurin-17.0.7+7 (17.0.7+7, mixed mode, emulated-client, tiered, compressed oops, compressed class ptrs, g1 gc, windows-amd64)
GC Precious Log:
 CPUs: 12 total, 12 available
 Memory: 7930M
 Large Page Support: Disabled
 NUMA Support: Disabled
 Compressed Oops: Enabled (32-bit)
 Heap Region Size: 1M
 Heap Min Capacity: 8M
 Heap Initial Capacity: 124M
 Heap Max Capacity: 1G
 Pre-touch: Disabled
 Parallel Workers: 10
 Concurrent Workers: 3
 Concurrent Refinement Workers: 10
 Periodic GC: Disabled
Heap:
 garbage-first heap   total 200704K, used 84167K [0x00000000c0000000, 0x0000000100000000)
  region size 1024K, 7 young (7168K), 7 survivors (7168K)
 Metaspace       used 41478K, committed 41856K, reserved 1114112K
  class space    used 5096K, committed 5248K, reserved 1048576K
GC Heap History (20 events):
Event: 1.684 GC heap after
{Heap after GC invocations=13 (full 0):
 garbage-first heap   total 50176K, used 23597K [0x00000000c0000000, 0x0000000100000000)
  region size 1024K, 3 young (3072K), 3 survivors (3072K)
 Metaspace       used 37898K, committed 38336K, reserved 1114112K
  class space    used 4773K, committed 4992K, reserved 1048576K
}
Event: 1.696 GC heap before
{Heap before GC invocations=13 (full 0):
 garbage-first heap   total 50176K, used 35885K [0x00000000c0000000, 0x0000000100000000)
  region size 1024K, 16 young (16384K), 3 survivors (3072K)
 Metaspace       used 37906K, committed 38400K, reserved 1114112K
  class space    used 4774K, committed 4992K, reserved 1048576K
}
Event: 1.700 GC heap after
{Heap after GC invocations=14 (full 0):
 garbage-first heap   total 50176K, used 26924K [0x00000000c0000000, 0x0000000100000000)
  region size 1024K, 2 young (2048K), 2 survivors (2048K)
 Metaspace       used 37906K, committed 38400K, reserved 1114112K
  class space    used 4774K, committed 4992K, reserved 1048576K
}
Event: 1.709 GC heap before
{Heap before GC invocations=14 (full 0):
 garbage-first heap   total 50176K, used 36140K [0x00000000c0000000, 0x0000000100000000)
  region size 1024K, 12 young (12288K), 2 survivors (2048K)
 Metaspace       used 37941K, committed 38400K, reserved 1114112K
  class space    used 4782K, committed 4992K, reserved 1048576K
}
Event: 1.712 GC heap after
{Heap after GC invocations=15 (full 0):
 garbage-first heap   total 100352K, used 29323K [0x00000000c0000000, 0x0000000100000000)
  region size 1024K, 2 young (2048K), 2 survivors (2048K)
 Metaspace       used 37941K, committed 38400K, reserved 1114112K
  class space    used 4782K, committed 4992K, reserved 1048576K
}
Event: 1.775 GC heap before
{Heap before GC invocations=16 (full 0):
 garbage-first heap   total 100352K, used 69259K [0x00000000c0000000, 0x0000000100000000)
  region size 1024K, 42 young (43008K), 2 survivors (2048K)
 Metaspace       used 38899K, committed 39296K, reserved 1114112K
  class space    used 4864K, committed 5056K, reserved 1048576K
}
Event: 1.781 GC heap after
{Heap after GC invocations=17 (full 0):
 garbage-first heap   total 100352K, used 35629K [0x00000000c0000000, 0x0000000100000000)
  region size 1024K, 6 young (6144K), 6 survivors (6144K)
 Metaspace       used 38899K, committed 39296K, reserved 1114112K
  class space    used 4864K, committed 5056K, reserved 1048576K
}
Event: 1.812 GC heap before
{Heap before GC invocations=17 (full 0):
 garbage-first heap   total 100352K, used 69421K [0x00000000c0000000, 0x0000000100000000)
  region size 1024K, 40 young (40960K), 6 survivors (6144K)
 Metaspace       used 39434K, committed 39872K, reserved 1114112K
  class space    used 4918K, committed 5120K, reserved 1048576K
}
Event: 1.821 GC heap after
{Heap after GC invocations=18 (full 0):
 garbage-first heap   total 100352K, used 44561K [0x00000000c0000000, 0x0000000100000000)
  region size 1024K, 5 young (5120K), 5 survivors (5120K)
 Metaspace       used 39434K, committed 39872K, reserved 1114112K
  class space    used 4918K, committed 5120K, reserved 1048576K
}
Event: 1.858 GC heap before
{Heap before GC invocations=18 (full 0):
 garbage-first heap   total 100352K, used 71185K [0x00000000c0000000, 0x0000000100000000)
  region size 1024K, 32 young (32768K), 5 survivors (5120K)
 Metaspace       used 40218K, committed 40704K, reserved 1114112K
  class space    used 4961K, committed 5184K, reserved 1048576K
}
Event: 1.864 GC heap after
{Heap after GC invocations=19 (full 0):
 garbage-first heap   total 100352K, used 50087K [0x00000000c0000000, 0x0000000100000000)
  region size 1024K, 4 young (4096K), 4 survivors (4096K)
 Metaspace       used 40218K, committed 40704K, reserved 1114112K
  class space    used 4961K, committed 5184K, reserved 1048576K
}
Event: 1.905 GC heap before
{Heap before GC invocations=19 (full 0):
 garbage-first heap   total 100352K, used 65447K [0x00000000c0000000, 0x0000000100000000)
  region size 1024K, 21 young (21504K), 4 survivors (4096K)
 Metaspace       used 40846K, committed 41216K, reserved 1114112K
  class space    used 5012K, committed 5184K, reserved 1048576K
}
Event: 1.909 GC heap after
{Heap after GC invocations=20 (full 0):
 garbage-first heap   total 200704K, used 53682K [0x00000000c0000000, 0x0000000100000000)
  region size 1024K, 4 young (4096K), 4 survivors (4096K)
 Metaspace       used 40846K, committed 41216K, reserved 1114112K
  class space    used 5012K, committed 5184K, reserved 1048576K
}
Event: 1.977 GC heap before
{Heap before GC invocations=20 (full 0):
 garbage-first heap   total 200704K, used 141746K [0x00000000c0000000, 0x0000000100000000)
  region size 1024K, 89 young (91136K), 4 survivors (4096K)
 Metaspace       used 41393K, committed 41792K, reserved 1114112K
  class space    used 5086K, committed 5248K, reserved 1048576K
}
Event: 1.999 GC heap after
{Heap after GC invocations=21 (full 0):
 garbage-first heap   total 200704K, used 71339K [0x00000000c0000000, 0x0000000100000000)
  region size 1024K, 12 young (12288K), 12 survivors (12288K)
 Metaspace       used 41393K, committed 41792K, reserved 1114112K
  class space    used 5086K, committed 5248K, reserved 1048576K
}
Event: 2.013 GC heap before
{Heap before GC invocations=21 (full 0):
 garbage-first heap   total 200704K, used 136875K [0x00000000c0000000, 0x0000000100000000)
  region size 1024K, 77 young (78848K), 12 survivors (12288K)
 Metaspace       used 41393K, committed 41792K, reserved 1114112K
  class space    used 5086K, committed 5248K, reserved 1048576K
}
Event: 2.021 GC heap after
{Heap after GC invocations=22 (full 0):
 garbage-first heap   total 200704K, used 76550K [0x00000000c0000000, 0x0000000100000000)
  region size 1024K, 5 young (5120K), 5 survivors (5120K)
 Metaspace       used 41393K, committed 41792K, reserved 1114112K
  class space    used 5086K, committed 5248K, reserved 1048576K
}
Event: 2.036 GC heap before
{Heap before GC invocations=22 (full 0):
 garbage-first heap   total 200704K, used 143110K [0x00000000c0000000, 0x0000000100000000)
  region size 1024K, 71 young (72704K), 5 survivors (5120K)
 Metaspace       used 41413K, committed 41792K, reserved 1114112K
  class space    used 5092K, committed 5248K, reserved 1048576K
}
Event: 2.039 GC heap after
{Heap after GC invocations=23 (full 0):
 garbage-first heap   total 200704K, used 80271K [0x00000000c0000000, 0x0000000100000000)
  region size 1024K, 9 young (9216K), 9 survivors (9216K)
 Metaspace       used 41413K, committed 41792K, reserved 1114112K
  class space    used 5092K, committed 5248K, reserved 1048576K
}
Event: 2.054 GC heap before
{Heap before GC invocations=23 (full 0):
 garbage-first heap   total 200704K, used 149903K [0x00000000c0000000, 0x0000000100000000)
  region size 1024K, 77 young (78848K), 9 survivors (9216K)
 Metaspace       used 41478K, committed 41856K, reserved 1114112K
  class space    used 5096K, committed 5248K, reserved 1048576K
}

