# JRE version: OpenJDK Runtime Environment Temurin-17.0.7+7 (17.0.7+7) (build 17.0.7+7)
# Java VM: OpenJDK 64-Bit Server VM Temurin-17.0.7+7 (17.0.7+7, mixed mode, emulated-client, tiered, compressed oops, compressed class ptrs, g1 gc, windows-amd64)
GC Precious Log:
 CPUs: 12 total, 12 available
 Memory: 7930M
 Large Page Support: Disabled
 NUMA Support: Disabled
 Compressed Oops: Enabled (32-bit)
 Heap Region Size: 1M
 Heap Min Capacity: 8M
 Heap Initial Capacity: 124M
 Heap Max Capacity: 1G
 Pre-touch: Disabled
 Parallel Workers: 10
 Concurrent Workers: 3
 Concurrent Refinement Workers: 10
 Periodic GC: Disabled
Heap:
 garbage-first heap   total 110592K, used 52822K [0x00000000c0000000, 0x0000000100000000)
  region size 1024K, 4 young (4096K), 4 survivors (4096K)
 Metaspace       used 40503K, committed 40896K, reserved 1114112K
  class space    used 4980K, committed 5184K, reserved 1048576K
GC Heap History (20 events):
Event: 1.024 GC heap after
{Heap after GC invocations=6 (full 0):
 garbage-first heap   total 48128K, used 14122K [0x00000000c0000000, 0x0000000100000000)
  region size 1024K, 3 young (3072K), 3 survivors (3072K)
 Metaspace       used 28292K, committed 28608K, reserved 1114112K
  class space    used 3364K, committed 3520K, reserved 1048576K
}
Event: 1.185 GC heap before
{Heap before GC invocations=6 (full 0):
 garbage-first heap   total 48128K, used 31530K [0x00000000c0000000, 0x0000000100000000)
  region size 1024K, 21 young (21504K), 3 survivors (3072K)
 Metaspace       used 30901K, committed 31232K, reserved 1114112K
  class space    used 3725K, committed 3840K, reserved 1048576K
}
Event: 1.189 GC heap after
{Heap after GC invocations=7 (full 0):
 garbage-first heap   total 58368K, used 15903K [0x00000000c0000000, 0x0000000100000000)
  region size 1024K, 3 young (3072K), 3 survivors (3072K)
 Metaspace       used 30901K, committed 31232K, reserved 1114112K
  class space    used 3725K, committed 3840K, reserved 1048576K
}
Event: 1.418 GC heap before
{Heap before GC invocations=7 (full 0):
 garbage-first heap   total 58368K, used 38431K [0x00000000c0000000, 0x0000000100000000)
  region size 1024K, 26 young (26624K), 3 survivors (3072K)
 Metaspace       used 34982K, committed 35392K, reserved 1114112K
  class space    used 4311K, committed 4480K, reserved 1048576K
}
Event: 1.420 GC heap after
{Heap after GC invocations=8 (full 0):
 garbage-first heap   total 58368K, used 18227K [0x00000000c0000000, 0x0000000100000000)
  region size 1024K, 4 young (4096K), 4 survivors (4096K)
 Metaspace       used 34982K, committed 35392K, reserved 1114112K
  class space    used 4311K, committed 4480K, reserved 1048576K
}
Event: 1.468 GC heap before
{Heap before GC invocations=8 (full 0):
 garbage-first heap   total 58368K, used 21299K [0x00000000c0000000, 0x0000000100000000)
  region size 1024K, 9 young (9216K), 4 survivors (4096K)
 Metaspace       used 35661K, committed 35968K, reserved 1114112K
  class space    used 4409K, committed 4544K, reserved 1048576K
}
Event: 1.470 GC heap after
{Heap after GC invocations=9 (full 0):
 garbage-first heap   total 58368K, used 18632K [0x00000000c0000000, 0x0000000100000000)
  region size 1024K, 3 young (3072K), 3 survivors (3072K)
 Metaspace       used 35661K, committed 35968K, reserved 1114112K
  class space    used 4409K, committed 4544K, reserved 1048576K
}
Event: 1.565 GC heap before
{Heap before GC invocations=10 (full 0):
 garbage-first heap   total 58368K, used 42184K [0x00000000c0000000, 0x0000000100000000)
  region size 1024K, 26 young (26624K), 3 survivors (3072K)
 Metaspace       used 37937K, committed 38400K, reserved 1114112K
  class space    used 4779K, committed 4992K, reserved 1048576K
}
Event: 1.569 GC heap after
{Heap after GC invocations=11 (full 0):
 garbage-first heap   total 58368K, used 21945K [0x00000000c0000000, 0x0000000100000000)
  region size 1024K, 4 young (4096K), 4 survivors (4096K)
 Metaspace       used 37937K, committed 38400K, reserved 1114112K
  class space    used 4779K, committed 4992K, reserved 1048576K
}
Event: 1.597 GC heap before
{Heap before GC invocations=11 (full 0):
 garbage-first heap   total 58368K, used 41401K [0x00000000c0000000, 0x0000000100000000)
  region size 1024K, 24 young (24576K), 4 survivors (4096K)
 Metaspace       used 37937K, committed 38400K, reserved 1114112K
  class space    used 4779K, committed 4992K, reserved 1048576K
}
Event: 1.601 GC heap after
{Heap after GC invocations=12 (full 0):
 garbage-first heap   total 58368K, used 25163K [0x00000000c0000000, 0x0000000100000000)
  region size 1024K, 3 young (3072K), 3 survivors (3072K)
 Metaspace       used 37937K, committed 38400K, reserved 1114112K
  class space    used 4779K, committed 4992K, reserved 1048576K
}
Event: 1.628 GC heap before
{Heap before GC invocations=12 (full 0):
 garbage-first heap   total 58368K, used 41547K [0x00000000c0000000, 0x0000000100000000)
  region size 1024K, 20 young (20480K), 3 survivors (3072K)
 Metaspace       used 38063K, committed 38464K, reserved 1114112K
  class space    used 4797K, committed 4992K, reserved 1048576K
}
Event: 1.632 GC heap after
{Heap after GC invocations=13 (full 0):
 garbage-first heap   total 94208K, used 30305K [0x00000000c0000000, 0x0000000100000000)
  region size 1024K, 3 young (3072K), 3 survivors (3072K)
 Metaspace       used 38063K, committed 38464K, reserved 1114112K
  class space    used 4797K, committed 4992K, reserved 1048576K
}
Event: 1.675 GC heap before
{Heap before GC invocations=13 (full 0):
 garbage-first heap   total 94208K, used 64097K [0x00000000c0000000, 0x0000000100000000)
  region size 1024K, 37 young (37888K), 3 survivors (3072K)
 Metaspace       used 38737K, committed 39168K, reserved 1114112K
  class space    used 4849K, committed 5056K, reserved 1048576K
}
Event: 1.681 GC heap after
{Heap after GC invocations=14 (full 0):
 garbage-first heap   total 94208K, used 35451K [0x00000000c0000000, 0x0000000100000000)
  region size 1024K, 5 young (5120K), 5 survivors (5120K)
 Metaspace       used 38737K, committed 39168K, reserved 1114112K
  class space    used 4849K, committed 5056K, reserved 1048576K
}
Event: 1.706 GC heap before
{Heap before GC invocations=14 (full 0):
 garbage-first heap   total 94208K, used 66171K [0x00000000c0000000, 0x0000000100000000)
  region size 1024K, 35 young (35840K), 5 survivors (5120K)
 Metaspace       used 39037K, committed 39424K, reserved 1114112K
  class space    used 4873K, committed 5056K, reserved 1048576K
}
Event: 1.715 GC heap after
{Heap after GC invocations=15 (full 0):
 garbage-first heap   total 94208K, used 43416K [0x00000000c0000000, 0x0000000100000000)
  region size 1024K, 5 young (5120K), 5 survivors (5120K)
 Metaspace       used 39037K, committed 39424K, reserved 1114112K
  class space    used 4873K, committed 5056K, reserved 1048576K
}
Event: 1.738 GC heap before
{Heap before GC invocations=15 (full 0):
 garbage-first heap   total 94208K, used 67992K [0x00000000c0000000, 0x0000000100000000)
  region size 1024K, 29 young (29696K), 5 survivors (5120K)
 Metaspace       used 39512K, committed 39936K, reserved 1114112K
  class space    used 4926K, committed 5120K, reserved 1048576K
}
Event: 1.742 GC heap after
{Heap after GC invocations=16 (full 0):
 garbage-first heap   total 94208K, used 47853K [0x00000000c0000000, 0x0000000100000000)
  region size 1024K, 4 young (4096K), 4 survivors (4096K)
 Metaspace       used 39512K, committed 39936K, reserved 1114112K
  class space    used 4926K, committed 5120K, reserved 1048576K
}
Event: 1.797 GC heap before
{Heap before GC invocations=16 (full 0):
 garbage-first heap   total 94208K, used 69357K [0x00000000c0000000, 0x0000000100000000)
  region size 1024K, 26 young (26624K), 4 survivors (4096K)
 Metaspace       used 40503K, committed 40896K, reserved 1114112K
  class space    used 4980K, committed 5184K, reserved 1048576K
}

