# JRE version: OpenJDK Runtime Environment Temurin-17.0.7+7 (17.0.7+7) (build 17.0.7+7)
# Java VM: OpenJDK 64-Bit Server VM Temurin-17.0.7+7 (17.0.7+7, mixed mode, emulated-client, tiered, compressed oops, compressed class ptrs, g1 gc, windows-amd64)
GC Precious Log:
 CPUs: 12 total, 12 available
 Memory: 7930M
 Large Page Support: Disabled
 NUMA Support: Disabled
 Compressed Oops: Enabled (32-bit)
 Heap Region Size: 1M
 Heap Min Capacity: 8M
 Heap Initial Capacity: 124M
 Heap Max Capacity: 1G
 Pre-touch: Disabled
 Parallel Workers: 10
 Concurrent Workers: 3
 Concurrent Refinement Workers: 10
 Periodic GC: Disabled
Heap:
 garbage-first heap   total 231424K, used 80716K [0x00000000c0000000, 0x0000000100000000)
  region size 1024K, 9 young (9216K), 9 survivors (9216K)
 Metaspace       used 41456K, committed 41920K, reserved 1114112K
  class space    used 5084K, committed 5248K, reserved 1048576K
GC Heap History (20 events):
Event: 1.535 GC heap after
{Heap after GC invocations=11 (full 0):
 garbage-first heap   total 62464K, used 22399K [0x00000000c0000000, 0x0000000100000000)
  region size 1024K, 4 young (4096K), 4 survivors (4096K)
 Metaspace       used 37941K, committed 38400K, reserved 1114112K
  class space    used 4782K, committed 4992K, reserved 1048576K
}
Event: 1.564 GC heap before
{Heap before GC invocations=11 (full 0):
 garbage-first heap   total 62464K, used 43903K [0x00000000c0000000, 0x0000000100000000)
  region size 1024K, 26 young (26624K), 4 survivors (4096K)
 Metaspace       used 37941K, committed 38400K, reserved 1114112K
  class space    used 4782K, committed 4992K, reserved 1048576K
}
Event: 1.569 GC heap after
{Heap after GC invocations=12 (full 0):
 garbage-first heap   total 62464K, used 26739K [0x00000000c0000000, 0x0000000100000000)
  region size 1024K, 4 young (4096K), 4 survivors (4096K)
 Metaspace       used 37941K, committed 38400K, reserved 1114112K
  class space    used 4782K, committed 4992K, reserved 1048576K
}
Event: 1.594 GC heap before
{Heap before GC invocations=12 (full 0):
 garbage-first heap   total 62464K, used 44147K [0x00000000c0000000, 0x0000000100000000)
  region size 1024K, 22 young (22528K), 4 survivors (4096K)
 Metaspace       used 38096K, committed 38528K, reserved 1114112K
  class space    used 4806K, committed 4992K, reserved 1048576K
}
Event: 1.598 GC heap after
{Heap after GC invocations=13 (full 0):
 garbage-first heap   total 109568K, used 30851K [0x00000000c0000000, 0x0000000100000000)
  region size 1024K, 3 young (3072K), 3 survivors (3072K)
 Metaspace       used 38096K, committed 38528K, reserved 1114112K
  class space    used 4806K, committed 4992K, reserved 1048576K
}
Event: 1.645 GC heap before
{Heap before GC invocations=13 (full 0):
 garbage-first heap   total 109568K, used 73859K [0x00000000c0000000, 0x0000000100000000)
  region size 1024K, 46 young (47104K), 3 survivors (3072K)
 Metaspace       used 38772K, committed 39168K, reserved 1114112K
  class space    used 4859K, committed 5056K, reserved 1048576K
}
Event: 1.653 GC heap after
{Heap after GC invocations=14 (full 0):
 garbage-first heap   total 109568K, used 40605K [0x00000000c0000000, 0x0000000100000000)
  region size 1024K, 6 young (6144K), 6 survivors (6144K)
 Metaspace       used 38772K, committed 39168K, reserved 1114112K
  class space    used 4859K, committed 5056K, reserved 1048576K
}
Event: 1.684 GC heap before
{Heap before GC invocations=14 (full 0):
 garbage-first heap   total 109568K, used 75421K [0x00000000c0000000, 0x0000000100000000)
  region size 1024K, 40 young (40960K), 6 survivors (6144K)
 Metaspace       used 39281K, committed 39680K, reserved 1114112K
  class space    used 4910K, committed 5120K, reserved 1048576K
}
Event: 1.692 GC heap after
{Heap after GC invocations=15 (full 0):
 garbage-first heap   total 109568K, used 47034K [0x00000000c0000000, 0x0000000100000000)
  region size 1024K, 5 young (5120K), 5 survivors (5120K)
 Metaspace       used 39281K, committed 39680K, reserved 1114112K
  class space    used 4910K, committed 5120K, reserved 1048576K
}
Event: 1.753 GC heap before
{Heap before GC invocations=15 (full 0):
 garbage-first heap   total 109568K, used 77754K [0x00000000c0000000, 0x0000000100000000)
  region size 1024K, 36 young (36864K), 5 survivors (5120K)
 Metaspace       used 40510K, committed 40896K, reserved 1114112K
  class space    used 4984K, committed 5184K, reserved 1048576K
}
Event: 1.759 GC heap after
{Heap after GC invocations=16 (full 0):
 garbage-first heap   total 109568K, used 54129K [0x00000000c0000000, 0x0000000100000000)
  region size 1024K, 5 young (5120K), 5 survivors (5120K)
 Metaspace       used 40510K, committed 40896K, reserved 1114112K
  class space    used 4984K, committed 5184K, reserved 1048576K
}
Event: 1.764 GC heap before
{Heap before GC invocations=16 (full 0):
 garbage-first heap   total 109568K, used 54129K [0x00000000c0000000, 0x0000000100000000)
  region size 1024K, 6 young (6144K), 5 survivors (5120K)
 Metaspace       used 40523K, committed 40960K, reserved 1114112K
  class space    used 4986K, committed 5184K, reserved 1048576K
}
Event: 1.767 GC heap after
{Heap after GC invocations=17 (full 0):
 garbage-first heap   total 231424K, used 55015K [0x00000000c0000000, 0x0000000100000000)
  region size 1024K, 1 young (1024K), 1 survivors (1024K)
 Metaspace       used 40523K, committed 40960K, reserved 1114112K
  class space    used 4986K, committed 5184K, reserved 1048576K
}
Event: 1.834 GC heap before
{Heap before GC invocations=17 (full 0):
 garbage-first heap   total 231424K, used 130791K [0x00000000c0000000, 0x0000000100000000)
  region size 1024K, 74 young (75776K), 1 survivors (1024K)
 Metaspace       used 41288K, committed 41664K, reserved 1114112K
  class space    used 5063K, committed 5248K, reserved 1048576K
}
Event: 1.855 GC heap after
{Heap after GC invocations=18 (full 0):
 garbage-first heap   total 231424K, used 71563K [0x00000000c0000000, 0x0000000100000000)
  region size 1024K, 10 young (10240K), 10 survivors (10240K)
 Metaspace       used 41288K, committed 41664K, reserved 1114112K
  class space    used 5063K, committed 5248K, reserved 1048576K
}
Event: 1.870 GC heap before
{Heap before GC invocations=18 (full 0):
 garbage-first heap   total 231424K, used 136075K [0x00000000c0000000, 0x0000000100000000)
  region size 1024K, 74 young (75776K), 10 survivors (10240K)
 Metaspace       used 41314K, committed 41728K, reserved 1114112K
  class space    used 5071K, committed 5248K, reserved 1048576K
}
Event: 1.876 GC heap after
{Heap after GC invocations=19 (full 0):
 garbage-first heap   total 231424K, used 75088K [0x00000000c0000000, 0x0000000100000000)
  region size 1024K, 4 young (4096K), 4 survivors (4096K)
 Metaspace       used 41314K, committed 41728K, reserved 1114112K
  class space    used 5071K, committed 5248K, reserved 1048576K
}
Event: 1.891 GC heap before
{Heap before GC invocations=19 (full 0):
 garbage-first heap   total 231424K, used 144720K [0x00000000c0000000, 0x0000000100000000)
  region size 1024K, 73 young (74752K), 4 survivors (4096K)
 Metaspace       used 41407K, committed 41856K, reserved 1114112K
  class space    used 5081K, committed 5248K, reserved 1048576K
}
Event: 1.894 GC heap after
{Heap after GC invocations=20 (full 0):
 garbage-first heap   total 231424K, used 77535K [0x00000000c0000000, 0x0000000100000000)
  region size 1024K, 6 young (6144K), 6 survivors (6144K)
 Metaspace       used 41407K, committed 41856K, reserved 1114112K
  class space    used 5081K, committed 5248K, reserved 1048576K
}
Event: 1.911 GC heap before
{Heap before GC invocations=20 (full 0):
 garbage-first heap   total 231424K, used 155359K [0x00000000c0000000, 0x0000000100000000)
  region size 1024K, 83 young (84992K), 6 survivors (6144K)
 Metaspace       used 41456K, committed 41920K, reserved 1114112K
  class space    used 5084K, committed 5248K, reserved 1048576K
}

