# JRE version: OpenJDK Runtime Environment Temurin-17.0.7+7 (17.0.7+7) (build 17.0.7+7)
# Java VM: OpenJDK 64-Bit Server VM Temurin-17.0.7+7 (17.0.7+7, mixed mode, emulated-client, tiered, compressed oops, compressed class ptrs, g1 gc, windows-amd64)
GC Precious Log:
 CPUs: 12 total, 12 available
 Memory: 7930M
 Large Page Support: Disabled
 NUMA Support: Disabled
 Compressed Oops: Enabled (32-bit)
 Heap Region Size: 1M
 Heap Min Capacity: 8M
 Heap Initial Capacity: 124M
 Heap Max Capacity: 1G
 Pre-touch: Disabled
 Parallel Workers: 10
 Concurrent Workers: 3
 Concurrent Refinement Workers: 10
 Periodic GC: Disabled
Heap:
 garbage-first heap   total 126976K, used 70292K [0x00000000c0000000, 0x0000000100000000)
  region size 1024K, 2 young (2048K), 2 survivors (2048K)
 Metaspace       used 41218K, committed 41664K, reserved 1114112K
  class space    used 5052K, committed 5248K, reserved 1048576K
GC Heap History (20 events):
Event: 1.405 GC heap after
{Heap after GC invocations=8 (full 0):
 garbage-first heap   total 63488K, used 17848K [0x00000000c0000000, 0x0000000100000000)
  region size 1024K, 2 young (2048K), 2 survivors (2048K)
 Metaspace       used 33976K, committed 34304K, reserved 1114112K
  class space    used 4154K, committed 4288K, reserved 1048576K
}
Event: 1.518 GC heap before
{Heap before GC invocations=8 (full 0):
 garbage-first heap   total 63488K, used 28088K [0x00000000c0000000, 0x0000000100000000)
  region size 1024K, 13 young (13312K), 2 survivors (2048K)
 Metaspace       used 35662K, committed 35968K, reserved 1114112K
  class space    used 4411K, committed 4544K, reserved 1048576K
}
Event: 1.521 GC heap after
{Heap after GC invocations=9 (full 0):
 garbage-first heap   total 63488K, used 18829K [0x00000000c0000000, 0x0000000100000000)
  region size 1024K, 3 young (3072K), 3 survivors (3072K)
 Metaspace       used 35662K, committed 35968K, reserved 1114112K
  class space    used 4411K, committed 4544K, reserved 1048576K
}
Event: 1.606 GC heap before
{Heap before GC invocations=10 (full 0):
 garbage-first heap   total 63488K, used 44429K [0x00000000c0000000, 0x0000000100000000)
  region size 1024K, 28 young (28672K), 3 survivors (3072K)
 Metaspace       used 37895K, committed 38336K, reserved 1114112K
  class space    used 4771K, committed 4992K, reserved 1048576K
}
Event: 1.611 GC heap after
{Heap after GC invocations=11 (full 0):
 garbage-first heap   total 63488K, used 22435K [0x00000000c0000000, 0x0000000100000000)
  region size 1024K, 4 young (4096K), 4 survivors (4096K)
 Metaspace       used 37895K, committed 38336K, reserved 1114112K
  class space    used 4771K, committed 4992K, reserved 1048576K
}
Event: 1.636 GC heap before
{Heap before GC invocations=11 (full 0):
 garbage-first heap   total 63488K, used 43939K [0x00000000c0000000, 0x0000000100000000)
  region size 1024K, 26 young (26624K), 4 survivors (4096K)
 Metaspace       used 37896K, committed 38336K, reserved 1114112K
  class space    used 4771K, committed 4992K, reserved 1048576K
}
Event: 1.641 GC heap after
{Heap after GC invocations=12 (full 0):
 garbage-first heap   total 63488K, used 26022K [0x00000000c0000000, 0x0000000100000000)
  region size 1024K, 4 young (4096K), 4 survivors (4096K)
 Metaspace       used 37896K, committed 38336K, reserved 1114112K
  class space    used 4771K, committed 4992K, reserved 1048576K
}
Event: 1.669 GC heap before
{Heap before GC invocations=12 (full 0):
 garbage-first heap   total 63488K, used 44454K [0x00000000c0000000, 0x0000000100000000)
  region size 1024K, 23 young (23552K), 4 survivors (4096K)
 Metaspace       used 38088K, committed 38528K, reserved 1114112K
  class space    used 4802K, committed 4992K, reserved 1048576K
}
Event: 1.673 GC heap after
{Heap after GC invocations=13 (full 0):
 garbage-first heap   total 63488K, used 30676K [0x00000000c0000000, 0x0000000100000000)
  region size 1024K, 3 young (3072K), 3 survivors (3072K)
 Metaspace       used 38088K, committed 38528K, reserved 1114112K
  class space    used 4802K, committed 4992K, reserved 1048576K
}
Event: 1.690 GC heap before
{Heap before GC invocations=13 (full 0):
 garbage-first heap   total 63488K, used 45012K [0x00000000c0000000, 0x0000000100000000)
  region size 1024K, 18 young (18432K), 3 survivors (3072K)
 Metaspace       used 38443K, committed 38912K, reserved 1114112K
  class space    used 4832K, committed 5056K, reserved 1048576K
}
Event: 1.693 GC heap after
{Heap after GC invocations=14 (full 0):
 garbage-first heap   total 126976K, used 33999K [0x00000000c0000000, 0x0000000100000000)
  region size 1024K, 3 young (3072K), 3 survivors (3072K)
 Metaspace       used 38443K, committed 38912K, reserved 1114112K
  class space    used 4832K, committed 5056K, reserved 1048576K
}
Event: 1.746 GC heap before
{Heap before GC invocations=15 (full 0):
 garbage-first heap   total 126976K, used 87247K [0x00000000c0000000, 0x0000000100000000)
  region size 1024K, 55 young (56320K), 3 survivors (3072K)
 Metaspace       used 39149K, committed 39552K, reserved 1114112K
  class space    used 4887K, committed 5056K, reserved 1048576K
}
Event: 1.755 GC heap after
{Heap after GC invocations=16 (full 0):
 garbage-first heap   total 126976K, used 45391K [0x00000000c0000000, 0x0000000100000000)
  region size 1024K, 7 young (7168K), 7 survivors (7168K)
 Metaspace       used 39149K, committed 39552K, reserved 1114112K
  class space    used 4887K, committed 5056K, reserved 1048576K
}
Event: 1.756 GC heap before
{Heap before GC invocations=16 (full 0):
 garbage-first heap   total 126976K, used 46415K [0x00000000c0000000, 0x0000000100000000)
  region size 1024K, 8 young (8192K), 7 survivors (7168K)
 Metaspace       used 39169K, committed 39616K, reserved 1114112K
  class space    used 4893K, committed 5120K, reserved 1048576K
}
Event: 1.761 GC heap after
{Heap after GC invocations=17 (full 0):
 garbage-first heap   total 126976K, used 47006K [0x00000000c0000000, 0x0000000100000000)
  region size 1024K, 1 young (1024K), 1 survivors (1024K)
 Metaspace       used 39169K, committed 39616K, reserved 1114112K
  class space    used 4893K, committed 5120K, reserved 1048576K
}
Event: 1.822 GC heap before
{Heap before GC invocations=17 (full 0):
 garbage-first heap   total 126976K, used 80798K [0x00000000c0000000, 0x0000000100000000)
  region size 1024K, 35 young (35840K), 1 survivors (1024K)
 Metaspace       used 40446K, committed 40896K, reserved 1114112K
  class space    used 4973K, committed 5184K, reserved 1048576K
}
Event: 1.826 GC heap after
{Heap after GC invocations=18 (full 0):
 garbage-first heap   total 126976K, used 52775K [0x00000000c0000000, 0x0000000100000000)
  region size 1024K, 5 young (5120K), 5 survivors (5120K)
 Metaspace       used 40446K, committed 40896K, reserved 1114112K
  class space    used 4973K, committed 5184K, reserved 1048576K
}
Event: 1.880 GC heap before
{Heap before GC invocations=18 (full 0):
 garbage-first heap   total 126976K, used 88615K [0x00000000c0000000, 0x0000000100000000)
  region size 1024K, 39 young (39936K), 5 survivors (5120K)
 Metaspace       used 41216K, committed 41664K, reserved 1114112K
  class space    used 5050K, committed 5248K, reserved 1048576K
}
Event: 1.903 GC heap after
{Heap after GC invocations=19 (full 0):
 garbage-first heap   total 126976K, used 68003K [0x00000000c0000000, 0x0000000100000000)
  region size 1024K, 5 young (5120K), 5 survivors (5120K)
 Metaspace       used 41216K, committed 41664K, reserved 1114112K
  class space    used 5050K, committed 5248K, reserved 1048576K
}
Event: 1.910 GC heap before
{Heap before GC invocations=19 (full 0):
 garbage-first heap   total 126976K, used 91555K [0x00000000c0000000, 0x0000000100000000)
  region size 1024K, 29 young (29696K), 5 survivors (5120K)
 Metaspace       used 41218K, committed 41664K, reserved 1114112K
  class space    used 5052K, committed 5248K, reserved 1048576K
}

