# JRE version: OpenJDK Runtime Environment Temurin-17.0.7+7 (17.0.7+7) (build 17.0.7+7)
# Java VM: OpenJDK 64-Bit Server VM Temurin-17.0.7+7 (17.0.7+7, mixed mode, emulated-client, tiered, compressed oops, compressed class ptrs, g1 gc, windows-amd64)
GC Precious Log:
 CPUs: 12 total, 12 available
 Memory: 7930M
 Large Page Support: Disabled
 NUMA Support: Disabled
 Compressed Oops: Enabled (32-bit)
 Heap Region Size: 1M
 Heap Min Capacity: 8M
 Heap Initial Capacity: 124M
 Heap Max Capacity: 1G
 Pre-touch: Disabled
 Parallel Workers: 10
 Concurrent Workers: 3
 Concurrent Refinement Workers: 10
 Periodic GC: Disabled
Heap:
 garbage-first heap   total 201728K, used 76670K [0x00000000c0000000, 0x0000000100000000)
  region size 1024K, 6 young (6144K), 6 survivors (6144K)
 Metaspace       used 41394K, committed 41792K, reserved 1114112K
  class space    used 5086K, committed 5248K, reserved 1048576K
GC Heap History (20 events):
Event: 1.531 GC heap after
{Heap after GC invocations=13 (full 0):
 garbage-first heap   total 51200K, used 23783K [0x00000000c0000000, 0x0000000100000000)
  region size 1024K, 3 young (3072K), 3 survivors (3072K)
 Metaspace       used 37895K, committed 38336K, reserved 1114112K
  class space    used 4770K, committed 4992K, reserved 1048576K
}
Event: 1.545 GC heap before
{Heap before GC invocations=13 (full 0):
 garbage-first heap   total 51200K, used 37095K [0x00000000c0000000, 0x0000000100000000)
  region size 1024K, 17 young (17408K), 3 survivors (3072K)
 Metaspace       used 37895K, committed 38336K, reserved 1114112K
  class space    used 4770K, committed 4992K, reserved 1048576K
}
Event: 1.548 GC heap after
{Heap after GC invocations=14 (full 0):
 garbage-first heap   total 84992K, used 26854K [0x00000000c0000000, 0x0000000100000000)
  region size 1024K, 3 young (3072K), 3 survivors (3072K)
 Metaspace       used 37895K, committed 38336K, reserved 1114112K
  class space    used 4770K, committed 4992K, reserved 1048576K
}
Event: 1.600 GC heap before
{Heap before GC invocations=14 (full 0):
 garbage-first heap   total 84992K, used 59622K [0x00000000c0000000, 0x0000000100000000)
  region size 1024K, 36 young (36864K), 3 survivors (3072K)
 Metaspace       used 38445K, committed 38912K, reserved 1114112K
  class space    used 4832K, committed 5056K, reserved 1048576K
}
Event: 1.606 GC heap after
{Heap after GC invocations=15 (full 0):
 garbage-first heap   total 84992K, used 33455K [0x00000000c0000000, 0x0000000100000000)
  region size 1024K, 5 young (5120K), 5 survivors (5120K)
 Metaspace       used 38445K, committed 38912K, reserved 1114112K
  class space    used 4832K, committed 5056K, reserved 1048576K
}
Event: 1.631 GC heap before
{Heap before GC invocations=15 (full 0):
 garbage-first heap   total 84992K, used 59055K [0x00000000c0000000, 0x0000000100000000)
  region size 1024K, 31 young (31744K), 5 survivors (5120K)
 Metaspace       used 38753K, committed 39168K, reserved 1114112K
  class space    used 4852K, committed 5056K, reserved 1048576K
}
Event: 1.639 GC heap after
{Heap after GC invocations=16 (full 0):
 garbage-first heap   total 84992K, used 40089K [0x00000000c0000000, 0x0000000100000000)
  region size 1024K, 4 young (4096K), 4 survivors (4096K)
 Metaspace       used 38753K, committed 39168K, reserved 1114112K
  class space    used 4852K, committed 5056K, reserved 1048576K
}
Event: 1.660 GC heap before
{Heap before GC invocations=16 (full 0):
 garbage-first heap   total 84992K, used 62617K [0x00000000c0000000, 0x0000000100000000)
  region size 1024K, 26 young (26624K), 4 survivors (4096K)
 Metaspace       used 39070K, committed 39488K, reserved 1114112K
  class space    used 4878K, committed 5056K, reserved 1048576K
}
Event: 1.666 GC heap after
{Heap after GC invocations=17 (full 0):
 garbage-first heap   total 84992K, used 45314K [0x00000000c0000000, 0x0000000100000000)
  region size 1024K, 4 young (4096K), 4 survivors (4096K)
 Metaspace       used 39070K, committed 39488K, reserved 1114112K
  class space    used 4878K, committed 5056K, reserved 1048576K
}
Event: 1.683 GC heap before
{Heap before GC invocations=17 (full 0):
 garbage-first heap   total 84992K, used 62722K [0x00000000c0000000, 0x0000000100000000)
  region size 1024K, 22 young (22528K), 4 survivors (4096K)
 Metaspace       used 39439K, committed 39872K, reserved 1114112K
  class space    used 4916K, committed 5120K, reserved 1048576K
}
Event: 1.689 GC heap after
{Heap after GC invocations=18 (full 0):
 garbage-first heap   total 201728K, used 49640K [0x00000000c0000000, 0x0000000100000000)
  region size 1024K, 3 young (3072K), 3 survivors (3072K)
 Metaspace       used 39439K, committed 39872K, reserved 1114112K
  class space    used 4916K, committed 5120K, reserved 1048576K
}
Event: 1.827 GC heap before
{Heap before GC invocations=19 (full 0):
 garbage-first heap   total 181248K, used 133608K [0x00000000c0000000, 0x0000000100000000)
  region size 1024K, 84 young (86016K), 3 survivors (3072K)
 Metaspace       used 41360K, committed 41728K, reserved 1114112K
  class space    used 5079K, committed 5248K, reserved 1048576K
}
Event: 1.850 GC heap after
{Heap after GC invocations=20 (full 0):
 garbage-first heap   total 181248K, used 69191K [0x00000000c0000000, 0x0000000100000000)
  region size 1024K, 11 young (11264K), 11 survivors (11264K)
 Metaspace       used 41360K, committed 41728K, reserved 1114112K
  class space    used 5079K, committed 5248K, reserved 1048576K
}
Event: 1.851 GC heap before
{Heap before GC invocations=20 (full 0):
 garbage-first heap   total 181248K, used 69191K [0x00000000c0000000, 0x0000000100000000)
  region size 1024K, 12 young (12288K), 11 survivors (11264K)
 Metaspace       used 41360K, committed 41728K, reserved 1114112K
  class space    used 5079K, committed 5248K, reserved 1048576K
}
Event: 1.857 GC heap after
{Heap after GC invocations=21 (full 0):
 garbage-first heap   total 181248K, used 70643K [0x00000000c0000000, 0x0000000100000000)
  region size 1024K, 2 young (2048K), 2 survivors (2048K)
 Metaspace       used 41360K, committed 41728K, reserved 1114112K
  class space    used 5079K, committed 5248K, reserved 1048576K
}
Event: 1.869 GC heap before
{Heap before GC invocations=21 (full 0):
 garbage-first heap   total 181248K, used 118771K [0x00000000c0000000, 0x0000000100000000)
  region size 1024K, 50 young (51200K), 2 survivors (2048K)
 Metaspace       used 41376K, committed 41792K, reserved 1114112K
  class space    used 5080K, committed 5248K, reserved 1048576K
}
Event: 1.870 GC heap after
{Heap after GC invocations=22 (full 0):
 garbage-first heap   total 181248K, used 71815K [0x00000000c0000000, 0x0000000100000000)
  region size 1024K, 3 young (3072K), 3 survivors (3072K)
 Metaspace       used 41376K, committed 41792K, reserved 1114112K
  class space    used 5080K, committed 5248K, reserved 1048576K
}
Event: 1.882 GC heap before
{Heap before GC invocations=22 (full 0):
 garbage-first heap   total 181248K, used 124039K [0x00000000c0000000, 0x0000000100000000)
  region size 1024K, 55 young (56320K), 3 survivors (3072K)
 Metaspace       used 41386K, committed 41792K, reserved 1114112K
  class space    used 5082K, committed 5248K, reserved 1048576K
}
Event: 1.884 GC heap after
{Heap after GC invocations=23 (full 0):
 garbage-first heap   total 181248K, used 73792K [0x00000000c0000000, 0x0000000100000000)
  region size 1024K, 5 young (5120K), 5 survivors (5120K)
 Metaspace       used 41386K, committed 41792K, reserved 1114112K
  class space    used 5082K, committed 5248K, reserved 1048576K
}
Event: 1.897 GC heap before
{Heap before GC invocations=23 (full 0):
 garbage-first heap   total 181248K, used 130112K [0x00000000c0000000, 0x0000000100000000)
  region size 1024K, 61 young (62464K), 5 survivors (5120K)
 Metaspace       used 41394K, committed 41792K, reserved 1114112K
  class space    used 5086K, committed 5248K, reserved 1048576K
}

