# JRE version: OpenJDK Runtime Environment Temurin-17.0.7+7 (17.0.7+7) (build 17.0.7+7)
# Java VM: OpenJDK 64-Bit Server VM Temurin-17.0.7+7 (17.0.7+7, mixed mode, emulated-client, tiered, compressed oops, compressed class ptrs, g1 gc, windows-amd64)
GC Precious Log:
 CPUs: 12 total, 12 available
 Memory: 7930M
 Large Page Support: Disabled
 NUMA Support: Disabled
 Compressed Oops: Enabled (32-bit)
 Heap Region Size: 1M
 Heap Min Capacity: 8M
 Heap Initial Capacity: 124M
 Heap Max Capacity: 1G
 Pre-touch: Disabled
 Parallel Workers: 10
 Concurrent Workers: 3
 Concurrent Refinement Workers: 10
 Periodic GC: Disabled
Heap:
 garbage-first heap   total 126976K, used 62044K [0x00000000c0000000, 0x0000000100000000)
  region size 1024K, 4 young (4096K), 4 survivors (4096K)
 Metaspace       used 40947K, committed 41344K, reserved 1114112K
  class space    used 5016K, committed 5184K, reserved 1048576K
GC Heap History (20 events):
Event: 0.848 GC heap after
{Heap after GC invocations=5 (full 0):
 garbage-first heap   total 48128K, used 13341K [0x00000000c0000000, 0x0000000100000000)
  region size 1024K, 6 young (6144K), 6 survivors (6144K)
 Metaspace       used 25830K, committed 26048K, reserved 1114112K
  class space    used 3036K, committed 3136K, reserved 1048576K
}
Event: 1.026 GC heap before
{Heap before GC invocations=5 (full 0):
 garbage-first heap   total 48128K, used 31773K [0x00000000c0000000, 0x0000000100000000)
  region size 1024K, 24 young (24576K), 6 survivors (6144K)
 Metaspace       used 28308K, committed 28608K, reserved 1114112K
  class space    used 3366K, committed 3520K, reserved 1048576K
}
Event: 1.033 GC heap after
{Heap after GC invocations=6 (full 0):
 garbage-first heap   total 48128K, used 14356K [0x00000000c0000000, 0x0000000100000000)
  region size 1024K, 2 young (2048K), 2 survivors (2048K)
 Metaspace       used 28308K, committed 28608K, reserved 1114112K
  class space    used 3366K, committed 3520K, reserved 1048576K
}
Event: 1.207 GC heap before
{Heap before GC invocations=6 (full 0):
 garbage-first heap   total 48128K, used 31764K [0x00000000c0000000, 0x0000000100000000)
  region size 1024K, 20 young (20480K), 2 survivors (2048K)
 Metaspace       used 30997K, committed 31360K, reserved 1114112K
  class space    used 3741K, committed 3904K, reserved 1048576K
}
Event: 1.211 GC heap after
{Heap after GC invocations=7 (full 0):
 garbage-first heap   total 62464K, used 15908K [0x00000000c0000000, 0x0000000100000000)
  region size 1024K, 3 young (3072K), 3 survivors (3072K)
 Metaspace       used 30997K, committed 31360K, reserved 1114112K
  class space    used 3741K, committed 3904K, reserved 1048576K
}
Event: 1.502 GC heap before
{Heap before GC invocations=7 (full 0):
 garbage-first heap   total 62464K, used 42532K [0x00000000c0000000, 0x0000000100000000)
  region size 1024K, 30 young (30720K), 3 survivors (3072K)
 Metaspace       used 35661K, committed 35968K, reserved 1114112K
  class space    used 4409K, committed 4544K, reserved 1048576K
}
Event: 1.505 GC heap after
{Heap after GC invocations=8 (full 0):
 garbage-first heap   total 62464K, used 18222K [0x00000000c0000000, 0x0000000100000000)
  region size 1024K, 4 young (4096K), 4 survivors (4096K)
 Metaspace       used 35661K, committed 35968K, reserved 1114112K
  class space    used 4409K, committed 4544K, reserved 1048576K
}
Event: 1.608 GC heap before
{Heap before GC invocations=9 (full 0):
 garbage-first heap   total 62464K, used 42798K [0x00000000c0000000, 0x0000000100000000)
  region size 1024K, 29 young (29696K), 4 survivors (4096K)
 Metaspace       used 37880K, committed 38208K, reserved 1114112K
  class space    used 4767K, committed 4928K, reserved 1048576K
}
Event: 1.614 GC heap after
{Heap after GC invocations=10 (full 0):
 garbage-first heap   total 62464K, used 22176K [0x00000000c0000000, 0x0000000100000000)
  region size 1024K, 4 young (4096K), 4 survivors (4096K)
 Metaspace       used 37880K, committed 38208K, reserved 1114112K
  class space    used 4767K, committed 4928K, reserved 1048576K
}
Event: 1.640 GC heap before
{Heap before GC invocations=10 (full 0):
 garbage-first heap   total 62464K, used 43680K [0x00000000c0000000, 0x0000000100000000)
  region size 1024K, 26 young (26624K), 4 survivors (4096K)
 Metaspace       used 37880K, committed 38208K, reserved 1114112K
  class space    used 4767K, committed 4928K, reserved 1048576K
}
Event: 1.645 GC heap after
{Heap after GC invocations=11 (full 0):
 garbage-first heap   total 62464K, used 25489K [0x00000000c0000000, 0x0000000100000000)
  region size 1024K, 4 young (4096K), 4 survivors (4096K)
 Metaspace       used 37880K, committed 38208K, reserved 1114112K
  class space    used 4767K, committed 4928K, reserved 1048576K
}
Event: 1.674 GC heap before
{Heap before GC invocations=11 (full 0):
 garbage-first heap   total 62464K, used 43921K [0x00000000c0000000, 0x0000000100000000)
  region size 1024K, 23 young (23552K), 4 survivors (4096K)
 Metaspace       used 38111K, committed 38528K, reserved 1114112K
  class space    used 4803K, committed 4992K, reserved 1048576K
}
Event: 1.679 GC heap after
{Heap after GC invocations=12 (full 0):
 garbage-first heap   total 108544K, used 30241K [0x00000000c0000000, 0x0000000100000000)
  region size 1024K, 3 young (3072K), 3 survivors (3072K)
 Metaspace       used 38111K, committed 38528K, reserved 1114112K
  class space    used 4803K, committed 4992K, reserved 1048576K
}
Event: 1.730 GC heap before
{Heap before GC invocations=12 (full 0):
 garbage-first heap   total 108544K, used 72225K [0x00000000c0000000, 0x0000000100000000)
  region size 1024K, 45 young (46080K), 3 survivors (3072K)
 Metaspace       used 38743K, committed 39168K, reserved 1114112K
  class space    used 4851K, committed 5056K, reserved 1048576K
}
Event: 1.740 GC heap after
{Heap after GC invocations=13 (full 0):
 garbage-first heap   total 108544K, used 40155K [0x00000000c0000000, 0x0000000100000000)
  region size 1024K, 6 young (6144K), 6 survivors (6144K)
 Metaspace       used 38743K, committed 39168K, reserved 1114112K
  class space    used 4851K, committed 5056K, reserved 1048576K
}
Event: 1.811 GC heap before
{Heap before GC invocations=13 (full 0):
 garbage-first heap   total 108544K, used 73947K [0x00000000c0000000, 0x0000000100000000)
  region size 1024K, 40 young (40960K), 6 survivors (6144K)
 Metaspace       used 39090K, committed 39488K, reserved 1114112K
  class space    used 4879K, committed 5056K, reserved 1048576K
}
Event: 1.819 GC heap after
{Heap after GC invocations=14 (full 0):
 garbage-first heap   total 108544K, used 46443K [0x00000000c0000000, 0x0000000100000000)
  region size 1024K, 5 young (5120K), 5 survivors (5120K)
 Metaspace       used 39090K, committed 39488K, reserved 1114112K
  class space    used 4879K, committed 5056K, reserved 1048576K
}
Event: 1.909 GC heap before
{Heap before GC invocations=14 (full 0):
 garbage-first heap   total 108544K, used 78187K [0x00000000c0000000, 0x0000000100000000)
  region size 1024K, 36 young (36864K), 5 survivors (5120K)
 Metaspace       used 40464K, committed 40896K, reserved 1114112K
  class space    used 4974K, committed 5184K, reserved 1048576K
}
Event: 1.916 GC heap after
{Heap after GC invocations=15 (full 0):
 garbage-first heap   total 108544K, used 54007K [0x00000000c0000000, 0x0000000100000000)
  region size 1024K, 5 young (5120K), 5 survivors (5120K)
 Metaspace       used 40464K, committed 40896K, reserved 1114112K
  class space    used 4974K, committed 5184K, reserved 1048576K
}
Event: 1.944 GC heap before
{Heap before GC invocations=15 (full 0):
 garbage-first heap   total 108544K, used 71415K [0x00000000c0000000, 0x0000000100000000)
  region size 1024K, 24 young (24576K), 5 survivors (5120K)
 Metaspace       used 40947K, committed 41344K, reserved 1114112K
  class space    used 5016K, committed 5184K, reserved 1048576K
}

