# JRE version: OpenJDK Runtime Environment Temurin-17.0.7+7 (17.0.7+7) (build 17.0.7+7)
# Java VM: OpenJDK 64-Bit Server VM Temurin-17.0.7+7 (17.0.7+7, mixed mode, emulated-client, tiered, compressed oops, compressed class ptrs, g1 gc, windows-amd64)
GC Precious Log:
 CPUs: 12 total, 12 available
 Memory: 7930M
 Large Page Support: Disabled
 NUMA Support: Disabled
 Compressed Oops: Enabled (32-bit)
 Heap Region Size: 1M
 Heap Min Capacity: 8M
 Heap Initial Capacity: 124M
 Heap Max Capacity: 1G
 Pre-touch: Disabled
 Parallel Workers: 10
 Concurrent Workers: 3
 Concurrent Refinement Workers: 10
 Periodic GC: Disabled
Heap:
 garbage-first heap   total 230400K, used 82941K [0x00000000c0000000, 0x0000000100000000)
  region size 1024K, 8 young (8192K), 8 survivors (8192K)
 Metaspace       used 41461K, committed 41856K, reserved 1114112K
  class space    used 5084K, committed 5248K, reserved 1048576K
GC Heap History (20 events):
Event: 1.559 GC heap after
{Heap after GC invocations=12 (full 0):
 garbage-first heap   total 55296K, used 24474K [0x00000000c0000000, 0x0000000100000000)
  region size 1024K, 3 young (3072K), 3 survivors (3072K)
 Metaspace       used 37895K, committed 38336K, reserved 1114112K
  class space    used 4771K, committed 4992K, reserved 1048576K
}
Event: 1.578 GC heap before
{Heap before GC invocations=12 (full 0):
 garbage-first heap   total 55296K, used 39834K [0x00000000c0000000, 0x0000000100000000)
  region size 1024K, 19 young (19456K), 3 survivors (3072K)
 Metaspace       used 37913K, committed 38400K, reserved 1114112K
  class space    used 4775K, committed 4992K, reserved 1048576K
}
Event: 1.581 GC heap after
{Heap after GC invocations=13 (full 0):
 garbage-first heap   total 55296K, used 27517K [0x00000000c0000000, 0x0000000100000000)
  region size 1024K, 3 young (3072K), 3 survivors (3072K)
 Metaspace       used 37913K, committed 38400K, reserved 1114112K
  class space    used 4775K, committed 4992K, reserved 1048576K
}
Event: 1.603 GC heap before
{Heap before GC invocations=13 (full 0):
 garbage-first heap   total 55296K, used 41853K [0x00000000c0000000, 0x0000000100000000)
  region size 1024K, 17 young (17408K), 3 survivors (3072K)
 Metaspace       used 38203K, committed 38592K, reserved 1114112K
  class space    used 4815K, committed 4992K, reserved 1048576K
}
Event: 1.606 GC heap after
{Heap after GC invocations=14 (full 0):
 garbage-first heap   total 110592K, used 31192K [0x00000000c0000000, 0x0000000100000000)
  region size 1024K, 3 young (3072K), 3 survivors (3072K)
 Metaspace       used 38203K, committed 38592K, reserved 1114112K
  class space    used 4815K, committed 4992K, reserved 1048576K
}
Event: 1.654 GC heap before
{Heap before GC invocations=14 (full 0):
 garbage-first heap   total 110592K, used 78296K [0x00000000c0000000, 0x0000000100000000)
  region size 1024K, 50 young (51200K), 3 survivors (3072K)
 Metaspace       used 38921K, committed 39360K, reserved 1114112K
  class space    used 4863K, committed 5056K, reserved 1048576K
}
Event: 1.663 GC heap after
{Heap after GC invocations=15 (full 0):
 garbage-first heap   total 110592K, used 42308K [0x00000000c0000000, 0x0000000100000000)
  region size 1024K, 7 young (7168K), 7 survivors (7168K)
 Metaspace       used 38921K, committed 39360K, reserved 1114112K
  class space    used 4863K, committed 5056K, reserved 1048576K
}
Event: 1.695 GC heap before
{Heap before GC invocations=15 (full 0):
 garbage-first heap   total 110592K, used 76100K [0x00000000c0000000, 0x0000000100000000)
  region size 1024K, 41 young (41984K), 7 survivors (7168K)
 Metaspace       used 39562K, committed 40000K, reserved 1114112K
  class space    used 4928K, committed 5120K, reserved 1048576K
}
Event: 1.703 GC heap after
{Heap after GC invocations=16 (full 0):
 garbage-first heap   total 110592K, used 49152K [0x00000000c0000000, 0x0000000100000000)
  region size 1024K, 6 young (6144K), 6 survivors (6144K)
 Metaspace       used 39562K, committed 40000K, reserved 1114112K
  class space    used 4928K, committed 5120K, reserved 1048576K
}
Event: 1.776 GC heap before
{Heap before GC invocations=16 (full 0):
 garbage-first heap   total 110592K, used 80896K [0x00000000c0000000, 0x0000000100000000)
  region size 1024K, 37 young (37888K), 6 survivors (6144K)
 Metaspace       used 40997K, committed 41344K, reserved 1114112K
  class space    used 5024K, committed 5184K, reserved 1048576K
}
Event: 1.783 GC heap after
{Heap after GC invocations=17 (full 0):
 garbage-first heap   total 110592K, used 57616K [0x00000000c0000000, 0x0000000100000000)
  region size 1024K, 5 young (5120K), 5 survivors (5120K)
 Metaspace       used 40997K, committed 41344K, reserved 1114112K
  class space    used 5024K, committed 5184K, reserved 1048576K
}
Event: 1.795 GC heap before
{Heap before GC invocations=17 (full 0):
 garbage-first heap   total 110592K, used 67856K [0x00000000c0000000, 0x0000000100000000)
  region size 1024K, 16 young (16384K), 5 survivors (5120K)
 Metaspace       used 41130K, committed 41472K, reserved 1114112K
  class space    used 5038K, committed 5184K, reserved 1048576K
}
Event: 1.801 GC heap after
{Heap after GC invocations=18 (full 0):
 garbage-first heap   total 230400K, used 62609K [0x00000000c0000000, 0x0000000100000000)
  region size 1024K, 4 young (4096K), 4 survivors (4096K)
 Metaspace       used 41130K, committed 41472K, reserved 1114112K
  class space    used 5038K, committed 5184K, reserved 1048576K
}
Event: 1.841 GC heap before
{Heap before GC invocations=18 (full 0):
 garbage-first heap   total 230400K, used 157841K [0x00000000c0000000, 0x0000000100000000)
  region size 1024K, 97 young (99328K), 4 survivors (4096K)
 Metaspace       used 41344K, committed 41728K, reserved 1114112K
  class space    used 5068K, committed 5248K, reserved 1048576K
}
Event: 1.856 GC heap after
{Heap after GC invocations=19 (full 0):
 garbage-first heap   total 230400K, used 71818K [0x00000000c0000000, 0x0000000100000000)
  region size 1024K, 12 young (12288K), 12 survivors (12288K)
 Metaspace       used 41344K, committed 41728K, reserved 1114112K
  class space    used 5068K, committed 5248K, reserved 1048576K
}
Event: 1.878 GC heap before
{Heap before GC invocations=19 (full 0):
 garbage-first heap   total 230400K, used 162954K [0x00000000c0000000, 0x0000000100000000)
  region size 1024K, 102 young (104448K), 12 survivors (12288K)
 Metaspace       used 41366K, committed 41728K, reserved 1114112K
  class space    used 5076K, committed 5248K, reserved 1048576K
}
Event: 1.891 GC heap after
{Heap after GC invocations=20 (full 0):
 garbage-first heap   total 230400K, used 75682K [0x00000000c0000000, 0x0000000100000000)
  region size 1024K, 5 young (5120K), 5 survivors (5120K)
 Metaspace       used 41366K, committed 41728K, reserved 1114112K
  class space    used 5076K, committed 5248K, reserved 1048576K
}
Event: 1.912 GC heap before
{Heap before GC invocations=20 (full 0):
 garbage-first heap   total 230400K, used 168866K [0x00000000c0000000, 0x0000000100000000)
  region size 1024K, 97 young (99328K), 5 survivors (5120K)
 Metaspace       used 41447K, committed 41856K, reserved 1114112K
  class space    used 5083K, committed 5248K, reserved 1048576K
}
Event: 1.915 GC heap after
{Heap after GC invocations=21 (full 0):
 garbage-first heap   total 230400K, used 79006K [0x00000000c0000000, 0x0000000100000000)
  region size 1024K, 8 young (8192K), 8 survivors (8192K)
 Metaspace       used 41447K, committed 41856K, reserved 1114112K
  class space    used 5083K, committed 5248K, reserved 1048576K
}
Event: 1.935 GC heap before
{Heap before GC invocations=21 (full 0):
 garbage-first heap   total 230400K, used 175262K [0x00000000c0000000, 0x0000000100000000)
  region size 1024K, 103 young (105472K), 8 survivors (8192K)
 Metaspace       used 41461K, committed 41856K, reserved 1114112K
  class space    used 5084K, committed 5248K, reserved 1048576K
}

