# JRE version: OpenJDK Runtime Environment Temurin-17.0.7+7 (17.0.7+7) (build 17.0.7+7)
# Java VM: OpenJDK 64-Bit Server VM Temurin-17.0.7+7 (17.0.7+7, mixed mode, emulated-client, tiered, compressed oops, compressed class ptrs, g1 gc, windows-amd64)
GC Precious Log:
 CPUs: 12 total, 12 available
 Memory: 7930M
 Large Page Support: Disabled
 NUMA Support: Disabled
 Compressed Oops: Enabled (32-bit)
 Heap Region Size: 1M
 Heap Min Capacity: 8M
 Heap Initial Capacity: 124M
 Heap Max Capacity: 1G
 Pre-touch: Disabled
 Parallel Workers: 10
 Concurrent Workers: 3
 Concurrent Refinement Workers: 10
 Periodic GC: Disabled
Heap:
 garbage-first heap   total 221184K, used 81826K [0x00000000c0000000, 0x0000000100000000)
  region size 1024K, 8 young (8192K), 8 survivors (8192K)
 Metaspace       used 41585K, committed 41984K, reserved 1114112K
  class space    used 5116K, committed 5312K, reserved 1048576K
GC Heap History (20 events):
Event: 1.829 GC heap after
{Heap after GC invocations=11 (full 0):
 garbage-first heap   total 60416K, used 22464K [0x00000000c0000000, 0x0000000100000000)
  region size 1024K, 4 young (4096K), 4 survivors (4096K)
 Metaspace       used 37980K, committed 38400K, reserved 1114112K
  class space    used 4790K, committed 4992K, reserved 1048576K
}
Event: 1.853 GC heap before
{Heap before GC invocations=11 (full 0):
 garbage-first heap   total 60416K, used 42944K [0x00000000c0000000, 0x0000000100000000)
  region size 1024K, 25 young (25600K), 4 survivors (4096K)
 Metaspace       used 37981K, committed 38464K, reserved 1114112K
  class space    used 4790K, committed 4992K, reserved 1048576K
}
Event: 1.858 GC heap after
{Heap after GC invocations=12 (full 0):
 garbage-first heap   total 60416K, used 25771K [0x00000000c0000000, 0x0000000100000000)
  region size 1024K, 4 young (4096K), 4 survivors (4096K)
 Metaspace       used 37981K, committed 38464K, reserved 1114112K
  class space    used 4790K, committed 4992K, reserved 1048576K
}
Event: 1.882 GC heap before
{Heap before GC invocations=12 (full 0):
 garbage-first heap   total 60416K, used 43179K [0x00000000c0000000, 0x0000000100000000)
  region size 1024K, 22 young (22528K), 4 survivors (4096K)
 Metaspace       used 38161K, committed 38656K, reserved 1114112K
  class space    used 4819K, committed 5056K, reserved 1048576K
}
Event: 1.887 GC heap after
{Heap after GC invocations=13 (full 0):
 garbage-first heap   total 103424K, used 30398K [0x00000000c0000000, 0x0000000100000000)
  region size 1024K, 3 young (3072K), 3 survivors (3072K)
 Metaspace       used 38161K, committed 38656K, reserved 1114112K
  class space    used 4819K, committed 5056K, reserved 1048576K
}
Event: 1.936 GC heap before
{Heap before GC invocations=13 (full 0):
 garbage-first heap   total 103424K, used 70334K [0x00000000c0000000, 0x0000000100000000)
  region size 1024K, 43 young (44032K), 3 survivors (3072K)
 Metaspace       used 38879K, committed 39296K, reserved 1114112K
  class space    used 4873K, committed 5056K, reserved 1048576K
}
Event: 1.942 GC heap after
{Heap after GC invocations=14 (full 0):
 garbage-first heap   total 103424K, used 37942K [0x00000000c0000000, 0x0000000100000000)
  region size 1024K, 6 young (6144K), 6 survivors (6144K)
 Metaspace       used 38879K, committed 39296K, reserved 1114112K
  class space    used 4873K, committed 5056K, reserved 1048576K
}
Event: 1.969 GC heap before
{Heap before GC invocations=14 (full 0):
 garbage-first heap   total 103424K, used 70710K [0x00000000c0000000, 0x0000000100000000)
  region size 1024K, 39 young (39936K), 6 survivors (6144K)
 Metaspace       used 39358K, committed 39744K, reserved 1114112K
  class space    used 4926K, committed 5120K, reserved 1048576K
}
Event: 1.977 GC heap after
{Heap after GC invocations=15 (full 0):
 garbage-first heap   total 103424K, used 45737K [0x00000000c0000000, 0x0000000100000000)
  region size 1024K, 5 young (5120K), 5 survivors (5120K)
 Metaspace       used 39358K, committed 39744K, reserved 1114112K
  class space    used 4926K, committed 5120K, reserved 1048576K
}
Event: 2.034 GC heap before
{Heap before GC invocations=15 (full 0):
 garbage-first heap   total 103424K, used 73385K [0x00000000c0000000, 0x0000000100000000)
  region size 1024K, 33 young (33792K), 5 survivors (5120K)
 Metaspace       used 40549K, committed 40960K, reserved 1114112K
  class space    used 4994K, committed 5184K, reserved 1048576K
}
Event: 2.040 GC heap after
{Heap after GC invocations=16 (full 0):
 garbage-first heap   total 103424K, used 51496K [0x00000000c0000000, 0x0000000100000000)
  region size 1024K, 5 young (5120K), 5 survivors (5120K)
 Metaspace       used 40549K, committed 40960K, reserved 1114112K
  class space    used 4994K, committed 5184K, reserved 1048576K
}
Event: 2.058 GC heap before
{Heap before GC invocations=16 (full 0):
 garbage-first heap   total 103424K, used 60712K [0x00000000c0000000, 0x0000000100000000)
  region size 1024K, 15 young (15360K), 5 survivors (5120K)
 Metaspace       used 40745K, committed 41152K, reserved 1114112K
  class space    used 5013K, committed 5184K, reserved 1048576K
}
Event: 2.062 GC heap after
{Heap after GC invocations=17 (full 0):
 garbage-first heap   total 221184K, used 54520K [0x00000000c0000000, 0x0000000100000000)
  region size 1024K, 3 young (3072K), 3 survivors (3072K)
 Metaspace       used 40745K, committed 41152K, reserved 1114112K
  class space    used 5013K, committed 5184K, reserved 1048576K
}
Event: 2.130 GC heap before
{Heap before GC invocations=17 (full 0):
 garbage-first heap   total 221184K, used 143608K [0x00000000c0000000, 0x0000000100000000)
  region size 1024K, 89 young (91136K), 3 survivors (3072K)
 Metaspace       used 41472K, committed 41920K, reserved 1114112K
  class space    used 5099K, committed 5312K, reserved 1048576K
}
Event: 2.152 GC heap after
{Heap after GC invocations=18 (full 0):
 garbage-first heap   total 221184K, used 71255K [0x00000000c0000000, 0x0000000100000000)
  region size 1024K, 12 young (12288K), 12 survivors (12288K)
 Metaspace       used 41472K, committed 41920K, reserved 1114112K
  class space    used 5099K, committed 5312K, reserved 1048576K
}
Event: 2.167 GC heap before
{Heap before GC invocations=18 (full 0):
 garbage-first heap   total 221184K, used 142935K [0x00000000c0000000, 0x0000000100000000)
  region size 1024K, 83 young (84992K), 12 survivors (12288K)
 Metaspace       used 41492K, committed 41920K, reserved 1114112K
  class space    used 5106K, committed 5312K, reserved 1048576K
}
Event: 2.176 GC heap after
{Heap after GC invocations=19 (full 0):
 garbage-first heap   total 221184K, used 75558K [0x00000000c0000000, 0x0000000100000000)
  region size 1024K, 4 young (4096K), 4 survivors (4096K)
 Metaspace       used 41492K, committed 41920K, reserved 1114112K
  class space    used 5106K, committed 5312K, reserved 1048576K
}
Event: 2.194 GC heap before
{Heap before GC invocations=19 (full 0):
 garbage-first heap   total 221184K, used 152358K [0x00000000c0000000, 0x0000000100000000)
  region size 1024K, 80 young (81920K), 4 survivors (4096K)
 Metaspace       used 41506K, committed 41920K, reserved 1114112K
  class space    used 5108K, committed 5312K, reserved 1048576K
}
Event: 2.197 GC heap after
{Heap after GC invocations=20 (full 0):
 garbage-first heap   total 221184K, used 77606K [0x00000000c0000000, 0x0000000100000000)
  region size 1024K, 6 young (6144K), 6 survivors (6144K)
 Metaspace       used 41506K, committed 41920K, reserved 1114112K
  class space    used 5108K, committed 5312K, reserved 1048576K
}
Event: 2.214 GC heap before
{Heap before GC invocations=20 (full 0):
 garbage-first heap   total 221184K, used 159526K [0x00000000c0000000, 0x0000000100000000)
  region size 1024K, 87 young (89088K), 6 survivors (6144K)
 Metaspace       used 41585K, committed 41984K, reserved 1114112K
  class space    used 5116K, committed 5312K, reserved 1048576K
}

