# JRE version: OpenJDK Runtime Environment Temurin-17.0.7+7 (17.0.7+7) (build 17.0.7+7)
# Java VM: OpenJDK 64-Bit Server VM Temurin-17.0.7+7 (17.0.7+7, mixed mode, emulated-client, tiered, compressed oops, compressed class ptrs, g1 gc, windows-amd64)
GC Precious Log:
 CPUs: 12 total, 12 available
 Memory: 7930M
 Large Page Support: Disabled
 NUMA Support: Disabled
 Compressed Oops: Enabled (32-bit)
 Heap Region Size: 1M
 Heap Min Capacity: 8M
 Heap Initial Capacity: 124M
 Heap Max Capacity: 1G
 Pre-touch: Disabled
 Parallel Workers: 10
 Concurrent Workers: 3
 Concurrent Refinement Workers: 10
 Periodic GC: Disabled
Heap:
 garbage-first heap   total 327680K, used 109659K [0x00000000c0000000, 0x0000000100000000)
  region size 1024K, 19 young (19456K), 19 survivors (19456K)
 Metaspace       used 41628K, committed 42112K, reserved 1114112K
  class space    used 5131K, committed 5312K, reserved 1048576K
GC Heap History (20 events):
Event: 1.750 GC heap after
{Heap after GC invocations=16 (full 0):
 garbage-first heap   total 124928K, used 44390K [0x00000000c0000000, 0x0000000100000000)
  region size 1024K, 7 young (7168K), 7 survivors (7168K)
 Metaspace       used 39259K, committed 39680K, reserved 1114112K
  class space    used 4909K, committed 5120K, reserved 1048576K
}
Event: 1.807 GC heap before
{Heap before GC invocations=16 (full 0):
 garbage-first heap   total 124928K, used 81254K [0x00000000c0000000, 0x0000000100000000)
  region size 1024K, 44 young (45056K), 7 survivors (7168K)
 Metaspace       used 40448K, committed 40832K, reserved 1114112K
  class space    used 4976K, committed 5184K, reserved 1048576K
}
Event: 1.815 GC heap after
{Heap after GC invocations=17 (full 0):
 garbage-first heap   total 124928K, used 51323K [0x00000000c0000000, 0x0000000100000000)
  region size 1024K, 6 young (6144K), 6 survivors (6144K)
 Metaspace       used 40448K, committed 40832K, reserved 1114112K
  class space    used 4976K, committed 5184K, reserved 1048576K
}
Event: 1.871 GC heap before
{Heap before GC invocations=17 (full 0):
 garbage-first heap   total 124928K, used 88187K [0x00000000c0000000, 0x0000000100000000)
  region size 1024K, 41 young (41984K), 6 survivors (6144K)
 Metaspace       used 41137K, committed 41472K, reserved 1114112K
  class space    used 5046K, committed 5184K, reserved 1048576K
}
Event: 1.894 GC heap after
{Heap after GC invocations=18 (full 0):
 garbage-first heap   total 124928K, used 67615K [0x00000000c0000000, 0x0000000100000000)
  region size 1024K, 6 young (6144K), 6 survivors (6144K)
 Metaspace       used 41137K, committed 41472K, reserved 1114112K
  class space    used 5046K, committed 5184K, reserved 1048576K
}
Event: 1.902 GC heap before
{Heap before GC invocations=18 (full 0):
 garbage-first heap   total 124928K, used 90143K [0x00000000c0000000, 0x0000000100000000)
  region size 1024K, 29 young (29696K), 6 survivors (6144K)
 Metaspace       used 41285K, committed 41664K, reserved 1114112K
  class space    used 5062K, committed 5248K, reserved 1048576K
}
Event: 1.906 GC heap after
{Heap after GC invocations=19 (full 0):
 garbage-first heap   total 124928K, used 70828K [0x00000000c0000000, 0x0000000100000000)
  region size 1024K, 2 young (2048K), 2 survivors (2048K)
 Metaspace       used 41285K, committed 41664K, reserved 1114112K
  class space    used 5062K, committed 5248K, reserved 1048576K
}
Event: 1.914 GC heap before
{Heap before GC invocations=19 (full 0):
 garbage-first heap   total 124928K, used 93356K [0x00000000c0000000, 0x0000000100000000)
  region size 1024K, 25 young (25600K), 2 survivors (2048K)
 Metaspace       used 41299K, committed 41728K, reserved 1114112K
  class space    used 5065K, committed 5248K, reserved 1048576K
}
Event: 1.916 GC heap after
{Heap after GC invocations=20 (full 0):
 garbage-first heap   total 327680K, used 71400K [0x00000000c0000000, 0x0000000100000000)
  region size 1024K, 3 young (3072K), 3 survivors (3072K)
 Metaspace       used 41299K, committed 41728K, reserved 1114112K
  class space    used 5065K, committed 5248K, reserved 1048576K
}
Event: 1.970 GC heap before
{Heap before GC invocations=20 (full 0):
 garbage-first heap   total 327680K, used 222952K [0x00000000c0000000, 0x0000000100000000)
  region size 1024K, 153 young (156672K), 3 survivors (3072K)
 Metaspace       used 41344K, committed 41728K, reserved 1114112K
  class space    used 5079K, committed 5248K, reserved 1048576K
}
Event: 1.975 GC heap after
{Heap after GC invocations=21 (full 0):
 garbage-first heap   total 327680K, used 76147K [0x00000000c0000000, 0x0000000100000000)
  region size 1024K, 9 young (9216K), 9 survivors (9216K)
 Metaspace       used 41344K, committed 41728K, reserved 1114112K
  class space    used 5079K, committed 5248K, reserved 1048576K
}
Event: 2.016 GC heap before
{Heap before GC invocations=22 (full 0):
 garbage-first heap   total 327680K, used 250227K [0x00000000c0000000, 0x0000000100000000)
  region size 1024K, 180 young (184320K), 9 survivors (9216K)
 Metaspace       used 41459K, committed 41856K, reserved 1114112K
  class space    used 5095K, committed 5248K, reserved 1048576K
}
Event: 2.024 GC heap after
{Heap after GC invocations=23 (full 0):
 garbage-first heap   total 327680K, used 82804K [0x00000000c0000000, 0x0000000100000000)
  region size 1024K, 15 young (15360K), 15 survivors (15360K)
 Metaspace       used 41459K, committed 41856K, reserved 1114112K
  class space    used 5095K, committed 5248K, reserved 1048576K
}
Event: 2.025 GC heap before
{Heap before GC invocations=23 (full 0):
 garbage-first heap   total 327680K, used 85876K [0x00000000c0000000, 0x0000000100000000)
  region size 1024K, 19 young (19456K), 15 survivors (15360K)
 Metaspace       used 41459K, committed 41856K, reserved 1114112K
  class space    used 5095K, committed 5248K, reserved 1048576K
}
Event: 2.031 GC heap after
{Heap after GC invocations=24 (full 0):
 garbage-first heap   total 327680K, used 83940K [0x00000000c0000000, 0x0000000100000000)
  region size 1024K, 2 young (2048K), 2 survivors (2048K)
 Metaspace       used 41459K, committed 41856K, reserved 1114112K
  class space    used 5095K, committed 5248K, reserved 1048576K
}
Event: 2.068 GC heap before
{Heap before GC invocations=24 (full 0):
 garbage-first heap   total 327680K, used 255972K [0x00000000c0000000, 0x0000000100000000)
  region size 1024K, 171 young (175104K), 2 survivors (2048K)
 Metaspace       used 41478K, committed 41856K, reserved 1114112K
  class space    used 5099K, committed 5248K, reserved 1048576K
}
Event: 2.073 GC heap after
{Heap after GC invocations=25 (full 0):
 garbage-first heap   total 327680K, used 89716K [0x00000000c0000000, 0x0000000100000000)
  region size 1024K, 8 young (8192K), 8 survivors (8192K)
 Metaspace       used 41478K, committed 41856K, reserved 1114112K
  class space    used 5099K, committed 5248K, reserved 1048576K
}
Event: 2.113 GC heap before
{Heap before GC invocations=25 (full 0):
 garbage-first heap   total 327680K, used 260724K [0x00000000c0000000, 0x0000000100000000)
  region size 1024K, 176 young (180224K), 8 survivors (8192K)
 Metaspace       used 41484K, committed 41856K, reserved 1114112K
  class space    used 5100K, committed 5248K, reserved 1048576K
}
Event: 2.120 GC heap after
{Heap after GC invocations=26 (full 0):
 garbage-first heap   total 327680K, used 100444K [0x00000000c0000000, 0x0000000100000000)
  region size 1024K, 19 young (19456K), 19 survivors (19456K)
 Metaspace       used 41484K, committed 41856K, reserved 1114112K
  class space    used 5100K, committed 5248K, reserved 1048576K
}
Event: 2.165 GC heap before
{Heap before GC invocations=26 (full 0):
 garbage-first heap   total 327680K, used 264284K [0x00000000c0000000, 0x0000000100000000)
  region size 1024K, 179 young (183296K), 19 survivors (19456K)
 Metaspace       used 41628K, committed 42112K, reserved 1114112K
  class space    used 5131K, committed 5312K, reserved 1048576K
}

