# JRE version: OpenJDK Runtime Environment Temurin-17.0.7+7 (17.0.7+7) (build 17.0.7+7)
# Java VM: OpenJDK 64-Bit Server VM Temurin-17.0.7+7 (17.0.7+7, mixed mode, emulated-client, tiered, compressed oops, compressed class ptrs, g1 gc, windows-amd64)
GC Precious Log:
 CPUs: 12 total, 12 available
 Memory: 7930M
 Large Page Support: Disabled
 NUMA Support: Disabled
 Compressed Oops: Enabled (32-bit)
 Heap Region Size: 1M
 Heap Min Capacity: 8M
 Heap Initial Capacity: 124M
 Heap Max Capacity: 1G
 Pre-touch: Disabled
 Parallel Workers: 10
 Concurrent Workers: 3
 Concurrent Refinement Workers: 10
 Periodic GC: Disabled
Heap:
 garbage-first heap   total 195584K, used 76954K [0x00000000c0000000, 0x0000000100000000)
  region size 1024K, 6 young (6144K), 6 survivors (6144K)
 Metaspace       used 41440K, committed 41792K, reserved 1114112K
  class space    used 5086K, committed 5248K, reserved 1048576K
GC Heap History (20 events):
Event: 1.569 GC heap after
{Heap after GC invocations=13 (full 0):
 garbage-first heap   total 49152K, used 23092K [0x00000000c0000000, 0x0000000100000000)
  region size 1024K, 3 young (3072K), 3 survivors (3072K)
 Metaspace       used 37919K, committed 38400K, reserved 1114112K
  class space    used 4775K, committed 4992K, reserved 1048576K
}
Event: 1.586 GC heap before
{Heap before GC invocations=13 (full 0):
 garbage-first heap   total 49152K, used 36404K [0x00000000c0000000, 0x0000000100000000)
  region size 1024K, 17 young (17408K), 3 survivors (3072K)
 Metaspace       used 37919K, committed 38400K, reserved 1114112K
  class space    used 4775K, committed 4992K, reserved 1048576K
}
Event: 1.590 GC heap after
{Heap after GC invocations=14 (full 0):
 garbage-first heap   total 83968K, used 26304K [0x00000000c0000000, 0x0000000100000000)
  region size 1024K, 3 young (3072K), 3 survivors (3072K)
 Metaspace       used 37919K, committed 38400K, reserved 1114112K
  class space    used 4775K, committed 4992K, reserved 1048576K
}
Event: 1.638 GC heap before
{Heap before GC invocations=14 (full 0):
 garbage-first heap   total 83968K, used 58048K [0x00000000c0000000, 0x0000000100000000)
  region size 1024K, 35 young (35840K), 3 survivors (3072K)
 Metaspace       used 38470K, committed 38912K, reserved 1114112K
  class space    used 4837K, committed 5056K, reserved 1048576K
}
Event: 1.644 GC heap after
{Heap after GC invocations=15 (full 0):
 garbage-first heap   total 83968K, used 32501K [0x00000000c0000000, 0x0000000100000000)
  region size 1024K, 5 young (5120K), 5 survivors (5120K)
 Metaspace       used 38470K, committed 38912K, reserved 1114112K
  class space    used 4837K, committed 5056K, reserved 1048576K
}
Event: 1.668 GC heap before
{Heap before GC invocations=15 (full 0):
 garbage-first heap   total 83968K, used 60149K [0x00000000c0000000, 0x0000000100000000)
  region size 1024K, 32 young (32768K), 5 survivors (5120K)
 Metaspace       used 38723K, committed 39168K, reserved 1114112K
  class space    used 4846K, committed 5056K, reserved 1048576K
}
Event: 1.676 GC heap after
{Heap after GC invocations=16 (full 0):
 garbage-first heap   total 83968K, used 40734K [0x00000000c0000000, 0x0000000100000000)
  region size 1024K, 4 young (4096K), 4 survivors (4096K)
 Metaspace       used 38723K, committed 39168K, reserved 1114112K
  class space    used 4846K, committed 5056K, reserved 1048576K
}
Event: 1.695 GC heap before
{Heap before GC invocations=16 (full 0):
 garbage-first heap   total 83968K, used 61214K [0x00000000c0000000, 0x0000000100000000)
  region size 1024K, 24 young (24576K), 4 survivors (4096K)
 Metaspace       used 38974K, committed 39360K, reserved 1114112K
  class space    used 4869K, committed 5056K, reserved 1048576K
}
Event: 1.699 GC heap after
{Heap after GC invocations=17 (full 0):
 garbage-first heap   total 83968K, used 44630K [0x00000000c0000000, 0x0000000100000000)
  region size 1024K, 3 young (3072K), 3 survivors (3072K)
 Metaspace       used 38974K, committed 39360K, reserved 1114112K
  class space    used 4869K, committed 5056K, reserved 1048576K
}
Event: 1.716 GC heap before
{Heap before GC invocations=17 (full 0):
 garbage-first heap   total 83968K, used 63062K [0x00000000c0000000, 0x0000000100000000)
  region size 1024K, 21 young (21504K), 3 survivors (3072K)
 Metaspace       used 39295K, committed 39744K, reserved 1114112K
  class space    used 4910K, committed 5120K, reserved 1048576K
}
Event: 1.721 GC heap after
{Heap after GC invocations=18 (full 0):
 garbage-first heap   total 195584K, used 47808K [0x00000000c0000000, 0x0000000100000000)
  region size 1024K, 3 young (3072K), 3 survivors (3072K)
 Metaspace       used 39295K, committed 39744K, reserved 1114112K
  class space    used 4910K, committed 5120K, reserved 1048576K
}
Event: 1.860 GC heap before
{Heap before GC invocations=19 (full 0):
 garbage-first heap   total 194560K, used 132800K [0x00000000c0000000, 0x0000000100000000)
  region size 1024K, 85 young (87040K), 3 survivors (3072K)
 Metaspace       used 41306K, committed 41728K, reserved 1114112K
  class space    used 5065K, committed 5248K, reserved 1048576K
}
Event: 1.885 GC heap after
{Heap after GC invocations=20 (full 0):
 garbage-first heap   total 194560K, used 69032K [0x00000000c0000000, 0x0000000100000000)
  region size 1024K, 11 young (11264K), 11 survivors (11264K)
 Metaspace       used 41306K, committed 41728K, reserved 1114112K
  class space    used 5065K, committed 5248K, reserved 1048576K
}
Event: 1.886 GC heap before
{Heap before GC invocations=20 (full 0):
 garbage-first heap   total 194560K, used 69032K [0x00000000c0000000, 0x0000000100000000)
  region size 1024K, 12 young (12288K), 11 survivors (11264K)
 Metaspace       used 41306K, committed 41728K, reserved 1114112K
  class space    used 5065K, committed 5248K, reserved 1048576K
}
Event: 1.892 GC heap after
{Heap after GC invocations=21 (full 0):
 garbage-first heap   total 194560K, used 70681K [0x00000000c0000000, 0x0000000100000000)
  region size 1024K, 2 young (2048K), 2 survivors (2048K)
 Metaspace       used 41306K, committed 41728K, reserved 1114112K
  class space    used 5065K, committed 5248K, reserved 1048576K
}
Event: 1.905 GC heap before
{Heap before GC invocations=21 (full 0):
 garbage-first heap   total 194560K, used 121881K [0x00000000c0000000, 0x0000000100000000)
  region size 1024K, 53 young (54272K), 2 survivors (2048K)
 Metaspace       used 41322K, committed 41728K, reserved 1114112K
  class space    used 5067K, committed 5248K, reserved 1048576K
}
Event: 1.906 GC heap after
{Heap after GC invocations=22 (full 0):
 garbage-first heap   total 194560K, used 71960K [0x00000000c0000000, 0x0000000100000000)
  region size 1024K, 3 young (3072K), 3 survivors (3072K)
 Metaspace       used 41322K, committed 41728K, reserved 1114112K
  class space    used 5067K, committed 5248K, reserved 1048576K
}
Event: 1.920 GC heap before
{Heap before GC invocations=22 (full 0):
 garbage-first heap   total 194560K, used 129304K [0x00000000c0000000, 0x0000000100000000)
  region size 1024K, 60 young (61440K), 3 survivors (3072K)
 Metaspace       used 41346K, committed 41728K, reserved 1114112K
  class space    used 5076K, committed 5248K, reserved 1048576K
}
Event: 1.922 GC heap after
{Heap after GC invocations=23 (full 0):
 garbage-first heap   total 194560K, used 74127K [0x00000000c0000000, 0x0000000100000000)
  region size 1024K, 6 young (6144K), 6 survivors (6144K)
 Metaspace       used 41346K, committed 41728K, reserved 1114112K
  class space    used 5076K, committed 5248K, reserved 1048576K
}
Event: 1.938 GC heap before
{Heap before GC invocations=23 (full 0):
 garbage-first heap   total 194560K, used 138639K [0x00000000c0000000, 0x0000000100000000)
  region size 1024K, 70 young (71680K), 6 survivors (6144K)
 Metaspace       used 41440K, committed 41792K, reserved 1114112K
  class space    used 5086K, committed 5248K, reserved 1048576K
}

