# JRE version: OpenJDK Runtime Environment Temurin-17.0.7+7 (17.0.7+7) (build 17.0.7+7)
# Java VM: OpenJDK 64-Bit Server VM Temurin-17.0.7+7 (17.0.7+7, mixed mode, emulated-client, tiered, compressed oops, compressed class ptrs, g1 gc, windows-amd64)
GC Precious Log:
 CPUs: 12 total, 12 available
 Memory: 7930M
 Large Page Support: Disabled
 NUMA Support: Disabled
 Compressed Oops: Enabled (32-bit)
 Heap Region Size: 1M
 Heap Min Capacity: 8M
 Heap Initial Capacity: 124M
 Heap Max Capacity: 1G
 Pre-touch: Disabled
 Parallel Workers: 10
 Concurrent Workers: 3
 Concurrent Refinement Workers: 10
 Periodic GC: Disabled
Heap:
 garbage-first heap   total 206848K, used 79278K [0x00000000c0000000, 0x0000000100000000)
  region size 1024K, 9 young (9216K), 9 survivors (9216K)
 Metaspace       used 41467K, committed 41920K, reserved 1114112K
  class space    used 5086K, committed 5248K, reserved 1048576K
GC Heap History (20 events):
Event: 1.658 GC heap after
{Heap after GC invocations=11 (full 0):
 garbage-first heap   total 57344K, used 20785K [0x00000000c0000000, 0x0000000100000000)
  region size 1024K, 4 young (4096K), 4 survivors (4096K)
 Metaspace       used 37946K, committed 38400K, reserved 1114112K
  class space    used 4783K, committed 4992K, reserved 1048576K
}
Event: 1.684 GC heap before
{Heap before GC invocations=11 (full 0):
 garbage-first heap   total 57344K, used 41265K [0x00000000c0000000, 0x0000000100000000)
  region size 1024K, 25 young (25600K), 4 survivors (4096K)
 Metaspace       used 37946K, committed 38400K, reserved 1114112K
  class space    used 4783K, committed 4992K, reserved 1048576K
}
Event: 1.689 GC heap after
{Heap after GC invocations=12 (full 0):
 garbage-first heap   total 57344K, used 25092K [0x00000000c0000000, 0x0000000100000000)
  region size 1024K, 4 young (4096K), 4 survivors (4096K)
 Metaspace       used 37946K, committed 38400K, reserved 1114112K
  class space    used 4783K, committed 4992K, reserved 1048576K
}
Event: 1.713 GC heap before
{Heap before GC invocations=12 (full 0):
 garbage-first heap   total 57344K, used 41476K [0x00000000c0000000, 0x0000000100000000)
  region size 1024K, 21 young (21504K), 4 survivors (4096K)
 Metaspace       used 38071K, committed 38464K, reserved 1114112K
  class space    used 4801K, committed 4992K, reserved 1048576K
}
Event: 1.717 GC heap after
{Heap after GC invocations=13 (full 0):
 garbage-first heap   total 96256K, used 29565K [0x00000000c0000000, 0x0000000100000000)
  region size 1024K, 3 young (3072K), 3 survivors (3072K)
 Metaspace       used 38071K, committed 38464K, reserved 1114112K
  class space    used 4801K, committed 4992K, reserved 1048576K
}
Event: 1.766 GC heap before
{Heap before GC invocations=13 (full 0):
 garbage-first heap   total 96256K, used 67453K [0x00000000c0000000, 0x0000000100000000)
  region size 1024K, 41 young (41984K), 3 survivors (3072K)
 Metaspace       used 38759K, committed 39168K, reserved 1114112K
  class space    used 4856K, committed 5056K, reserved 1048576K
}
Event: 1.773 GC heap after
{Heap after GC invocations=14 (full 0):
 garbage-first heap   total 96256K, used 35961K [0x00000000c0000000, 0x0000000100000000)
  region size 1024K, 6 young (6144K), 6 survivors (6144K)
 Metaspace       used 38759K, committed 39168K, reserved 1114112K
  class space    used 4856K, committed 5056K, reserved 1048576K
}
Event: 1.801 GC heap before
{Heap before GC invocations=14 (full 0):
 garbage-first heap   total 96256K, used 66681K [0x00000000c0000000, 0x0000000100000000)
  region size 1024K, 37 young (37888K), 6 survivors (6144K)
 Metaspace       used 39066K, committed 39424K, reserved 1114112K
  class space    used 4883K, committed 5056K, reserved 1048576K
}
Event: 1.809 GC heap after
{Heap after GC invocations=15 (full 0):
 garbage-first heap   total 96256K, used 44291K [0x00000000c0000000, 0x0000000100000000)
  region size 1024K, 5 young (5120K), 5 survivors (5120K)
 Metaspace       used 39066K, committed 39424K, reserved 1114112K
  class space    used 4883K, committed 5056K, reserved 1048576K
}
Event: 1.851 GC heap before
{Heap before GC invocations=15 (full 0):
 garbage-first heap   total 96256K, used 68867K [0x00000000c0000000, 0x0000000100000000)
  region size 1024K, 30 young (30720K), 5 survivors (5120K)
 Metaspace       used 39714K, committed 40128K, reserved 1114112K
  class space    used 4945K, committed 5120K, reserved 1048576K
}
Event: 1.857 GC heap after
{Heap after GC invocations=16 (full 0):
 garbage-first heap   total 96256K, used 49379K [0x00000000c0000000, 0x0000000100000000)
  region size 1024K, 4 young (4096K), 4 survivors (4096K)
 Metaspace       used 39714K, committed 40128K, reserved 1114112K
  class space    used 4945K, committed 5120K, reserved 1048576K
}
Event: 1.914 GC heap before
{Heap before GC invocations=16 (full 0):
 garbage-first heap   total 96256K, used 65763K [0x00000000c0000000, 0x0000000100000000)
  region size 1024K, 22 young (22528K), 4 survivors (4096K)
 Metaspace       used 40534K, committed 40960K, reserved 1114112K
  class space    used 4987K, committed 5184K, reserved 1048576K
}
Event: 1.918 GC heap after
{Heap after GC invocations=17 (full 0):
 garbage-first heap   total 206848K, used 53224K [0x00000000c0000000, 0x0000000100000000)
  region size 1024K, 4 young (4096K), 4 survivors (4096K)
 Metaspace       used 40534K, committed 40960K, reserved 1114112K
  class space    used 4987K, committed 5184K, reserved 1048576K
}
Event: 1.985 GC heap before
{Heap before GC invocations=17 (full 0):
 garbage-first heap   total 206848K, used 138216K [0x00000000c0000000, 0x0000000100000000)
  region size 1024K, 86 young (88064K), 4 survivors (4096K)
 Metaspace       used 41300K, committed 41728K, reserved 1114112K
  class space    used 5064K, committed 5248K, reserved 1048576K
}
Event: 2.008 GC heap after
{Heap after GC invocations=18 (full 0):
 garbage-first heap   total 206848K, used 69907K [0x00000000c0000000, 0x0000000100000000)
  region size 1024K, 11 young (11264K), 11 survivors (11264K)
 Metaspace       used 41300K, committed 41728K, reserved 1114112K
  class space    used 5064K, committed 5248K, reserved 1048576K
}
Event: 2.024 GC heap before
{Heap before GC invocations=18 (full 0):
 garbage-first heap   total 206848K, used 137490K [0x00000000c0000000, 0x0000000100000000)
  region size 1024K, 78 young (79872K), 11 survivors (11264K)
 Metaspace       used 41305K, committed 41792K, reserved 1114112K
  class space    used 5064K, committed 5248K, reserved 1048576K
}
Event: 2.031 GC heap after
{Heap after GC invocations=19 (full 0):
 garbage-first heap   total 206848K, used 74135K [0x00000000c0000000, 0x0000000100000000)
  region size 1024K, 4 young (4096K), 4 survivors (4096K)
 Metaspace       used 41305K, committed 41792K, reserved 1114112K
  class space    used 5064K, committed 5248K, reserved 1048576K
}
Event: 2.048 GC heap before
{Heap before GC invocations=19 (full 0):
 garbage-first heap   total 206848K, used 143767K [0x00000000c0000000, 0x0000000100000000)
  region size 1024K, 73 young (74752K), 4 survivors (4096K)
 Metaspace       used 41321K, committed 41792K, reserved 1114112K
  class space    used 5072K, committed 5248K, reserved 1048576K
}
Event: 2.051 GC heap after
{Heap after GC invocations=20 (full 0):
 garbage-first heap   total 206848K, used 76158K [0x00000000c0000000, 0x0000000100000000)
  region size 1024K, 6 young (6144K), 6 survivors (6144K)
 Metaspace       used 41321K, committed 41792K, reserved 1114112K
  class space    used 5072K, committed 5248K, reserved 1048576K
}
Event: 2.069 GC heap before
{Heap before GC invocations=20 (full 0):
 garbage-first heap   total 206848K, used 151934K [0x00000000c0000000, 0x0000000100000000)
  region size 1024K, 81 young (82944K), 6 survivors (6144K)
 Metaspace       used 41467K, committed 41920K, reserved 1114112K
  class space    used 5086K, committed 5248K, reserved 1048576K
}

