# JRE version: OpenJDK Runtime Environment Temurin-17.0.7+7 (17.0.7+7) (build 17.0.7+7)
# Java VM: OpenJDK 64-Bit Server VM Temurin-17.0.7+7 (17.0.7+7, mixed mode, emulated-client, tiered, compressed oops, compressed class ptrs, g1 gc, windows-amd64)
GC Precious Log:
 CPUs: 12 total, 12 available
 Memory: 7930M
 Large Page Support: Disabled
 NUMA Support: Disabled
 Compressed Oops: Enabled (32-bit)
 Heap Region Size: 1M
 Heap Min Capacity: 8M
 Heap Initial Capacity: 124M
 Heap Max Capacity: 1G
 Pre-touch: Disabled
 Parallel Workers: 10
 Concurrent Workers: 3
 Concurrent Refinement Workers: 10
 Periodic GC: Disabled
Heap:
 garbage-first heap   total 158720K, used 80742K [0x00000000c0000000, 0x0000000100000000)
  region size 1024K, 4 young (4096K), 4 survivors (4096K)
 Metaspace       used 41428K, committed 41792K, reserved 1114112K
  class space    used 5095K, committed 5248K, reserved 1048576K
GC Heap History (20 events):
Event: 1.552 GC heap after
{Heap after GC invocations=11 (full 0):
 garbage-first heap   total 61440K, used 21705K [0x00000000c0000000, 0x0000000100000000)
  region size 1024K, 4 young (4096K), 4 survivors (4096K)
 Metaspace       used 37899K, committed 38336K, reserved 1114112K
  class space    used 4774K, committed 4992K, reserved 1048576K
}
Event: 1.584 GC heap before
{Heap before GC invocations=11 (full 0):
 garbage-first heap   total 61440K, used 43208K [0x00000000c0000000, 0x0000000100000000)
  region size 1024K, 26 young (26624K), 4 survivors (4096K)
 Metaspace       used 37900K, committed 38336K, reserved 1114112K
  class space    used 4774K, committed 4992K, reserved 1048576K
}
Event: 1.589 GC heap after
{Heap after GC invocations=12 (full 0):
 garbage-first heap   total 61440K, used 26940K [0x00000000c0000000, 0x0000000100000000)
  region size 1024K, 4 young (4096K), 4 survivors (4096K)
 Metaspace       used 37900K, committed 38336K, reserved 1114112K
  class space    used 4774K, committed 4992K, reserved 1048576K
}
Event: 1.617 GC heap before
{Heap before GC invocations=12 (full 0):
 garbage-first heap   total 61440K, used 43324K [0x00000000c0000000, 0x0000000100000000)
  region size 1024K, 21 young (21504K), 4 survivors (4096K)
 Metaspace       used 38207K, committed 38592K, reserved 1114112K
  class space    used 4819K, committed 4992K, reserved 1048576K
}
Event: 1.622 GC heap after
{Heap after GC invocations=13 (full 0):
 garbage-first heap   total 61440K, used 29899K [0x00000000c0000000, 0x0000000100000000)
  region size 1024K, 3 young (3072K), 3 survivors (3072K)
 Metaspace       used 38207K, committed 38592K, reserved 1114112K
  class space    used 4819K, committed 4992K, reserved 1048576K
}
Event: 1.640 GC heap before
{Heap before GC invocations=13 (full 0):
 garbage-first heap   total 61440K, used 43211K [0x00000000c0000000, 0x0000000100000000)
  region size 1024K, 17 young (17408K), 3 survivors (3072K)
 Metaspace       used 38463K, committed 38912K, reserved 1114112K
  class space    used 4837K, committed 5056K, reserved 1048576K
}
Event: 1.644 GC heap after
{Heap after GC invocations=14 (full 0):
 garbage-first heap   total 61440K, used 32781K [0x00000000c0000000, 0x0000000100000000)
  region size 1024K, 3 young (3072K), 3 survivors (3072K)
 Metaspace       used 38463K, committed 38912K, reserved 1114112K
  class space    used 4837K, committed 5056K, reserved 1048576K
}
Event: 1.667 GC heap before
{Heap before GC invocations=15 (full 0):
 garbage-first heap   total 70656K, used 46093K [0x00000000c0000000, 0x0000000100000000)
  region size 1024K, 16 young (16384K), 3 survivors (3072K)
 Metaspace       used 38749K, committed 39168K, reserved 1114112K
  class space    used 4856K, committed 5056K, reserved 1048576K
}
Event: 1.670 GC heap after
{Heap after GC invocations=16 (full 0):
 garbage-first heap   total 70656K, used 34737K [0x00000000c0000000, 0x0000000100000000)
  region size 1024K, 2 young (2048K), 2 survivors (2048K)
 Metaspace       used 38749K, committed 39168K, reserved 1114112K
  class space    used 4856K, committed 5056K, reserved 1048576K
}
Event: 1.689 GC heap before
{Heap before GC invocations=16 (full 0):
 garbage-first heap   total 70656K, used 52145K [0x00000000c0000000, 0x0000000100000000)
  region size 1024K, 20 young (20480K), 2 survivors (2048K)
 Metaspace       used 38900K, committed 39296K, reserved 1114112K
  class space    used 4866K, committed 5056K, reserved 1048576K
}
Event: 1.695 GC heap after
{Heap after GC invocations=17 (full 0):
 garbage-first heap   total 158720K, used 40900K [0x00000000c0000000, 0x0000000100000000)
  region size 1024K, 3 young (3072K), 3 survivors (3072K)
 Metaspace       used 38900K, committed 39296K, reserved 1114112K
  class space    used 4866K, committed 5056K, reserved 1048576K
}
Event: 1.827 GC heap before
{Heap before GC invocations=18 (full 0):
 garbage-first heap   total 158720K, used 103364K [0x00000000c0000000, 0x0000000100000000)
  region size 1024K, 65 young (66560K), 3 survivors (3072K)
 Metaspace       used 40788K, committed 41152K, reserved 1114112K
  class space    used 5008K, committed 5184K, reserved 1048576K
}
Event: 1.836 GC heap after
{Heap after GC invocations=19 (full 0):
 garbage-first heap   total 158720K, used 51735K [0x00000000c0000000, 0x0000000100000000)
  region size 1024K, 9 young (9216K), 9 survivors (9216K)
 Metaspace       used 40788K, committed 41152K, reserved 1114112K
  class space    used 5008K, committed 5184K, reserved 1048576K
}
Event: 1.903 GC heap before
{Heap before GC invocations=19 (full 0):
 garbage-first heap   total 158720K, used 109079K [0x00000000c0000000, 0x0000000100000000)
  region size 1024K, 63 young (64512K), 9 survivors (9216K)
 Metaspace       used 41374K, committed 41792K, reserved 1114112K
  class space    used 5086K, committed 5248K, reserved 1048576K
}
Event: 1.931 GC heap after
{Heap after GC invocations=20 (full 0):
 garbage-first heap   total 158720K, used 73234K [0x00000000c0000000, 0x0000000100000000)
  region size 1024K, 8 young (8192K), 8 survivors (8192K)
 Metaspace       used 41374K, committed 41792K, reserved 1114112K
  class space    used 5086K, committed 5248K, reserved 1048576K
}
Event: 1.940 GC heap before
{Heap before GC invocations=20 (full 0):
 garbage-first heap   total 158720K, used 109074K [0x00000000c0000000, 0x0000000100000000)
  region size 1024K, 44 young (45056K), 8 survivors (8192K)
 Metaspace       used 41395K, committed 41792K, reserved 1114112K
  class space    used 5087K, committed 5248K, reserved 1048576K
}
Event: 1.944 GC heap after
{Heap after GC invocations=21 (full 0):
 garbage-first heap   total 158720K, used 77559K [0x00000000c0000000, 0x0000000100000000)
  region size 1024K, 3 young (3072K), 3 survivors (3072K)
 Metaspace       used 41395K, committed 41792K, reserved 1114112K
  class space    used 5087K, committed 5248K, reserved 1048576K
}
Event: 1.953 GC heap before
{Heap before GC invocations=21 (full 0):
 garbage-first heap   total 158720K, used 115447K [0x00000000c0000000, 0x0000000100000000)
  region size 1024K, 41 young (41984K), 3 survivors (3072K)
 Metaspace       used 41408K, committed 41792K, reserved 1114112K
  class space    used 5088K, committed 5248K, reserved 1048576K
}
Event: 1.955 GC heap after
{Heap after GC invocations=22 (full 0):
 garbage-first heap   total 158720K, used 78791K [0x00000000c0000000, 0x0000000100000000)
  region size 1024K, 4 young (4096K), 4 survivors (4096K)
 Metaspace       used 41408K, committed 41792K, reserved 1114112K
  class space    used 5088K, committed 5248K, reserved 1048576K
}
Event: 1.965 GC heap before
{Heap before GC invocations=22 (full 0):
 garbage-first heap   total 158720K, used 119751K [0x00000000c0000000, 0x0000000100000000)
  region size 1024K, 45 young (46080K), 4 survivors (4096K)
 Metaspace       used 41428K, committed 41792K, reserved 1114112K
  class space    used 5095K, committed 5248K, reserved 1048576K
}

