# JRE version: OpenJDK Runtime Environment Temurin-17.0.7+7 (17.0.7+7) (build 17.0.7+7)
# Java VM: OpenJDK 64-Bit Server VM Temurin-17.0.7+7 (17.0.7+7, mixed mode, emulated-client, tiered, compressed oops, compressed class ptrs, g1 gc, windows-amd64)
GC Precious Log:
 CPUs: 12 total, 12 available
 Memory: 7930M
 Large Page Support: Disabled
 NUMA Support: Disabled
 Compressed Oops: Enabled (32-bit)
 Heap Region Size: 1M
 Heap Min Capacity: 8M
 Heap Initial Capacity: 124M
 Heap Max Capacity: 1G
 Pre-touch: Disabled
 Parallel Workers: 10
 Concurrent Workers: 3
 Concurrent Refinement Workers: 10
 Periodic GC: Disabled
Heap:
 garbage-first heap   total 186368K, used 78488K [0x00000000c0000000, 0x0000000100000000)
  region size 1024K, 6 young (6144K), 6 survivors (6144K)
 Metaspace       used 41525K, committed 41920K, reserved 1114112K
  class space    used 5113K, committed 5312K, reserved 1048576K
GC Heap History (20 events):
Event: 1.566 GC heap after
{Heap after GC invocations=11 (full 0):
 garbage-first heap   total 63488K, used 22251K [0x00000000c0000000, 0x0000000100000000)
  region size 1024K, 4 young (4096K), 4 survivors (4096K)
 Metaspace       used 37985K, committed 38464K, reserved 1114112K
  class space    used 4793K, committed 4992K, reserved 1048576K
}
Event: 1.591 GC heap before
{Heap before GC invocations=11 (full 0):
 garbage-first heap   total 63488K, used 44779K [0x00000000c0000000, 0x0000000100000000)
  region size 1024K, 27 young (27648K), 4 survivors (4096K)
 Metaspace       used 38009K, committed 38464K, reserved 1114112K
  class space    used 4798K, committed 4992K, reserved 1048576K
}
Event: 1.596 GC heap after
{Heap after GC invocations=12 (full 0):
 garbage-first heap   total 77824K, used 26981K [0x00000000c0000000, 0x0000000100000000)
  region size 1024K, 4 young (4096K), 4 survivors (4096K)
 Metaspace       used 38009K, committed 38464K, reserved 1114112K
  class space    used 4798K, committed 4992K, reserved 1048576K
}
Event: 1.634 GC heap before
{Heap before GC invocations=12 (full 0):
 garbage-first heap   total 77824K, used 54629K [0x00000000c0000000, 0x0000000100000000)
  region size 1024K, 32 young (32768K), 4 survivors (4096K)
 Metaspace       used 38633K, committed 39040K, reserved 1114112K
  class space    used 4858K, committed 5056K, reserved 1048576K
}
Event: 1.640 GC heap after
{Heap after GC invocations=13 (full 0):
 garbage-first heap   total 77824K, used 31993K [0x00000000c0000000, 0x0000000100000000)
  region size 1024K, 4 young (4096K), 4 survivors (4096K)
 Metaspace       used 38633K, committed 39040K, reserved 1114112K
  class space    used 4858K, committed 5056K, reserved 1048576K
}
Event: 1.664 GC heap before
{Heap before GC invocations=13 (full 0):
 garbage-first heap   total 77824K, used 56569K [0x00000000c0000000, 0x0000000100000000)
  region size 1024K, 28 young (28672K), 4 survivors (4096K)
 Metaspace       used 38947K, committed 39360K, reserved 1114112K
  class space    used 4877K, committed 5056K, reserved 1048576K
}
Event: 1.668 GC heap after
{Heap after GC invocations=14 (full 0):
 garbage-first heap   total 77824K, used 37393K [0x00000000c0000000, 0x0000000100000000)
  region size 1024K, 4 young (4096K), 4 survivors (4096K)
 Metaspace       used 38947K, committed 39360K, reserved 1114112K
  class space    used 4877K, committed 5056K, reserved 1048576K
}
Event: 1.682 GC heap before
{Heap before GC invocations=14 (full 0):
 garbage-first heap   total 77824K, used 55825K [0x00000000c0000000, 0x0000000100000000)
  region size 1024K, 23 young (23552K), 4 survivors (4096K)
 Metaspace       used 39158K, committed 39616K, reserved 1114112K
  class space    used 4900K, committed 5120K, reserved 1048576K
}
Event: 1.689 GC heap after
{Heap after GC invocations=15 (full 0):
 garbage-first heap   total 77824K, used 43189K [0x00000000c0000000, 0x0000000100000000)
  region size 1024K, 3 young (3072K), 3 survivors (3072K)
 Metaspace       used 39158K, committed 39616K, reserved 1114112K
  class space    used 4900K, committed 5120K, reserved 1048576K
}
Event: 1.703 GC heap before
{Heap before GC invocations=15 (full 0):
 garbage-first heap   total 77824K, used 58549K [0x00000000c0000000, 0x0000000100000000)
  region size 1024K, 18 young (18432K), 3 survivors (3072K)
 Metaspace       used 39475K, committed 39872K, reserved 1114112K
  class space    used 4936K, committed 5120K, reserved 1048576K
}
Event: 1.707 GC heap after
{Heap after GC invocations=16 (full 0):
 garbage-first heap   total 186368K, used 45995K [0x00000000c0000000, 0x0000000100000000)
  region size 1024K, 3 young (3072K), 3 survivors (3072K)
 Metaspace       used 39475K, committed 39872K, reserved 1114112K
  class space    used 4936K, committed 5120K, reserved 1048576K
}
Event: 1.838 GC heap before
{Heap before GC invocations=17 (full 0):
 garbage-first heap   total 186368K, used 124843K [0x00000000c0000000, 0x0000000100000000)
  region size 1024K, 79 young (80896K), 3 survivors (3072K)
 Metaspace       used 41442K, committed 41856K, reserved 1114112K
  class space    used 5098K, committed 5312K, reserved 1048576K
}
Event: 1.874 GC heap after
{Heap after GC invocations=18 (full 0):
 garbage-first heap   total 186368K, used 68326K [0x00000000c0000000, 0x0000000100000000)
  region size 1024K, 10 young (10240K), 10 survivors (10240K)
 Metaspace       used 41442K, committed 41856K, reserved 1114112K
  class space    used 5098K, committed 5312K, reserved 1048576K
}
Event: 1.889 GC heap before
{Heap before GC invocations=18 (full 0):
 garbage-first heap   total 186368K, used 118502K [0x00000000c0000000, 0x0000000100000000)
  region size 1024K, 60 young (61440K), 10 survivors (10240K)
 Metaspace       used 41451K, committed 41856K, reserved 1114112K
  class space    used 5100K, committed 5312K, reserved 1048576K
}
Event: 1.896 GC heap after
{Heap after GC invocations=19 (full 0):
 garbage-first heap   total 186368K, used 71458K [0x00000000c0000000, 0x0000000100000000)
  region size 1024K, 3 young (3072K), 3 survivors (3072K)
 Metaspace       used 41451K, committed 41856K, reserved 1114112K
  class space    used 5100K, committed 5312K, reserved 1048576K
}
Event: 1.908 GC heap before
{Heap before GC invocations=19 (full 0):
 garbage-first heap   total 186368K, used 126754K [0x00000000c0000000, 0x0000000100000000)
  region size 1024K, 58 young (59392K), 3 survivors (3072K)
 Metaspace       used 41462K, committed 41920K, reserved 1114112K
  class space    used 5102K, committed 5312K, reserved 1048576K
}
Event: 1.911 GC heap after
{Heap after GC invocations=20 (full 0):
 garbage-first heap   total 186368K, used 73662K [0x00000000c0000000, 0x0000000100000000)
  region size 1024K, 5 young (5120K), 5 survivors (5120K)
 Metaspace       used 41462K, committed 41920K, reserved 1114112K
  class space    used 5102K, committed 5312K, reserved 1048576K
}
Event: 1.923 GC heap before
{Heap before GC invocations=20 (full 0):
 garbage-first heap   total 186368K, used 135102K [0x00000000c0000000, 0x0000000100000000)
  region size 1024K, 66 young (67584K), 5 survivors (5120K)
 Metaspace       used 41469K, committed 41920K, reserved 1114112K
  class space    used 5103K, committed 5312K, reserved 1048576K
}
Event: 1.926 GC heap after
{Heap after GC invocations=21 (full 0):
 garbage-first heap   total 186368K, used 76191K [0x00000000c0000000, 0x0000000100000000)
  region size 1024K, 8 young (8192K), 8 survivors (8192K)
 Metaspace       used 41469K, committed 41920K, reserved 1114112K
  class space    used 5103K, committed 5312K, reserved 1048576K
}
Event: 1.941 GC heap before
{Heap before GC invocations=21 (full 0):
 garbage-first heap   total 186368K, used 139679K [0x00000000c0000000, 0x0000000100000000)
  region size 1024K, 71 young (72704K), 8 survivors (8192K)
 Metaspace       used 41525K, committed 41920K, reserved 1114112K
  class space    used 5113K, committed 5312K, reserved 1048576K
}

