# JRE version: OpenJDK Runtime Environment Temurin-17.0.7+7 (17.0.7+7) (build 17.0.7+7)
# Java VM: OpenJDK 64-Bit Server VM Temurin-17.0.7+7 (17.0.7+7, mixed mode, emulated-client, tiered, compressed oops, compressed class ptrs, g1 gc, windows-amd64)
GC Precious Log:
 CPUs: 12 total, 12 available
 Memory: 7930M
 Large Page Support: Disabled
 NUMA Support: Disabled
 Compressed Oops: Enabled (32-bit)
 Heap Region Size: 1M
 Heap Min Capacity: 8M
 Heap Initial Capacity: 124M
 Heap Max Capacity: 1G
 Pre-touch: Disabled
 Parallel Workers: 10
 Concurrent Workers: 3
 Concurrent Refinement Workers: 10
 Periodic GC: Disabled
Heap:
 garbage-first heap   total 414720K, used 113942K [0x00000000c0000000, 0x0000000100000000)
  region size 1024K, 22 young (22528K), 22 survivors (22528K)
 Metaspace       used 41769K, committed 42240K, reserved 1114112K
  class space    used 5153K, committed 5376K, reserved 1048576K
GC Heap History (20 events):
Event: 2.219 GC heap after
{Heap after GC invocations=18 (full 0):
 garbage-first heap   total 139264K, used 35009K [0x00000000c0000000, 0x0000000100000000)
  region size 1024K, 2 young (2048K), 2 survivors (2048K)
 Metaspace       used 38175K, committed 38592K, reserved 1114112K
  class space    used 4815K, committed 4992K, reserved 1048576K
}
Event: 2.299 GC heap before
{Heap before GC invocations=19 (full 0):
 garbage-first heap   total 139264K, used 96449K [0x00000000c0000000, 0x0000000100000000)
  region size 1024K, 63 young (64512K), 2 survivors (2048K)
 Metaspace       used 39072K, committed 39488K, reserved 1114112K
  class space    used 4881K, committed 5056K, reserved 1048576K
}
Event: 2.312 GC heap after
{Heap after GC invocations=20 (full 0):
 garbage-first heap   total 139264K, used 48786K [0x00000000c0000000, 0x0000000100000000)
  region size 1024K, 8 young (8192K), 8 survivors (8192K)
 Metaspace       used 39072K, committed 39488K, reserved 1114112K
  class space    used 4881K, committed 5056K, reserved 1048576K
}
Event: 2.421 GC heap before
{Heap before GC invocations=20 (full 0):
 garbage-first heap   total 139264K, used 90770K [0x00000000c0000000, 0x0000000100000000)
  region size 1024K, 49 young (50176K), 8 survivors (8192K)
 Metaspace       used 40882K, committed 41280K, reserved 1114112K
  class space    used 5013K, committed 5184K, reserved 1048576K
}
Event: 2.435 GC heap after
{Heap after GC invocations=21 (full 0):
 garbage-first heap   total 139264K, used 61174K [0x00000000c0000000, 0x0000000100000000)
  region size 1024K, 7 young (7168K), 7 survivors (7168K)
 Metaspace       used 40882K, committed 41280K, reserved 1114112K
  class space    used 5013K, committed 5184K, reserved 1048576K
}
Event: 2.464 GC heap before
{Heap before GC invocations=21 (full 0):
 garbage-first heap   total 139264K, used 98038K [0x00000000c0000000, 0x0000000100000000)
  region size 1024K, 43 young (44032K), 7 survivors (7168K)
 Metaspace       used 41219K, committed 41664K, reserved 1114112K
  class space    used 5052K, committed 5248K, reserved 1048576K
}
Event: 2.482 GC heap after
{Heap after GC invocations=22 (full 0):
 garbage-first heap   total 139264K, used 69326K [0x00000000c0000000, 0x0000000100000000)
  region size 1024K, 6 young (6144K), 6 survivors (6144K)
 Metaspace       used 41219K, committed 41664K, reserved 1114112K
  class space    used 5052K, committed 5248K, reserved 1048576K
}
Event: 2.492 GC heap before
{Heap before GC invocations=22 (full 0):
 garbage-first heap   total 139264K, used 102094K [0x00000000c0000000, 0x0000000100000000)
  region size 1024K, 39 young (39936K), 6 survivors (6144K)
 Metaspace       used 41234K, committed 41664K, reserved 1114112K
  class space    used 5052K, committed 5248K, reserved 1048576K
}
Event: 2.500 GC heap after
{Heap after GC invocations=23 (full 0):
 garbage-first heap   total 139264K, used 71987K [0x00000000c0000000, 0x0000000100000000)
  region size 1024K, 3 young (3072K), 3 survivors (3072K)
 Metaspace       used 41234K, committed 41664K, reserved 1114112K
  class space    used 5052K, committed 5248K, reserved 1048576K
}
Event: 2.512 GC heap before
{Heap before GC invocations=23 (full 0):
 garbage-first heap   total 139264K, used 104755K [0x00000000c0000000, 0x0000000100000000)
  region size 1024K, 36 young (36864K), 3 survivors (3072K)
 Metaspace       used 41248K, committed 41664K, reserved 1114112K
  class space    used 5058K, committed 5248K, reserved 1048576K
}
Event: 2.515 GC heap after
{Heap after GC invocations=24 (full 0):
 garbage-first heap   total 414720K, used 72774K [0x00000000c0000000, 0x0000000100000000)
  region size 1024K, 3 young (3072K), 3 survivors (3072K)
 Metaspace       used 41248K, committed 41664K, reserved 1114112K
  class space    used 5058K, committed 5248K, reserved 1048576K
}
Event: 2.596 GC heap before
{Heap before GC invocations=25 (full 0):
 garbage-first heap   total 414720K, used 239686K [0x00000000c0000000, 0x0000000100000000)
  region size 1024K, 168 young (172032K), 3 survivors (3072K)
 Metaspace       used 41467K, committed 41856K, reserved 1114112K
  class space    used 5093K, committed 5248K, reserved 1048576K
}
Event: 2.603 GC heap after
{Heap after GC invocations=26 (full 0):
 garbage-first heap   total 414720K, used 78457K [0x00000000c0000000, 0x0000000100000000)
  region size 1024K, 10 young (10240K), 10 survivors (10240K)
 Metaspace       used 41467K, committed 41856K, reserved 1114112K
  class space    used 5093K, committed 5248K, reserved 1048576K
}
Event: 2.606 GC heap before
{Heap before GC invocations=26 (full 0):
 garbage-first heap   total 414720K, used 87673K [0x00000000c0000000, 0x0000000100000000)
  region size 1024K, 20 young (20480K), 10 survivors (10240K)
 Metaspace       used 41471K, committed 41856K, reserved 1114112K
  class space    used 5094K, committed 5248K, reserved 1048576K
}
Event: 2.611 GC heap after
{Heap after GC invocations=27 (full 0):
 garbage-first heap   total 414720K, used 78297K [0x00000000c0000000, 0x0000000100000000)
  region size 1024K, 2 young (2048K), 2 survivors (2048K)
 Metaspace       used 41471K, committed 41856K, reserved 1114112K
  class space    used 5094K, committed 5248K, reserved 1048576K
}
Event: 2.685 GC heap before
{Heap before GC invocations=27 (full 0):
 garbage-first heap   total 414720K, used 307673K [0x00000000c0000000, 0x0000000100000000)
  region size 1024K, 226 young (231424K), 2 survivors (2048K)
 Metaspace       used 41582K, committed 42048K, reserved 1114112K
  class space    used 5118K, committed 5312K, reserved 1048576K
}
Event: 2.693 GC heap after
{Heap after GC invocations=28 (full 0):
 garbage-first heap   total 414720K, used 92179K [0x00000000c0000000, 0x0000000100000000)
  region size 1024K, 14 young (14336K), 14 survivors (14336K)
 Metaspace       used 41582K, committed 42048K, reserved 1114112K
  class space    used 5118K, committed 5312K, reserved 1048576K
}
Event: 2.770 GC heap before
{Heap before GC invocations=28 (full 0):
 garbage-first heap   total 414720K, used 311315K [0x00000000c0000000, 0x0000000100000000)
  region size 1024K, 229 young (234496K), 14 survivors (14336K)
 Metaspace       used 41680K, committed 42112K, reserved 1114112K
  class space    used 5130K, committed 5312K, reserved 1048576K
}
Event: 2.782 GC heap after
{Heap after GC invocations=29 (full 0):
 garbage-first heap   total 414720K, used 103443K [0x00000000c0000000, 0x0000000100000000)
  region size 1024K, 25 young (25600K), 25 survivors (25600K)
 Metaspace       used 41680K, committed 42112K, reserved 1114112K
  class space    used 5130K, committed 5312K, reserved 1048576K
}
Event: 2.843 GC heap before
{Heap before GC invocations=29 (full 0):
 garbage-first heap   total 414720K, used 319507K [0x00000000c0000000, 0x0000000100000000)
  region size 1024K, 237 young (242688K), 25 survivors (25600K)
 Metaspace       used 41769K, committed 42240K, reserved 1114112K
  class space    used 5153K, committed 5376K, reserved 1048576K
}

