# JRE version: OpenJDK Runtime Environment Temurin-17.0.7+7 (17.0.7+7) (build 17.0.7+7)
# Java VM: OpenJDK 64-Bit Server VM Temurin-17.0.7+7 (17.0.7+7, mixed mode, emulated-client, tiered, compressed oops, compressed class ptrs, g1 gc, windows-amd64)
GC Precious Log:
 CPUs: 12 total, 12 available
 Memory: 7930M
 Large Page Support: Disabled
 NUMA Support: Disabled
 Compressed Oops: Enabled (32-bit)
 Heap Region Size: 1M
 Heap Min Capacity: 8M
 Heap Initial Capacity: 124M
 Heap Max Capacity: 1G
 Pre-touch: Disabled
 Parallel Workers: 10
 Concurrent Workers: 3
 Concurrent Refinement Workers: 10
 Periodic GC: Disabled
Heap:
 garbage-first heap   total 221184K, used 81505K [0x00000000c0000000, 0x0000000100000000)
  region size 1024K, 10 young (10240K), 10 survivors (10240K)
 Metaspace       used 41546K, committed 42048K, reserved 1114112K
  class space    used 5109K, committed 5312K, reserved 1048576K
GC Heap History (20 events):
Event: 1.516 GC heap after
{Heap after GC invocations=11 (full 0):
 garbage-first heap   total 60416K, used 21930K [0x00000000c0000000, 0x0000000100000000)
  region size 1024K, 4 young (4096K), 4 survivors (4096K)
 Metaspace       used 37943K, committed 38400K, reserved 1114112K
  class space    used 4784K, committed 4992K, reserved 1048576K
}
Event: 1.540 GC heap before
{Heap before GC invocations=11 (full 0):
 garbage-first heap   total 60416K, used 43434K [0x00000000c0000000, 0x0000000100000000)
  region size 1024K, 26 young (26624K), 4 survivors (4096K)
 Metaspace       used 37943K, committed 38400K, reserved 1114112K
  class space    used 4784K, committed 4992K, reserved 1048576K
}
Event: 1.545 GC heap after
{Heap after GC invocations=12 (full 0):
 garbage-first heap   total 60416K, used 25934K [0x00000000c0000000, 0x0000000100000000)
  region size 1024K, 4 young (4096K), 4 survivors (4096K)
 Metaspace       used 37943K, committed 38400K, reserved 1114112K
  class space    used 4784K, committed 4992K, reserved 1048576K
}
Event: 1.571 GC heap before
{Heap before GC invocations=12 (full 0):
 garbage-first heap   total 60416K, used 43342K [0x00000000c0000000, 0x0000000100000000)
  region size 1024K, 22 young (22528K), 4 survivors (4096K)
 Metaspace       used 38102K, committed 38528K, reserved 1114112K
  class space    used 4810K, committed 4992K, reserved 1048576K
}
Event: 1.575 GC heap after
{Heap after GC invocations=13 (full 0):
 garbage-first heap   total 106496K, used 30380K [0x00000000c0000000, 0x0000000100000000)
  region size 1024K, 3 young (3072K), 3 survivors (3072K)
 Metaspace       used 38102K, committed 38528K, reserved 1114112K
  class space    used 4810K, committed 4992K, reserved 1048576K
}
Event: 1.626 GC heap before
{Heap before GC invocations=13 (full 0):
 garbage-first heap   total 106496K, used 72364K [0x00000000c0000000, 0x0000000100000000)
  region size 1024K, 45 young (46080K), 3 survivors (3072K)
 Metaspace       used 38904K, committed 39296K, reserved 1114112K
  class space    used 4868K, committed 5056K, reserved 1048576K
}
Event: 1.632 GC heap after
{Heap after GC invocations=14 (full 0):
 garbage-first heap   total 106496K, used 38090K [0x00000000c0000000, 0x0000000100000000)
  region size 1024K, 6 young (6144K), 6 survivors (6144K)
 Metaspace       used 38904K, committed 39296K, reserved 1114112K
  class space    used 4868K, committed 5056K, reserved 1048576K
}
Event: 1.664 GC heap before
{Heap before GC invocations=14 (full 0):
 garbage-first heap   total 106496K, used 72906K [0x00000000c0000000, 0x0000000100000000)
  region size 1024K, 41 young (41984K), 6 survivors (6144K)
 Metaspace       used 39429K, committed 39808K, reserved 1114112K
  class space    used 4926K, committed 5120K, reserved 1048576K
}
Event: 1.673 GC heap after
{Heap after GC invocations=15 (full 0):
 garbage-first heap   total 106496K, used 46231K [0x00000000c0000000, 0x0000000100000000)
  region size 1024K, 6 young (6144K), 6 survivors (6144K)
 Metaspace       used 39429K, committed 39808K, reserved 1114112K
  class space    used 4926K, committed 5120K, reserved 1048576K
}
Event: 1.735 GC heap before
{Heap before GC invocations=15 (full 0):
 garbage-first heap   total 106496K, used 75927K [0x00000000c0000000, 0x0000000100000000)
  region size 1024K, 36 young (36864K), 6 survivors (6144K)
 Metaspace       used 40566K, committed 41024K, reserved 1114112K
  class space    used 4991K, committed 5184K, reserved 1048576K
}
Event: 1.742 GC heap after
{Heap after GC invocations=16 (full 0):
 garbage-first heap   total 106496K, used 52503K [0x00000000c0000000, 0x0000000100000000)
  region size 1024K, 5 young (5120K), 5 survivors (5120K)
 Metaspace       used 40566K, committed 41024K, reserved 1114112K
  class space    used 4991K, committed 5184K, reserved 1048576K
}
Event: 1.748 GC heap before
{Heap before GC invocations=16 (full 0):
 garbage-first heap   total 106496K, used 54551K [0x00000000c0000000, 0x0000000100000000)
  region size 1024K, 8 young (8192K), 5 survivors (5120K)
 Metaspace       used 40696K, committed 41152K, reserved 1114112K
  class space    used 5002K, committed 5184K, reserved 1048576K
}
Event: 1.752 GC heap after
{Heap after GC invocations=17 (full 0):
 garbage-first heap   total 221184K, used 54483K [0x00000000c0000000, 0x0000000100000000)
  region size 1024K, 2 young (2048K), 2 survivors (2048K)
 Metaspace       used 40696K, committed 41152K, reserved 1114112K
  class space    used 5002K, committed 5184K, reserved 1048576K
}
Event: 1.824 GC heap before
{Heap before GC invocations=17 (full 0):
 garbage-first heap   total 221184K, used 145619K [0x00000000c0000000, 0x0000000100000000)
  region size 1024K, 90 young (92160K), 2 survivors (2048K)
 Metaspace       used 41427K, committed 41856K, reserved 1114112K
  class space    used 5090K, committed 5248K, reserved 1048576K
}
Event: 1.847 GC heap after
{Heap after GC invocations=18 (full 0):
 garbage-first heap   total 221184K, used 71538K [0x00000000c0000000, 0x0000000100000000)
  region size 1024K, 12 young (12288K), 12 survivors (12288K)
 Metaspace       used 41427K, committed 41856K, reserved 1114112K
  class space    used 5090K, committed 5248K, reserved 1048576K
}
Event: 1.863 GC heap before
{Heap before GC invocations=18 (full 0):
 garbage-first heap   total 221184K, used 144242K [0x00000000c0000000, 0x0000000100000000)
  region size 1024K, 84 young (86016K), 12 survivors (12288K)
 Metaspace       used 41529K, committed 41920K, reserved 1114112K
  class space    used 5104K, committed 5248K, reserved 1048576K
}
Event: 1.871 GC heap after
{Heap after GC invocations=19 (full 0):
 garbage-first heap   total 221184K, used 75621K [0x00000000c0000000, 0x0000000100000000)
  region size 1024K, 4 young (4096K), 4 survivors (4096K)
 Metaspace       used 41529K, committed 41920K, reserved 1114112K
  class space    used 5104K, committed 5248K, reserved 1048576K
}
Event: 1.886 GC heap before
{Heap before GC invocations=19 (full 0):
 garbage-first heap   total 221184K, used 152421K [0x00000000c0000000, 0x0000000100000000)
  region size 1024K, 80 young (81920K), 4 survivors (4096K)
 Metaspace       used 41530K, committed 41984K, reserved 1114112K
  class space    used 5105K, committed 5312K, reserved 1048576K
}
Event: 1.891 GC heap after
{Heap after GC invocations=20 (full 0):
 garbage-first heap   total 221184K, used 78043K [0x00000000c0000000, 0x0000000100000000)
  region size 1024K, 7 young (7168K), 7 survivors (7168K)
 Metaspace       used 41530K, committed 41984K, reserved 1114112K
  class space    used 5105K, committed 5312K, reserved 1048576K
}
Event: 1.910 GC heap before
{Heap before GC invocations=20 (full 0):
 garbage-first heap   total 221184K, used 160987K [0x00000000c0000000, 0x0000000100000000)
  region size 1024K, 89 young (91136K), 7 survivors (7168K)
 Metaspace       used 41546K, committed 42048K, reserved 1114112K
  class space    used 5109K, committed 5312K, reserved 1048576K
}

