# JRE version: OpenJDK Runtime Environment Temurin-17.0.7+7 (17.0.7+7) (build 17.0.7+7)
# Java VM: OpenJDK 64-Bit Server VM Temurin-17.0.7+7 (17.0.7+7, mixed mode, emulated-client, tiered, compressed oops, compressed class ptrs, g1 gc, windows-amd64)
GC Precious Log:
 CPUs: 12 total, 12 available
 Memory: 7930M
 Large Page Support: Disabled
 NUMA Support: Disabled
 Compressed Oops: Enabled (32-bit)
 Heap Region Size: 1M
 Heap Min Capacity: 8M
 Heap Initial Capacity: 124M
 Heap Max Capacity: 1G
 Pre-touch: Disabled
 Parallel Workers: 10
 Concurrent Workers: 3
 Concurrent Refinement Workers: 10
 Periodic GC: Disabled
Heap:
 garbage-first heap   total 225280K, used 87864K [0x00000000c0000000, 0x0000000100000000)
  region size 1024K, 7 young (7168K), 7 survivors (7168K)
 Metaspace       used 41573K, committed 42048K, reserved 1114112K
  class space    used 5112K, committed 5312K, reserved 1048576K
GC Heap History (20 events):
Event: 1.596 GC heap after
{Heap after GC invocations=12 (full 0):
 garbage-first heap   total 56320K, used 25649K [0x00000000c0000000, 0x0000000100000000)
  region size 1024K, 3 young (3072K), 3 survivors (3072K)
 Metaspace       used 37940K, committed 38400K, reserved 1114112K
  class space    used 4782K, committed 4992K, reserved 1048576K
}
Event: 1.614 GC heap before
{Heap before GC invocations=12 (full 0):
 garbage-first heap   total 56320K, used 41009K [0x00000000c0000000, 0x0000000100000000)
  region size 1024K, 18 young (18432K), 3 survivors (3072K)
 Metaspace       used 37940K, committed 38400K, reserved 1114112K
  class space    used 4782K, committed 4992K, reserved 1048576K
}
Event: 1.617 GC heap after
{Heap after GC invocations=13 (full 0):
 garbage-first heap   total 56320K, used 28688K [0x00000000c0000000, 0x0000000100000000)
  region size 1024K, 3 young (3072K), 3 survivors (3072K)
 Metaspace       used 37940K, committed 38400K, reserved 1114112K
  class space    used 4782K, committed 4992K, reserved 1048576K
}
Event: 1.653 GC heap before
{Heap before GC invocations=13 (full 0):
 garbage-first heap   total 56320K, used 40976K [0x00000000c0000000, 0x0000000100000000)
  region size 1024K, 16 young (16384K), 3 survivors (3072K)
 Metaspace       used 38166K, committed 38592K, reserved 1114112K
  class space    used 4816K, committed 4992K, reserved 1048576K
}
Event: 1.658 GC heap after
{Heap after GC invocations=14 (full 0):
 garbage-first heap   total 112640K, used 32097K [0x00000000c0000000, 0x0000000100000000)
  region size 1024K, 2 young (2048K), 2 survivors (2048K)
 Metaspace       used 38166K, committed 38592K, reserved 1114112K
  class space    used 4816K, committed 4992K, reserved 1048576K
}
Event: 1.714 GC heap before
{Heap before GC invocations=15 (full 0):
 garbage-first heap   total 112640K, used 76129K [0x00000000c0000000, 0x0000000100000000)
  region size 1024K, 46 young (47104K), 2 survivors (2048K)
 Metaspace       used 38830K, committed 39232K, reserved 1114112K
  class space    used 4864K, committed 5056K, reserved 1048576K
}
Event: 1.723 GC heap after
{Heap after GC invocations=16 (full 0):
 garbage-first heap   total 112640K, used 41940K [0x00000000c0000000, 0x0000000100000000)
  region size 1024K, 6 young (6144K), 6 survivors (6144K)
 Metaspace       used 38830K, committed 39232K, reserved 1114112K
  class space    used 4864K, committed 5056K, reserved 1048576K
}
Event: 1.755 GC heap before
{Heap before GC invocations=16 (full 0):
 garbage-first heap   total 112640K, used 77780K [0x00000000c0000000, 0x0000000100000000)
  region size 1024K, 41 young (41984K), 6 survivors (6144K)
 Metaspace       used 39471K, committed 39872K, reserved 1114112K
  class space    used 4928K, committed 5120K, reserved 1048576K
}
Event: 1.762 GC heap after
{Heap after GC invocations=17 (full 0):
 garbage-first heap   total 112640K, used 48386K [0x00000000c0000000, 0x0000000100000000)
  region size 1024K, 6 young (6144K), 6 survivors (6144K)
 Metaspace       used 39471K, committed 39872K, reserved 1114112K
  class space    used 4928K, committed 5120K, reserved 1048576K
}
Event: 1.848 GC heap before
{Heap before GC invocations=17 (full 0):
 garbage-first heap   total 112640K, used 81154K [0x00000000c0000000, 0x0000000100000000)
  region size 1024K, 38 young (38912K), 6 survivors (6144K)
 Metaspace       used 40971K, committed 41344K, reserved 1114112K
  class space    used 5028K, committed 5184K, reserved 1048576K
}
Event: 1.857 GC heap after
{Heap after GC invocations=18 (full 0):
 garbage-first heap   total 112640K, used 56966K [0x00000000c0000000, 0x0000000100000000)
  region size 1024K, 5 young (5120K), 5 survivors (5120K)
 Metaspace       used 40971K, committed 41344K, reserved 1114112K
  class space    used 5028K, committed 5184K, reserved 1048576K
}
Event: 1.890 GC heap before
{Heap before GC invocations=18 (full 0):
 garbage-first heap   total 112640K, used 74374K [0x00000000c0000000, 0x0000000100000000)
  region size 1024K, 24 young (24576K), 5 survivors (5120K)
 Metaspace       used 41297K, committed 41664K, reserved 1114112K
  class space    used 5074K, committed 5248K, reserved 1048576K
}
Event: 1.898 GC heap after
{Heap after GC invocations=19 (full 0):
 garbage-first heap   total 225280K, used 64299K [0x00000000c0000000, 0x0000000100000000)
  region size 1024K, 4 young (4096K), 4 survivors (4096K)
 Metaspace       used 41297K, committed 41664K, reserved 1114112K
  class space    used 5074K, committed 5248K, reserved 1048576K
}
Event: 1.937 GC heap before
{Heap before GC invocations=19 (full 0):
 garbage-first heap   total 225280K, used 145195K [0x00000000c0000000, 0x0000000100000000)
  region size 1024K, 82 young (83968K), 4 survivors (4096K)
 Metaspace       used 41426K, committed 41856K, reserved 1114112K
  class space    used 5094K, committed 5312K, reserved 1048576K
}
Event: 1.953 GC heap after
{Heap after GC invocations=20 (full 0):
 garbage-first heap   total 225280K, used 77643K [0x00000000c0000000, 0x0000000100000000)
  region size 1024K, 11 young (11264K), 11 survivors (11264K)
 Metaspace       used 41426K, committed 41856K, reserved 1114112K
  class space    used 5094K, committed 5312K, reserved 1048576K
}
Event: 1.970 GC heap before
{Heap before GC invocations=20 (full 0):
 garbage-first heap   total 225280K, used 151371K [0x00000000c0000000, 0x0000000100000000)
  region size 1024K, 84 young (86016K), 11 survivors (11264K)
 Metaspace       used 41435K, committed 41856K, reserved 1114112K
  class space    used 5094K, committed 5312K, reserved 1048576K
}
Event: 1.976 GC heap after
{Heap after GC invocations=21 (full 0):
 garbage-first heap   total 225280K, used 81859K [0x00000000c0000000, 0x0000000100000000)
  region size 1024K, 4 young (4096K), 4 survivors (4096K)
 Metaspace       used 41435K, committed 41856K, reserved 1114112K
  class space    used 5094K, committed 5312K, reserved 1048576K
}
Event: 1.992 GC heap before
{Heap before GC invocations=21 (full 0):
 garbage-first heap   total 225280K, used 156611K [0x00000000c0000000, 0x0000000100000000)
  region size 1024K, 78 young (79872K), 4 survivors (4096K)
 Metaspace       used 41522K, committed 41920K, reserved 1114112K
  class space    used 5106K, committed 5312K, reserved 1048576K
}
Event: 1.995 GC heap after
{Heap after GC invocations=22 (full 0):
 garbage-first heap   total 225280K, used 84515K [0x00000000c0000000, 0x0000000100000000)
  region size 1024K, 7 young (7168K), 7 survivors (7168K)
 Metaspace       used 41522K, committed 41920K, reserved 1114112K
  class space    used 5106K, committed 5312K, reserved 1048576K
}
Event: 2.011 GC heap before
{Heap before GC invocations=22 (full 0):
 garbage-first heap   total 225280K, used 163363K [0x00000000c0000000, 0x0000000100000000)
  region size 1024K, 85 young (87040K), 7 survivors (7168K)
 Metaspace       used 41573K, committed 42048K, reserved 1114112K
  class space    used 5112K, committed 5312K, reserved 1048576K
}

