# JRE version: OpenJDK Runtime Environment Temurin-17.0.7+7 (17.0.7+7) (build 17.0.7+7)
# Java VM: OpenJDK 64-Bit Server VM Temurin-17.0.7+7 (17.0.7+7, mixed mode, emulated-client, tiered, compressed oops, compressed class ptrs, g1 gc, windows-amd64)
GC Precious Log:
 CPUs: 12 total, 12 available
 Memory: 7930M
 Large Page Support: Disabled
 NUMA Support: Disabled
 Compressed Oops: Enabled (32-bit)
 Heap Region Size: 1M
 Heap Min Capacity: 8M
 Heap Initial Capacity: 124M
 Heap Max Capacity: 1G
 Pre-touch: Disabled
 Parallel Workers: 10
 Concurrent Workers: 3
 Concurrent Refinement Workers: 10
 Periodic GC: Disabled
Heap:
 garbage-first heap   total 226304K, used 81874K [0x00000000c0000000, 0x0000000100000000)
  region size 1024K, 11 young (11264K), 11 survivors (11264K)
 Metaspace       used 41524K, committed 41920K, reserved 1114112K
  class space    used 5103K, committed 5248K, reserved 1048576K
GC Heap History (20 events):
Event: 1.584 GC heap after
{Heap after GC invocations=11 (full 0):
 garbage-first heap   total 65536K, used 22868K [0x00000000c0000000, 0x0000000100000000)
  region size 1024K, 6 young (6144K), 6 survivors (6144K)
 Metaspace       used 37940K, committed 38400K, reserved 1114112K
  class space    used 4782K, committed 4992K, reserved 1048576K
}
Event: 1.611 GC heap before
{Heap before GC invocations=11 (full 0):
 garbage-first heap   total 65536K, used 45396K [0x00000000c0000000, 0x0000000100000000)
  region size 1024K, 29 young (29696K), 6 survivors (6144K)
 Metaspace       used 37940K, committed 38400K, reserved 1114112K
  class space    used 4782K, committed 4992K, reserved 1048576K
}
Event: 1.617 GC heap after
{Heap after GC invocations=12 (full 0):
 garbage-first heap   total 65536K, used 27329K [0x00000000c0000000, 0x0000000100000000)
  region size 1024K, 4 young (4096K), 4 survivors (4096K)
 Metaspace       used 37940K, committed 38400K, reserved 1114112K
  class space    used 4782K, committed 4992K, reserved 1048576K
}
Event: 1.647 GC heap before
{Heap before GC invocations=12 (full 0):
 garbage-first heap   total 65536K, used 46785K [0x00000000c0000000, 0x0000000100000000)
  region size 1024K, 24 young (24576K), 4 survivors (4096K)
 Metaspace       used 38442K, committed 38848K, reserved 1114112K
  class space    used 4843K, committed 5056K, reserved 1048576K
}
Event: 1.652 GC heap after
{Heap after GC invocations=13 (full 0):
 garbage-first heap   total 112640K, used 31811K [0x00000000c0000000, 0x0000000100000000)
  region size 1024K, 3 young (3072K), 3 survivors (3072K)
 Metaspace       used 38442K, committed 38848K, reserved 1114112K
  class space    used 4843K, committed 5056K, reserved 1048576K
}
Event: 1.696 GC heap before
{Heap before GC invocations=13 (full 0):
 garbage-first heap   total 112640K, used 75843K [0x00000000c0000000, 0x0000000100000000)
  region size 1024K, 47 young (48128K), 3 survivors (3072K)
 Metaspace       used 39043K, committed 39424K, reserved 1114112K
  class space    used 4880K, committed 5056K, reserved 1048576K
}
Event: 1.705 GC heap after
{Heap after GC invocations=14 (full 0):
 garbage-first heap   total 112640K, used 42683K [0x00000000c0000000, 0x0000000100000000)
  region size 1024K, 6 young (6144K), 6 survivors (6144K)
 Metaspace       used 39043K, committed 39424K, reserved 1114112K
  class space    used 4880K, committed 5056K, reserved 1048576K
}
Event: 1.750 GC heap before
{Heap before GC invocations=14 (full 0):
 garbage-first heap   total 112640K, used 79547K [0x00000000c0000000, 0x0000000100000000)
  region size 1024K, 42 young (43008K), 6 survivors (6144K)
 Metaspace       used 39895K, committed 40320K, reserved 1114112K
  class space    used 4955K, committed 5120K, reserved 1048576K
}
Event: 1.757 GC heap after
{Heap after GC invocations=15 (full 0):
 garbage-first heap   total 112640K, used 49453K [0x00000000c0000000, 0x0000000100000000)
  region size 1024K, 6 young (6144K), 6 survivors (6144K)
 Metaspace       used 39895K, committed 40320K, reserved 1114112K
  class space    used 4955K, committed 5120K, reserved 1048576K
}
Event: 1.823 GC heap before
{Heap before GC invocations=15 (full 0):
 garbage-first heap   total 112640K, used 82221K [0x00000000c0000000, 0x0000000100000000)
  region size 1024K, 38 young (38912K), 6 survivors (6144K)
 Metaspace       used 41176K, committed 41600K, reserved 1114112K
  class space    used 5051K, committed 5248K, reserved 1048576K
}
Event: 1.830 GC heap after
{Heap after GC invocations=16 (full 0):
 garbage-first heap   total 112640K, used 59542K [0x00000000c0000000, 0x0000000100000000)
  region size 1024K, 5 young (5120K), 5 survivors (5120K)
 Metaspace       used 41176K, committed 41600K, reserved 1114112K
  class space    used 5051K, committed 5248K, reserved 1048576K
}
Event: 1.838 GC heap before
{Heap before GC invocations=16 (full 0):
 garbage-first heap   total 112640K, used 64662K [0x00000000c0000000, 0x0000000100000000)
  region size 1024K, 11 young (11264K), 5 survivors (5120K)
 Metaspace       used 41176K, committed 41600K, reserved 1114112K
  class space    used 5051K, committed 5248K, reserved 1048576K
}
Event: 1.843 GC heap after
{Heap after GC invocations=17 (full 0):
 garbage-first heap   total 226304K, used 63273K [0x00000000c0000000, 0x0000000100000000)
  region size 1024K, 4 young (4096K), 4 survivors (4096K)
 Metaspace       used 41176K, committed 41600K, reserved 1114112K
  class space    used 5051K, committed 5248K, reserved 1048576K
}
Event: 1.881 GC heap before
{Heap before GC invocations=17 (full 0):
 garbage-first heap   total 226304K, used 140073K [0x00000000c0000000, 0x0000000100000000)
  region size 1024K, 79 young (80896K), 4 survivors (4096K)
 Metaspace       used 41411K, committed 41856K, reserved 1114112K
  class space    used 5083K, committed 5248K, reserved 1048576K
}
Event: 1.895 GC heap after
{Heap after GC invocations=18 (full 0):
 garbage-first heap   total 226304K, used 71899K [0x00000000c0000000, 0x0000000100000000)
  region size 1024K, 10 young (10240K), 10 survivors (10240K)
 Metaspace       used 41411K, committed 41856K, reserved 1114112K
  class space    used 5083K, committed 5248K, reserved 1048576K
}
Event: 1.911 GC heap before
{Heap before GC invocations=18 (full 0):
 garbage-first heap   total 226304K, used 147675K [0x00000000c0000000, 0x0000000100000000)
  region size 1024K, 85 young (87040K), 10 survivors (10240K)
 Metaspace       used 41437K, committed 41856K, reserved 1114112K
  class space    used 5091K, committed 5248K, reserved 1048576K
}
Event: 1.923 GC heap after
{Heap after GC invocations=19 (full 0):
 garbage-first heap   total 226304K, used 75175K [0x00000000c0000000, 0x0000000100000000)
  region size 1024K, 4 young (4096K), 4 survivors (4096K)
 Metaspace       used 41437K, committed 41856K, reserved 1114112K
  class space    used 5091K, committed 5248K, reserved 1048576K
}
Event: 1.940 GC heap before
{Heap before GC invocations=19 (full 0):
 garbage-first heap   total 226304K, used 155047K [0x00000000c0000000, 0x0000000100000000)
  region size 1024K, 83 young (84992K), 4 survivors (4096K)
 Metaspace       used 41514K, committed 41920K, reserved 1114112K
  class space    used 5102K, committed 5248K, reserved 1048576K
}
Event: 1.943 GC heap after
{Heap after GC invocations=20 (full 0):
 garbage-first heap   total 226304K, used 77756K [0x00000000c0000000, 0x0000000100000000)
  region size 1024K, 7 young (7168K), 7 survivors (7168K)
 Metaspace       used 41514K, committed 41920K, reserved 1114112K
  class space    used 5102K, committed 5248K, reserved 1048576K
}
Event: 1.962 GC heap before
{Heap before GC invocations=20 (full 0):
 garbage-first heap   total 226304K, used 166844K [0x00000000c0000000, 0x0000000100000000)
  region size 1024K, 95 young (97280K), 7 survivors (7168K)
 Metaspace       used 41524K, committed 41920K, reserved 1114112K
  class space    used 5103K, committed 5248K, reserved 1048576K
}

