# JRE version: OpenJDK Runtime Environment Temurin-17.0.7+7 (17.0.7+7) (build 17.0.7+7)
# Java VM: OpenJDK 64-Bit Server VM Temurin-17.0.7+7 (17.0.7+7, mixed mode, emulated-client, tiered, compressed oops, compressed class ptrs, g1 gc, windows-amd64)
GC Precious Log:
 CPUs: 12 total, 12 available
 Memory: 7930M
 Large Page Support: Disabled
 NUMA Support: Disabled
 Compressed Oops: Enabled (32-bit)
 Heap Region Size: 1M
 Heap Min Capacity: 8M
 Heap Initial Capacity: 124M
 Heap Max Capacity: 1G
 Pre-touch: Disabled
 Parallel Workers: 10
 Concurrent Workers: 3
 Concurrent Refinement Workers: 10
 Periodic GC: Disabled
Heap:
 garbage-first heap   total 276480K, used 91008K [0x00000000c0000000, 0x0000000100000000)
  region size 1024K, 12 young (12288K), 12 survivors (12288K)
 Metaspace       used 41467K, committed 41856K, reserved 1114112K
  class space    used 5096K, committed 5248K, reserved 1048576K
GC Heap History (20 events):
Event: 1.603 GC heap after
{Heap after GC invocations=12 (full 0):
 garbage-first heap   total 68608K, used 29331K [0x00000000c0000000, 0x0000000100000000)
  region size 1024K, 5 young (5120K), 5 survivors (5120K)
 Metaspace       used 38026K, committed 38464K, reserved 1114112K
  class space    used 4794K, committed 4992K, reserved 1048576K
}
Event: 1.633 GC heap before
{Heap before GC invocations=12 (full 0):
 garbage-first heap   total 68608K, used 49811K [0x00000000c0000000, 0x0000000100000000)
  region size 1024K, 25 young (25600K), 5 survivors (5120K)
 Metaspace       used 38320K, committed 38784K, reserved 1114112K
  class space    used 4826K, committed 5056K, reserved 1048576K
}
Event: 1.639 GC heap after
{Heap after GC invocations=13 (full 0):
 garbage-first heap   total 121856K, used 33478K [0x00000000c0000000, 0x0000000100000000)
  region size 1024K, 4 young (4096K), 4 survivors (4096K)
 Metaspace       used 38320K, committed 38784K, reserved 1114112K
  class space    used 4826K, committed 5056K, reserved 1048576K
}
Event: 1.692 GC heap before
{Heap before GC invocations=13 (full 0):
 garbage-first heap   total 121856K, used 79558K [0x00000000c0000000, 0x0000000100000000)
  region size 1024K, 49 young (50176K), 4 survivors (4096K)
 Metaspace       used 38861K, committed 39296K, reserved 1114112K
  class space    used 4859K, committed 5056K, reserved 1048576K
}
Event: 1.701 GC heap after
{Heap after GC invocations=14 (full 0):
 garbage-first heap   total 121856K, used 44121K [0x00000000c0000000, 0x0000000100000000)
  region size 1024K, 7 young (7168K), 7 survivors (7168K)
 Metaspace       used 38861K, committed 39296K, reserved 1114112K
  class space    used 4859K, committed 5056K, reserved 1048576K
}
Event: 1.787 GC heap before
{Heap before GC invocations=14 (full 0):
 garbage-first heap   total 121856K, used 83033K [0x00000000c0000000, 0x0000000100000000)
  region size 1024K, 46 young (47104K), 7 survivors (7168K)
 Metaspace       used 40436K, committed 40896K, reserved 1114112K
  class space    used 4971K, committed 5184K, reserved 1048576K
}
Event: 1.794 GC heap after
{Heap after GC invocations=15 (full 0):
 garbage-first heap   total 121856K, used 51406K [0x00000000c0000000, 0x0000000100000000)
  region size 1024K, 6 young (6144K), 6 survivors (6144K)
 Metaspace       used 40436K, committed 40896K, reserved 1114112K
  class space    used 4971K, committed 5184K, reserved 1048576K
}
Event: 1.848 GC heap before
{Heap before GC invocations=15 (full 0):
 garbage-first heap   total 121856K, used 88270K [0x00000000c0000000, 0x0000000100000000)
  region size 1024K, 41 young (41984K), 6 survivors (6144K)
 Metaspace       used 41154K, committed 41536K, reserved 1114112K
  class space    used 5047K, committed 5184K, reserved 1048576K
}
Event: 1.872 GC heap after
{Heap after GC invocations=16 (full 0):
 garbage-first heap   total 121856K, used 67563K [0x00000000c0000000, 0x0000000100000000)
  region size 1024K, 6 young (6144K), 6 survivors (6144K)
 Metaspace       used 41154K, committed 41536K, reserved 1114112K
  class space    used 5047K, committed 5184K, reserved 1048576K
}
Event: 1.883 GC heap before
{Heap before GC invocations=16 (full 0):
 garbage-first heap   total 121856K, used 89067K [0x00000000c0000000, 0x0000000100000000)
  region size 1024K, 28 young (28672K), 6 survivors (6144K)
 Metaspace       used 41237K, committed 41664K, reserved 1114112K
  class space    used 5055K, committed 5248K, reserved 1048576K
}
Event: 1.888 GC heap after
{Heap after GC invocations=17 (full 0):
 garbage-first heap   total 276480K, used 70276K [0x00000000c0000000, 0x0000000100000000)
  region size 1024K, 2 young (2048K), 2 survivors (2048K)
 Metaspace       used 41237K, committed 41664K, reserved 1114112K
  class space    used 5055K, committed 5248K, reserved 1048576K
}
Event: 1.925 GC heap before
{Heap before GC invocations=17 (full 0):
 garbage-first heap   total 276480K, used 196228K [0x00000000c0000000, 0x0000000100000000)
  region size 1024K, 126 young (129024K), 2 survivors (2048K)
 Metaspace       used 41251K, committed 41664K, reserved 1114112K
  class space    used 5057K, committed 5248K, reserved 1048576K
}
Event: 1.929 GC heap after
{Heap after GC invocations=18 (full 0):
 garbage-first heap   total 276480K, used 74865K [0x00000000c0000000, 0x0000000100000000)
  region size 1024K, 7 young (7168K), 7 survivors (7168K)
 Metaspace       used 41251K, committed 41664K, reserved 1114112K
  class space    used 5057K, committed 5248K, reserved 1048576K
}
Event: 1.965 GC heap before
{Heap before GC invocations=19 (full 0):
 garbage-first heap   total 276480K, used 205937K [0x00000000c0000000, 0x0000000100000000)
  region size 1024K, 137 young (140288K), 7 survivors (7168K)
 Metaspace       used 41315K, committed 41728K, reserved 1114112K
  class space    used 5070K, committed 5248K, reserved 1048576K
}
Event: 1.972 GC heap after
{Heap after GC invocations=20 (full 0):
 garbage-first heap   total 276480K, used 79665K [0x00000000c0000000, 0x0000000100000000)
  region size 1024K, 12 young (12288K), 12 survivors (12288K)
 Metaspace       used 41315K, committed 41728K, reserved 1114112K
  class space    used 5070K, committed 5248K, reserved 1048576K
}
Event: 1.973 GC heap before
{Heap before GC invocations=20 (full 0):
 garbage-first heap   total 276480K, used 81713K [0x00000000c0000000, 0x0000000100000000)
  region size 1024K, 15 young (15360K), 12 survivors (12288K)
 Metaspace       used 41319K, committed 41728K, reserved 1114112K
  class space    used 5071K, committed 5248K, reserved 1048576K
}
Event: 1.977 GC heap after
{Heap after GC invocations=21 (full 0):
 garbage-first heap   total 276480K, used 80505K [0x00000000c0000000, 0x0000000100000000)
  region size 1024K, 2 young (2048K), 2 survivors (2048K)
 Metaspace       used 41319K, committed 41728K, reserved 1114112K
  class space    used 5071K, committed 5248K, reserved 1048576K
}
Event: 2.006 GC heap before
{Heap before GC invocations=21 (full 0):
 garbage-first heap   total 276480K, used 215673K [0x00000000c0000000, 0x0000000100000000)
  region size 1024K, 135 young (138240K), 2 survivors (2048K)
 Metaspace       used 41445K, committed 41792K, reserved 1114112K
  class space    used 5088K, committed 5248K, reserved 1048576K
}
Event: 2.009 GC heap after
{Heap after GC invocations=22 (full 0):
 garbage-first heap   total 276480K, used 85899K [0x00000000c0000000, 0x0000000100000000)
  region size 1024K, 7 young (7168K), 7 survivors (7168K)
 Metaspace       used 41445K, committed 41792K, reserved 1114112K
  class space    used 5088K, committed 5248K, reserved 1048576K
}
Event: 2.036 GC heap before
{Heap before GC invocations=22 (full 0):
 garbage-first heap   total 276480K, used 219019K [0x00000000c0000000, 0x0000000100000000)
  region size 1024K, 138 young (141312K), 7 survivors (7168K)
 Metaspace       used 41467K, committed 41856K, reserved 1114112K
  class space    used 5096K, committed 5248K, reserved 1048576K
}

