# JRE version: OpenJDK Runtime Environment Temurin-17.0.7+7 (17.0.7+7) (build 17.0.7+7)
# Java VM: OpenJDK 64-Bit Server VM Temurin-17.0.7+7 (17.0.7+7, mixed mode, emulated-client, tiered, compressed oops, compressed class ptrs, g1 gc, windows-amd64)
GC Precious Log:
 CPUs: 12 total, 12 available
 Memory: 7930M
 Large Page Support: Disabled
 NUMA Support: Disabled
 Compressed Oops: Enabled (32-bit)
 Heap Region Size: 1M
 Heap Min Capacity: 8M
 Heap Initial Capacity: 124M
 Heap Max Capacity: 1G
 Pre-touch: Disabled
 Parallel Workers: 10
 Concurrent Workers: 3
 Concurrent Refinement Workers: 10
 Periodic GC: Disabled
Heap:
 garbage-first heap   total 273408K, used 189361K [0x00000000c0000000, 0x0000000100000000)
  region size 1024K, 121 young (123904K), 3 survivors (3072K)
 Metaspace       used 41463K, committed 41920K, reserved 1114112K
  class space    used 5100K, committed 5312K, reserved 1048576K
GC Heap History (20 events):
Event: 0.822 GC heap before
{Heap before GC invocations=5 (full 0):
 garbage-first heap   total 48128K, used 12521K [0x00000000c0000000, 0x0000000100000000)
  region size 1024K, 6 young (6144K), 5 survivors (5120K)
 Metaspace       used 25831K, committed 26048K, reserved 1114112K
  class space    used 3037K, committed 3136K, reserved 1048576K
}
Event: 0.827 GC heap after
{Heap after GC invocations=6 (full 0):
 garbage-first heap   total 48128K, used 13379K [0x00000000c0000000, 0x0000000100000000)
  region size 1024K, 1 young (1024K), 1 survivors (1024K)
 Metaspace       used 25831K, committed 26048K, reserved 1114112K
  class space    used 3037K, committed 3136K, reserved 1048576K
}
Event: 0.998 GC heap before
{Heap before GC invocations=6 (full 0):
 garbage-first heap   total 48128K, used 31811K [0x00000000c0000000, 0x0000000100000000)
  region size 1024K, 19 young (19456K), 1 survivors (1024K)
 Metaspace       used 28307K, committed 28672K, reserved 1114112K
  class space    used 3367K, committed 3520K, reserved 1048576K
}
Event: 1.001 GC heap after
{Heap after GC invocations=7 (full 0):
 garbage-first heap   total 103424K, used 14274K [0x00000000c0000000, 0x0000000100000000)
  region size 1024K, 2 young (2048K), 2 survivors (2048K)
 Metaspace       used 28307K, committed 28672K, reserved 1114112K
  class space    used 3367K, committed 3520K, reserved 1048576K
}
Event: 1.435 GC heap before
{Heap before GC invocations=7 (full 0):
 garbage-first heap   total 103424K, used 60354K [0x00000000c0000000, 0x0000000100000000)
  region size 1024K, 48 young (49152K), 2 survivors (2048K)
 Metaspace       used 35661K, committed 35968K, reserved 1114112K
  class space    used 4410K, committed 4544K, reserved 1048576K
}
Event: 1.439 GC heap after
{Heap after GC invocations=8 (full 0):
 garbage-first heap   total 103424K, used 18266K [0x00000000c0000000, 0x0000000100000000)
  region size 1024K, 6 young (6144K), 6 survivors (6144K)
 Metaspace       used 35661K, committed 35968K, reserved 1114112K
  class space    used 4410K, committed 4544K, reserved 1048576K
}
Event: 1.552 GC heap before
{Heap before GC invocations=9 (full 0):
 garbage-first heap   total 68608K, used 52058K [0x00000000c0000000, 0x0000000100000000)
  region size 1024K, 41 young (41984K), 6 survivors (6144K)
 Metaspace       used 37912K, committed 38400K, reserved 1114112K
  class space    used 4775K, committed 4992K, reserved 1048576K
}
Event: 1.559 GC heap after
{Heap after GC invocations=10 (full 0):
 garbage-first heap   total 68608K, used 22839K [0x00000000c0000000, 0x0000000100000000)
  region size 1024K, 5 young (5120K), 5 survivors (5120K)
 Metaspace       used 37912K, committed 38400K, reserved 1114112K
  class space    used 4775K, committed 4992K, reserved 1048576K
}
Event: 1.586 GC heap before
{Heap before GC invocations=10 (full 0):
 garbage-first heap   total 68608K, used 47415K [0x00000000c0000000, 0x0000000100000000)
  region size 1024K, 30 young (30720K), 5 survivors (5120K)
 Metaspace       used 37987K, committed 38464K, reserved 1114112K
  class space    used 4790K, committed 4992K, reserved 1048576K
}
Event: 1.593 GC heap after
{Heap after GC invocations=11 (full 0):
 garbage-first heap   total 68608K, used 28564K [0x00000000c0000000, 0x0000000100000000)
  region size 1024K, 4 young (4096K), 4 survivors (4096K)
 Metaspace       used 37987K, committed 38464K, reserved 1114112K
  class space    used 4790K, committed 4992K, reserved 1048576K
}
Event: 1.631 GC heap before
{Heap before GC invocations=11 (full 0):
 garbage-first heap   total 68608K, used 48020K [0x00000000c0000000, 0x0000000100000000)
  region size 1024K, 24 young (24576K), 4 survivors (4096K)
 Metaspace       used 38578K, committed 39040K, reserved 1114112K
  class space    used 4842K, committed 5056K, reserved 1048576K
}
Event: 1.636 GC heap after
{Heap after GC invocations=12 (full 0):
 garbage-first heap   total 122880K, used 32291K [0x00000000c0000000, 0x0000000100000000)
  region size 1024K, 3 young (3072K), 3 survivors (3072K)
 Metaspace       used 38578K, committed 39040K, reserved 1114112K
  class space    used 4842K, committed 5056K, reserved 1048576K
}
Event: 1.690 GC heap before
{Heap before GC invocations=12 (full 0):
 garbage-first heap   total 122880K, used 83491K [0x00000000c0000000, 0x0000000100000000)
  region size 1024K, 54 young (55296K), 3 survivors (3072K)
 Metaspace       used 39457K, committed 39872K, reserved 1114112K
  class space    used 4920K, committed 5120K, reserved 1048576K
}
Event: 1.699 GC heap after
{Heap after GC invocations=13 (full 0):
 garbage-first heap   total 122880K, used 43881K [0x00000000c0000000, 0x0000000100000000)
  region size 1024K, 7 young (7168K), 7 survivors (7168K)
 Metaspace       used 39457K, committed 39872K, reserved 1114112K
  class space    used 4920K, committed 5120K, reserved 1048576K
}
Event: 1.774 GC heap before
{Heap before GC invocations=13 (full 0):
 garbage-first heap   total 122880K, used 85865K [0x00000000c0000000, 0x0000000100000000)
  region size 1024K, 49 young (50176K), 7 survivors (7168K)
 Metaspace       used 40852K, committed 41216K, reserved 1114112K
  class space    used 5016K, committed 5184K, reserved 1048576K
}
Event: 1.785 GC heap after
{Heap after GC invocations=14 (full 0):
 garbage-first heap   total 122880K, used 51521K [0x00000000c0000000, 0x0000000100000000)
  region size 1024K, 7 young (7168K), 7 survivors (7168K)
 Metaspace       used 40852K, committed 41216K, reserved 1114112K
  class space    used 5016K, committed 5184K, reserved 1048576K
}
Event: 1.848 GC heap before
{Heap before GC invocations=14 (full 0):
 garbage-first heap   total 122880K, used 90433K [0x00000000c0000000, 0x0000000100000000)
  region size 1024K, 44 young (45056K), 7 survivors (7168K)
 Metaspace       used 41433K, committed 41856K, reserved 1114112K
  class space    used 5092K, committed 5312K, reserved 1048576K
}
Event: 1.874 GC heap after
{Heap after GC invocations=15 (full 0):
 garbage-first heap   total 122880K, used 68467K [0x00000000c0000000, 0x0000000100000000)
  region size 1024K, 6 young (6144K), 6 survivors (6144K)
 Metaspace       used 41433K, committed 41856K, reserved 1114112K
  class space    used 5092K, committed 5312K, reserved 1048576K
}
Event: 1.881 GC heap before
{Heap before GC invocations=15 (full 0):
 garbage-first heap   total 122880K, used 89971K [0x00000000c0000000, 0x0000000100000000)
  region size 1024K, 28 young (28672K), 6 survivors (6144K)
 Metaspace       used 41435K, committed 41856K, reserved 1114112K
  class space    used 5093K, committed 5312K, reserved 1048576K
}
Event: 1.887 GC heap after
{Heap after GC invocations=16 (full 0):
 garbage-first heap   total 273408K, used 71601K [0x00000000c0000000, 0x0000000100000000)
  region size 1024K, 3 young (3072K), 3 survivors (3072K)
 Metaspace       used 41435K, committed 41856K, reserved 1114112K
  class space    used 5093K, committed 5312K, reserved 1048576K
}

