# JRE version: OpenJDK Runtime Environment Temurin-17.0.7+7 (17.0.7+7) (build 17.0.7+7)
# Java VM: OpenJDK 64-Bit Server VM Temurin-17.0.7+7 (17.0.7+7, mixed mode, emulated-client, tiered, compressed oops, compressed class ptrs, g1 gc, windows-amd64)
GC Precious Log:
 CPUs: 12 total, 12 available
 Memory: 7930M
 Large Page Support: Disabled
 NUMA Support: Disabled
 Compressed Oops: Enabled (32-bit)
 Heap Region Size: 1M
 Heap Min Capacity: 8M
 Heap Initial Capacity: 124M
 Heap Max Capacity: 1G
 Pre-touch: Disabled
 Parallel Workers: 10
 Concurrent Workers: 3
 Concurrent Refinement Workers: 10
 Periodic GC: Disabled
Heap:
 garbage-first heap   total 216064K, used 80357K [0x00000000c0000000, 0x0000000100000000)
  region size 1024K, 7 young (7168K), 7 survivors (7168K)
 Metaspace       used 41464K, committed 41920K, reserved 1114112K
  class space    used 5091K, committed 5248K, reserved 1048576K
GC Heap History (20 events):
Event: 1.598 GC heap after
{Heap after GC invocations=11 (full 0):
 garbage-first heap   total 58368K, used 21748K [0x00000000c0000000, 0x0000000100000000)
  region size 1024K, 4 young (4096K), 4 survivors (4096K)
 Metaspace       used 37939K, committed 38400K, reserved 1114112K
  class space    used 4781K, committed 4992K, reserved 1048576K
}
Event: 1.622 GC heap before
{Heap before GC invocations=11 (full 0):
 garbage-first heap   total 58368K, used 41204K [0x00000000c0000000, 0x0000000100000000)
  region size 1024K, 24 young (24576K), 4 survivors (4096K)
 Metaspace       used 37939K, committed 38400K, reserved 1114112K
  class space    used 4781K, committed 4992K, reserved 1048576K
}
Event: 1.627 GC heap after
{Heap after GC invocations=12 (full 0):
 garbage-first heap   total 58368K, used 25103K [0x00000000c0000000, 0x0000000100000000)
  region size 1024K, 3 young (3072K), 3 survivors (3072K)
 Metaspace       used 37939K, committed 38400K, reserved 1114112K
  class space    used 4781K, committed 4992K, reserved 1048576K
}
Event: 1.651 GC heap before
{Heap before GC invocations=12 (full 0):
 garbage-first heap   total 58368K, used 41487K [0x00000000c0000000, 0x0000000100000000)
  region size 1024K, 20 young (20480K), 3 survivors (3072K)
 Metaspace       used 38057K, committed 38464K, reserved 1114112K
  class space    used 4798K, committed 4992K, reserved 1048576K
}
Event: 1.655 GC heap after
{Heap after GC invocations=13 (full 0):
 garbage-first heap   total 95232K, used 29950K [0x00000000c0000000, 0x0000000100000000)
  region size 1024K, 3 young (3072K), 3 survivors (3072K)
 Metaspace       used 38057K, committed 38464K, reserved 1114112K
  class space    used 4798K, committed 4992K, reserved 1048576K
}
Event: 1.700 GC heap before
{Heap before GC invocations=13 (full 0):
 garbage-first heap   total 95232K, used 67838K [0x00000000c0000000, 0x0000000100000000)
  region size 1024K, 40 young (40960K), 3 survivors (3072K)
 Metaspace       used 38754K, committed 39168K, reserved 1114112K
  class space    used 4853K, committed 5056K, reserved 1048576K
}
Event: 1.706 GC heap after
{Heap after GC invocations=14 (full 0):
 garbage-first heap   total 95232K, used 36345K [0x00000000c0000000, 0x0000000100000000)
  region size 1024K, 5 young (5120K), 5 survivors (5120K)
 Metaspace       used 38754K, committed 39168K, reserved 1114112K
  class space    used 4853K, committed 5056K, reserved 1048576K
}
Event: 1.731 GC heap before
{Heap before GC invocations=14 (full 0):
 garbage-first heap   total 95232K, used 66041K [0x00000000c0000000, 0x0000000100000000)
  region size 1024K, 35 young (35840K), 5 survivors (5120K)
 Metaspace       used 39075K, committed 39488K, reserved 1114112K
  class space    used 4882K, committed 5056K, reserved 1048576K
}
Event: 1.738 GC heap after
{Heap after GC invocations=15 (full 0):
 garbage-first heap   total 95232K, used 44286K [0x00000000c0000000, 0x0000000100000000)
  region size 1024K, 5 young (5120K), 5 survivors (5120K)
 Metaspace       used 39075K, committed 39488K, reserved 1114112K
  class space    used 4882K, committed 5056K, reserved 1048576K
}
Event: 1.762 GC heap before
{Heap before GC invocations=15 (full 0):
 garbage-first heap   total 95232K, used 68862K [0x00000000c0000000, 0x0000000100000000)
  region size 1024K, 30 young (30720K), 5 survivors (5120K)
 Metaspace       used 39518K, committed 39936K, reserved 1114112K
  class space    used 4929K, committed 5120K, reserved 1048576K
}
Event: 1.768 GC heap after
{Heap after GC invocations=16 (full 0):
 garbage-first heap   total 95232K, used 49537K [0x00000000c0000000, 0x0000000100000000)
  region size 1024K, 4 young (4096K), 4 survivors (4096K)
 Metaspace       used 39518K, committed 39936K, reserved 1114112K
  class space    used 4929K, committed 5120K, reserved 1048576K
}
Event: 1.822 GC heap before
{Heap before GC invocations=16 (full 0):
 garbage-first heap   total 95232K, used 68993K [0x00000000c0000000, 0x0000000100000000)
  region size 1024K, 25 young (25600K), 4 survivors (4096K)
 Metaspace       used 40526K, committed 40960K, reserved 1114112K
  class space    used 4985K, committed 5184K, reserved 1048576K
}
Event: 1.826 GC heap after
{Heap after GC invocations=17 (full 0):
 garbage-first heap   total 216064K, used 54146K [0x00000000c0000000, 0x0000000100000000)
  region size 1024K, 4 young (4096K), 4 survivors (4096K)
 Metaspace       used 40526K, committed 40960K, reserved 1114112K
  class space    used 4985K, committed 5184K, reserved 1048576K
}
Event: 1.893 GC heap before
{Heap before GC invocations=17 (full 0):
 garbage-first heap   total 216064K, used 131970K [0x00000000c0000000, 0x0000000100000000)
  region size 1024K, 79 young (80896K), 4 survivors (4096K)
 Metaspace       used 41291K, committed 41664K, reserved 1114112K
  class space    used 5061K, committed 5248K, reserved 1048576K
}
Event: 1.914 GC heap after
{Heap after GC invocations=18 (full 0):
 garbage-first heap   total 216064K, used 70643K [0x00000000c0000000, 0x0000000100000000)
  region size 1024K, 10 young (10240K), 10 survivors (10240K)
 Metaspace       used 41291K, committed 41664K, reserved 1114112K
  class space    used 5061K, committed 5248K, reserved 1048576K
}
Event: 1.928 GC heap before
{Heap before GC invocations=18 (full 0):
 garbage-first heap   total 216064K, used 137203K [0x00000000c0000000, 0x0000000100000000)
  region size 1024K, 76 young (77824K), 10 survivors (10240K)
 Metaspace       used 41310K, committed 41728K, reserved 1114112K
  class space    used 5069K, committed 5248K, reserved 1048576K
}
Event: 1.934 GC heap after
{Heap after GC invocations=19 (full 0):
 garbage-first heap   total 216064K, used 74779K [0x00000000c0000000, 0x0000000100000000)
  region size 1024K, 4 young (4096K), 4 survivors (4096K)
 Metaspace       used 41310K, committed 41728K, reserved 1114112K
  class space    used 5069K, committed 5248K, reserved 1048576K
}
Event: 1.949 GC heap before
{Heap before GC invocations=19 (full 0):
 garbage-first heap   total 216064K, used 144411K [0x00000000c0000000, 0x0000000100000000)
  region size 1024K, 73 young (74752K), 4 survivors (4096K)
 Metaspace       used 41367K, committed 41792K, reserved 1114112K
  class space    used 5077K, committed 5248K, reserved 1048576K
}
Event: 1.952 GC heap after
{Heap after GC invocations=20 (full 0):
 garbage-first heap   total 216064K, used 76916K [0x00000000c0000000, 0x0000000100000000)
  region size 1024K, 6 young (6144K), 6 survivors (6144K)
 Metaspace       used 41367K, committed 41792K, reserved 1114112K
  class space    used 5077K, committed 5248K, reserved 1048576K
}
Event: 1.967 GC heap before
{Heap before GC invocations=20 (full 0):
 garbage-first heap   total 216064K, used 151668K [0x00000000c0000000, 0x0000000100000000)
  region size 1024K, 80 young (81920K), 6 survivors (6144K)
 Metaspace       used 41464K, committed 41920K, reserved 1114112K
  class space    used 5091K, committed 5248K, reserved 1048576K
}

