# JRE version: OpenJDK Runtime Environment Temurin-17.0.7+7 (17.0.7+7) (build 17.0.7+7)
# Java VM: OpenJDK 64-Bit Server VM Temurin-17.0.7+7 (17.0.7+7, mixed mode, emulated-client, tiered, compressed oops, compressed class ptrs, g1 gc, windows-amd64)
GC Precious Log:
 CPUs: 12 total, 12 available
 Memory: 7930M
 Large Page Support: Disabled
 NUMA Support: Disabled
 Compressed Oops: Enabled (32-bit)
 Heap Region Size: 1M
 Heap Min Capacity: 8M
 Heap Initial Capacity: 124M
 Heap Max Capacity: 1G
 Pre-touch: Disabled
 Parallel Workers: 10
 Concurrent Workers: 3
 Concurrent Refinement Workers: 10
 Periodic GC: Disabled
Heap:
 garbage-first heap   total 223232K, used 81098K [0x00000000c0000000, 0x0000000100000000)
  region size 1024K, 8 young (8192K), 8 survivors (8192K)
 Metaspace       used 41574K, committed 42048K, reserved 1114112K
  class space    used 5110K, committed 5312K, reserved 1048576K
GC Heap History (20 events):
Event: 1.531 GC heap after
{Heap after GC invocations=12 (full 0):
 garbage-first heap   total 54272K, used 20551K [0x00000000c0000000, 0x0000000100000000)
  region size 1024K, 3 young (3072K), 3 survivors (3072K)
 Metaspace       used 37943K, committed 38400K, reserved 1114112K
  class space    used 4786K, committed 4992K, reserved 1048576K
}
Event: 1.552 GC heap before
{Heap before GC invocations=12 (full 0):
 garbage-first heap   total 54272K, used 38983K [0x00000000c0000000, 0x0000000100000000)
  region size 1024K, 22 young (22528K), 3 survivors (3072K)
 Metaspace       used 37944K, committed 38400K, reserved 1114112K
  class space    used 4786K, committed 4992K, reserved 1048576K
}
Event: 1.557 GC heap after
{Heap after GC invocations=13 (full 0):
 garbage-first heap   total 54272K, used 24535K [0x00000000c0000000, 0x0000000100000000)
  region size 1024K, 3 young (3072K), 3 survivors (3072K)
 Metaspace       used 37944K, committed 38400K, reserved 1114112K
  class space    used 4786K, committed 4992K, reserved 1048576K
}
Event: 1.577 GC heap before
{Heap before GC invocations=13 (full 0):
 garbage-first heap   total 54272K, used 39895K [0x00000000c0000000, 0x0000000100000000)
  region size 1024K, 19 young (19456K), 3 survivors (3072K)
 Metaspace       used 37967K, committed 38400K, reserved 1114112K
  class space    used 4786K, committed 4992K, reserved 1048576K
}
Event: 1.582 GC heap after
{Heap after GC invocations=14 (full 0):
 garbage-first heap   total 95232K, used 27799K [0x00000000c0000000, 0x0000000100000000)
  region size 1024K, 3 young (3072K), 3 survivors (3072K)
 Metaspace       used 37967K, committed 38400K, reserved 1114112K
  class space    used 4786K, committed 4992K, reserved 1048576K
}
Event: 1.642 GC heap before
{Heap before GC invocations=14 (full 0):
 garbage-first heap   total 95232K, used 66711K [0x00000000c0000000, 0x0000000100000000)
  region size 1024K, 42 young (43008K), 3 survivors (3072K)
 Metaspace       used 38807K, committed 39232K, reserved 1114112K
  class space    used 4864K, committed 5056K, reserved 1048576K
}
Event: 1.648 GC heap after
{Heap after GC invocations=15 (full 0):
 garbage-first heap   total 95232K, used 35027K [0x00000000c0000000, 0x0000000100000000)
  region size 1024K, 6 young (6144K), 6 survivors (6144K)
 Metaspace       used 38807K, committed 39232K, reserved 1114112K
  class space    used 4864K, committed 5056K, reserved 1048576K
}
Event: 1.675 GC heap before
{Heap before GC invocations=15 (full 0):
 garbage-first heap   total 95232K, used 67795K [0x00000000c0000000, 0x0000000100000000)
  region size 1024K, 38 young (38912K), 6 survivors (6144K)
 Metaspace       used 39162K, committed 39616K, reserved 1114112K
  class space    used 4897K, committed 5120K, reserved 1048576K
}
Event: 1.683 GC heap after
{Heap after GC invocations=16 (full 0):
 garbage-first heap   total 95232K, used 43491K [0x00000000c0000000, 0x0000000100000000)
  region size 1024K, 5 young (5120K), 5 survivors (5120K)
 Metaspace       used 39162K, committed 39616K, reserved 1114112K
  class space    used 4897K, committed 5120K, reserved 1048576K
}
Event: 1.707 GC heap before
{Heap before GC invocations=16 (full 0):
 garbage-first heap   total 95232K, used 68067K [0x00000000c0000000, 0x0000000100000000)
  region size 1024K, 30 young (30720K), 5 survivors (5120K)
 Metaspace       used 39599K, committed 40000K, reserved 1114112K
  class space    used 4940K, committed 5120K, reserved 1048576K
}
Event: 1.713 GC heap after
{Heap after GC invocations=17 (full 0):
 garbage-first heap   total 95232K, used 48881K [0x00000000c0000000, 0x0000000100000000)
  region size 1024K, 4 young (4096K), 4 survivors (4096K)
 Metaspace       used 39599K, committed 40000K, reserved 1114112K
  class space    used 4940K, committed 5120K, reserved 1048576K
}
Event: 1.770 GC heap before
{Heap before GC invocations=17 (full 0):
 garbage-first heap   total 95232K, used 69361K [0x00000000c0000000, 0x0000000100000000)
  region size 1024K, 26 young (26624K), 4 survivors (4096K)
 Metaspace       used 40702K, committed 41152K, reserved 1114112K
  class space    used 5003K, committed 5184K, reserved 1048576K
}
Event: 1.774 GC heap after
{Heap after GC invocations=18 (full 0):
 garbage-first heap   total 223232K, used 53339K [0x00000000c0000000, 0x0000000100000000)
  region size 1024K, 4 young (4096K), 4 survivors (4096K)
 Metaspace       used 40702K, committed 41152K, reserved 1114112K
  class space    used 5003K, committed 5184K, reserved 1048576K
}
Event: 1.846 GC heap before
{Heap before GC invocations=18 (full 0):
 garbage-first heap   total 223232K, used 144475K [0x00000000c0000000, 0x0000000100000000)
  region size 1024K, 92 young (94208K), 4 survivors (4096K)
 Metaspace       used 41446K, committed 41920K, reserved 1114112K
  class space    used 5090K, committed 5312K, reserved 1048576K
}
Event: 1.869 GC heap after
{Heap after GC invocations=19 (full 0):
 garbage-first heap   total 223232K, used 70119K [0x00000000c0000000, 0x0000000100000000)
  region size 1024K, 12 young (12288K), 12 survivors (12288K)
 Metaspace       used 41446K, committed 41920K, reserved 1114112K
  class space    used 5090K, committed 5312K, reserved 1048576K
}
Event: 1.890 GC heap before
{Heap before GC invocations=19 (full 0):
 garbage-first heap   total 223232K, used 144871K [0x00000000c0000000, 0x0000000100000000)
  region size 1024K, 86 young (88064K), 12 survivors (12288K)
 Metaspace       used 41472K, committed 41984K, reserved 1114112K
  class space    used 5099K, committed 5312K, reserved 1048576K
}
Event: 1.897 GC heap after
{Heap after GC invocations=20 (full 0):
 garbage-first heap   total 223232K, used 74539K [0x00000000c0000000, 0x0000000100000000)
  region size 1024K, 4 young (4096K), 4 survivors (4096K)
 Metaspace       used 41472K, committed 41984K, reserved 1114112K
  class space    used 5099K, committed 5312K, reserved 1048576K
}
Event: 1.914 GC heap before
{Heap before GC invocations=20 (full 0):
 garbage-first heap   total 223232K, used 154411K [0x00000000c0000000, 0x0000000100000000)
  region size 1024K, 83 young (84992K), 4 survivors (4096K)
 Metaspace       used 41479K, committed 41984K, reserved 1114112K
  class space    used 5101K, committed 5312K, reserved 1048576K
}
Event: 1.917 GC heap after
{Heap after GC invocations=21 (full 0):
 garbage-first heap   total 223232K, used 77199K [0x00000000c0000000, 0x0000000100000000)
  region size 1024K, 7 young (7168K), 7 survivors (7168K)
 Metaspace       used 41479K, committed 41984K, reserved 1114112K
  class space    used 5101K, committed 5312K, reserved 1048576K
}
Event: 1.936 GC heap before
{Heap before GC invocations=21 (full 0):
 garbage-first heap   total 223232K, used 162191K [0x00000000c0000000, 0x0000000100000000)
  region size 1024K, 91 young (93184K), 7 survivors (7168K)
 Metaspace       used 41574K, committed 42048K, reserved 1114112K
  class space    used 5110K, committed 5312K, reserved 1048576K
}

