# JRE version: OpenJDK Runtime Environment Temurin-17.0.7+7 (17.0.7+7) (build 17.0.7+7)
# Java VM: OpenJDK 64-Bit Server VM Temurin-17.0.7+7 (17.0.7+7, mixed mode, emulated-client, tiered, compressed oops, compressed class ptrs, g1 gc, windows-amd64)
GC Precious Log:
 CPUs: 12 total, 12 available
 Memory: 7930M
 Large Page Support: Disabled
 NUMA Support: Disabled
 Compressed Oops: Enabled (32-bit)
 Heap Region Size: 1M
 Heap Min Capacity: 8M
 Heap Initial Capacity: 124M
 Heap Max Capacity: 1G
 Pre-touch: Disabled
 Parallel Workers: 10
 Concurrent Workers: 3
 Concurrent Refinement Workers: 10
 Periodic GC: Disabled
Heap:
 garbage-first heap   total 141312K, used 74145K [0x00000000c0000000, 0x0000000100000000)
  region size 1024K, 5 young (5120K), 5 survivors (5120K)
 Metaspace       used 41417K, committed 41792K, reserved 1114112K
  class space    used 5091K, committed 5248K, reserved 1048576K
GC Heap History (20 events):
Event: 1.688 GC heap after
{Heap after GC invocations=10 (full 0):
 garbage-first heap   total 122880K, used 18464K [0x00000000c0000000, 0x0000000100000000)
  region size 1024K, 3 young (3072K), 3 survivors (3072K)
 Metaspace       used 35665K, committed 35968K, reserved 1114112K
  class space    used 4414K, committed 4544K, reserved 1048576K
}
Event: 1.821 GC heap before
{Heap before GC invocations=11 (full 0):
 garbage-first heap   total 68608K, used 56352K [0x00000000c0000000, 0x0000000100000000)
  region size 1024K, 42 young (43008K), 3 survivors (3072K)
 Metaspace       used 37927K, committed 38400K, reserved 1114112K
  class space    used 4780K, committed 4992K, reserved 1048576K
}
Event: 1.827 GC heap after
{Heap after GC invocations=12 (full 0):
 garbage-first heap   total 68608K, used 24593K [0x00000000c0000000, 0x0000000100000000)
  region size 1024K, 9 young (9216K), 9 survivors (9216K)
 Metaspace       used 37927K, committed 38400K, reserved 1114112K
  class space    used 4780K, committed 4992K, reserved 1048576K
}
Event: 1.853 GC heap before
{Heap before GC invocations=12 (full 0):
 garbage-first heap   total 68608K, used 48145K [0x00000000c0000000, 0x0000000100000000)
  region size 1024K, 33 young (33792K), 9 survivors (9216K)
 Metaspace       used 38094K, committed 38464K, reserved 1114112K
  class space    used 4810K, committed 4992K, reserved 1048576K
}
Event: 1.860 GC heap after
{Heap after GC invocations=13 (full 0):
 garbage-first heap   total 68608K, used 28911K [0x00000000c0000000, 0x0000000100000000)
  region size 1024K, 5 young (5120K), 5 survivors (5120K)
 Metaspace       used 38094K, committed 38464K, reserved 1114112K
  class space    used 4810K, committed 4992K, reserved 1048576K
}
Event: 1.890 GC heap before
{Heap before GC invocations=13 (full 0):
 garbage-first heap   total 68608K, used 48367K [0x00000000c0000000, 0x0000000100000000)
  region size 1024K, 25 young (25600K), 5 survivors (5120K)
 Metaspace       used 38596K, committed 39040K, reserved 1114112K
  class space    used 4847K, committed 5056K, reserved 1048576K
}
Event: 1.895 GC heap after
{Heap after GC invocations=14 (full 0):
 garbage-first heap   total 68608K, used 32894K [0x00000000c0000000, 0x0000000100000000)
  region size 1024K, 4 young (4096K), 4 survivors (4096K)
 Metaspace       used 38596K, committed 39040K, reserved 1114112K
  class space    used 4847K, committed 5056K, reserved 1048576K
}
Event: 1.916 GC heap before
{Heap before GC invocations=14 (full 0):
 garbage-first heap   total 68608K, used 50302K [0x00000000c0000000, 0x0000000100000000)
  region size 1024K, 22 young (22528K), 4 survivors (4096K)
 Metaspace       used 38884K, committed 39296K, reserved 1114112K
  class space    used 4863K, committed 5056K, reserved 1048576K
}
Event: 1.919 GC heap after
{Heap after GC invocations=15 (full 0):
 garbage-first heap   total 68608K, used 35993K [0x00000000c0000000, 0x0000000100000000)
  region size 1024K, 3 young (3072K), 3 survivors (3072K)
 Metaspace       used 38884K, committed 39296K, reserved 1114112K
  class space    used 4863K, committed 5056K, reserved 1048576K
}
Event: 1.933 GC heap before
{Heap before GC invocations=15 (full 0):
 garbage-first heap   total 68608K, used 51353K [0x00000000c0000000, 0x0000000100000000)
  region size 1024K, 19 young (19456K), 3 survivors (3072K)
 Metaspace       used 39028K, committed 39424K, reserved 1114112K
  class space    used 4874K, committed 5056K, reserved 1048576K
}
Event: 1.939 GC heap after
{Heap after GC invocations=16 (full 0):
 garbage-first heap   total 141312K, used 41353K [0x00000000c0000000, 0x0000000100000000)
  region size 1024K, 3 young (3072K), 3 survivors (3072K)
 Metaspace       used 39028K, committed 39424K, reserved 1114112K
  class space    used 4874K, committed 5056K, reserved 1048576K
}
Event: 2.038 GC heap before
{Heap before GC invocations=17 (full 0):
 garbage-first heap   total 141312K, used 98697K [0x00000000c0000000, 0x0000000100000000)
  region size 1024K, 60 young (61440K), 3 survivors (3072K)
 Metaspace       used 40636K, committed 41024K, reserved 1114112K
  class space    used 4996K, committed 5184K, reserved 1048576K
}
Event: 2.048 GC heap after
{Heap after GC invocations=18 (full 0):
 garbage-first heap   total 141312K, used 51400K [0x00000000c0000000, 0x0000000100000000)
  region size 1024K, 8 young (8192K), 8 survivors (8192K)
 Metaspace       used 40636K, committed 41024K, reserved 1114112K
  class space    used 4996K, committed 5184K, reserved 1048576K
}
Event: 2.111 GC heap before
{Heap before GC invocations=18 (full 0):
 garbage-first heap   total 141312K, used 101576K [0x00000000c0000000, 0x0000000100000000)
  region size 1024K, 56 young (57344K), 8 survivors (8192K)
 Metaspace       used 41382K, committed 41792K, reserved 1114112K
  class space    used 5087K, committed 5248K, reserved 1048576K
}
Event: 2.137 GC heap after
{Heap after GC invocations=19 (full 0):
 garbage-first heap   total 141312K, used 68023K [0x00000000c0000000, 0x0000000100000000)
  region size 1024K, 7 young (7168K), 7 survivors (7168K)
 Metaspace       used 41382K, committed 41792K, reserved 1114112K
  class space    used 5087K, committed 5248K, reserved 1048576K
}
Event: 2.146 GC heap before
{Heap before GC invocations=19 (full 0):
 garbage-first heap   total 141312K, used 102839K [0x00000000c0000000, 0x0000000100000000)
  region size 1024K, 42 young (43008K), 7 survivors (7168K)
 Metaspace       used 41394K, committed 41792K, reserved 1114112K
  class space    used 5087K, committed 5248K, reserved 1048576K
}
Event: 2.151 GC heap after
{Heap after GC invocations=20 (full 0):
 garbage-first heap   total 141312K, used 71616K [0x00000000c0000000, 0x0000000100000000)
  region size 1024K, 3 young (3072K), 3 survivors (3072K)
 Metaspace       used 41394K, committed 41792K, reserved 1114112K
  class space    used 5087K, committed 5248K, reserved 1048576K
}
Event: 2.160 GC heap before
{Heap before GC invocations=20 (full 0):
 garbage-first heap   total 141312K, used 106432K [0x00000000c0000000, 0x0000000100000000)
  region size 1024K, 38 young (38912K), 3 survivors (3072K)
 Metaspace       used 41402K, committed 41792K, reserved 1114112K
  class space    used 5088K, committed 5248K, reserved 1048576K
}
Event: 2.162 GC heap after
{Heap after GC invocations=21 (full 0):
 garbage-first heap   total 141312K, used 72658K [0x00000000c0000000, 0x0000000100000000)
  region size 1024K, 4 young (4096K), 4 survivors (4096K)
 Metaspace       used 41402K, committed 41792K, reserved 1114112K
  class space    used 5088K, committed 5248K, reserved 1048576K
}
Event: 2.172 GC heap before
{Heap before GC invocations=21 (full 0):
 garbage-first heap   total 141312K, used 109522K [0x00000000c0000000, 0x0000000100000000)
  region size 1024K, 41 young (41984K), 4 survivors (4096K)
 Metaspace       used 41417K, committed 41792K, reserved 1114112K
  class space    used 5091K, committed 5248K, reserved 1048576K
}

