# JRE version: OpenJDK Runtime Environment Temurin-17.0.7+7 (17.0.7+7) (build 17.0.7+7)
# Java VM: OpenJDK 64-Bit Server VM Temurin-17.0.7+7 (17.0.7+7, mixed mode, emulated-client, tiered, compressed oops, compressed class ptrs, g1 gc, windows-amd64)
GC Precious Log:
 CPUs: 12 total, 12 available
 Memory: 7930M
 Large Page Support: Disabled
 NUMA Support: Disabled
 Compressed Oops: Enabled (32-bit)
 Heap Region Size: 1M
 Heap Min Capacity: 8M
 Heap Initial Capacity: 124M
 Heap Max Capacity: 1G
 Pre-touch: Disabled
 Parallel Workers: 10
 Concurrent Workers: 3
 Concurrent Refinement Workers: 10
 Periodic GC: Disabled
Heap:
 garbage-first heap   total 176128K, used 74432K [0x00000000c0000000, 0x0000000100000000)
  region size 1024K, 6 young (6144K), 6 survivors (6144K)
 Metaspace       used 41347K, committed 41728K, reserved 1114112K
  class space    used 5074K, committed 5248K, reserved 1048576K
GC Heap History (20 events):
Event: 1.943 GC heap after
{Heap after GC invocations=12 (full 0):
 garbage-first heap   total 54272K, used 20843K [0x00000000c0000000, 0x0000000100000000)
  region size 1024K, 3 young (3072K), 3 survivors (3072K)
 Metaspace       used 37881K, committed 38208K, reserved 1114112K
  class space    used 4768K, committed 4928K, reserved 1048576K
}
Event: 1.965 GC heap before
{Heap before GC invocations=12 (full 0):
 garbage-first heap   total 54272K, used 39275K [0x00000000c0000000, 0x0000000100000000)
  region size 1024K, 22 young (22528K), 3 survivors (3072K)
 Metaspace       used 37881K, committed 38208K, reserved 1114112K
  class space    used 4768K, committed 4928K, reserved 1048576K
}
Event: 1.971 GC heap after
{Heap after GC invocations=13 (full 0):
 garbage-first heap   total 54272K, used 24515K [0x00000000c0000000, 0x0000000100000000)
  region size 1024K, 3 young (3072K), 3 survivors (3072K)
 Metaspace       used 37881K, committed 38208K, reserved 1114112K
  class space    used 4768K, committed 4928K, reserved 1048576K
}
Event: 1.986 GC heap before
{Heap before GC invocations=13 (full 0):
 garbage-first heap   total 54272K, used 39875K [0x00000000c0000000, 0x0000000100000000)
  region size 1024K, 19 young (19456K), 3 survivors (3072K)
 Metaspace       used 37881K, committed 38208K, reserved 1114112K
  class space    used 4768K, committed 4928K, reserved 1048576K
}
Event: 1.990 GC heap after
{Heap after GC invocations=14 (full 0):
 garbage-first heap   total 54272K, used 28170K [0x00000000c0000000, 0x0000000100000000)
  region size 1024K, 3 young (3072K), 3 survivors (3072K)
 Metaspace       used 37881K, committed 38208K, reserved 1114112K
  class space    used 4768K, committed 4928K, reserved 1048576K
}
Event: 2.013 GC heap before
{Heap before GC invocations=14 (full 0):
 garbage-first heap   total 54272K, used 40458K [0x00000000c0000000, 0x0000000100000000)
  region size 1024K, 15 young (15360K), 3 survivors (3072K)
 Metaspace       used 38170K, committed 38592K, reserved 1114112K
  class space    used 4813K, committed 4992K, reserved 1048576K
}
Event: 2.017 GC heap after
{Heap after GC invocations=15 (full 0):
 garbage-first heap   total 54272K, used 31174K [0x00000000c0000000, 0x0000000100000000)
  region size 1024K, 2 young (2048K), 2 survivors (2048K)
 Metaspace       used 38170K, committed 38592K, reserved 1114112K
  class space    used 4813K, committed 4992K, reserved 1048576K
}
Event: 2.033 GC heap before
{Heap before GC invocations=16 (full 0):
 garbage-first heap   total 63488K, used 41414K [0x00000000c0000000, 0x0000000100000000)
  region size 1024K, 12 young (12288K), 2 survivors (2048K)
 Metaspace       used 38414K, committed 38848K, reserved 1114112K
  class space    used 4830K, committed 5056K, reserved 1048576K
}
Event: 2.035 GC heap after
{Heap after GC invocations=17 (full 0):
 garbage-first heap   total 63488K, used 33117K [0x00000000c0000000, 0x0000000100000000)
  region size 1024K, 2 young (2048K), 2 survivors (2048K)
 Metaspace       used 38414K, committed 38848K, reserved 1114112K
  class space    used 4830K, committed 5056K, reserved 1048576K
}
Event: 2.050 GC heap before
{Heap before GC invocations=17 (full 0):
 garbage-first heap   total 63488K, used 47453K [0x00000000c0000000, 0x0000000100000000)
  region size 1024K, 16 young (16384K), 2 survivors (2048K)
 Metaspace       used 38615K, committed 39040K, reserved 1114112K
  class space    used 4841K, committed 5056K, reserved 1048576K
}
Event: 2.052 GC heap after
{Heap after GC invocations=18 (full 0):
 garbage-first heap   total 174080K, used 35397K [0x00000000c0000000, 0x0000000100000000)
  region size 1024K, 2 young (2048K), 2 survivors (2048K)
 Metaspace       used 38615K, committed 39040K, reserved 1114112K
  class space    used 4841K, committed 5056K, reserved 1048576K
}
Event: 2.187 GC heap before
{Heap before GC invocations=19 (full 0):
 garbage-first heap   total 147456K, used 126533K [0x00000000c0000000, 0x0000000100000000)
  region size 1024K, 90 young (92160K), 2 survivors (2048K)
 Metaspace       used 40870K, committed 41280K, reserved 1114112K
  class space    used 5012K, committed 5184K, reserved 1048576K
}
Event: 2.204 GC heap after
{Heap after GC invocations=20 (full 0):
 garbage-first heap   total 149504K, used 56732K [0x00000000c0000000, 0x0000000100000000)
  region size 1024K, 12 young (12288K), 12 survivors (12288K)
 Metaspace       used 40870K, committed 41280K, reserved 1114112K
  class space    used 5012K, committed 5184K, reserved 1048576K
}
Event: 2.245 GC heap before
{Heap before GC invocations=20 (full 0):
 garbage-first heap   total 149504K, used 102812K [0x00000000c0000000, 0x0000000100000000)
  region size 1024K, 57 young (58368K), 12 survivors (12288K)
 Metaspace       used 41313K, committed 41728K, reserved 1114112K
  class space    used 5070K, committed 5248K, reserved 1048576K
}
Event: 2.269 GC heap after
{Heap after GC invocations=21 (full 0):
 garbage-first heap   total 149504K, used 68614K [0x00000000c0000000, 0x0000000100000000)
  region size 1024K, 8 young (8192K), 8 survivors (8192K)
 Metaspace       used 41313K, committed 41728K, reserved 1114112K
  class space    used 5070K, committed 5248K, reserved 1048576K
}
Event: 2.278 GC heap before
{Heap before GC invocations=21 (full 0):
 garbage-first heap   total 149504K, used 104454K [0x00000000c0000000, 0x0000000100000000)
  region size 1024K, 44 young (45056K), 8 survivors (8192K)
 Metaspace       used 41334K, committed 41728K, reserved 1114112K
  class space    used 5070K, committed 5248K, reserved 1048576K
}
Event: 2.283 GC heap after
{Heap after GC invocations=22 (full 0):
 garbage-first heap   total 149504K, used 71558K [0x00000000c0000000, 0x0000000100000000)
  region size 1024K, 3 young (3072K), 3 survivors (3072K)
 Metaspace       used 41334K, committed 41728K, reserved 1114112K
  class space    used 5070K, committed 5248K, reserved 1048576K
}
Event: 2.292 GC heap before
{Heap before GC invocations=22 (full 0):
 garbage-first heap   total 149504K, used 110470K [0x00000000c0000000, 0x0000000100000000)
  region size 1024K, 42 young (43008K), 3 survivors (3072K)
 Metaspace       used 41340K, committed 41728K, reserved 1114112K
  class space    used 5070K, committed 5248K, reserved 1048576K
}
Event: 2.295 GC heap after
{Heap after GC invocations=23 (full 0):
 garbage-first heap   total 149504K, used 72652K [0x00000000c0000000, 0x0000000100000000)
  region size 1024K, 4 young (4096K), 4 survivors (4096K)
 Metaspace       used 41340K, committed 41728K, reserved 1114112K
  class space    used 5070K, committed 5248K, reserved 1048576K
}
Event: 2.305 GC heap before
{Heap before GC invocations=23 (full 0):
 garbage-first heap   total 149504K, used 114636K [0x00000000c0000000, 0x0000000100000000)
  region size 1024K, 46 young (47104K), 4 survivors (4096K)
 Metaspace       used 41347K, committed 41728K, reserved 1114112K
  class space    used 5074K, committed 5248K, reserved 1048576K
}

