# JRE version: OpenJDK Runtime Environment Temurin-17.0.7+7 (17.0.7+7) (build 17.0.7+7)
# Java VM: OpenJDK 64-Bit Server VM Temurin-17.0.7+7 (17.0.7+7, mixed mode, emulated-client, tiered, compressed oops, compressed class ptrs, g1 gc, windows-amd64)
GC Precious Log:
 CPUs: 12 total, 12 available
 Memory: 7930M
 Large Page Support: Disabled
 NUMA Support: Disabled
 Compressed Oops: Enabled (32-bit)
 Heap Region Size: 1M
 Heap Min Capacity: 8M
 Heap Initial Capacity: 124M
 Heap Max Capacity: 1G
 Pre-touch: Disabled
 Parallel Workers: 10
 Concurrent Workers: 3
 Concurrent Refinement Workers: 10
 Periodic GC: Disabled
Heap:
 garbage-first heap   total 126976K, used 53785K [0x00000000c0000000, 0x0000000100000000)
  region size 1024K, 3 young (3072K), 3 survivors (3072K)
 Metaspace       used 40564K, committed 40960K, reserved 1114112K
  class space    used 4982K, committed 5184K, reserved 1048576K
GC Heap History (20 events):
Event: 1.003 GC heap after
{Heap after GC invocations=6 (full 0):
 garbage-first heap   total 48128K, used 14322K [0x00000000c0000000, 0x0000000100000000)
  region size 1024K, 2 young (2048K), 2 survivors (2048K)
 Metaspace       used 28293K, committed 28672K, reserved 1114112K
  class space    used 3365K, committed 3520K, reserved 1048576K
}
Event: 1.167 GC heap before
{Heap before GC invocations=6 (full 0):
 garbage-first heap   total 48128K, used 31730K [0x00000000c0000000, 0x0000000100000000)
  region size 1024K, 20 young (20480K), 2 survivors (2048K)
 Metaspace       used 30903K, committed 31232K, reserved 1114112K
  class space    used 3726K, committed 3840K, reserved 1048576K
}
Event: 1.172 GC heap after
{Heap after GC invocations=7 (full 0):
 garbage-first heap   total 61440K, used 15910K [0x00000000c0000000, 0x0000000100000000)
  region size 1024K, 3 young (3072K), 3 survivors (3072K)
 Metaspace       used 30903K, committed 31232K, reserved 1114112K
  class space    used 3726K, committed 3840K, reserved 1048576K
}
Event: 1.427 GC heap before
{Heap before GC invocations=7 (full 0):
 garbage-first heap   total 61440K, used 41510K [0x00000000c0000000, 0x0000000100000000)
  region size 1024K, 28 young (28672K), 3 survivors (3072K)
 Metaspace       used 35393K, committed 35776K, reserved 1114112K
  class space    used 4371K, committed 4544K, reserved 1048576K
}
Event: 1.430 GC heap after
{Heap after GC invocations=8 (full 0):
 garbage-first heap   total 61440K, used 18226K [0x00000000c0000000, 0x0000000100000000)
  region size 1024K, 4 young (4096K), 4 survivors (4096K)
 Metaspace       used 35393K, committed 35776K, reserved 1114112K
  class space    used 4371K, committed 4544K, reserved 1048576K
}
Event: 1.451 GC heap before
{Heap before GC invocations=8 (full 0):
 garbage-first heap   total 61440K, used 20274K [0x00000000c0000000, 0x0000000100000000)
  region size 1024K, 7 young (7168K), 4 survivors (4096K)
 Metaspace       used 35662K, committed 35968K, reserved 1114112K
  class space    used 4411K, committed 4544K, reserved 1048576K
}
Event: 1.453 GC heap after
{Heap after GC invocations=9 (full 0):
 garbage-first heap   total 61440K, used 18901K [0x00000000c0000000, 0x0000000100000000)
  region size 1024K, 1 young (1024K), 1 survivors (1024K)
 Metaspace       used 35662K, committed 35968K, reserved 1114112K
  class space    used 4411K, committed 4544K, reserved 1048576K
}
Event: 1.537 GC heap before
{Heap before GC invocations=10 (full 0):
 garbage-first heap   total 61440K, used 43477K [0x00000000c0000000, 0x0000000100000000)
  region size 1024K, 26 young (26624K), 1 survivors (1024K)
 Metaspace       used 37895K, committed 38336K, reserved 1114112K
  class space    used 4771K, committed 4992K, reserved 1048576K
}
Event: 1.540 GC heap after
{Heap after GC invocations=11 (full 0):
 garbage-first heap   total 61440K, used 22391K [0x00000000c0000000, 0x0000000100000000)
  region size 1024K, 4 young (4096K), 4 survivors (4096K)
 Metaspace       used 37895K, committed 38336K, reserved 1114112K
  class space    used 4771K, committed 4992K, reserved 1048576K
}
Event: 1.564 GC heap before
{Heap before GC invocations=11 (full 0):
 garbage-first heap   total 61440K, used 43895K [0x00000000c0000000, 0x0000000100000000)
  region size 1024K, 26 young (26624K), 4 survivors (4096K)
 Metaspace       used 37896K, committed 38336K, reserved 1114112K
  class space    used 4771K, committed 4992K, reserved 1048576K
}
Event: 1.569 GC heap after
{Heap after GC invocations=12 (full 0):
 garbage-first heap   total 61440K, used 26058K [0x00000000c0000000, 0x0000000100000000)
  region size 1024K, 4 young (4096K), 4 survivors (4096K)
 Metaspace       used 37896K, committed 38336K, reserved 1114112K
  class space    used 4771K, committed 4992K, reserved 1048576K
}
Event: 1.596 GC heap before
{Heap before GC invocations=12 (full 0):
 garbage-first heap   total 61440K, used 43466K [0x00000000c0000000, 0x0000000100000000)
  region size 1024K, 22 young (22528K), 4 survivors (4096K)
 Metaspace       used 38079K, committed 38528K, reserved 1114112K
  class space    used 4800K, committed 4992K, reserved 1048576K
}
Event: 1.600 GC heap after
{Heap after GC invocations=13 (full 0):
 garbage-first heap   total 101376K, used 30232K [0x00000000c0000000, 0x0000000100000000)
  region size 1024K, 3 young (3072K), 3 survivors (3072K)
 Metaspace       used 38079K, committed 38528K, reserved 1114112K
  class space    used 4800K, committed 4992K, reserved 1048576K
}
Event: 1.647 GC heap before
{Heap before GC invocations=13 (full 0):
 garbage-first heap   total 101376K, used 70168K [0x00000000c0000000, 0x0000000100000000)
  region size 1024K, 43 young (44032K), 3 survivors (3072K)
 Metaspace       used 38754K, committed 39168K, reserved 1114112K
  class space    used 4852K, committed 5056K, reserved 1048576K
}
Event: 1.655 GC heap after
{Heap after GC invocations=14 (full 0):
 garbage-first heap   total 101376K, used 39193K [0x00000000c0000000, 0x0000000100000000)
  region size 1024K, 6 young (6144K), 6 survivors (6144K)
 Metaspace       used 38754K, committed 39168K, reserved 1114112K
  class space    used 4852K, committed 5056K, reserved 1048576K
}
Event: 1.683 GC heap before
{Heap before GC invocations=14 (full 0):
 garbage-first heap   total 101376K, used 70937K [0x00000000c0000000, 0x0000000100000000)
  region size 1024K, 37 young (37888K), 6 survivors (6144K)
 Metaspace       used 39207K, committed 39616K, reserved 1114112K
  class space    used 4897K, committed 5120K, reserved 1048576K
}
Event: 1.692 GC heap after
{Heap after GC invocations=15 (full 0):
 garbage-first heap   total 101376K, used 45752K [0x00000000c0000000, 0x0000000100000000)
  region size 1024K, 5 young (5120K), 5 survivors (5120K)
 Metaspace       used 39207K, committed 39616K, reserved 1114112K
  class space    used 4897K, committed 5120K, reserved 1048576K
}
Event: 1.748 GC heap before
{Heap before GC invocations=15 (full 0):
 garbage-first heap   total 101376K, used 72376K [0x00000000c0000000, 0x0000000100000000)
  region size 1024K, 32 young (32768K), 5 survivors (5120K)
 Metaspace       used 40433K, committed 40896K, reserved 1114112K
  class space    used 4967K, committed 5184K, reserved 1048576K
}
Event: 1.753 GC heap after
{Heap after GC invocations=16 (full 0):
 garbage-first heap   total 101376K, used 50501K [0x00000000c0000000, 0x0000000100000000)
  region size 1024K, 4 young (4096K), 4 survivors (4096K)
 Metaspace       used 40433K, committed 40896K, reserved 1114112K
  class space    used 4967K, committed 5184K, reserved 1048576K
}
Event: 1.770 GC heap before
{Heap before GC invocations=16 (full 0):
 garbage-first heap   total 101376K, used 58693K [0x00000000c0000000, 0x0000000100000000)
  region size 1024K, 14 young (14336K), 4 survivors (4096K)
 Metaspace       used 40564K, committed 40960K, reserved 1114112K
  class space    used 4982K, committed 5184K, reserved 1048576K
}

