# JRE version: OpenJDK Runtime Environment Temurin-17.0.7+7 (17.0.7+7) (build 17.0.7+7)
# Java VM: OpenJDK 64-Bit Server VM Temurin-17.0.7+7 (17.0.7+7, mixed mode, emulated-client, tiered, compressed oops, compressed class ptrs, g1 gc, windows-amd64)
GC Precious Log:
 CPUs: 12 total, 12 available
 Memory: 7930M
 Large Page Support: Disabled
 NUMA Support: Disabled
 Compressed Oops: Enabled (32-bit)
 Heap Region Size: 1M
 Heap Min Capacity: 8M
 Heap Initial Capacity: 124M
 Heap Max Capacity: 1G
 Pre-touch: Disabled
 Parallel Workers: 10
 Concurrent Workers: 3
 Concurrent Refinement Workers: 10
 Periodic GC: Disabled
Heap:
 garbage-first heap   total 126976K, used 69056K [0x00000000c0000000, 0x0000000100000000)
  region size 1024K, 5 young (5120K), 5 survivors (5120K)
 Metaspace       used 41216K, committed 41600K, reserved 1114112K
  class space    used 5050K, committed 5184K, reserved 1048576K
GC Heap History (20 events):
Event: 1.500 GC heap after
{Heap after GC invocations=9 (full 0):
 garbage-first heap   total 57344K, used 19017K [0x00000000c0000000, 0x0000000100000000)
  region size 1024K, 2 young (2048K), 2 survivors (2048K)
 Metaspace       used 35482K, committed 35840K, reserved 1114112K
  class space    used 4384K, committed 4544K, reserved 1048576K
}
Event: 1.514 GC heap before
{Heap before GC invocations=9 (full 0):
 garbage-first heap   total 57344K, used 20041K [0x00000000c0000000, 0x0000000100000000)
  region size 1024K, 4 young (4096K), 2 survivors (2048K)
 Metaspace       used 35662K, committed 35968K, reserved 1114112K
  class space    used 4411K, committed 4544K, reserved 1048576K
}
Event: 1.515 GC heap after
{Heap after GC invocations=10 (full 0):
 garbage-first heap   total 57344K, used 18892K [0x00000000c0000000, 0x0000000100000000)
  region size 1024K, 2 young (2048K), 2 survivors (2048K)
 Metaspace       used 35662K, committed 35968K, reserved 1114112K
  class space    used 4411K, committed 4544K, reserved 1048576K
}
Event: 1.603 GC heap before
{Heap before GC invocations=11 (full 0):
 garbage-first heap   total 57344K, used 40396K [0x00000000c0000000, 0x0000000100000000)
  region size 1024K, 24 young (24576K), 2 survivors (2048K)
 Metaspace       used 37895K, committed 38336K, reserved 1114112K
  class space    used 4770K, committed 4992K, reserved 1048576K
}
Event: 1.607 GC heap after
{Heap after GC invocations=12 (full 0):
 garbage-first heap   total 57344K, used 21077K [0x00000000c0000000, 0x0000000100000000)
  region size 1024K, 3 young (3072K), 3 survivors (3072K)
 Metaspace       used 37895K, committed 38336K, reserved 1114112K
  class space    used 4770K, committed 4992K, reserved 1048576K
}
Event: 1.631 GC heap before
{Heap before GC invocations=12 (full 0):
 garbage-first heap   total 57344K, used 41557K [0x00000000c0000000, 0x0000000100000000)
  region size 1024K, 24 young (24576K), 3 survivors (3072K)
 Metaspace       used 37895K, committed 38336K, reserved 1114112K
  class space    used 4770K, committed 4992K, reserved 1048576K
}
Event: 1.636 GC heap after
{Heap after GC invocations=13 (full 0):
 garbage-first heap   total 57344K, used 25682K [0x00000000c0000000, 0x0000000100000000)
  region size 1024K, 3 young (3072K), 3 survivors (3072K)
 Metaspace       used 37895K, committed 38336K, reserved 1114112K
  class space    used 4770K, committed 4992K, reserved 1048576K
}
Event: 1.659 GC heap before
{Heap before GC invocations=13 (full 0):
 garbage-first heap   total 57344K, used 42066K [0x00000000c0000000, 0x0000000100000000)
  region size 1024K, 19 young (19456K), 3 survivors (3072K)
 Metaspace       used 38007K, committed 38464K, reserved 1114112K
  class space    used 4786K, committed 4992K, reserved 1048576K
}
Event: 1.663 GC heap after
{Heap after GC invocations=14 (full 0):
 garbage-first heap   total 57344K, used 30333K [0x00000000c0000000, 0x0000000100000000)
  region size 1024K, 3 young (3072K), 3 survivors (3072K)
 Metaspace       used 38007K, committed 38464K, reserved 1114112K
  class space    used 4786K, committed 4992K, reserved 1048576K
}
Event: 1.682 GC heap before
{Heap before GC invocations=14 (full 0):
 garbage-first heap   total 57344K, used 41597K [0x00000000c0000000, 0x0000000100000000)
  region size 1024K, 15 young (15360K), 3 survivors (3072K)
 Metaspace       used 38203K, committed 38592K, reserved 1114112K
  class space    used 4815K, committed 4992K, reserved 1048576K
}
Event: 1.685 GC heap after
{Heap after GC invocations=15 (full 0):
 garbage-first heap   total 114688K, used 32710K [0x00000000c0000000, 0x0000000100000000)
  region size 1024K, 2 young (2048K), 2 survivors (2048K)
 Metaspace       used 38203K, committed 38592K, reserved 1114112K
  class space    used 4815K, committed 4992K, reserved 1048576K
}
Event: 1.731 GC heap before
{Heap before GC invocations=16 (full 0):
 garbage-first heap   total 114688K, used 71622K [0x00000000c0000000, 0x0000000100000000)
  region size 1024K, 41 young (41984K), 2 survivors (2048K)
 Metaspace       used 38779K, committed 39232K, reserved 1114112K
  class space    used 4852K, committed 5056K, reserved 1048576K
}
Event: 1.739 GC heap after
{Heap after GC invocations=17 (full 0):
 garbage-first heap   total 114688K, used 42545K [0x00000000c0000000, 0x0000000100000000)
  region size 1024K, 6 young (6144K), 6 survivors (6144K)
 Metaspace       used 38779K, committed 39232K, reserved 1114112K
  class space    used 4852K, committed 5056K, reserved 1048576K
}
Event: 1.740 GC heap before
{Heap before GC invocations=17 (full 0):
 garbage-first heap   total 114688K, used 43569K [0x00000000c0000000, 0x0000000100000000)
  region size 1024K, 7 young (7168K), 6 survivors (6144K)
 Metaspace       used 38779K, committed 39232K, reserved 1114112K
  class space    used 4852K, committed 5056K, reserved 1048576K
}
Event: 1.744 GC heap after
{Heap after GC invocations=18 (full 0):
 garbage-first heap   total 114688K, used 43953K [0x00000000c0000000, 0x0000000100000000)
  region size 1024K, 1 young (1024K), 1 survivors (1024K)
 Metaspace       used 38779K, committed 39232K, reserved 1114112K
  class space    used 4852K, committed 5056K, reserved 1048576K
}
Event: 1.772 GC heap before
{Heap before GC invocations=18 (full 0):
 garbage-first heap   total 114688K, used 76721K [0x00000000c0000000, 0x0000000100000000)
  region size 1024K, 33 young (33792K), 1 survivors (1024K)
 Metaspace       used 39370K, committed 39808K, reserved 1114112K
  class space    used 4913K, committed 5120K, reserved 1048576K
}
Event: 1.776 GC heap after
{Heap after GC invocations=19 (full 0):
 garbage-first heap   total 114688K, used 48481K [0x00000000c0000000, 0x0000000100000000)
  region size 1024K, 5 young (5120K), 5 survivors (5120K)
 Metaspace       used 39370K, committed 39808K, reserved 1114112K
  class space    used 4913K, committed 5120K, reserved 1048576K
}
Event: 1.837 GC heap before
{Heap before GC invocations=19 (full 0):
 garbage-first heap   total 114688K, used 80225K [0x00000000c0000000, 0x0000000100000000)
  region size 1024K, 36 young (36864K), 5 survivors (5120K)
 Metaspace       used 40519K, committed 40896K, reserved 1114112K
  class space    used 4979K, committed 5184K, reserved 1048576K
}
Event: 1.843 GC heap after
{Heap after GC invocations=20 (full 0):
 garbage-first heap   total 114688K, used 55296K [0x00000000c0000000, 0x0000000100000000)
  region size 1024K, 5 young (5120K), 5 survivors (5120K)
 Metaspace       used 40519K, committed 40896K, reserved 1114112K
  class space    used 4979K, committed 5184K, reserved 1048576K
}
Event: 1.885 GC heap before
{Heap before GC invocations=20 (full 0):
 garbage-first heap   total 114688K, used 83968K [0x00000000c0000000, 0x0000000100000000)
  region size 1024K, 33 young (33792K), 5 survivors (5120K)
 Metaspace       used 41216K, committed 41600K, reserved 1114112K
  class space    used 5050K, committed 5184K, reserved 1048576K
}

