# JRE version: OpenJDK Runtime Environment Temurin-17.0.7+7 (17.0.7+7) (build 17.0.7+7)
# Java VM: OpenJDK 64-Bit Server VM Temurin-17.0.7+7 (17.0.7+7, mixed mode, emulated-client, tiered, compressed oops, compressed class ptrs, g1 gc, windows-amd64)
GC Precious Log:
 CPUs: 12 total, 12 available
 Memory: 7930M
 Large Page Support: Disabled
 NUMA Support: Disabled
 Compressed Oops: Enabled (32-bit)
 Heap Region Size: 1M
 Heap Min Capacity: 8M
 Heap Initial Capacity: 124M
 Heap Max Capacity: 1G
 Pre-touch: Disabled
 Parallel Workers: 10
 Concurrent Workers: 3
 Concurrent Refinement Workers: 10
 Periodic GC: Disabled
Heap:
 garbage-first heap   total 60416K, used 30246K [0x00000000c0000000, 0x0000000100000000)
  region size 1024K, 3 young (3072K), 3 survivors (3072K)
 Metaspace       used 38179K, committed 38592K, reserved 1114112K
  class space    used 4816K, committed 4992K, reserved 1048576K
GC Heap History (20 events):
Event: 0.398 GC heap after
{Heap after GC invocations=1 (full 0):
 garbage-first heap   total 126976K, used 7452K [0x00000000c0000000, 0x0000000100000000)
  region size 1024K, 3 young (3072K), 3 survivors (3072K)
 Metaspace       used 9997K, committed 10176K, reserved 1114112K
  class space    used 1067K, committed 1152K, reserved 1048576K
}
Event: 0.728 GC heap before
{Heap before GC invocations=1 (full 0):
 garbage-first heap   total 126976K, used 34076K [0x00000000c0000000, 0x0000000100000000)
  region size 1024K, 29 young (29696K), 3 survivors (3072K)
 Metaspace       used 17576K, committed 17792K, reserved 1114112K
  class space    used 2017K, committed 2112K, reserved 1048576K
}
Event: 0.734 GC heap after
{Heap after GC invocations=2 (full 0):
 garbage-first heap   total 126976K, used 10465K [0x00000000c0000000, 0x0000000100000000)
  region size 1024K, 3 young (3072K), 3 survivors (3072K)
 Metaspace       used 17576K, committed 17792K, reserved 1114112K
  class space    used 2017K, committed 2112K, reserved 1048576K
}
Event: 0.871 GC heap before
{Heap before GC invocations=2 (full 0):
 garbage-first heap   total 126976K, used 28897K [0x00000000c0000000, 0x0000000100000000)
  region size 1024K, 22 young (22528K), 3 survivors (3072K)
 Metaspace       used 21331K, committed 21504K, reserved 1114112K
  class space    used 2455K, committed 2560K, reserved 1048576K
}
Event: 0.875 GC heap after
{Heap after GC invocations=3 (full 0):
 garbage-first heap   total 126976K, used 11814K [0x00000000c0000000, 0x0000000100000000)
  region size 1024K, 5 young (5120K), 5 survivors (5120K)
 Metaspace       used 21331K, committed 21504K, reserved 1114112K
  class space    used 2455K, committed 2560K, reserved 1048576K
}
Event: 1.019 GC heap before
{Heap before GC invocations=4 (full 0):
 garbage-first heap   total 48128K, used 33318K [0x00000000c0000000, 0x0000000100000000)
  region size 1024K, 28 young (28672K), 5 survivors (5120K)
 Metaspace       used 25836K, committed 26112K, reserved 1114112K
  class space    used 3037K, committed 3136K, reserved 1048576K
}
Event: 1.023 GC heap after
{Heap after GC invocations=5 (full 0):
 garbage-first heap   total 48128K, used 12948K [0x00000000c0000000, 0x0000000100000000)
  region size 1024K, 6 young (6144K), 6 survivors (6144K)
 Metaspace       used 25836K, committed 26112K, reserved 1114112K
  class space    used 3037K, committed 3136K, reserved 1048576K
}
Event: 1.217 GC heap before
{Heap before GC invocations=5 (full 0):
 garbage-first heap   total 48128K, used 31380K [0x00000000c0000000, 0x0000000100000000)
  region size 1024K, 24 young (24576K), 6 survivors (6144K)
 Metaspace       used 28285K, committed 28608K, reserved 1114112K
  class space    used 3363K, committed 3520K, reserved 1048576K
}
Event: 1.224 GC heap after
{Heap after GC invocations=6 (full 0):
 garbage-first heap   total 48128K, used 14446K [0x00000000c0000000, 0x0000000100000000)
  region size 1024K, 3 young (3072K), 3 survivors (3072K)
 Metaspace       used 28285K, committed 28608K, reserved 1114112K
  class space    used 3363K, committed 3520K, reserved 1048576K
}
Event: 1.404 GC heap before
{Heap before GC invocations=6 (full 0):
 garbage-first heap   total 48128K, used 31854K [0x00000000c0000000, 0x0000000100000000)
  region size 1024K, 21 young (21504K), 3 survivors (3072K)
 Metaspace       used 30883K, committed 31168K, reserved 1114112K
  class space    used 3723K, committed 3840K, reserved 1048576K
}
Event: 1.409 GC heap after
{Heap after GC invocations=7 (full 0):
 garbage-first heap   total 48128K, used 16059K [0x00000000c0000000, 0x0000000100000000)
  region size 1024K, 3 young (3072K), 3 survivors (3072K)
 Metaspace       used 30883K, committed 31168K, reserved 1114112K
  class space    used 3723K, committed 3840K, reserved 1048576K
}
Event: 1.591 GC heap before
{Heap before GC invocations=7 (full 0):
 garbage-first heap   total 48128K, used 33467K [0x00000000c0000000, 0x0000000100000000)
  region size 1024K, 20 young (20480K), 3 survivors (3072K)
 Metaspace       used 33976K, committed 34304K, reserved 1114112K
  class space    used 4154K, committed 4288K, reserved 1048576K
}
Event: 1.597 GC heap after
{Heap after GC invocations=8 (full 0):
 garbage-first heap   total 60416K, used 17753K [0x00000000c0000000, 0x0000000100000000)
  region size 1024K, 2 young (2048K), 2 survivors (2048K)
 Metaspace       used 33976K, committed 34304K, reserved 1114112K
  class space    used 4154K, committed 4288K, reserved 1048576K
}
Event: 1.733 GC heap before
{Heap before GC invocations=8 (full 0):
 garbage-first heap   total 60416K, used 27993K [0x00000000c0000000, 0x0000000100000000)
  region size 1024K, 13 young (13312K), 2 survivors (2048K)
 Metaspace       used 35739K, committed 36096K, reserved 1114112K
  class space    used 4422K, committed 4608K, reserved 1048576K
}
Event: 1.736 GC heap after
{Heap after GC invocations=9 (full 0):
 garbage-first heap   total 60416K, used 18785K [0x00000000c0000000, 0x0000000100000000)
  region size 1024K, 3 young (3072K), 3 survivors (3072K)
 Metaspace       used 35739K, committed 36096K, reserved 1114112K
  class space    used 4422K, committed 4608K, reserved 1048576K
}
Event: 1.865 GC heap before
{Heap before GC invocations=10 (full 0):
 garbage-first heap   total 60416K, used 42337K [0x00000000c0000000, 0x0000000100000000)
  region size 1024K, 27 young (27648K), 3 survivors (3072K)
 Metaspace       used 37899K, committed 38336K, reserved 1114112K
  class space    used 4773K, committed 4992K, reserved 1048576K
}
Event: 1.869 GC heap after
{Heap after GC invocations=11 (full 0):
 garbage-first heap   total 60416K, used 21823K [0x00000000c0000000, 0x0000000100000000)
  region size 1024K, 4 young (4096K), 4 survivors (4096K)
 Metaspace       used 37899K, committed 38336K, reserved 1114112K
  class space    used 4773K, committed 4992K, reserved 1048576K
}
Event: 1.903 GC heap before
{Heap before GC invocations=11 (full 0):
 garbage-first heap   total 60416K, used 43327K [0x00000000c0000000, 0x0000000100000000)
  region size 1024K, 26 young (26624K), 4 survivors (4096K)
 Metaspace       used 37900K, committed 38336K, reserved 1114112K
  class space    used 4773K, committed 4992K, reserved 1048576K
}
Event: 1.908 GC heap after
{Heap after GC invocations=12 (full 0):
 garbage-first heap   total 60416K, used 25754K [0x00000000c0000000, 0x0000000100000000)
  region size 1024K, 4 young (4096K), 4 survivors (4096K)
 Metaspace       used 37900K, committed 38336K, reserved 1114112K
  class space    used 4773K, committed 4992K, reserved 1048576K
}
Event: 1.936 GC heap before
{Heap before GC invocations=12 (full 0):
 garbage-first heap   total 60416K, used 43162K [0x00000000c0000000, 0x0000000100000000)
  region size 1024K, 22 young (22528K), 4 survivors (4096K)
 Metaspace       used 38179K, committed 38592K, reserved 1114112K
  class space    used 4816K, committed 4992K, reserved 1048576K
}

