# JRE version: OpenJDK Runtime Environment Temurin-17.0.7+7 (17.0.7+7) (build 17.0.7+7)
# Java VM: OpenJDK 64-Bit Server VM Temurin-17.0.7+7 (17.0.7+7, mixed mode, emulated-client, tiered, compressed oops, compressed class ptrs, g1 gc, windows-amd64)
GC Precious Log:
 CPUs: 12 total, 12 available
 Memory: 7930M
 Large Page Support: Disabled
 NUMA Support: Disabled
 Compressed Oops: Enabled (32-bit)
 Heap Region Size: 1M
 Heap Min Capacity: 8M
 Heap Initial Capacity: 124M
 Heap Max Capacity: 1G
 Pre-touch: Disabled
 Parallel Workers: 10
 Concurrent Workers: 3
 Concurrent Refinement Workers: 10
 Periodic GC: Disabled
Heap:
 garbage-first heap   total 126976K, used 50612K [0x00000000c0000000, 0x0000000100000000)
  region size 1024K, 4 young (4096K), 4 survivors (4096K)
 Metaspace       used 40320K, committed 40768K, reserved 1114112K
  class space    used 4963K, committed 5184K, reserved 1048576K
GC Heap History (20 events):
Event: 1.101 GC heap after
{Heap after GC invocations=7 (full 0):
 garbage-first heap   total 40960K, used 14555K [0x00000000c0000000, 0x0000000100000000)
  region size 1024K, 3 young (3072K), 3 survivors (3072K)
 Metaspace       used 30148K, committed 30528K, reserved 1114112K
  class space    used 3621K, committed 3776K, reserved 1048576K
}
Event: 1.198 GC heap before
{Heap before GC invocations=7 (full 0):
 garbage-first heap   total 40960K, used 28891K [0x00000000c0000000, 0x0000000100000000)
  region size 1024K, 18 young (18432K), 3 survivors (3072K)
 Metaspace       used 31602K, committed 31936K, reserved 1114112K
  class space    used 3823K, committed 3968K, reserved 1048576K
}
Event: 1.203 GC heap after
{Heap after GC invocations=8 (full 0):
 garbage-first heap   total 40960K, used 16618K [0x00000000c0000000, 0x0000000100000000)
  region size 1024K, 3 young (3072K), 3 survivors (3072K)
 Metaspace       used 31602K, committed 31936K, reserved 1114112K
  class space    used 3823K, committed 3968K, reserved 1048576K
}
Event: 1.359 GC heap before
{Heap before GC invocations=8 (full 0):
 garbage-first heap   total 40960K, used 30954K [0x00000000c0000000, 0x0000000100000000)
  region size 1024K, 17 young (17408K), 3 survivors (3072K)
 Metaspace       used 34541K, committed 34944K, reserved 1114112K
  class space    used 4245K, committed 4416K, reserved 1048576K
}
Event: 1.362 GC heap after
{Heap after GC invocations=9 (full 0):
 garbage-first heap   total 54272K, used 17736K [0x00000000c0000000, 0x0000000100000000)
  region size 1024K, 2 young (2048K), 2 survivors (2048K)
 Metaspace       used 34541K, committed 34944K, reserved 1114112K
  class space    used 4245K, committed 4416K, reserved 1048576K
}
Event: 1.440 GC heap before
{Heap before GC invocations=9 (full 0):
 garbage-first heap   total 54272K, used 24904K [0x00000000c0000000, 0x0000000100000000)
  region size 1024K, 10 young (10240K), 2 survivors (2048K)
 Metaspace       used 35661K, committed 35968K, reserved 1114112K
  class space    used 4410K, committed 4544K, reserved 1048576K
}
Event: 1.442 GC heap after
{Heap after GC invocations=10 (full 0):
 garbage-first heap   total 54272K, used 18453K [0x00000000c0000000, 0x0000000100000000)
  region size 1024K, 2 young (2048K), 2 survivors (2048K)
 Metaspace       used 35661K, committed 35968K, reserved 1114112K
  class space    used 4410K, committed 4544K, reserved 1048576K
}
Event: 1.540 GC heap before
{Heap before GC invocations=11 (full 0):
 garbage-first heap   total 54272K, used 38933K [0x00000000c0000000, 0x0000000100000000)
  region size 1024K, 23 young (23552K), 2 survivors (2048K)
 Metaspace       used 37910K, committed 38400K, reserved 1114112K
  class space    used 4773K, committed 4992K, reserved 1048576K
}
Event: 1.543 GC heap after
{Heap after GC invocations=12 (full 0):
 garbage-first heap   total 54272K, used 20641K [0x00000000c0000000, 0x0000000100000000)
  region size 1024K, 3 young (3072K), 3 survivors (3072K)
 Metaspace       used 37910K, committed 38400K, reserved 1114112K
  class space    used 4773K, committed 4992K, reserved 1048576K
}
Event: 1.562 GC heap before
{Heap before GC invocations=12 (full 0):
 garbage-first heap   total 54272K, used 39073K [0x00000000c0000000, 0x0000000100000000)
  region size 1024K, 22 young (22528K), 3 survivors (3072K)
 Metaspace       used 37911K, committed 38400K, reserved 1114112K
  class space    used 4773K, committed 4992K, reserved 1048576K
}
Event: 1.566 GC heap after
{Heap after GC invocations=13 (full 0):
 garbage-first heap   total 54272K, used 26546K [0x00000000c0000000, 0x0000000100000000)
  region size 1024K, 3 young (3072K), 3 survivors (3072K)
 Metaspace       used 37911K, committed 38400K, reserved 1114112K
  class space    used 4773K, committed 4992K, reserved 1048576K
}
Event: 1.581 GC heap before
{Heap before GC invocations=13 (full 0):
 garbage-first heap   total 54272K, used 38834K [0x00000000c0000000, 0x0000000100000000)
  region size 1024K, 16 young (16384K), 3 survivors (3072K)
 Metaspace       used 37984K, committed 38464K, reserved 1114112K
  class space    used 4788K, committed 4992K, reserved 1048576K
}
Event: 1.584 GC heap after
{Heap after GC invocations=14 (full 0):
 garbage-first heap   total 89088K, used 28382K [0x00000000c0000000, 0x0000000100000000)
  region size 1024K, 2 young (2048K), 2 survivors (2048K)
 Metaspace       used 37984K, committed 38464K, reserved 1114112K
  class space    used 4788K, committed 4992K, reserved 1048576K
}
Event: 1.635 GC heap before
{Heap before GC invocations=14 (full 0):
 garbage-first heap   total 89088K, used 60126K [0x00000000c0000000, 0x0000000100000000)
  region size 1024K, 34 young (34816K), 2 survivors (2048K)
 Metaspace       used 38799K, committed 39232K, reserved 1114112K
  class space    used 4856K, committed 5056K, reserved 1048576K
}
Event: 1.640 GC heap after
{Heap after GC invocations=15 (full 0):
 garbage-first heap   total 89088K, used 33997K [0x00000000c0000000, 0x0000000100000000)
  region size 1024K, 5 young (5120K), 5 survivors (5120K)
 Metaspace       used 38799K, committed 39232K, reserved 1114112K
  class space    used 4856K, committed 5056K, reserved 1048576K
}
Event: 1.666 GC heap before
{Heap before GC invocations=15 (full 0):
 garbage-first heap   total 89088K, used 60621K [0x00000000c0000000, 0x0000000100000000)
  region size 1024K, 32 young (32768K), 5 survivors (5120K)
 Metaspace       used 39248K, committed 39680K, reserved 1114112K
  class space    used 4901K, committed 5120K, reserved 1048576K
}
Event: 1.674 GC heap after
{Heap after GC invocations=16 (full 0):
 garbage-first heap   total 89088K, used 40728K [0x00000000c0000000, 0x0000000100000000)
  region size 1024K, 4 young (4096K), 4 survivors (4096K)
 Metaspace       used 39248K, committed 39680K, reserved 1114112K
  class space    used 4901K, committed 5120K, reserved 1048576K
}
Event: 1.696 GC heap before
{Heap before GC invocations=16 (full 0):
 garbage-first heap   total 89088K, used 65304K [0x00000000c0000000, 0x0000000100000000)
  region size 1024K, 28 young (28672K), 4 survivors (4096K)
 Metaspace       used 39545K, committed 40000K, reserved 1114112K
  class space    used 4929K, committed 5120K, reserved 1048576K
}
Event: 1.702 GC heap after
{Heap after GC invocations=17 (full 0):
 garbage-first heap   total 89088K, used 46012K [0x00000000c0000000, 0x0000000100000000)
  region size 1024K, 4 young (4096K), 4 survivors (4096K)
 Metaspace       used 39545K, committed 40000K, reserved 1114112K
  class space    used 4929K, committed 5120K, reserved 1048576K
}
Event: 1.746 GC heap before
{Heap before GC invocations=17 (full 0):
 garbage-first heap   total 89088K, used 66492K [0x00000000c0000000, 0x0000000100000000)
  region size 1024K, 25 young (25600K), 4 survivors (4096K)
 Metaspace       used 40320K, committed 40768K, reserved 1114112K
  class space    used 4963K, committed 5184K, reserved 1048576K
}

