# JRE version: OpenJDK Runtime Environment Temurin-17.0.7+7 (17.0.7+7) (build 17.0.7+7)
# Java VM: OpenJDK 64-Bit Server VM Temurin-17.0.7+7 (17.0.7+7, mixed mode, emulated-client, tiered, compressed oops, compressed class ptrs, g1 gc, windows-amd64)
GC Precious Log:
 CPUs: 12 total, 12 available
 Memory: 7930M
 Large Page Support: Disabled
 NUMA Support: Disabled
 Compressed Oops: Enabled (32-bit)
 Heap Region Size: 1M
 Heap Min Capacity: 8M
 Heap Initial Capacity: 124M
 Heap Max Capacity: 1G
 Pre-touch: Disabled
 Parallel Workers: 10
 Concurrent Workers: 3
 Concurrent Refinement Workers: 10
 Periodic GC: Disabled
Heap:
 garbage-first heap   total 143360K, used 73355K [0x00000000c0000000, 0x0000000100000000)
  region size 1024K, 3 young (3072K), 3 survivors (3072K)
 Metaspace       used 41440K, committed 41792K, reserved 1114112K
  class space    used 5098K, committed 5248K, reserved 1048576K
GC Heap History (20 events):
Event: 1.354 GC heap after
{Heap after GC invocations=8 (full 0):
 garbage-first heap   total 48128K, used 17987K [0x00000000c0000000, 0x0000000100000000)
  region size 1024K, 2 young (2048K), 2 survivors (2048K)
 Metaspace       used 33925K, committed 34304K, reserved 1114112K
  class space    used 4149K, committed 4352K, reserved 1048576K
}
Event: 1.472 GC heap before
{Heap before GC invocations=8 (full 0):
 garbage-first heap   total 48128K, used 28227K [0x00000000c0000000, 0x0000000100000000)
  region size 1024K, 13 young (13312K), 2 survivors (2048K)
 Metaspace       used 35664K, committed 35968K, reserved 1114112K
  class space    used 4412K, committed 4544K, reserved 1048576K
}
Event: 1.475 GC heap after
{Heap after GC invocations=9 (full 0):
 garbage-first heap   total 62464K, used 18933K [0x00000000c0000000, 0x0000000100000000)
  region size 1024K, 3 young (3072K), 3 survivors (3072K)
 Metaspace       used 35664K, committed 35968K, reserved 1114112K
  class space    used 4412K, committed 4544K, reserved 1048576K
}
Event: 1.578 GC heap before
{Heap before GC invocations=10 (full 0):
 garbage-first heap   total 62464K, used 42485K [0x00000000c0000000, 0x0000000100000000)
  region size 1024K, 27 young (27648K), 3 survivors (3072K)
 Metaspace       used 37940K, committed 38400K, reserved 1114112K
  class space    used 4782K, committed 4992K, reserved 1048576K
}
Event: 1.582 GC heap after
{Heap after GC invocations=11 (full 0):
 garbage-first heap   total 62464K, used 21729K [0x00000000c0000000, 0x0000000100000000)
  region size 1024K, 4 young (4096K), 4 survivors (4096K)
 Metaspace       used 37940K, committed 38400K, reserved 1114112K
  class space    used 4782K, committed 4992K, reserved 1048576K
}
Event: 1.607 GC heap before
{Heap before GC invocations=11 (full 0):
 garbage-first heap   total 62464K, used 44257K [0x00000000c0000000, 0x0000000100000000)
  region size 1024K, 27 young (27648K), 4 survivors (4096K)
 Metaspace       used 37941K, committed 38400K, reserved 1114112K
  class space    used 4782K, committed 4992K, reserved 1048576K
}
Event: 1.612 GC heap after
{Heap after GC invocations=12 (full 0):
 garbage-first heap   total 62464K, used 27598K [0x00000000c0000000, 0x0000000100000000)
  region size 1024K, 4 young (4096K), 4 survivors (4096K)
 Metaspace       used 37941K, committed 38400K, reserved 1114112K
  class space    used 4782K, committed 4992K, reserved 1048576K
}
Event: 1.642 GC heap before
{Heap before GC invocations=12 (full 0):
 garbage-first heap   total 62464K, used 43982K [0x00000000c0000000, 0x0000000100000000)
  region size 1024K, 21 young (21504K), 4 survivors (4096K)
 Metaspace       used 38248K, committed 38720K, reserved 1114112K
  class space    used 4826K, committed 5056K, reserved 1048576K
}
Event: 1.645 GC heap after
{Heap after GC invocations=13 (full 0):
 garbage-first heap   total 62464K, used 30414K [0x00000000c0000000, 0x0000000100000000)
  region size 1024K, 3 young (3072K), 3 survivors (3072K)
 Metaspace       used 38248K, committed 38720K, reserved 1114112K
  class space    used 4826K, committed 5056K, reserved 1048576K
}
Event: 1.662 GC heap before
{Heap before GC invocations=13 (full 0):
 garbage-first heap   total 62464K, used 43726K [0x00000000c0000000, 0x0000000100000000)
  region size 1024K, 17 young (17408K), 3 survivors (3072K)
 Metaspace       used 38505K, committed 38912K, reserved 1114112K
  class space    used 4844K, committed 5056K, reserved 1048576K
}
Event: 1.665 GC heap after
{Heap after GC invocations=14 (full 0):
 garbage-first heap   total 62464K, used 33133K [0x00000000c0000000, 0x0000000100000000)
  region size 1024K, 3 young (3072K), 3 survivors (3072K)
 Metaspace       used 38505K, committed 38912K, reserved 1114112K
  class space    used 4844K, committed 5056K, reserved 1048576K
}
Event: 1.693 GC heap before
{Heap before GC invocations=15 (full 0):
 garbage-first heap   total 71680K, used 46445K [0x00000000c0000000, 0x0000000100000000)
  region size 1024K, 16 young (16384K), 3 survivors (3072K)
 Metaspace       used 38785K, committed 39168K, reserved 1114112K
  class space    used 4863K, committed 5056K, reserved 1048576K
}
Event: 1.696 GC heap after
{Heap after GC invocations=16 (full 0):
 garbage-first heap   total 143360K, used 35120K [0x00000000c0000000, 0x0000000100000000)
  region size 1024K, 2 young (2048K), 2 survivors (2048K)
 Metaspace       used 38785K, committed 39168K, reserved 1114112K
  class space    used 4863K, committed 5056K, reserved 1048576K
}
Event: 1.761 GC heap before
{Heap before GC invocations=16 (full 0):
 garbage-first heap   total 143360K, used 98608K [0x00000000c0000000, 0x0000000100000000)
  region size 1024K, 65 young (66560K), 2 survivors (2048K)
 Metaspace       used 39879K, committed 40256K, reserved 1114112K
  class space    used 4955K, committed 5120K, reserved 1048576K
}
Event: 1.772 GC heap after
{Heap after GC invocations=17 (full 0):
 garbage-first heap   total 143360K, used 48571K [0x00000000c0000000, 0x0000000100000000)
  region size 1024K, 9 young (9216K), 9 survivors (9216K)
 Metaspace       used 39879K, committed 40256K, reserved 1114112K
  class space    used 4955K, committed 5120K, reserved 1048576K
}
Event: 1.861 GC heap before
{Heap before GC invocations=17 (full 0):
 garbage-first heap   total 143360K, used 95675K [0x00000000c0000000, 0x0000000100000000)
  region size 1024K, 54 young (55296K), 9 survivors (9216K)
 Metaspace       used 41247K, committed 41664K, reserved 1114112K
  class space    used 5064K, committed 5248K, reserved 1048576K
}
Event: 1.876 GC heap after
{Heap after GC invocations=18 (full 0):
 garbage-first heap   total 143360K, used 64027K [0x00000000c0000000, 0x0000000100000000)
  region size 1024K, 7 young (7168K), 7 survivors (7168K)
 Metaspace       used 41247K, committed 41664K, reserved 1114112K
  class space    used 5064K, committed 5248K, reserved 1048576K
}
Event: 1.897 GC heap before
{Heap before GC invocations=18 (full 0):
 garbage-first heap   total 143360K, used 101915K [0x00000000c0000000, 0x0000000100000000)
  region size 1024K, 45 young (46080K), 7 survivors (7168K)
 Metaspace       used 41428K, committed 41792K, reserved 1114112K
  class space    used 5095K, committed 5248K, reserved 1048576K
}
Event: 1.911 GC heap after
{Heap after GC invocations=19 (full 0):
 garbage-first heap   total 143360K, used 70566K [0x00000000c0000000, 0x0000000100000000)
  region size 1024K, 5 young (5120K), 5 survivors (5120K)
 Metaspace       used 41428K, committed 41792K, reserved 1114112K
  class space    used 5095K, committed 5248K, reserved 1048576K
}
Event: 1.919 GC heap before
{Heap before GC invocations=19 (full 0):
 garbage-first heap   total 143360K, used 105382K [0x00000000c0000000, 0x0000000100000000)
  region size 1024K, 40 young (40960K), 5 survivors (5120K)
 Metaspace       used 41440K, committed 41792K, reserved 1114112K
  class space    used 5098K, committed 5248K, reserved 1048576K
}

