# JRE version: OpenJDK Runtime Environment Temurin-17.0.7+7 (17.0.7+7) (build 17.0.7+7)
# Java VM: OpenJDK 64-Bit Server VM Temurin-17.0.7+7 (17.0.7+7, mixed mode, emulated-client, tiered, compressed oops, compressed class ptrs, g1 gc, windows-amd64)
GC Precious Log:
 CPUs: 12 total, 12 available
 Memory: 7930M
 Large Page Support: Disabled
 NUMA Support: Disabled
 Compressed Oops: Enabled (32-bit)
 Heap Region Size: 1M
 Heap Min Capacity: 8M
 Heap Initial Capacity: 124M
 Heap Max Capacity: 1G
 Pre-touch: Disabled
 Parallel Workers: 10
 Concurrent Workers: 3
 Concurrent Refinement Workers: 10
 Periodic GC: Disabled
Heap:
 garbage-first heap   total 110592K, used 51851K [0x00000000c0000000, 0x0000000100000000)
  region size 1024K, 4 young (4096K), 4 survivors (4096K)
 Metaspace       used 40381K, committed 40832K, reserved 1114112K
  class space    used 4964K, committed 5184K, reserved 1048576K
GC Heap History (20 events):
Event: 1.240 GC heap after
{Heap after GC invocations=6 (full 0):
 garbage-first heap   total 48128K, used 14091K [0x00000000c0000000, 0x0000000100000000)
  region size 1024K, 3 young (3072K), 3 survivors (3072K)
 Metaspace       used 28245K, committed 28544K, reserved 1114112K
  class space    used 3355K, committed 3456K, reserved 1048576K
}
Event: 1.446 GC heap before
{Heap before GC invocations=6 (full 0):
 garbage-first heap   total 48128K, used 32523K [0x00000000c0000000, 0x0000000100000000)
  region size 1024K, 21 young (21504K), 3 survivors (3072K)
 Metaspace       used 30752K, committed 31104K, reserved 1114112K
  class space    used 3713K, committed 3840K, reserved 1048576K
}
Event: 1.452 GC heap after
{Heap after GC invocations=7 (full 0):
 garbage-first heap   total 48128K, used 15904K [0x00000000c0000000, 0x0000000100000000)
  region size 1024K, 3 young (3072K), 3 survivors (3072K)
 Metaspace       used 30752K, committed 31104K, reserved 1114112K
  class space    used 3713K, committed 3840K, reserved 1048576K
}
Event: 1.764 GC heap before
{Heap before GC invocations=7 (full 0):
 garbage-first heap   total 48128K, used 32288K [0x00000000c0000000, 0x0000000100000000)
  region size 1024K, 20 young (20480K), 3 survivors (3072K)
 Metaspace       used 33931K, committed 34240K, reserved 1114112K
  class space    used 4147K, committed 4288K, reserved 1048576K
}
Event: 1.772 GC heap after
{Heap after GC invocations=8 (full 0):
 garbage-first heap   total 58368K, used 17633K [0x00000000c0000000, 0x0000000100000000)
  region size 1024K, 2 young (2048K), 2 survivors (2048K)
 Metaspace       used 33931K, committed 34240K, reserved 1114112K
  class space    used 4147K, committed 4288K, reserved 1048576K
}
Event: 1.941 GC heap before
{Heap before GC invocations=8 (full 0):
 garbage-first heap   total 58368K, used 27873K [0x00000000c0000000, 0x0000000100000000)
  region size 1024K, 13 young (13312K), 2 survivors (2048K)
 Metaspace       used 35661K, committed 35968K, reserved 1114112K
  class space    used 4410K, committed 4544K, reserved 1048576K
}
Event: 1.944 GC heap after
{Heap after GC invocations=9 (full 0):
 garbage-first heap   total 58368K, used 18617K [0x00000000c0000000, 0x0000000100000000)
  region size 1024K, 3 young (3072K), 3 survivors (3072K)
 Metaspace       used 35661K, committed 35968K, reserved 1114112K
  class space    used 4410K, committed 4544K, reserved 1048576K
}
Event: 2.039 GC heap before
{Heap before GC invocations=10 (full 0):
 garbage-first heap   total 58368K, used 40121K [0x00000000c0000000, 0x0000000100000000)
  region size 1024K, 25 young (25600K), 3 survivors (3072K)
 Metaspace       used 37894K, committed 38336K, reserved 1114112K
  class space    used 4769K, committed 4992K, reserved 1048576K
}
Event: 2.043 GC heap after
{Heap after GC invocations=11 (full 0):
 garbage-first heap   total 58368K, used 21114K [0x00000000c0000000, 0x0000000100000000)
  region size 1024K, 4 young (4096K), 4 survivors (4096K)
 Metaspace       used 37894K, committed 38336K, reserved 1114112K
  class space    used 4769K, committed 4992K, reserved 1048576K
}
Event: 2.067 GC heap before
{Heap before GC invocations=11 (full 0):
 garbage-first heap   total 58368K, used 41594K [0x00000000c0000000, 0x0000000100000000)
  region size 1024K, 25 young (25600K), 4 survivors (4096K)
 Metaspace       used 37894K, committed 38336K, reserved 1114112K
  class space    used 4769K, committed 4992K, reserved 1048576K
}
Event: 2.071 GC heap after
{Heap after GC invocations=12 (full 0):
 garbage-first heap   total 58368K, used 25142K [0x00000000c0000000, 0x0000000100000000)
  region size 1024K, 4 young (4096K), 4 survivors (4096K)
 Metaspace       used 37894K, committed 38336K, reserved 1114112K
  class space    used 4769K, committed 4992K, reserved 1048576K
}
Event: 2.100 GC heap before
{Heap before GC invocations=12 (full 0):
 garbage-first heap   total 58368K, used 41526K [0x00000000c0000000, 0x0000000100000000)
  region size 1024K, 21 young (21504K), 4 survivors (4096K)
 Metaspace       used 38019K, committed 38464K, reserved 1114112K
  class space    used 4788K, committed 4992K, reserved 1048576K
}
Event: 2.105 GC heap after
{Heap after GC invocations=13 (full 0):
 garbage-first heap   total 93184K, used 28586K [0x00000000c0000000, 0x0000000100000000)
  region size 1024K, 3 young (3072K), 3 survivors (3072K)
 Metaspace       used 38019K, committed 38464K, reserved 1114112K
  class space    used 4788K, committed 4992K, reserved 1048576K
}
Event: 2.163 GC heap before
{Heap before GC invocations=13 (full 0):
 garbage-first heap   total 93184K, used 63402K [0x00000000c0000000, 0x0000000100000000)
  region size 1024K, 38 young (38912K), 3 survivors (3072K)
 Metaspace       used 38488K, committed 38912K, reserved 1114112K
  class space    used 4834K, committed 5056K, reserved 1048576K
}
Event: 2.170 GC heap after
{Heap after GC invocations=14 (full 0):
 garbage-first heap   total 93184K, used 35477K [0x00000000c0000000, 0x0000000100000000)
  region size 1024K, 5 young (5120K), 5 survivors (5120K)
 Metaspace       used 38488K, committed 38912K, reserved 1114112K
  class space    used 4834K, committed 5056K, reserved 1048576K
}
Event: 2.197 GC heap before
{Heap before GC invocations=14 (full 0):
 garbage-first heap   total 93184K, used 63125K [0x00000000c0000000, 0x0000000100000000)
  region size 1024K, 33 young (33792K), 5 survivors (5120K)
 Metaspace       used 38795K, committed 39232K, reserved 1114112K
  class space    used 4851K, committed 5056K, reserved 1048576K
}
Event: 2.205 GC heap after
{Heap after GC invocations=15 (full 0):
 garbage-first heap   total 93184K, used 43721K [0x00000000c0000000, 0x0000000100000000)
  region size 1024K, 5 young (5120K), 5 survivors (5120K)
 Metaspace       used 38795K, committed 39232K, reserved 1114112K
  class space    used 4851K, committed 5056K, reserved 1048576K
}
Event: 2.233 GC heap before
{Heap before GC invocations=15 (full 0):
 garbage-first heap   total 93184K, used 66249K [0x00000000c0000000, 0x0000000100000000)
  region size 1024K, 28 young (28672K), 5 survivors (5120K)
 Metaspace       used 39188K, committed 39616K, reserved 1114112K
  class space    used 4894K, committed 5120K, reserved 1048576K
}
Event: 2.244 GC heap after
{Heap after GC invocations=16 (full 0):
 garbage-first heap   total 93184K, used 48285K [0x00000000c0000000, 0x0000000100000000)
  region size 1024K, 4 young (4096K), 4 survivors (4096K)
 Metaspace       used 39188K, committed 39616K, reserved 1114112K
  class space    used 4894K, committed 5120K, reserved 1048576K
}
Event: 2.341 GC heap before
{Heap before GC invocations=16 (full 0):
 garbage-first heap   total 93184K, used 68765K [0x00000000c0000000, 0x0000000100000000)
  region size 1024K, 25 young (25600K), 4 survivors (4096K)
 Metaspace       used 40381K, committed 40832K, reserved 1114112K
  class space    used 4964K, committed 5184K, reserved 1048576K
}

