# JRE version: OpenJDK Runtime Environment Temurin-17.0.7+7 (17.0.7+7) (build 17.0.7+7)
# Java VM: OpenJDK 64-Bit Server VM Temurin-17.0.7+7 (17.0.7+7, mixed mode, emulated-client, tiered, compressed oops, compressed class ptrs, g1 gc, windows-amd64)
GC Precious Log:
 CPUs: 12 total, 12 available
 Memory: 7930M
 Large Page Support: Disabled
 NUMA Support: Disabled
 Compressed Oops: Enabled (32-bit)
 Heap Region Size: 1M
 Heap Min Capacity: 8M
 Heap Initial Capacity: 124M
 Heap Max Capacity: 1G
 Pre-touch: Disabled
 Parallel Workers: 10
 Concurrent Workers: 3
 Concurrent Refinement Workers: 10
 Periodic GC: Disabled
Heap:
 garbage-first heap   total 254976K, used 86347K [0x00000000c0000000, 0x0000000100000000)
  region size 1024K, 11 young (11264K), 11 survivors (11264K)
 Metaspace       used 41504K, committed 41856K, reserved 1114112K
  class space    used 5103K, committed 5248K, reserved 1048576K
GC Heap History (20 events):
Event: 1.598 GC heap after
{Heap after GC invocations=14 (full 0):
 garbage-first heap   total 110592K, used 31362K [0x00000000c0000000, 0x0000000100000000)
  region size 1024K, 2 young (2048K), 2 survivors (2048K)
 Metaspace       used 38168K, committed 38592K, reserved 1114112K
  class space    used 4818K, committed 4992K, reserved 1048576K
}
Event: 1.651 GC heap before
{Heap before GC invocations=15 (full 0):
 garbage-first heap   total 110592K, used 74370K [0x00000000c0000000, 0x0000000100000000)
  region size 1024K, 44 young (45056K), 2 survivors (2048K)
 Metaspace       used 38901K, committed 39296K, reserved 1114112K
  class space    used 4868K, committed 5056K, reserved 1048576K
}
Event: 1.659 GC heap after
{Heap after GC invocations=16 (full 0):
 garbage-first heap   total 110592K, used 39686K [0x00000000c0000000, 0x0000000100000000)
  region size 1024K, 6 young (6144K), 6 survivors (6144K)
 Metaspace       used 38901K, committed 39296K, reserved 1114112K
  class space    used 4868K, committed 5056K, reserved 1048576K
}
Event: 1.697 GC heap before
{Heap before GC invocations=16 (full 0):
 garbage-first heap   total 110592K, used 75526K [0x00000000c0000000, 0x0000000100000000)
  region size 1024K, 42 young (43008K), 6 survivors (6144K)
 Metaspace       used 39505K, committed 39936K, reserved 1114112K
  class space    used 4931K, committed 5120K, reserved 1048576K
}
Event: 1.708 GC heap after
{Heap after GC invocations=17 (full 0):
 garbage-first heap   total 110592K, used 47233K [0x00000000c0000000, 0x0000000100000000)
  region size 1024K, 6 young (6144K), 6 survivors (6144K)
 Metaspace       used 39505K, committed 39936K, reserved 1114112K
  class space    used 4931K, committed 5120K, reserved 1048576K
}
Event: 1.781 GC heap before
{Heap before GC invocations=17 (full 0):
 garbage-first heap   total 110592K, used 78977K [0x00000000c0000000, 0x0000000100000000)
  region size 1024K, 37 young (37888K), 6 survivors (6144K)
 Metaspace       used 40812K, committed 41216K, reserved 1114112K
  class space    used 5013K, committed 5184K, reserved 1048576K
}
Event: 1.788 GC heap after
{Heap after GC invocations=18 (full 0):
 garbage-first heap   total 110592K, used 55183K [0x00000000c0000000, 0x0000000100000000)
  region size 1024K, 5 young (5120K), 5 survivors (5120K)
 Metaspace       used 40812K, committed 41216K, reserved 1114112K
  class space    used 5013K, committed 5184K, reserved 1048576K
}
Event: 1.810 GC heap before
{Heap before GC invocations=18 (full 0):
 garbage-first heap   total 110592K, used 69519K [0x00000000c0000000, 0x0000000100000000)
  region size 1024K, 21 young (21504K), 5 survivors (5120K)
 Metaspace       used 41163K, committed 41600K, reserved 1114112K
  class space    used 5051K, committed 5248K, reserved 1048576K
}
Event: 1.817 GC heap after
{Heap after GC invocations=19 (full 0):
 garbage-first heap   total 110592K, used 62615K [0x00000000c0000000, 0x0000000100000000)
  region size 1024K, 4 young (4096K), 4 survivors (4096K)
 Metaspace       used 41163K, committed 41600K, reserved 1114112K
  class space    used 5051K, committed 5248K, reserved 1048576K
}
Event: 1.845 GC heap before
{Heap before GC invocations=19 (full 0):
 garbage-first heap   total 122880K, used 81047K [0x00000000c0000000, 0x0000000100000000)
  region size 1024K, 23 young (23552K), 4 survivors (4096K)
 Metaspace       used 41287K, committed 41664K, reserved 1114112K
  class space    used 5068K, committed 5248K, reserved 1048576K
}
Event: 1.861 GC heap after
{Heap after GC invocations=20 (full 0):
 garbage-first heap   total 254976K, used 68036K [0x00000000c0000000, 0x0000000100000000)
  region size 1024K, 3 young (3072K), 3 survivors (3072K)
 Metaspace       used 41287K, committed 41664K, reserved 1114112K
  class space    used 5068K, committed 5248K, reserved 1048576K
}
Event: 1.887 GC heap before
{Heap before GC invocations=21 (full 0):
 garbage-first heap   total 254976K, used 153028K [0x00000000c0000000, 0x0000000100000000)
  region size 1024K, 87 young (89088K), 3 survivors (3072K)
 Metaspace       used 41336K, committed 41728K, reserved 1114112K
  class space    used 5072K, committed 5248K, reserved 1048576K
}
Event: 1.891 GC heap after
{Heap after GC invocations=22 (full 0):
 garbage-first heap   total 254976K, used 71824K [0x00000000c0000000, 0x0000000100000000)
  region size 1024K, 7 young (7168K), 7 survivors (7168K)
 Metaspace       used 41336K, committed 41728K, reserved 1114112K
  class space    used 5072K, committed 5248K, reserved 1048576K
}
Event: 1.893 GC heap before
{Heap before GC invocations=22 (full 0):
 garbage-first heap   total 254976K, used 75920K [0x00000000c0000000, 0x0000000100000000)
  region size 1024K, 12 young (12288K), 7 survivors (7168K)
 Metaspace       used 41343K, committed 41728K, reserved 1114112K
  class space    used 5073K, committed 5248K, reserved 1048576K
}
Event: 1.896 GC heap after
{Heap after GC invocations=23 (full 0):
 garbage-first heap   total 254976K, used 72453K [0x00000000c0000000, 0x0000000100000000)
  region size 1024K, 2 young (2048K), 2 survivors (2048K)
 Metaspace       used 41343K, committed 41728K, reserved 1114112K
  class space    used 5073K, committed 5248K, reserved 1048576K
}
Event: 1.923 GC heap before
{Heap before GC invocations=23 (full 0):
 garbage-first heap   total 254976K, used 185093K [0x00000000c0000000, 0x0000000100000000)
  region size 1024K, 113 young (115712K), 2 survivors (2048K)
 Metaspace       used 41393K, committed 41792K, reserved 1114112K
  class space    used 5082K, committed 5248K, reserved 1048576K
}
Event: 1.926 GC heap after
{Heap after GC invocations=24 (full 0):
 garbage-first heap   total 254976K, used 76300K [0x00000000c0000000, 0x0000000100000000)
  region size 1024K, 5 young (5120K), 5 survivors (5120K)
 Metaspace       used 41393K, committed 41792K, reserved 1114112K
  class space    used 5082K, committed 5248K, reserved 1048576K
}
Event: 1.952 GC heap before
{Heap before GC invocations=24 (full 0):
 garbage-first heap   total 254976K, used 192012K [0x00000000c0000000, 0x0000000100000000)
  region size 1024K, 119 young (121856K), 5 survivors (5120K)
 Metaspace       used 41501K, committed 41856K, reserved 1114112K
  class space    used 5103K, committed 5248K, reserved 1048576K
}
Event: 1.957 GC heap after
{Heap after GC invocations=25 (full 0):
 garbage-first heap   total 254976K, used 80763K [0x00000000c0000000, 0x0000000100000000)
  region size 1024K, 10 young (10240K), 10 survivors (10240K)
 Metaspace       used 41501K, committed 41856K, reserved 1114112K
  class space    used 5103K, committed 5248K, reserved 1048576K
}
Event: 1.982 GC heap before
{Heap before GC invocations=25 (full 0):
 garbage-first heap   total 254976K, used 197499K [0x00000000c0000000, 0x0000000100000000)
  region size 1024K, 125 young (128000K), 10 survivors (10240K)
 Metaspace       used 41504K, committed 41856K, reserved 1114112K
  class space    used 5103K, committed 5248K, reserved 1048576K
}

