# JRE version: OpenJDK Runtime Environment Temurin-17.0.7+7 (17.0.7+7) (build 17.0.7+7)
# Java VM: OpenJDK 64-Bit Server VM Temurin-17.0.7+7 (17.0.7+7, mixed mode, emulated-client, tiered, compressed oops, compressed class ptrs, g1 gc, windows-amd64)
GC Precious Log:
 CPUs: 12 total, 12 available
 Memory: 7930M
 Large Page Support: Disabled
 NUMA Support: Disabled
 Compressed Oops: Enabled (32-bit)
 Heap Region Size: 1M
 Heap Min Capacity: 8M
 Heap Initial Capacity: 124M
 Heap Max Capacity: 1G
 Pre-touch: Disabled
 Parallel Workers: 10
 Concurrent Workers: 3
 Concurrent Refinement Workers: 10
 Periodic GC: Disabled
Heap:
 garbage-first heap   total 220160K, used 79559K [0x00000000c0000000, 0x0000000100000000)
  region size 1024K, 6 young (6144K), 6 survivors (6144K)
 Metaspace       used 41451K, committed 41792K, reserved 1114112K
  class space    used 5092K, committed 5248K, reserved 1048576K
GC Heap History (20 events):
Event: 1.589 GC heap after
{Heap after GC invocations=12 (full 0):
 garbage-first heap   total 55296K, used 25400K [0x00000000c0000000, 0x0000000100000000)
  region size 1024K, 3 young (3072K), 3 survivors (3072K)
 Metaspace       used 37941K, committed 38400K, reserved 1114112K
  class space    used 4778K, committed 4992K, reserved 1048576K
}
Event: 1.606 GC heap before
{Heap before GC invocations=12 (full 0):
 garbage-first heap   total 55296K, used 39736K [0x00000000c0000000, 0x0000000100000000)
  region size 1024K, 18 young (18432K), 3 survivors (3072K)
 Metaspace       used 37941K, committed 38400K, reserved 1114112K
  class space    used 4778K, committed 4992K, reserved 1048576K
}
Event: 1.610 GC heap after
{Heap after GC invocations=13 (full 0):
 garbage-first heap   total 93184K, used 28526K [0x00000000c0000000, 0x0000000100000000)
  region size 1024K, 3 young (3072K), 3 survivors (3072K)
 Metaspace       used 37941K, committed 38400K, reserved 1114112K
  class space    used 4778K, committed 4992K, reserved 1048576K
}
Event: 1.665 GC heap before
{Heap before GC invocations=13 (full 0):
 garbage-first heap   total 93184K, used 65390K [0x00000000c0000000, 0x0000000100000000)
  region size 1024K, 39 young (39936K), 3 survivors (3072K)
 Metaspace       used 38668K, committed 39104K, reserved 1114112K
  class space    used 4848K, committed 5056K, reserved 1048576K
}
Event: 1.671 GC heap after
{Heap after GC invocations=14 (full 0):
 garbage-first heap   total 93184K, used 35513K [0x00000000c0000000, 0x0000000100000000)
  region size 1024K, 5 young (5120K), 5 survivors (5120K)
 Metaspace       used 38668K, committed 39104K, reserved 1114112K
  class space    used 4848K, committed 5056K, reserved 1048576K
}
Event: 1.695 GC heap before
{Heap before GC invocations=14 (full 0):
 garbage-first heap   total 93184K, used 64185K [0x00000000c0000000, 0x0000000100000000)
  region size 1024K, 33 young (33792K), 5 survivors (5120K)
 Metaspace       used 38902K, committed 39296K, reserved 1114112K
  class space    used 4862K, committed 5056K, reserved 1048576K
}
Event: 1.703 GC heap after
{Heap after GC invocations=15 (full 0):
 garbage-first heap   total 93184K, used 43833K [0x00000000c0000000, 0x0000000100000000)
  region size 1024K, 5 young (5120K), 5 survivors (5120K)
 Metaspace       used 38902K, committed 39296K, reserved 1114112K
  class space    used 4862K, committed 5056K, reserved 1048576K
}
Event: 1.725 GC heap before
{Heap before GC invocations=15 (full 0):
 garbage-first heap   total 93184K, used 66361K [0x00000000c0000000, 0x0000000100000000)
  region size 1024K, 28 young (28672K), 5 survivors (5120K)
 Metaspace       used 39347K, committed 39744K, reserved 1114112K
  class space    used 4914K, committed 5120K, reserved 1048576K
}
Event: 1.731 GC heap after
{Heap after GC invocations=16 (full 0):
 garbage-first heap   total 93184K, used 48116K [0x00000000c0000000, 0x0000000100000000)
  region size 1024K, 4 young (4096K), 4 survivors (4096K)
 Metaspace       used 39347K, committed 39744K, reserved 1114112K
  class space    used 4914K, committed 5120K, reserved 1048576K
}
Event: 1.775 GC heap before
{Heap before GC invocations=16 (full 0):
 garbage-first heap   total 93184K, used 68596K [0x00000000c0000000, 0x0000000100000000)
  region size 1024K, 25 young (25600K), 4 survivors (4096K)
 Metaspace       used 40296K, committed 40768K, reserved 1114112K
  class space    used 4968K, committed 5184K, reserved 1048576K
}
Event: 1.779 GC heap after
{Heap after GC invocations=17 (full 0):
 garbage-first heap   total 220160K, used 52009K [0x00000000c0000000, 0x0000000100000000)
  region size 1024K, 4 young (4096K), 4 survivors (4096K)
 Metaspace       used 40296K, committed 40768K, reserved 1114112K
  class space    used 4968K, committed 5184K, reserved 1048576K
}
Event: 1.874 GC heap before
{Heap before GC invocations=18 (full 0):
 garbage-first heap   total 194560K, used 147241K [0x00000000c0000000, 0x0000000100000000)
  region size 1024K, 96 young (98304K), 4 survivors (4096K)
 Metaspace       used 41418K, committed 41792K, reserved 1114112K
  class space    used 5081K, committed 5248K, reserved 1048576K
}
Event: 1.896 GC heap after
{Heap after GC invocations=19 (full 0):
 garbage-first heap   total 194560K, used 71140K [0x00000000c0000000, 0x0000000100000000)
  region size 1024K, 12 young (12288K), 12 survivors (12288K)
 Metaspace       used 41418K, committed 41792K, reserved 1114112K
  class space    used 5081K, committed 5248K, reserved 1048576K
}
Event: 1.897 GC heap before
{Heap before GC invocations=19 (full 0):
 garbage-first heap   total 194560K, used 72164K [0x00000000c0000000, 0x0000000100000000)
  region size 1024K, 13 young (13312K), 12 survivors (12288K)
 Metaspace       used 41418K, committed 41792K, reserved 1114112K
  class space    used 5081K, committed 5248K, reserved 1048576K
}
Event: 1.903 GC heap after
{Heap after GC invocations=20 (full 0):
 garbage-first heap   total 194560K, used 73024K [0x00000000c0000000, 0x0000000100000000)
  region size 1024K, 2 young (2048K), 2 survivors (2048K)
 Metaspace       used 41418K, committed 41792K, reserved 1114112K
  class space    used 5081K, committed 5248K, reserved 1048576K
}
Event: 1.916 GC heap before
{Heap before GC invocations=20 (full 0):
 garbage-first heap   total 194560K, used 132416K [0x00000000c0000000, 0x0000000100000000)
  region size 1024K, 61 young (62464K), 2 survivors (2048K)
 Metaspace       used 41431K, committed 41792K, reserved 1114112K
  class space    used 5084K, committed 5248K, reserved 1048576K
}
Event: 1.918 GC heap after
{Heap after GC invocations=21 (full 0):
 garbage-first heap   total 194560K, used 74224K [0x00000000c0000000, 0x0000000100000000)
  region size 1024K, 3 young (3072K), 3 survivors (3072K)
 Metaspace       used 41431K, committed 41792K, reserved 1114112K
  class space    used 5084K, committed 5248K, reserved 1048576K
}
Event: 1.931 GC heap before
{Heap before GC invocations=21 (full 0):
 garbage-first heap   total 194560K, used 136688K [0x00000000c0000000, 0x0000000100000000)
  region size 1024K, 65 young (66560K), 3 survivors (3072K)
 Metaspace       used 41444K, committed 41792K, reserved 1114112K
  class space    used 5087K, committed 5248K, reserved 1048576K
}
Event: 1.934 GC heap after
{Heap after GC invocations=22 (full 0):
 garbage-first heap   total 194560K, used 76654K [0x00000000c0000000, 0x0000000100000000)
  region size 1024K, 6 young (6144K), 6 survivors (6144K)
 Metaspace       used 41444K, committed 41792K, reserved 1114112K
  class space    used 5087K, committed 5248K, reserved 1048576K
}
Event: 1.949 GC heap before
{Heap before GC invocations=22 (full 0):
 garbage-first heap   total 194560K, used 142190K [0x00000000c0000000, 0x0000000100000000)
  region size 1024K, 71 young (72704K), 6 survivors (6144K)
 Metaspace       used 41451K, committed 41792K, reserved 1114112K
  class space    used 5092K, committed 5248K, reserved 1048576K
}

