# JRE version: OpenJDK Runtime Environment Temurin-17.0.7+7 (17.0.7+7) (build 17.0.7+7)
# Java VM: OpenJDK 64-Bit Server VM Temurin-17.0.7+7 (17.0.7+7, mixed mode, emulated-client, tiered, compressed oops, compressed class ptrs, g1 gc, windows-amd64)
GC Precious Log:
 CPUs: 12 total, 12 available
 Memory: 7930M
 Large Page Support: Disabled
 NUMA Support: Disabled
 Compressed Oops: Enabled (32-bit)
 Heap Region Size: 1M
 Heap Min Capacity: 8M
 Heap Initial Capacity: 124M
 Heap Max Capacity: 1G
 Pre-touch: Disabled
 Parallel Workers: 10
 Concurrent Workers: 3
 Concurrent Refinement Workers: 10
 Periodic GC: Disabled
Heap:
 garbage-first heap   total 305152K, used 95504K [0x00000000c0000000, 0x0000000100000000)
  region size 1024K, 14 young (14336K), 14 survivors (14336K)
 Metaspace       used 41545K, committed 42048K, reserved 1114112K
  class space    used 5111K, committed 5312K, reserved 1048576K
GC Heap History (20 events):
Event: 1.624 GC heap after
{Heap after GC invocations=12 (full 0):
 garbage-first heap   total 71680K, used 29585K [0x00000000c0000000, 0x0000000100000000)
  region size 1024K, 5 young (5120K), 5 survivors (5120K)
 Metaspace       used 38070K, committed 38464K, reserved 1114112K
  class space    used 4803K, committed 4992K, reserved 1048576K
}
Event: 1.650 GC heap before
{Heap before GC invocations=12 (full 0):
 garbage-first heap   total 71680K, used 51089K [0x00000000c0000000, 0x0000000100000000)
  region size 1024K, 26 young (26624K), 5 survivors (5120K)
 Metaspace       used 38490K, committed 38912K, reserved 1114112K
  class space    used 4846K, committed 5056K, reserved 1048576K
}
Event: 1.654 GC heap after
{Heap after GC invocations=13 (full 0):
 garbage-first heap   total 128000K, used 34357K [0x00000000c0000000, 0x0000000100000000)
  region size 1024K, 4 young (4096K), 4 survivors (4096K)
 Metaspace       used 38490K, committed 38912K, reserved 1114112K
  class space    used 4846K, committed 5056K, reserved 1048576K
}
Event: 1.709 GC heap before
{Heap before GC invocations=13 (full 0):
 garbage-first heap   total 128000K, used 87605K [0x00000000c0000000, 0x0000000100000000)
  region size 1024K, 57 young (58368K), 4 survivors (4096K)
 Metaspace       used 39320K, committed 39744K, reserved 1114112K
  class space    used 4919K, committed 5120K, reserved 1048576K
}
Event: 1.718 GC heap after
{Heap after GC invocations=14 (full 0):
 garbage-first heap   total 128000K, used 45395K [0x00000000c0000000, 0x0000000100000000)
  region size 1024K, 8 young (8192K), 8 survivors (8192K)
 Metaspace       used 39320K, committed 39744K, reserved 1114112K
  class space    used 4919K, committed 5120K, reserved 1048576K
}
Event: 1.794 GC heap before
{Heap before GC invocations=14 (full 0):
 garbage-first heap   total 128000K, used 89427K [0x00000000c0000000, 0x0000000100000000)
  region size 1024K, 51 young (52224K), 8 survivors (8192K)
 Metaspace       used 40842K, committed 41216K, reserved 1114112K
  class space    used 5016K, committed 5184K, reserved 1048576K
}
Event: 1.805 GC heap after
{Heap after GC invocations=15 (full 0):
 garbage-first heap   total 128000K, used 56854K [0x00000000c0000000, 0x0000000100000000)
  region size 1024K, 7 young (7168K), 7 survivors (7168K)
 Metaspace       used 40842K, committed 41216K, reserved 1114112K
  class space    used 5016K, committed 5184K, reserved 1048576K
}
Event: 1.843 GC heap before
{Heap before GC invocations=15 (full 0):
 garbage-first heap   total 128000K, used 92694K [0x00000000c0000000, 0x0000000100000000)
  region size 1024K, 42 young (43008K), 7 survivors (7168K)
 Metaspace       used 41278K, committed 41728K, reserved 1114112K
  class space    used 5063K, committed 5248K, reserved 1048576K
}
Event: 1.864 GC heap after
{Heap after GC invocations=16 (full 0):
 garbage-first heap   total 128000K, used 68164K [0x00000000c0000000, 0x0000000100000000)
  region size 1024K, 6 young (6144K), 6 survivors (6144K)
 Metaspace       used 41278K, committed 41728K, reserved 1114112K
  class space    used 5063K, committed 5248K, reserved 1048576K
}
Event: 1.872 GC heap before
{Heap before GC invocations=16 (full 0):
 garbage-first heap   total 128000K, used 93764K [0x00000000c0000000, 0x0000000100000000)
  region size 1024K, 32 young (32768K), 6 survivors (6144K)
 Metaspace       used 41290K, committed 41728K, reserved 1114112K
  class space    used 5065K, committed 5248K, reserved 1048576K
}
Event: 1.878 GC heap after
{Heap after GC invocations=17 (full 0):
 garbage-first heap   total 305152K, used 70661K [0x00000000c0000000, 0x0000000100000000)
  region size 1024K, 2 young (2048K), 2 survivors (2048K)
 Metaspace       used 41290K, committed 41728K, reserved 1114112K
  class space    used 5065K, committed 5248K, reserved 1048576K
}
Event: 1.918 GC heap before
{Heap before GC invocations=17 (full 0):
 garbage-first heap   total 305152K, used 198661K [0x00000000c0000000, 0x0000000100000000)
  region size 1024K, 128 young (131072K), 2 survivors (2048K)
 Metaspace       used 41431K, committed 41856K, reserved 1114112K
  class space    used 5092K, committed 5248K, reserved 1048576K
}
Event: 1.922 GC heap after
{Heap after GC invocations=18 (full 0):
 garbage-first heap   total 305152K, used 75614K [0x00000000c0000000, 0x0000000100000000)
  region size 1024K, 7 young (7168K), 7 survivors (7168K)
 Metaspace       used 41431K, committed 41856K, reserved 1114112K
  class space    used 5092K, committed 5248K, reserved 1048576K
}
Event: 1.963 GC heap before
{Heap before GC invocations=19 (full 0):
 garbage-first heap   total 270336K, used 221022K [0x00000000c0000000, 0x0000000100000000)
  region size 1024K, 151 young (154624K), 7 survivors (7168K)
 Metaspace       used 41529K, committed 41984K, reserved 1114112K
  class space    used 5109K, committed 5312K, reserved 1048576K
}
Event: 1.969 GC heap after
{Heap after GC invocations=20 (full 0):
 garbage-first heap   total 270336K, used 81578K [0x00000000c0000000, 0x0000000100000000)
  region size 1024K, 14 young (14336K), 14 survivors (14336K)
 Metaspace       used 41529K, committed 41984K, reserved 1114112K
  class space    used 5109K, committed 5312K, reserved 1048576K
}
Event: 1.970 GC heap before
{Heap before GC invocations=20 (full 0):
 garbage-first heap   total 270336K, used 84650K [0x00000000c0000000, 0x0000000100000000)
  region size 1024K, 18 young (18432K), 14 survivors (14336K)
 Metaspace       used 41529K, committed 41984K, reserved 1114112K
  class space    used 5109K, committed 5312K, reserved 1048576K
}
Event: 1.974 GC heap after
{Heap after GC invocations=21 (full 0):
 garbage-first heap   total 270336K, used 82930K [0x00000000c0000000, 0x0000000100000000)
  region size 1024K, 3 young (3072K), 3 survivors (3072K)
 Metaspace       used 41529K, committed 41984K, reserved 1114112K
  class space    used 5109K, committed 5312K, reserved 1048576K
}
Event: 2.000 GC heap before
{Heap before GC invocations=21 (full 0):
 garbage-first heap   total 270336K, used 206834K [0x00000000c0000000, 0x0000000100000000)
  region size 1024K, 125 young (128000K), 3 survivors (3072K)
 Metaspace       used 41529K, committed 41984K, reserved 1114112K
  class space    used 5109K, committed 5312K, reserved 1048576K
}
Event: 2.003 GC heap after
{Heap after GC invocations=22 (full 0):
 garbage-first heap   total 270336K, used 88264K [0x00000000c0000000, 0x0000000100000000)
  region size 1024K, 8 young (8192K), 8 survivors (8192K)
 Metaspace       used 41529K, committed 41984K, reserved 1114112K
  class space    used 5109K, committed 5312K, reserved 1048576K
}
Event: 2.028 GC heap before
{Heap before GC invocations=22 (full 0):
 garbage-first heap   total 270336K, used 211144K [0x00000000c0000000, 0x0000000100000000)
  region size 1024K, 128 young (131072K), 8 survivors (8192K)
 Metaspace       used 41545K, committed 42048K, reserved 1114112K
  class space    used 5111K, committed 5312K, reserved 1048576K
}

