# JRE version: OpenJDK Runtime Environment Temurin-17.0.7+7 (17.0.7+7) (build 17.0.7+7)
# Java VM: OpenJDK 64-Bit Server VM Temurin-17.0.7+7 (17.0.7+7, mixed mode, emulated-client, tiered, compressed oops, compressed class ptrs, g1 gc, windows-amd64)
GC Precious Log:
 CPUs: 12 total, 12 available
 Memory: 7930M
 Large Page Support: Disabled
 NUMA Support: Disabled
 Compressed Oops: Enabled (32-bit)
 Heap Region Size: 1M
 Heap Min Capacity: 8M
 Heap Initial Capacity: 124M
 Heap Max Capacity: 1G
 Pre-touch: Disabled
 Parallel Workers: 10
 Concurrent Workers: 3
 Concurrent Refinement Workers: 10
 Periodic GC: Disabled
Heap:
 garbage-first heap   total 226304K, used 83393K [0x00000000c0000000, 0x0000000100000000)
  region size 1024K, 8 young (8192K), 8 survivors (8192K)
 Metaspace       used 41529K, committed 41984K, reserved 1114112K
  class space    used 5105K, committed 5312K, reserved 1048576K
GC Heap History (20 events):
Event: 1.553 GC heap after
{Heap after GC invocations=11 (full 0):
 garbage-first heap   total 62464K, used 21411K [0x00000000c0000000, 0x0000000100000000)
  region size 1024K, 3 young (3072K), 3 survivors (3072K)
 Metaspace       used 37941K, committed 38400K, reserved 1114112K
  class space    used 4782K, committed 4992K, reserved 1048576K
}
Event: 1.583 GC heap before
{Heap before GC invocations=11 (full 0):
 garbage-first heap   total 62464K, used 43939K [0x00000000c0000000, 0x0000000100000000)
  region size 1024K, 26 young (26624K), 3 survivors (3072K)
 Metaspace       used 37941K, committed 38400K, reserved 1114112K
  class space    used 4782K, committed 4992K, reserved 1048576K
}
Event: 1.590 GC heap after
{Heap after GC invocations=12 (full 0):
 garbage-first heap   total 62464K, used 26122K [0x00000000c0000000, 0x0000000100000000)
  region size 1024K, 4 young (4096K), 4 survivors (4096K)
 Metaspace       used 37941K, committed 38400K, reserved 1114112K
  class space    used 4782K, committed 4992K, reserved 1048576K
}
Event: 1.614 GC heap before
{Heap before GC invocations=12 (full 0):
 garbage-first heap   total 62464K, used 44554K [0x00000000c0000000, 0x0000000100000000)
  region size 1024K, 23 young (23552K), 4 survivors (4096K)
 Metaspace       used 38182K, committed 38592K, reserved 1114112K
  class space    used 4821K, committed 4992K, reserved 1048576K
}
Event: 1.619 GC heap after
{Heap after GC invocations=13 (full 0):
 garbage-first heap   total 105472K, used 30772K [0x00000000c0000000, 0x0000000100000000)
  region size 1024K, 3 young (3072K), 3 survivors (3072K)
 Metaspace       used 38182K, committed 38592K, reserved 1114112K
  class space    used 4821K, committed 4992K, reserved 1048576K
}
Event: 1.664 GC heap before
{Heap before GC invocations=13 (full 0):
 garbage-first heap   total 105472K, used 71732K [0x00000000c0000000, 0x0000000100000000)
  region size 1024K, 44 young (45056K), 3 survivors (3072K)
 Metaspace       used 38834K, committed 39232K, reserved 1114112K
  class space    used 4865K, committed 5056K, reserved 1048576K
}
Event: 1.672 GC heap after
{Heap after GC invocations=14 (full 0):
 garbage-first heap   total 105472K, used 39699K [0x00000000c0000000, 0x0000000100000000)
  region size 1024K, 6 young (6144K), 6 survivors (6144K)
 Metaspace       used 38834K, committed 39232K, reserved 1114112K
  class space    used 4865K, committed 5056K, reserved 1048576K
}
Event: 1.701 GC heap before
{Heap before GC invocations=14 (full 0):
 garbage-first heap   total 105472K, used 72467K [0x00000000c0000000, 0x0000000100000000)
  region size 1024K, 39 young (39936K), 6 survivors (6144K)
 Metaspace       used 39410K, committed 39808K, reserved 1114112K
  class space    used 4921K, committed 5120K, reserved 1048576K
}
Event: 1.709 GC heap after
{Heap after GC invocations=15 (full 0):
 garbage-first heap   total 105472K, used 46491K [0x00000000c0000000, 0x0000000100000000)
  region size 1024K, 5 young (5120K), 5 survivors (5120K)
 Metaspace       used 39410K, committed 39808K, reserved 1114112K
  class space    used 4921K, committed 5120K, reserved 1048576K
}
Event: 1.768 GC heap before
{Heap before GC invocations=15 (full 0):
 garbage-first heap   total 105472K, used 75163K [0x00000000c0000000, 0x0000000100000000)
  region size 1024K, 34 young (34816K), 5 survivors (5120K)
 Metaspace       used 40511K, committed 40960K, reserved 1114112K
  class space    used 4984K, committed 5184K, reserved 1048576K
}
Event: 1.775 GC heap after
{Heap after GC invocations=16 (full 0):
 garbage-first heap   total 105472K, used 52425K [0x00000000c0000000, 0x0000000100000000)
  region size 1024K, 5 young (5120K), 5 survivors (5120K)
 Metaspace       used 40511K, committed 40960K, reserved 1114112K
  class space    used 4984K, committed 5184K, reserved 1048576K
}
Event: 1.785 GC heap before
{Heap before GC invocations=16 (full 0):
 garbage-first heap   total 105472K, used 55497K [0x00000000c0000000, 0x0000000100000000)
  region size 1024K, 9 young (9216K), 5 survivors (5120K)
 Metaspace       used 40668K, committed 41088K, reserved 1114112K
  class space    used 4997K, committed 5184K, reserved 1048576K
}
Event: 1.788 GC heap after
{Heap after GC invocations=17 (full 0):
 garbage-first heap   total 226304K, used 54087K [0x00000000c0000000, 0x0000000100000000)
  region size 1024K, 2 young (2048K), 2 survivors (2048K)
 Metaspace       used 40668K, committed 41088K, reserved 1114112K
  class space    used 4997K, committed 5184K, reserved 1048576K
}
Event: 1.865 GC heap before
{Heap before GC invocations=17 (full 0):
 garbage-first heap   total 226304K, used 159559K [0x00000000c0000000, 0x0000000100000000)
  region size 1024K, 104 young (106496K), 2 survivors (2048K)
 Metaspace       used 41420K, committed 41856K, reserved 1114112K
  class space    used 5088K, committed 5248K, reserved 1048576K
}
Event: 1.886 GC heap after
{Heap after GC invocations=18 (full 0):
 garbage-first heap   total 226304K, used 71450K [0x00000000c0000000, 0x0000000100000000)
  region size 1024K, 13 young (13312K), 13 survivors (13312K)
 Metaspace       used 41420K, committed 41856K, reserved 1114112K
  class space    used 5088K, committed 5248K, reserved 1048576K
}
Event: 1.906 GC heap before
{Heap before GC invocations=18 (full 0):
 garbage-first heap   total 226304K, used 156442K [0x00000000c0000000, 0x0000000100000000)
  region size 1024K, 97 young (99328K), 13 survivors (13312K)
 Metaspace       used 41438K, committed 41856K, reserved 1114112K
  class space    used 5091K, committed 5248K, reserved 1048576K
}
Event: 1.914 GC heap after
{Heap after GC invocations=19 (full 0):
 garbage-first heap   total 226304K, used 76279K [0x00000000c0000000, 0x0000000100000000)
  region size 1024K, 5 young (5120K), 5 survivors (5120K)
 Metaspace       used 41438K, committed 41856K, reserved 1114112K
  class space    used 5091K, committed 5248K, reserved 1048576K
}
Event: 1.935 GC heap before
{Heap before GC invocations=19 (full 0):
 garbage-first heap   total 226304K, used 163319K [0x00000000c0000000, 0x0000000100000000)
  region size 1024K, 91 young (93184K), 5 survivors (5120K)
 Metaspace       used 41452K, committed 41856K, reserved 1114112K
  class space    used 5099K, committed 5248K, reserved 1048576K
}
Event: 1.938 GC heap after
{Heap after GC invocations=20 (full 0):
 garbage-first heap   total 226304K, used 78749K [0x00000000c0000000, 0x0000000100000000)
  region size 1024K, 7 young (7168K), 7 survivors (7168K)
 Metaspace       used 41452K, committed 41856K, reserved 1114112K
  class space    used 5099K, committed 5248K, reserved 1048576K
}
Event: 1.956 GC heap before
{Heap before GC invocations=20 (full 0):
 garbage-first heap   total 226304K, used 169885K [0x00000000c0000000, 0x0000000100000000)
  region size 1024K, 97 young (99328K), 7 survivors (7168K)
 Metaspace       used 41529K, committed 41984K, reserved 1114112K
  class space    used 5105K, committed 5312K, reserved 1048576K
}

