# JRE version: OpenJDK Runtime Environment Temurin-17.0.7+7 (17.0.7+7) (build 17.0.7+7)
# Java VM: OpenJDK 64-Bit Server VM Temurin-17.0.7+7 (17.0.7+7, mixed mode, emulated-client, tiered, compressed oops, compressed class ptrs, g1 gc, windows-amd64)
GC Precious Log:
 CPUs: 12 total, 12 available
 Memory: 7930M
 Large Page Support: Disabled
 NUMA Support: Disabled
 Compressed Oops: Enabled (32-bit)
 Heap Region Size: 1M
 Heap Min Capacity: 8M
 Heap Initial Capacity: 124M
 Heap Max Capacity: 1G
 Pre-touch: Disabled
 Parallel Workers: 10
 Concurrent Workers: 3
 Concurrent Refinement Workers: 10
 Periodic GC: Disabled
Heap:
 garbage-first heap   total 158720K, used 75460K [0x00000000c0000000, 0x0000000100000000)
  region size 1024K, 6 young (6144K), 6 survivors (6144K)
 Metaspace       used 41433K, committed 41792K, reserved 1114112K
  class space    used 5086K, committed 5248K, reserved 1048576K
GC Heap History (20 events):
Event: 1.567 GC heap after
{Heap after GC invocations=11 (full 0):
 garbage-first heap   total 58368K, used 22049K [0x00000000c0000000, 0x0000000100000000)
  region size 1024K, 4 young (4096K), 4 survivors (4096K)
 Metaspace       used 37895K, committed 38336K, reserved 1114112K
  class space    used 4770K, committed 4992K, reserved 1048576K
}
Event: 1.596 GC heap before
{Heap before GC invocations=11 (full 0):
 garbage-first heap   total 58368K, used 41505K [0x00000000c0000000, 0x0000000100000000)
  region size 1024K, 24 young (24576K), 4 survivors (4096K)
 Metaspace       used 37896K, committed 38336K, reserved 1114112K
  class space    used 4770K, committed 4992K, reserved 1048576K
}
Event: 1.601 GC heap after
{Heap after GC invocations=12 (full 0):
 garbage-first heap   total 70656K, used 25343K [0x00000000c0000000, 0x0000000100000000)
  region size 1024K, 3 young (3072K), 3 survivors (3072K)
 Metaspace       used 37896K, committed 38336K, reserved 1114112K
  class space    used 4770K, committed 4992K, reserved 1048576K
}
Event: 1.640 GC heap before
{Heap before GC invocations=12 (full 0):
 garbage-first heap   total 70656K, used 49919K [0x00000000c0000000, 0x0000000100000000)
  region size 1024K, 28 young (28672K), 3 survivors (3072K)
 Metaspace       used 38314K, committed 38784K, reserved 1114112K
  class space    used 4829K, committed 5056K, reserved 1048576K
}
Event: 1.645 GC heap after
{Heap after GC invocations=13 (full 0):
 garbage-first heap   total 70656K, used 30926K [0x00000000c0000000, 0x0000000100000000)
  region size 1024K, 4 young (4096K), 4 survivors (4096K)
 Metaspace       used 38314K, committed 38784K, reserved 1114112K
  class space    used 4829K, committed 5056K, reserved 1048576K
}
Event: 1.668 GC heap before
{Heap before GC invocations=13 (full 0):
 garbage-first heap   total 70656K, used 51406K [0x00000000c0000000, 0x0000000100000000)
  region size 1024K, 24 young (24576K), 4 survivors (4096K)
 Metaspace       used 38697K, committed 39168K, reserved 1114112K
  class space    used 4842K, committed 5056K, reserved 1048576K
}
Event: 1.672 GC heap after
{Heap after GC invocations=14 (full 0):
 garbage-first heap   total 70656K, used 34437K [0x00000000c0000000, 0x0000000100000000)
  region size 1024K, 3 young (3072K), 3 survivors (3072K)
 Metaspace       used 38697K, committed 39168K, reserved 1114112K
  class space    used 4842K, committed 5056K, reserved 1048576K
}
Event: 1.692 GC heap before
{Heap before GC invocations=14 (full 0):
 garbage-first heap   total 70656K, used 52869K [0x00000000c0000000, 0x0000000100000000)
  region size 1024K, 21 young (21504K), 3 survivors (3072K)
 Metaspace       used 38858K, committed 39296K, reserved 1114112K
  class space    used 4855K, committed 5056K, reserved 1048576K
}
Event: 1.697 GC heap after
{Heap after GC invocations=15 (full 0):
 garbage-first heap   total 70656K, used 39152K [0x00000000c0000000, 0x0000000100000000)
  region size 1024K, 3 young (3072K), 3 survivors (3072K)
 Metaspace       used 38858K, committed 39296K, reserved 1114112K
  class space    used 4855K, committed 5056K, reserved 1048576K
}
Event: 1.712 GC heap before
{Heap before GC invocations=15 (full 0):
 garbage-first heap   total 70656K, used 53488K [0x00000000c0000000, 0x0000000100000000)
  region size 1024K, 17 young (17408K), 3 survivors (3072K)
 Metaspace       used 38946K, committed 39360K, reserved 1114112K
  class space    used 4865K, committed 5056K, reserved 1048576K
}
Event: 1.717 GC heap after
{Heap after GC invocations=16 (full 0):
 garbage-first heap   total 158720K, used 43601K [0x00000000c0000000, 0x0000000100000000)
  region size 1024K, 3 young (3072K), 3 survivors (3072K)
 Metaspace       used 38946K, committed 39360K, reserved 1114112K
  class space    used 4865K, committed 5056K, reserved 1048576K
}
Event: 1.828 GC heap before
{Heap before GC invocations=17 (full 0):
 garbage-first heap   total 157696K, used 108113K [0x00000000c0000000, 0x0000000100000000)
  region size 1024K, 66 young (67584K), 3 survivors (3072K)
 Metaspace       used 41004K, committed 41344K, reserved 1114112K
  class space    used 5028K, committed 5184K, reserved 1048576K
}
Event: 1.838 GC heap after
{Heap after GC invocations=18 (full 0):
 garbage-first heap   total 157696K, used 57728K [0x00000000c0000000, 0x0000000100000000)
  region size 1024K, 9 young (9216K), 9 survivors (9216K)
 Metaspace       used 41004K, committed 41344K, reserved 1114112K
  class space    used 5028K, committed 5184K, reserved 1048576K
}
Event: 1.874 GC heap before
{Heap before GC invocations=18 (full 0):
 garbage-first heap   total 157696K, used 105856K [0x00000000c0000000, 0x0000000100000000)
  region size 1024K, 56 young (57344K), 9 survivors (9216K)
 Metaspace       used 41335K, committed 41728K, reserved 1114112K
  class space    used 5071K, committed 5248K, reserved 1048576K
}
Event: 1.894 GC heap after
{Heap after GC invocations=19 (full 0):
 garbage-first heap   total 157696K, used 69309K [0x00000000c0000000, 0x0000000100000000)
  region size 1024K, 7 young (7168K), 7 survivors (7168K)
 Metaspace       used 41335K, committed 41728K, reserved 1114112K
  class space    used 5071K, committed 5248K, reserved 1048576K
}
Event: 1.905 GC heap before
{Heap before GC invocations=19 (full 0):
 garbage-first heap   total 157696K, used 108221K [0x00000000c0000000, 0x0000000100000000)
  region size 1024K, 46 young (47104K), 7 survivors (7168K)
 Metaspace       used 41358K, committed 41728K, reserved 1114112K
  class space    used 5076K, committed 5248K, reserved 1048576K
}
Event: 1.910 GC heap after
{Heap after GC invocations=20 (full 0):
 garbage-first heap   total 157696K, used 72403K [0x00000000c0000000, 0x0000000100000000)
  region size 1024K, 3 young (3072K), 3 survivors (3072K)
 Metaspace       used 41358K, committed 41728K, reserved 1114112K
  class space    used 5076K, committed 5248K, reserved 1048576K
}
Event: 1.920 GC heap before
{Heap before GC invocations=20 (full 0):
 garbage-first heap   total 157696K, used 114387K [0x00000000c0000000, 0x0000000100000000)
  region size 1024K, 45 young (46080K), 3 survivors (3072K)
 Metaspace       used 41415K, committed 41792K, reserved 1114112K
  class space    used 5085K, committed 5248K, reserved 1048576K
}
Event: 1.922 GC heap after
{Heap after GC invocations=21 (full 0):
 garbage-first heap   total 157696K, used 73562K [0x00000000c0000000, 0x0000000100000000)
  region size 1024K, 4 young (4096K), 4 survivors (4096K)
 Metaspace       used 41415K, committed 41792K, reserved 1114112K
  class space    used 5085K, committed 5248K, reserved 1048576K
}
Event: 1.933 GC heap before
{Heap before GC invocations=21 (full 0):
 garbage-first heap   total 157696K, used 118618K [0x00000000c0000000, 0x0000000100000000)
  region size 1024K, 49 young (50176K), 4 survivors (4096K)
 Metaspace       used 41433K, committed 41792K, reserved 1114112K
  class space    used 5086K, committed 5248K, reserved 1048576K
}

