# JRE version: OpenJDK Runtime Environment Temurin-17.0.7+7 (17.0.7+7) (build 17.0.7+7)
# Java VM: OpenJDK 64-Bit Server VM Temurin-17.0.7+7 (17.0.7+7, mixed mode, emulated-client, tiered, compressed oops, compressed class ptrs, g1 gc, windows-amd64)
GC Precious Log:
 CPUs: 12 total, 12 available
 Memory: 7930M
 Large Page Support: Disabled
 NUMA Support: Disabled
 Compressed Oops: Enabled (32-bit)
 Heap Region Size: 1M
 Heap Min Capacity: 8M
 Heap Initial Capacity: 124M
 Heap Max Capacity: 1G
 Pre-touch: Disabled
 Parallel Workers: 10
 Concurrent Workers: 3
 Concurrent Refinement Workers: 10
 Periodic GC: Disabled
Heap:
 garbage-first heap   total 226304K, used 81383K [0x00000000c0000000, 0x0000000100000000)
  region size 1024K, 7 young (7168K), 7 survivors (7168K)
 Metaspace       used 41454K, committed 41920K, reserved 1114112K
  class space    used 5082K, committed 5248K, reserved 1048576K
GC Heap History (20 events):
Event: 1.633 GC heap after
{Heap after GC invocations=12 (full 0):
 garbage-first heap   total 68608K, used 23973K [0x00000000c0000000, 0x0000000100000000)
  region size 1024K, 6 young (6144K), 6 survivors (6144K)
 Metaspace       used 37940K, committed 38400K, reserved 1114112K
  class space    used 4781K, committed 4992K, reserved 1048576K
}
Event: 1.669 GC heap before
{Heap before GC invocations=12 (full 0):
 garbage-first heap   total 68608K, used 47525K [0x00000000c0000000, 0x0000000100000000)
  region size 1024K, 30 young (30720K), 6 survivors (6144K)
 Metaspace       used 38066K, committed 38464K, reserved 1114112K
  class space    used 4799K, committed 4992K, reserved 1048576K
}
Event: 1.676 GC heap after
{Heap after GC invocations=13 (full 0):
 garbage-first heap   total 68608K, used 29292K [0x00000000c0000000, 0x0000000100000000)
  region size 1024K, 4 young (4096K), 4 survivors (4096K)
 Metaspace       used 38066K, committed 38464K, reserved 1114112K
  class space    used 4799K, committed 4992K, reserved 1048576K
}
Event: 1.698 GC heap before
{Heap before GC invocations=13 (full 0):
 garbage-first heap   total 68608K, used 47724K [0x00000000c0000000, 0x0000000100000000)
  region size 1024K, 23 young (23552K), 4 survivors (4096K)
 Metaspace       used 38279K, committed 38720K, reserved 1114112K
  class space    used 4831K, committed 5056K, reserved 1048576K
}
Event: 1.702 GC heap after
{Heap after GC invocations=14 (full 0):
 garbage-first heap   total 112640K, used 32975K [0x00000000c0000000, 0x0000000100000000)
  region size 1024K, 3 young (3072K), 3 survivors (3072K)
 Metaspace       used 38279K, committed 38720K, reserved 1114112K
  class space    used 4831K, committed 5056K, reserved 1048576K
}
Event: 1.742 GC heap before
{Heap before GC invocations=14 (full 0):
 garbage-first heap   total 112640K, used 73935K [0x00000000c0000000, 0x0000000100000000)
  region size 1024K, 44 young (45056K), 3 survivors (3072K)
 Metaspace       used 38901K, committed 39296K, reserved 1114112K
  class space    used 4864K, committed 5056K, reserved 1048576K
}
Event: 1.750 GC heap after
{Heap after GC invocations=15 (full 0):
 garbage-first heap   total 112640K, used 43420K [0x00000000c0000000, 0x0000000100000000)
  region size 1024K, 6 young (6144K), 6 survivors (6144K)
 Metaspace       used 38901K, committed 39296K, reserved 1114112K
  class space    used 4864K, committed 5056K, reserved 1048576K
}
Event: 1.794 GC heap before
{Heap before GC invocations=15 (full 0):
 garbage-first heap   total 112640K, used 77212K [0x00000000c0000000, 0x0000000100000000)
  region size 1024K, 40 young (40960K), 6 survivors (6144K)
 Metaspace       used 39743K, committed 40128K, reserved 1114112K
  class space    used 4945K, committed 5120K, reserved 1048576K
}
Event: 1.801 GC heap after
{Heap after GC invocations=16 (full 0):
 garbage-first heap   total 112640K, used 49597K [0x00000000c0000000, 0x0000000100000000)
  region size 1024K, 5 young (5120K), 5 survivors (5120K)
 Metaspace       used 39743K, committed 40128K, reserved 1114112K
  class space    used 4945K, committed 5120K, reserved 1048576K
}
Event: 1.866 GC heap before
{Heap before GC invocations=16 (full 0):
 garbage-first heap   total 112640K, used 81341K [0x00000000c0000000, 0x0000000100000000)
  region size 1024K, 36 young (36864K), 5 survivors (5120K)
 Metaspace       used 40960K, committed 41344K, reserved 1114112K
  class space    used 5025K, committed 5184K, reserved 1048576K
}
Event: 1.872 GC heap after
{Heap after GC invocations=17 (full 0):
 garbage-first heap   total 112640K, used 59341K [0x00000000c0000000, 0x0000000100000000)
  region size 1024K, 5 young (5120K), 5 survivors (5120K)
 Metaspace       used 40960K, committed 41344K, reserved 1114112K
  class space    used 5025K, committed 5184K, reserved 1048576K
}
Event: 1.880 GC heap before
{Heap before GC invocations=17 (full 0):
 garbage-first heap   total 112640K, used 63437K [0x00000000c0000000, 0x0000000100000000)
  region size 1024K, 11 young (11264K), 5 survivors (5120K)
 Metaspace       used 41158K, committed 41536K, reserved 1114112K
  class space    used 5046K, committed 5248K, reserved 1048576K
}
Event: 1.885 GC heap after
{Heap after GC invocations=18 (full 0):
 garbage-first heap   total 226304K, used 63310K [0x00000000c0000000, 0x0000000100000000)
  region size 1024K, 4 young (4096K), 4 survivors (4096K)
 Metaspace       used 41158K, committed 41536K, reserved 1114112K
  class space    used 5046K, committed 5248K, reserved 1048576K
}
Event: 1.922 GC heap before
{Heap before GC invocations=18 (full 0):
 garbage-first heap   total 226304K, used 143182K [0x00000000c0000000, 0x0000000100000000)
  region size 1024K, 82 young (83968K), 4 survivors (4096K)
 Metaspace       used 41282K, committed 41728K, reserved 1114112K
  class space    used 5059K, committed 5248K, reserved 1048576K
}
Event: 1.938 GC heap after
{Heap after GC invocations=19 (full 0):
 garbage-first heap   total 226304K, used 71632K [0x00000000c0000000, 0x0000000100000000)
  region size 1024K, 11 young (11264K), 11 survivors (11264K)
 Metaspace       used 41282K, committed 41728K, reserved 1114112K
  class space    used 5059K, committed 5248K, reserved 1048576K
}
Event: 1.959 GC heap before
{Heap before GC invocations=19 (full 0):
 garbage-first heap   total 226304K, used 149456K [0x00000000c0000000, 0x0000000100000000)
  region size 1024K, 88 young (90112K), 11 survivors (11264K)
 Metaspace       used 41306K, committed 41792K, reserved 1114112K
  class space    used 5067K, committed 5248K, reserved 1048576K
}
Event: 1.972 GC heap after
{Heap after GC invocations=20 (full 0):
 garbage-first heap   total 226304K, used 74869K [0x00000000c0000000, 0x0000000100000000)
  region size 1024K, 4 young (4096K), 4 survivors (4096K)
 Metaspace       used 41306K, committed 41792K, reserved 1114112K
  class space    used 5067K, committed 5248K, reserved 1048576K
}
Event: 1.990 GC heap before
{Heap before GC invocations=20 (full 0):
 garbage-first heap   total 226304K, used 155765K [0x00000000c0000000, 0x0000000100000000)
  region size 1024K, 84 young (86016K), 4 survivors (4096K)
 Metaspace       used 41389K, committed 41856K, reserved 1114112K
  class space    used 5075K, committed 5248K, reserved 1048576K
}
Event: 1.993 GC heap after
{Heap after GC invocations=21 (full 0):
 garbage-first heap   total 226304K, used 78080K [0x00000000c0000000, 0x0000000100000000)
  region size 1024K, 7 young (7168K), 7 survivors (7168K)
 Metaspace       used 41389K, committed 41856K, reserved 1114112K
  class space    used 5075K, committed 5248K, reserved 1048576K
}
Event: 2.011 GC heap before
{Heap before GC invocations=21 (full 0):
 garbage-first heap   total 226304K, used 167168K [0x00000000c0000000, 0x0000000100000000)
  region size 1024K, 95 young (97280K), 7 survivors (7168K)
 Metaspace       used 41454K, committed 41920K, reserved 1114112K
  class space    used 5082K, committed 5248K, reserved 1048576K
}

