# JRE version: OpenJDK Runtime Environment Temurin-17.0.7+7 (17.0.7+7) (build 17.0.7+7)
# Java VM: OpenJDK 64-Bit Server VM Temurin-17.0.7+7 (17.0.7+7, mixed mode, emulated-client, tiered, compressed oops, compressed class ptrs, g1 gc, windows-amd64)
GC Precious Log:
 CPUs: 12 total, 12 available
 Memory: 7930M
 Large Page Support: Disabled
 NUMA Support: Disabled
 Compressed Oops: Enabled (32-bit)
 Heap Region Size: 1M
 Heap Min Capacity: 8M
 Heap Initial Capacity: 124M
 Heap Max Capacity: 1G
 Pre-touch: Disabled
 Parallel Workers: 10
 Concurrent Workers: 3
 Concurrent Refinement Workers: 10
 Periodic GC: Disabled
Heap:
 garbage-first heap   total 209920K, used 76420K [0x00000000c0000000, 0x0000000100000000)
  region size 1024K, 5 young (5120K), 5 survivors (5120K)
 Metaspace       used 41463K, committed 41856K, reserved 1114112K
  class space    used 5099K, committed 5248K, reserved 1048576K
GC Heap History (20 events):
Event: 1.568 GC heap after
{Heap after GC invocations=13 (full 0):
 garbage-first heap   total 53248K, used 24114K [0x00000000c0000000, 0x0000000100000000)
  region size 1024K, 3 young (3072K), 3 survivors (3072K)
 Metaspace       used 37938K, committed 38400K, reserved 1114112K
  class space    used 4780K, committed 4992K, reserved 1048576K
}
Event: 1.582 GC heap before
{Heap before GC invocations=13 (full 0):
 garbage-first heap   total 53248K, used 38450K [0x00000000c0000000, 0x0000000100000000)
  region size 1024K, 18 young (18432K), 3 survivors (3072K)
 Metaspace       used 37938K, committed 38400K, reserved 1114112K
  class space    used 4780K, committed 4992K, reserved 1048576K
}
Event: 1.586 GC heap after
{Heap after GC invocations=14 (full 0):
 garbage-first heap   total 86016K, used 27167K [0x00000000c0000000, 0x0000000100000000)
  region size 1024K, 3 young (3072K), 3 survivors (3072K)
 Metaspace       used 37938K, committed 38400K, reserved 1114112K
  class space    used 4780K, committed 4992K, reserved 1048576K
}
Event: 1.638 GC heap before
{Heap before GC invocations=14 (full 0):
 garbage-first heap   total 86016K, used 60959K [0x00000000c0000000, 0x0000000100000000)
  region size 1024K, 36 young (36864K), 3 survivors (3072K)
 Metaspace       used 38486K, committed 38912K, reserved 1114112K
  class space    used 4841K, committed 5056K, reserved 1048576K
}
Event: 1.644 GC heap after
{Heap after GC invocations=15 (full 0):
 garbage-first heap   total 86016K, used 33663K [0x00000000c0000000, 0x0000000100000000)
  region size 1024K, 5 young (5120K), 5 survivors (5120K)
 Metaspace       used 38486K, committed 38912K, reserved 1114112K
  class space    used 4841K, committed 5056K, reserved 1048576K
}
Event: 1.671 GC heap before
{Heap before GC invocations=15 (full 0):
 garbage-first heap   total 86016K, used 60287K [0x00000000c0000000, 0x0000000100000000)
  region size 1024K, 32 young (32768K), 5 survivors (5120K)
 Metaspace       used 38828K, committed 39232K, reserved 1114112K
  class space    used 4861K, committed 5056K, reserved 1048576K
}
Event: 1.680 GC heap after
{Heap after GC invocations=16 (full 0):
 garbage-first heap   total 86016K, used 41342K [0x00000000c0000000, 0x0000000100000000)
  region size 1024K, 4 young (4096K), 4 survivors (4096K)
 Metaspace       used 38828K, committed 39232K, reserved 1114112K
  class space    used 4861K, committed 5056K, reserved 1048576K
}
Event: 1.700 GC heap before
{Heap before GC invocations=16 (full 0):
 garbage-first heap   total 86016K, used 62846K [0x00000000c0000000, 0x0000000100000000)
  region size 1024K, 25 young (25600K), 4 survivors (4096K)
 Metaspace       used 39140K, committed 39552K, reserved 1114112K
  class space    used 4891K, committed 5120K, reserved 1048576K
}
Event: 1.705 GC heap after
{Heap after GC invocations=17 (full 0):
 garbage-first heap   total 86016K, used 46044K [0x00000000c0000000, 0x0000000100000000)
  region size 1024K, 4 young (4096K), 4 survivors (4096K)
 Metaspace       used 39140K, committed 39552K, reserved 1114112K
  class space    used 4891K, committed 5120K, reserved 1048576K
}
Event: 1.727 GC heap before
{Heap before GC invocations=17 (full 0):
 garbage-first heap   total 86016K, used 64476K [0x00000000c0000000, 0x0000000100000000)
  region size 1024K, 23 young (23552K), 4 survivors (4096K)
 Metaspace       used 39558K, committed 40000K, reserved 1114112K
  class space    used 4931K, committed 5120K, reserved 1048576K
}
Event: 1.732 GC heap after
{Heap after GC invocations=18 (full 0):
 garbage-first heap   total 209920K, used 49909K [0x00000000c0000000, 0x0000000100000000)
  region size 1024K, 3 young (3072K), 3 survivors (3072K)
 Metaspace       used 39558K, committed 40000K, reserved 1114112K
  class space    used 4931K, committed 5120K, reserved 1048576K
}
Event: 1.855 GC heap before
{Heap before GC invocations=19 (full 0):
 garbage-first heap   total 181248K, used 134901K [0x00000000c0000000, 0x0000000100000000)
  region size 1024K, 85 young (87040K), 3 survivors (3072K)
 Metaspace       used 41392K, committed 41792K, reserved 1114112K
  class space    used 5085K, committed 5248K, reserved 1048576K
}
Event: 1.879 GC heap after
{Heap after GC invocations=20 (full 0):
 garbage-first heap   total 181248K, used 69365K [0x00000000c0000000, 0x0000000100000000)
  region size 1024K, 11 young (11264K), 11 survivors (11264K)
 Metaspace       used 41392K, committed 41792K, reserved 1114112K
  class space    used 5085K, committed 5248K, reserved 1048576K
}
Event: 1.880 GC heap before
{Heap before GC invocations=20 (full 0):
 garbage-first heap   total 181248K, used 69365K [0x00000000c0000000, 0x0000000100000000)
  region size 1024K, 12 young (12288K), 11 survivors (11264K)
 Metaspace       used 41396K, committed 41792K, reserved 1114112K
  class space    used 5086K, committed 5248K, reserved 1048576K
}
Event: 1.886 GC heap after
{Heap after GC invocations=21 (full 0):
 garbage-first heap   total 181248K, used 70983K [0x00000000c0000000, 0x0000000100000000)
  region size 1024K, 2 young (2048K), 2 survivors (2048K)
 Metaspace       used 41396K, committed 41792K, reserved 1114112K
  class space    used 5086K, committed 5248K, reserved 1048576K
}
Event: 1.898 GC heap before
{Heap before GC invocations=21 (full 0):
 garbage-first heap   total 181248K, used 116039K [0x00000000c0000000, 0x0000000100000000)
  region size 1024K, 47 young (48128K), 2 survivors (2048K)
 Metaspace       used 41418K, committed 41792K, reserved 1114112K
  class space    used 5089K, committed 5248K, reserved 1048576K
}
Event: 1.900 GC heap after
{Heap after GC invocations=22 (full 0):
 garbage-first heap   total 181248K, used 72104K [0x00000000c0000000, 0x0000000100000000)
  region size 1024K, 3 young (3072K), 3 survivors (3072K)
 Metaspace       used 41418K, committed 41792K, reserved 1114112K
  class space    used 5089K, committed 5248K, reserved 1048576K
}
Event: 1.912 GC heap before
{Heap before GC invocations=22 (full 0):
 garbage-first heap   total 181248K, used 123304K [0x00000000c0000000, 0x0000000100000000)
  region size 1024K, 54 young (55296K), 3 survivors (3072K)
 Metaspace       used 41425K, committed 41792K, reserved 1114112K
  class space    used 5094K, committed 5248K, reserved 1048576K
}
Event: 1.914 GC heap after
{Heap after GC invocations=23 (full 0):
 garbage-first heap   total 181248K, used 74049K [0x00000000c0000000, 0x0000000100000000)
  region size 1024K, 5 young (5120K), 5 survivors (5120K)
 Metaspace       used 41425K, committed 41792K, reserved 1114112K
  class space    used 5094K, committed 5248K, reserved 1048576K
}
Event: 1.926 GC heap before
{Heap before GC invocations=23 (full 0):
 garbage-first heap   total 181248K, used 129345K [0x00000000c0000000, 0x0000000100000000)
  region size 1024K, 60 young (61440K), 5 survivors (5120K)
 Metaspace       used 41463K, committed 41856K, reserved 1114112K
  class space    used 5099K, committed 5248K, reserved 1048576K
}

