<?xml version="1.0" encoding="UTF-8"?>
<!-- Generated by org.testng.reporters.JUnitXMLReporter -->
<testsuite ignored="0" hostname="ThanhHa" failures="0" tests="3" name="SaveTestNGResultToExcel" time="39.123" errors="0" timestamp="2023-04-12T17:46:37 ICT">
  <testcase classname="fpoly.SaveTestNGResultToExcel" name="LaunchWebsite" time="24.454"/>
  <testcase classname="fpoly.SaveTestNGResultToExcel" name="FillLoginDetails" time="1.471"/>
  <testcase classname="fpoly.SaveTestNGResultToExcel" name="DoLogin" time="10.101"/>
</testsuite> <!-- SaveTestNGResultToExcel -->
